#! /usr/bin/vvp
:ivl_version "11.0 (stable)";
:ivl_delay_selection "TYPICAL";
:vpi_time_precision - 12;
:vpi_module "/usr/lib/x86_64-linux-gnu/ivl/system.vpi";
:vpi_module "/usr/lib/x86_64-linux-gnu/ivl/vhdl_sys.vpi";
:vpi_module "/usr/lib/x86_64-linux-gnu/ivl/vhdl_textio.vpi";
:vpi_module "/usr/lib/x86_64-linux-gnu/ivl/v2005_math.vpi";
:vpi_module "/usr/lib/x86_64-linux-gnu/ivl/va_math.vpi";
:vpi_module "/usr/lib/x86_64-linux-gnu/ivl/v2009.vpi";
S_0x56275ab1d930 .scope package, "$unit" "$unit" 2 1;
 .timescale 0 0;
enum0x56275aa444e0 .enum2/s (32)
   "OP" 0,
   "OPIMM" 1,
   "BRANCH" 2,
   "LUI" 3,
   "JAL" 4,
   "JALR" 5,
   "LOAD" 6,
   "STORE" 7,
   "AUIPC" 8
 ;
enum0x56275aa67c50 .enum2/s (32)
   "Add" 0,
   "Sub" 1,
   "And" 2,
   "Or" 3,
   "Xor" 4,
   "Slt" 5,
   "Sltu" 6,
   "Sll" 7,
   "Srl" 8,
   "Sra" 9
 ;
enum0x56275aa7ac60 .enum2/s (32)
   "Eq" 0,
   "Neq" 1,
   "Lt" 2,
   "Ltu" 3,
   "Ge" 4,
   "Geu" 5,
   "Dbr" 6
 ;
S_0x56275ab172c0 .scope module, "processor_tb" "processor_tb" 3 4;
 .timescale -9 -12;
v0x56275ab431a0_0 .net "addr_out", 31 0, L_0x56275ab56120;  1 drivers
v0x56275ab432b0_0 .var "clk_in", 0 0;
v0x56275ab43350_0 .net/s "data_out", 31 0, L_0x56275ab56060;  1 drivers
v0x56275ab43450_0 .var "instruction", 31 0;
v0x56275ab43540_0 .net "nextPc_out", 31 0, L_0x56275ab56190;  1 drivers
v0x56275ab43630_0 .var "rst_in", 0 0;
S_0x56275aaf2920 .scope begin, "$ivl_for_loop0" "$ivl_for_loop0" 3 38, 3 38 0, S_0x56275ab172c0;
 .timescale -9 -12;
v0x56275aa922b0_0 .var/2s "i", 31 0;
S_0x56275ab37af0 .scope begin, "$ivl_for_loop1" "$ivl_for_loop1" 3 55, 3 55 0, S_0x56275ab172c0;
 .timescale -9 -12;
v0x56275aa92150_0 .var/2s "i", 31 0;
S_0x56275ab37ce0 .scope module, "uut" "processor" 3 13, 4 11 0, S_0x56275ab172c0;
 .timescale -9 -12;
    .port_info 0 /INPUT 1 "clk_100mhz";
    .port_info 1 /INPUT 1 "rst_in";
    .port_info 2 /INPUT 32 "instruction_in";
    .port_info 3 /OUTPUT 32 "data_out";
    .port_info 4 /OUTPUT 32 "addr_out";
    .port_info 5 /OUTPUT 32 "nextPc_out";
P_0x56275aa9d440 .param/l "COUNTER_SIZE" 1 4 21, +C4<00000000000000000000000000000011>;
P_0x56275aa9d480 .param/l "INSTRUCTION_LOAD_PERIOD" 0 4 20, +C4<00000000000000000000000000000101>;
L_0x56275ab55120 .functor BUFZ 5, v0x56275ab3a290_0, C4<00000>, C4<00000>, C4<00000>;
L_0x56275ab55b10 .functor AND 1, L_0x56275ab55670, L_0x56275ab55930, C4<1>, C4<1>;
L_0x56275ab55f00 .functor AND 1, L_0x56275ab55b10, L_0x56275ab55d10, C4<1>, C4<1>;
L_0x56275ab56060 .functor BUFZ 32, v0x56275ab3c660_0, C4<00000000000000000000000000000000>, C4<00000000000000000000000000000000>, C4<00000000000000000000000000000000>;
L_0x56275ab56120 .functor BUFZ 32, L_0x56275ab54700, C4<00000000000000000000000000000000>, C4<00000000000000000000000000000000>, C4<00000000000000000000000000000000>;
L_0x56275ab56190 .functor BUFZ 32, v0x56275ab3c900_0, C4<00000000000000000000000000000000>, C4<00000000000000000000000000000000>, C4<00000000000000000000000000000000>;
v0x56275ab3fc80_0 .net *"_ivl_0", 31 0, L_0x56275ab43760;  1 drivers
L_0x7f021af360f0 .functor BUFT 1, C4<00>, C4<0>, C4<0>, C4<0>;
v0x56275ab3fd80_0 .net/2s *"_ivl_10", 1 0, L_0x7f021af360f0;  1 drivers
v0x56275ab3fe60_0 .net *"_ivl_12", 1 0, L_0x56275ab53a40;  1 drivers
v0x56275ab3ff20_0 .net *"_ivl_26", 31 0, L_0x56275ab54ab0;  1 drivers
L_0x7f021af362a0 .functor BUFT 1, C4<0000000000000000000000000000>, C4<0>, C4<0>, C4<0>;
v0x56275ab40000_0 .net *"_ivl_29", 27 0, L_0x7f021af362a0;  1 drivers
L_0x7f021af36018 .functor BUFT 1, C4<00000000000000000000000000000>, C4<0>, C4<0>, C4<0>;
v0x56275ab400e0_0 .net *"_ivl_3", 28 0, L_0x7f021af36018;  1 drivers
L_0x7f021af362e8 .functor BUFT 1, C4<00000000000000000000000000000111>, C4<0>, C4<0>, C4<0>;
v0x56275ab401c0_0 .net/2u *"_ivl_30", 31 0, L_0x7f021af362e8;  1 drivers
v0x56275ab402a0_0 .net *"_ivl_32", 0 0, L_0x56275ab54c30;  1 drivers
L_0x7f021af36330 .functor BUFT 1, C4<01>, C4<0>, C4<0>, C4<0>;
v0x56275ab40360_0 .net/2s *"_ivl_34", 1 0, L_0x7f021af36330;  1 drivers
L_0x7f021af36378 .functor BUFT 1, C4<00>, C4<0>, C4<0>, C4<0>;
v0x56275ab404d0_0 .net/2s *"_ivl_36", 1 0, L_0x7f021af36378;  1 drivers
v0x56275ab405b0_0 .net *"_ivl_38", 1 0, L_0x56275ab54d20;  1 drivers
L_0x7f021af36060 .functor BUFT 1, C4<00000000000000000000000000000101>, C4<0>, C4<0>, C4<0>;
v0x56275ab40690_0 .net/2u *"_ivl_4", 31 0, L_0x7f021af36060;  1 drivers
v0x56275ab40770_0 .net *"_ivl_46", 31 0, L_0x56275ab55080;  1 drivers
L_0x7f021af36450 .functor BUFT 1, C4<0000000000000000000000000000>, C4<0>, C4<0>, C4<0>;
v0x56275ab40850_0 .net *"_ivl_49", 27 0, L_0x7f021af36450;  1 drivers
L_0x7f021af36498 .functor BUFT 1, C4<00000000000000000000000000000110>, C4<0>, C4<0>, C4<0>;
v0x56275ab40930_0 .net/2u *"_ivl_50", 31 0, L_0x7f021af36498;  1 drivers
v0x56275ab40a10_0 .net *"_ivl_52", 0 0, L_0x56275ab551e0;  1 drivers
v0x56275ab40ad0_0 .net *"_ivl_58", 31 0, L_0x56275ab55580;  1 drivers
v0x56275ab40cc0_0 .net *"_ivl_6", 0 0, L_0x56275ab538a0;  1 drivers
L_0x7f021af364e0 .functor BUFT 1, C4<0000000000000000000000000000>, C4<0>, C4<0>, C4<0>;
v0x56275ab40d80_0 .net *"_ivl_61", 27 0, L_0x7f021af364e0;  1 drivers
L_0x7f021af36528 .functor BUFT 1, C4<00000000000000000000000000000010>, C4<0>, C4<0>, C4<0>;
v0x56275ab40e60_0 .net/2u *"_ivl_62", 31 0, L_0x7f021af36528;  1 drivers
v0x56275ab40f40_0 .net *"_ivl_64", 0 0, L_0x56275ab55670;  1 drivers
v0x56275ab41000_0 .net *"_ivl_66", 31 0, L_0x56275ab55840;  1 drivers
L_0x7f021af36570 .functor BUFT 1, C4<0000000000000000000000000000>, C4<0>, C4<0>, C4<0>;
v0x56275ab410e0_0 .net *"_ivl_69", 27 0, L_0x7f021af36570;  1 drivers
L_0x7f021af365b8 .functor BUFT 1, C4<00000000000000000000000000000111>, C4<0>, C4<0>, C4<0>;
v0x56275ab411c0_0 .net/2u *"_ivl_70", 31 0, L_0x7f021af365b8;  1 drivers
v0x56275ab412a0_0 .net *"_ivl_72", 0 0, L_0x56275ab55930;  1 drivers
v0x56275ab41360_0 .net *"_ivl_75", 0 0, L_0x56275ab55b10;  1 drivers
v0x56275ab41420_0 .net *"_ivl_76", 31 0, L_0x56275ab55c20;  1 drivers
L_0x7f021af36600 .functor BUFT 1, C4<000000000000000000000000000>, C4<0>, C4<0>, C4<0>;
v0x56275ab41500_0 .net *"_ivl_79", 26 0, L_0x7f021af36600;  1 drivers
L_0x7f021af360a8 .functor BUFT 1, C4<01>, C4<0>, C4<0>, C4<0>;
v0x56275ab415e0_0 .net/2s *"_ivl_8", 1 0, L_0x7f021af360a8;  1 drivers
L_0x7f021af36648 .functor BUFT 1, C4<00000000000000000000000000000000>, C4<0>, C4<0>, C4<0>;
v0x56275ab416c0_0 .net/2u *"_ivl_80", 31 0, L_0x7f021af36648;  1 drivers
v0x56275ab417a0_0 .net *"_ivl_82", 0 0, L_0x56275ab55d10;  1 drivers
v0x56275ab41860_0 .net "addr", 31 0, L_0x56275ab54700;  1 drivers
v0x56275ab41920_0 .net "addr_out", 31 0, L_0x56275ab56120;  alias, 1 drivers
v0x56275ab419e0_0 .net "aluFunc", 3 0, v0x56275ab397f0_0;  1 drivers
v0x56275ab41aa0_0 .net "brFunc", 2 0, v0x56275ab398f0_0;  1 drivers
v0x56275ab41b60_0 .net "clk_100mhz", 0 0, v0x56275ab432b0_0;  1 drivers
v0x56275ab41c00_0 .net/s "data_out", 31 0, L_0x56275ab56060;  alias, 1 drivers
v0x56275ab41ce0_0 .net "effective_mem_addr", 11 0, L_0x56275ab54a10;  1 drivers
v0x56275ab41dd0_0 .net "effective_pc", 11 0, L_0x56275ab53d70;  1 drivers
v0x56275ab41ea0_0 .net "iType", 3 0, v0x56275ab39c70_0;  1 drivers
v0x56275ab41f40_0 .net/s "imm", 31 0, v0x56275ab39e30_0;  1 drivers
v0x56275ab42000_0 .var "inst", 31 0;
v0x56275ab420c0_0 .net "inst_fetched", 31 0, L_0x56275aaf3b90;  1 drivers
v0x56275ab42160_0 .var "inst_load_counter", 2 0;
v0x56275ab42220_0 .net "instruction_in", 31 0, v0x56275ab43450_0;  1 drivers
v0x56275ab42310_0 .net "mem_addr", 31 0, L_0x56275ab54930;  1 drivers
v0x56275ab423d0_0 .net/s "mem_output", 31 0, v0x56275ab15620_0;  1 drivers
v0x56275ab424c0_0 .net "nextPc", 31 0, v0x56275ab3c900_0;  1 drivers
v0x56275ab42590_0 .net "nextPc_out", 31 0, L_0x56275ab56190;  alias, 1 drivers
v0x56275ab42650_0 .var "pc", 31 0;
v0x56275ab42740_0 .net "rd", 4 0, v0x56275ab3a290_0;  1 drivers
v0x56275ab42810_0 .net/s "result", 31 0, v0x56275ab3c660_0;  1 drivers
v0x56275ab42900_0 .net/s "rs1", 4 0, v0x56275ab3a450_0;  1 drivers
v0x56275ab42a10_0 .net/s "rs2", 4 0, v0x56275ab3a610_0;  1 drivers
v0x56275ab42b20_0 .net "rst_in", 0 0, v0x56275ab43630_0;  1 drivers
v0x56275ab42bc0_0 .net/s "rval1", 31 0, v0x56275ab3ee80_0;  1 drivers
v0x56275ab42cd0_0 .net/s "rval2", 31 0, v0x56275ab3ef40_0;  1 drivers
v0x56275ab42de0_0 .net "wa", 4 0, L_0x56275ab55120;  1 drivers
v0x56275ab42ea0_0 .net/s "wd", 31 0, L_0x56275ab55320;  1 drivers
v0x56275ab42f40_0 .net "we", 0 0, L_0x56275ab55f00;  1 drivers
v0x56275ab42fe0_0 .net "wea_inst", 0 0, L_0x56275ab53c00;  1 drivers
v0x56275ab43080_0 .net "writing", 0 0, L_0x56275ab54ef0;  1 drivers
L_0x56275ab43760 .concat [ 3 29 0 0], v0x56275ab42160_0, L_0x7f021af36018;
L_0x56275ab538a0 .cmp/gt 32, L_0x7f021af36060, L_0x56275ab43760;
L_0x56275ab53a40 .functor MUXZ 2, L_0x7f021af360f0, L_0x7f021af360a8, L_0x56275ab538a0, C4<>;
L_0x56275ab53c00 .part L_0x56275ab53a40, 0, 1;
L_0x56275ab53d70 .part v0x56275ab42650_0, 2, 12;
L_0x56275ab54930 .arith/sum 32, v0x56275ab3ee80_0, v0x56275ab39e30_0;
L_0x56275ab54a10 .part L_0x56275ab54930, 2, 12;
L_0x56275ab54ab0 .concat [ 4 28 0 0], v0x56275ab39c70_0, L_0x7f021af362a0;
L_0x56275ab54c30 .cmp/eq 32, L_0x56275ab54ab0, L_0x7f021af362e8;
L_0x56275ab54d20 .functor MUXZ 2, L_0x7f021af36378, L_0x7f021af36330, L_0x56275ab54c30, C4<>;
L_0x56275ab54ef0 .part L_0x56275ab54d20, 0, 1;
L_0x56275ab55080 .concat [ 4 28 0 0], v0x56275ab39c70_0, L_0x7f021af36450;
L_0x56275ab551e0 .cmp/eq 32, L_0x56275ab55080, L_0x7f021af36498;
L_0x56275ab55320 .functor MUXZ 32, v0x56275ab3c660_0, v0x56275ab15620_0, L_0x56275ab551e0, C4<>;
L_0x56275ab55580 .concat [ 4 28 0 0], v0x56275ab39c70_0, L_0x7f021af364e0;
L_0x56275ab55670 .cmp/ne 32, L_0x56275ab55580, L_0x7f021af36528;
L_0x56275ab55840 .concat [ 4 28 0 0], v0x56275ab39c70_0, L_0x7f021af36570;
L_0x56275ab55930 .cmp/ne 32, L_0x56275ab55840, L_0x7f021af365b8;
L_0x56275ab55c20 .concat [ 5 27 0 0], v0x56275ab3a290_0, L_0x7f021af36600;
L_0x56275ab55d10 .cmp/ne 32, L_0x56275ab55c20, L_0x7f021af36648;
S_0x56275ab37f10 .scope module, "data_mem" "xilinx_single_port_ram_read_first" 4 144, 5 10 0, S_0x56275ab37ce0;
 .timescale -9 -12;
    .port_info 0 /INPUT 12 "addra";
    .port_info 1 /INPUT 32 "dina";
    .port_info 2 /INPUT 1 "clka";
    .port_info 3 /INPUT 1 "wea";
    .port_info 4 /INPUT 1 "ena";
    .port_info 5 /INPUT 1 "rsta";
    .port_info 6 /INPUT 1 "regcea";
    .port_info 7 /OUTPUT 32 "douta";
P_0x56275ab1d190 .param/str "INIT_FILE" 0 5 14, "\000";
P_0x56275ab1d1d0 .param/l "RAM_DEPTH" 0 5 12, +C4<00000000000000000001000000000000>;
P_0x56275ab1d210 .param/str "RAM_PERFORMANCE" 0 5 13, "HIGH_PERFORMANCE";
P_0x56275ab1d250 .param/l "RAM_WIDTH" 0 5 11, +C4<00000000000000000000000000100000>;
v0x56275ab38ae0 .array "BRAM", 0 4095, 31 0;
v0x56275ab38bc0_0 .net "addra", 11 0, L_0x56275ab54a10;  alias, 1 drivers
v0x56275ab38ca0_0 .net "clka", 0 0, v0x56275ab432b0_0;  alias, 1 drivers
v0x56275ab38d70_0 .net "dina", 31 0, v0x56275ab3c660_0;  alias, 1 drivers
v0x56275ab38e50_0 .net "douta", 31 0, v0x56275ab15620_0;  alias, 1 drivers
L_0x7f021af363c0 .functor BUFT 1, C4<1>, C4<0>, C4<0>, C4<0>;
v0x56275ab38f80_0 .net "ena", 0 0, L_0x7f021af363c0;  1 drivers
v0x56275ab39040_0 .var "ram_data", 31 0;
L_0x7f021af36408 .functor BUFT 1, C4<1>, C4<0>, C4<0>, C4<0>;
v0x56275ab39120_0 .net "regcea", 0 0, L_0x7f021af36408;  1 drivers
v0x56275ab391e0_0 .net "rsta", 0 0, v0x56275ab43630_0;  alias, 1 drivers
v0x56275ab392a0_0 .net "wea", 0 0, L_0x56275ab54ef0;  alias, 1 drivers
S_0x56275ab38370 .scope function.vec4.u32, "clogb2" "clogb2" 5 74, 5 74 0, S_0x56275ab37f10;
 .timescale -9 -12;
; Variable clogb2 is vec4 return value of scope S_0x56275ab38370
v0x56275aaf3cb0_0 .var/i "depth", 31 0;
TD_processor_tb.uut.data_mem.clogb2 ;
    %pushi/vec4 0, 0, 32;
    %ret/vec4 0, 0, 32;  Assign to clogb2 (store_vec4_to_lval)
T_0.0 ;
    %load/vec4 v0x56275aaf3cb0_0;
    %cmpi/s 0, 0, 32;
    %flag_or 5, 4; GT is !LE
    %flag_inv 5;
    %jmp/0xz T_0.1, 5;
    %load/vec4 v0x56275aaf3cb0_0;
    %ix/load 4, 1, 0;
    %flag_set/imm 4, 0;
    %shiftr 4;
    %store/vec4 v0x56275aaf3cb0_0, 0, 32;
    %retload/vec4 0; Load clogb2 (draw_signal_vec4)
    %addi 1, 0, 32;
    %ret/vec4 0, 0, 32;  Assign to clogb2 (store_vec4_to_lval)
    %jmp T_0.0;
T_0.1 ;
    %end;
S_0x56275ab38610 .scope generate, "init_bram_to_zero" "init_bram_to_zero" 5 31, 5 31 0, S_0x56275ab37f10;
 .timescale -9 -12;
v0x56275aaf3190_0 .var/i "ram_index", 31 0;
S_0x56275ab38850 .scope generate, "output_register" "output_register" 5 51, 5 51 0, S_0x56275ab37f10;
 .timescale -9 -12;
v0x56275ab15620_0 .var "douta_reg", 31 0;
E_0x56275aad3320 .event posedge, v0x56275ab38ca0_0;
S_0x56275ab39460 .scope module, "decoder" "decode" 4 81, 6 4 0, S_0x56275ab37ce0;
 .timescale -9 -12;
    .port_info 0 /INPUT 1 "clk_in";
    .port_info 1 /INPUT 32 "instruction_in";
    .port_info 2 /OUTPUT 4 "iType_out";
    .port_info 3 /OUTPUT 4 "aluFunc_out";
    .port_info 4 /OUTPUT 3 "brFunc_out";
    .port_info 5 /OUTPUT 32 "imm_out";
    .port_info 6 /OUTPUT 5 "rs1_out";
    .port_info 7 /OUTPUT 5 "rs2_out";
    .port_info 8 /OUTPUT 5 "rd_out";
enum0x56275aad9880 .enum2/s (32)
   "R" 0,
   "I" 1,
   "S" 2,
   "B" 3,
   "U" 4,
   "J" 5
 ;
v0x56275ab397f0_0 .var "aluFunc_out", 3 0;
v0x56275ab398f0_0 .var "brFunc_out", 2 0;
v0x56275ab399d0_0 .net "clk_in", 0 0, v0x56275ab432b0_0;  alias, 1 drivers
v0x56275ab39aa0_0 .var "funct3", 2 0;
v0x56275ab39b40_0 .var "funct7", 6 0;
v0x56275ab39c70_0 .var "iType_out", 3 0;
v0x56275ab39d50_0 .var "imm", 31 0;
v0x56275ab39e30_0 .var/s "imm_out", 31 0;
v0x56275ab39f10_0 .var/2s "inst_type", 31 0;
v0x56275ab39ff0_0 .net "instruction_in", 31 0, v0x56275ab42000_0;  1 drivers
v0x56275ab3a0d0_0 .net "opcode", 6 0, L_0x56275ab53f50;  1 drivers
v0x56275ab3a1b0_0 .var "rd", 4 0;
v0x56275ab3a290_0 .var "rd_out", 4 0;
v0x56275ab3a370_0 .var "rs1", 4 0;
v0x56275ab3a450_0 .var/s "rs1_out", 4 0;
v0x56275ab3a530_0 .var "rs2", 4 0;
v0x56275ab3a610_0 .var/s "rs2_out", 4 0;
E_0x56275aad43c0/0 .event edge, v0x56275ab3a0d0_0, v0x56275ab39ff0_0, v0x56275ab39ff0_0, v0x56275ab39ff0_0;
E_0x56275aad43c0/1 .event edge, v0x56275ab39ff0_0, v0x56275ab39ff0_0, v0x56275ab39ff0_0, v0x56275ab39ff0_0;
E_0x56275aad43c0/2 .event edge, v0x56275ab39ff0_0, v0x56275ab39ff0_0, v0x56275ab39ff0_0, v0x56275ab39ff0_0;
E_0x56275aad43c0/3 .event edge, v0x56275ab39ff0_0, v0x56275ab39ff0_0, v0x56275ab39ff0_0, v0x56275ab39d50_0;
E_0x56275aad43c0 .event/or E_0x56275aad43c0/0, E_0x56275aad43c0/1, E_0x56275aad43c0/2, E_0x56275aad43c0/3;
L_0x56275ab53f50 .part v0x56275ab42000_0, 0, 7;
S_0x56275ab3a810 .scope module, "execute_module" "execute" 4 116, 7 4 0, S_0x56275ab37ce0;
 .timescale -9 -12;
    .port_info 0 /INPUT 4 "iType_in";
    .port_info 1 /INPUT 4 "aluFunc_in";
    .port_info 2 /INPUT 3 "brFunc_in";
    .port_info 3 /INPUT 32 "imm_in";
    .port_info 4 /INPUT 32 "pc_in";
    .port_info 5 /INPUT 32 "rval1_in";
    .port_info 6 /INPUT 32 "rval2_in";
    .port_info 7 /OUTPUT 32 "data_out";
    .port_info 8 /OUTPUT 32 "addr_out";
    .port_info 9 /OUTPUT 32 "nextPc_out";
L_0x56275aadea50 .functor BUFZ 32, v0x56275ab3ee80_0, C4<00000000000000000000000000000000>, C4<00000000000000000000000000000000>, C4<00000000000000000000000000000000>;
L_0x7f021af361c8 .functor BUFT 1, C4<00000000000000000000000000000100>, C4<0>, C4<0>, C4<0>;
v0x56275ab3bbc0_0 .net/2u *"_ivl_0", 31 0, L_0x7f021af361c8;  1 drivers
L_0x7f021af36258 .functor BUFT 1, C4<00000000000000000000000000000001>, C4<0>, C4<0>, C4<0>;
v0x56275ab3bcc0_0 .net/2u *"_ivl_10", 31 0, L_0x7f021af36258;  1 drivers
v0x56275ab3bda0_0 .net *"_ivl_12", 0 0, L_0x56275ab542b0;  1 drivers
v0x56275ab3be40_0 .net *"_ivl_6", 31 0, L_0x56275ab54130;  1 drivers
L_0x7f021af36210 .functor BUFT 1, C4<0000000000000000000000000000>, C4<0>, C4<0>, C4<0>;
v0x56275ab3bf20_0 .net *"_ivl_9", 27 0, L_0x7f021af36210;  1 drivers
v0x56275ab3c050_0 .net "addr_out", 31 0, L_0x56275ab54700;  alias, 1 drivers
v0x56275ab3c130_0 .net "aluFunc_in", 3 0, v0x56275ab397f0_0;  alias, 1 drivers
v0x56275ab3c240_0 .net/s "alu_result", 31 0, v0x56275ab3ae80_0;  1 drivers
v0x56275ab3c300_0 .net/s "alu_rval1", 31 0, L_0x56275aadea50;  1 drivers
v0x56275ab3c3a0_0 .net/s "alu_rval2", 31 0, L_0x56275ab543a0;  1 drivers
v0x56275ab3c4b0_0 .net "brFunc_in", 2 0, v0x56275ab398f0_0;  alias, 1 drivers
v0x56275ab3c5c0_0 .net "branch_res", 0 0, v0x56275ab3b5d0_0;  1 drivers
v0x56275ab3c660_0 .var/s "data_out", 31 0;
v0x56275ab3c700_0 .net "iType_in", 3 0, v0x56275ab39c70_0;  alias, 1 drivers
v0x56275ab3c7a0_0 .net/s "imm_in", 31 0, v0x56275ab39e30_0;  alias, 1 drivers
v0x56275ab3c840_0 .net "nextPc_default", 31 0, L_0x56275ab54040;  1 drivers
v0x56275ab3c900_0 .var "nextPc_out", 31 0;
v0x56275ab3c9e0_0 .net "pc_in", 31 0, v0x56275ab42650_0;  1 drivers
v0x56275ab3cac0_0 .net/s "rval1_in", 31 0, v0x56275ab3ee80_0;  alias, 1 drivers
v0x56275ab3cba0_0 .net/s "rval2_in", 31 0, v0x56275ab3ef40_0;  alias, 1 drivers
E_0x56275aad37d0/0 .event edge, v0x56275ab39c70_0, v0x56275ab3ae80_0, v0x56275ab3c840_0, v0x56275ab3b5d0_0;
E_0x56275aad37d0/1 .event edge, v0x56275ab3c9e0_0, v0x56275ab39e30_0, v0x56275ab3cac0_0, v0x56275ab3cba0_0;
E_0x56275aad37d0 .event/or E_0x56275aad37d0/0, E_0x56275aad37d0/1;
L_0x56275ab54040 .arith/sum 32, v0x56275ab42650_0, L_0x7f021af361c8;
L_0x56275ab54130 .concat [ 4 28 0 0], v0x56275ab39c70_0, L_0x7f021af36210;
L_0x56275ab542b0 .cmp/eq 32, L_0x56275ab54130, L_0x7f021af36258;
L_0x56275ab543a0 .functor MUXZ 32, v0x56275ab3ef40_0, v0x56275ab39e30_0, L_0x56275ab542b0, C4<>;
L_0x56275ab54700 .arith/sum 32, v0x56275ab3ee80_0, v0x56275ab39e30_0;
S_0x56275ab3aaf0 .scope module, "my_alu" "alu" 7 54, 8 6 0, S_0x56275ab3a810;
 .timescale -9 -12;
    .port_info 0 /INPUT 32 "rval1_in";
    .port_info 1 /INPUT 32 "rval2_in";
    .port_info 2 /INPUT 4 "aluFunc_in";
    .port_info 3 /OUTPUT 32 "data_out";
L_0x56275ab15500 .functor BUFZ 32, L_0x56275aadea50, C4<00000000000000000000000000000000>, C4<00000000000000000000000000000000>, C4<00000000000000000000000000000000>;
L_0x56275ab54520 .functor BUFZ 32, L_0x56275ab543a0, C4<00000000000000000000000000000000>, C4<00000000000000000000000000000000>, C4<00000000000000000000000000000000>;
v0x56275ab3ad70_0 .net "aluFunc_in", 3 0, v0x56275ab397f0_0;  alias, 1 drivers
v0x56275ab3ae80_0 .var/s "data_out", 31 0;
v0x56275ab3af40_0 .net/s "rval1_in", 31 0, L_0x56275aadea50;  alias, 1 drivers
v0x56275ab3b030_0 .net "rval1_u", 31 0, L_0x56275ab15500;  1 drivers
v0x56275ab3b110_0 .net/s "rval2_in", 31 0, L_0x56275ab543a0;  alias, 1 drivers
v0x56275ab3b240_0 .net "rval2_u", 31 0, L_0x56275ab54520;  1 drivers
E_0x56275aad4560/0 .event edge, v0x56275ab397f0_0, v0x56275ab3af40_0, v0x56275ab3b110_0, v0x56275ab3b030_0;
E_0x56275aad4560/1 .event edge, v0x56275ab3b240_0;
E_0x56275aad4560 .event/or E_0x56275aad4560/0, E_0x56275aad4560/1;
S_0x56275ab3b3a0 .scope module, "my_branchAlu" "branchAlu" 7 61, 9 8 0, S_0x56275ab3a810;
 .timescale -9 -12;
    .port_info 0 /INPUT 32 "rval1_in";
    .port_info 1 /INPUT 32 "rval2_in";
    .port_info 2 /INPUT 3 "brFunc_in";
    .port_info 3 /OUTPUT 1 "bool_out";
L_0x56275ab54620 .functor BUFZ 32, L_0x56275aadea50, C4<00000000000000000000000000000000>, C4<00000000000000000000000000000000>, C4<00000000000000000000000000000000>;
L_0x56275ab54690 .functor BUFZ 32, L_0x56275ab543a0, C4<00000000000000000000000000000000>, C4<00000000000000000000000000000000>, C4<00000000000000000000000000000000>;
v0x56275ab3b5d0_0 .var "bool_out", 0 0;
v0x56275ab3b6b0_0 .net "brFunc_in", 2 0, v0x56275ab398f0_0;  alias, 1 drivers
v0x56275ab3b7a0_0 .net/s "rval1_in", 31 0, L_0x56275aadea50;  alias, 1 drivers
v0x56275ab3b8a0_0 .net "rval1_u", 31 0, L_0x56275ab54620;  1 drivers
v0x56275ab3b940_0 .net/s "rval2_in", 31 0, L_0x56275ab543a0;  alias, 1 drivers
v0x56275ab3ba50_0 .net "rval2_u", 31 0, L_0x56275ab54690;  1 drivers
E_0x56275aa67130/0 .event edge, v0x56275ab398f0_0, v0x56275ab3af40_0, v0x56275ab3b110_0, v0x56275ab3b8a0_0;
E_0x56275aa67130/1 .event edge, v0x56275ab3ba50_0;
E_0x56275aa67130 .event/or E_0x56275aa67130/0, E_0x56275aa67130/1;
S_0x56275ab3ce20 .scope module, "inst_mem" "xilinx_single_port_ram_read_first" 4 39, 5 10 0, S_0x56275ab37ce0;
 .timescale -9 -12;
    .port_info 0 /INPUT 12 "addra";
    .port_info 1 /INPUT 32 "dina";
    .port_info 2 /INPUT 1 "clka";
    .port_info 3 /INPUT 1 "wea";
    .port_info 4 /INPUT 1 "ena";
    .port_info 5 /INPUT 1 "rsta";
    .port_info 6 /INPUT 1 "regcea";
    .port_info 7 /OUTPUT 32 "douta";
P_0x56275ab3d000 .param/str "INIT_FILE" 0 5 14, "data/data/inst.mem";
P_0x56275ab3d040 .param/l "RAM_DEPTH" 0 5 12, +C4<00000000000000000001000000000000>;
P_0x56275ab3d080 .param/str "RAM_PERFORMANCE" 0 5 13, "HIGH_PERFORMANCE";
P_0x56275ab3d0c0 .param/l "RAM_WIDTH" 0 5 11, +C4<00000000000000000000000000100000>;
v0x56275ab3dce0 .array "BRAM", 0 4095, 31 0;
v0x56275ab3dda0_0 .net "addra", 11 0, L_0x56275ab53d70;  alias, 1 drivers
v0x56275ab3de80_0 .net "clka", 0 0, v0x56275ab432b0_0;  alias, 1 drivers
v0x56275ab3dfa0_0 .net "dina", 31 0, v0x56275ab43450_0;  alias, 1 drivers
v0x56275ab3e060_0 .net "douta", 31 0, L_0x56275aaf3b90;  alias, 1 drivers
L_0x7f021af36138 .functor BUFT 1, C4<1>, C4<0>, C4<0>, C4<0>;
v0x56275ab3e190_0 .net "ena", 0 0, L_0x7f021af36138;  1 drivers
v0x56275ab3e250_0 .var "ram_data", 31 0;
L_0x7f021af36180 .functor BUFT 1, C4<1>, C4<0>, C4<0>, C4<0>;
v0x56275ab3e330_0 .net "regcea", 0 0, L_0x7f021af36180;  1 drivers
v0x56275ab3e3f0_0 .net "rsta", 0 0, v0x56275ab43630_0;  alias, 1 drivers
v0x56275ab3e490_0 .net "wea", 0 0, L_0x56275ab53c00;  alias, 1 drivers
S_0x56275ab3d410 .scope function.vec4.u32, "clogb2" "clogb2" 5 74, 5 74 0, S_0x56275ab3ce20;
 .timescale -9 -12;
; Variable clogb2 is vec4 return value of scope S_0x56275ab3d410
v0x56275ab3d710_0 .var/i "depth", 31 0;
TD_processor_tb.uut.inst_mem.clogb2 ;
    %pushi/vec4 0, 0, 32;
    %ret/vec4 0, 0, 32;  Assign to clogb2 (store_vec4_to_lval)
T_1.2 ;
    %load/vec4 v0x56275ab3d710_0;
    %cmpi/s 0, 0, 32;
    %flag_or 5, 4; GT is !LE
    %flag_inv 5;
    %jmp/0xz T_1.3, 5;
    %load/vec4 v0x56275ab3d710_0;
    %ix/load 4, 1, 0;
    %flag_set/imm 4, 0;
    %shiftr 4;
    %store/vec4 v0x56275ab3d710_0, 0, 32;
    %retload/vec4 0; Load clogb2 (draw_signal_vec4)
    %addi 1, 0, 32;
    %ret/vec4 0, 0, 32;  Assign to clogb2 (store_vec4_to_lval)
    %jmp T_1.2;
T_1.3 ;
    %end;
S_0x56275ab3d7f0 .scope generate, "output_register" "output_register" 5 51, 5 51 0, S_0x56275ab3ce20;
 .timescale -9 -12;
L_0x56275aaf3b90 .functor BUFZ 32, v0x56275ab3d9f0_0, C4<00000000000000000000000000000000>, C4<00000000000000000000000000000000>, C4<00000000000000000000000000000000>;
v0x56275ab3d9f0_0 .var "douta_reg", 31 0;
S_0x56275ab3dad0 .scope generate, "use_init_file" "use_init_file" 5 31, 5 31 0, S_0x56275ab3ce20;
 .timescale -9 -12;
S_0x56275ab3e630 .scope module, "registers" "register_file" 4 99, 10 4 0, S_0x56275ab37ce0;
 .timescale -9 -12;
    .port_info 0 /INPUT 1 "clk_in";
    .port_info 1 /INPUT 1 "rst_in";
    .port_info 2 /INPUT 5 "rs1_in";
    .port_info 3 /INPUT 5 "rs2_in";
    .port_info 4 /INPUT 5 "wa_in";
    .port_info 5 /INPUT 1 "we_in";
    .port_info 6 /INPUT 32 "wd_in";
    .port_info 7 /OUTPUT 32 "rd1_out";
    .port_info 8 /OUTPUT 32 "rd2_out";
v0x56275ab3edc0_0 .net "clk_in", 0 0, v0x56275ab432b0_0;  alias, 1 drivers
v0x56275ab3ee80_0 .var "rd1_out", 31 0;
v0x56275ab3ef40_0 .var "rd2_out", 31 0;
v0x56275ab3f010 .array "registers", 0 31, 31 0;
v0x56275ab3f5a0_0 .net "rs1_in", 4 0, v0x56275ab3a450_0;  alias, 1 drivers
v0x56275ab3f6b0_0 .net "rs2_in", 4 0, v0x56275ab3a610_0;  alias, 1 drivers
v0x56275ab3f780_0 .net "rst_in", 0 0, v0x56275ab43630_0;  alias, 1 drivers
v0x56275ab3f870_0 .net "wa_in", 4 0, L_0x56275ab55120;  alias, 1 drivers
v0x56275ab3f930_0 .net "wd_in", 31 0, L_0x56275ab55320;  alias, 1 drivers
v0x56275ab3faa0_0 .net "we_in", 0 0, L_0x56275ab55f00;  alias, 1 drivers
v0x56275ab3f010_0 .array/port v0x56275ab3f010, 0;
v0x56275ab3f010_1 .array/port v0x56275ab3f010, 1;
v0x56275ab3f010_2 .array/port v0x56275ab3f010, 2;
E_0x56275ab3e940/0 .event edge, v0x56275ab3a450_0, v0x56275ab3f010_0, v0x56275ab3f010_1, v0x56275ab3f010_2;
v0x56275ab3f010_3 .array/port v0x56275ab3f010, 3;
v0x56275ab3f010_4 .array/port v0x56275ab3f010, 4;
v0x56275ab3f010_5 .array/port v0x56275ab3f010, 5;
v0x56275ab3f010_6 .array/port v0x56275ab3f010, 6;
E_0x56275ab3e940/1 .event edge, v0x56275ab3f010_3, v0x56275ab3f010_4, v0x56275ab3f010_5, v0x56275ab3f010_6;
v0x56275ab3f010_7 .array/port v0x56275ab3f010, 7;
v0x56275ab3f010_8 .array/port v0x56275ab3f010, 8;
v0x56275ab3f010_9 .array/port v0x56275ab3f010, 9;
v0x56275ab3f010_10 .array/port v0x56275ab3f010, 10;
E_0x56275ab3e940/2 .event edge, v0x56275ab3f010_7, v0x56275ab3f010_8, v0x56275ab3f010_9, v0x56275ab3f010_10;
v0x56275ab3f010_11 .array/port v0x56275ab3f010, 11;
v0x56275ab3f010_12 .array/port v0x56275ab3f010, 12;
v0x56275ab3f010_13 .array/port v0x56275ab3f010, 13;
v0x56275ab3f010_14 .array/port v0x56275ab3f010, 14;
E_0x56275ab3e940/3 .event edge, v0x56275ab3f010_11, v0x56275ab3f010_12, v0x56275ab3f010_13, v0x56275ab3f010_14;
v0x56275ab3f010_15 .array/port v0x56275ab3f010, 15;
v0x56275ab3f010_16 .array/port v0x56275ab3f010, 16;
v0x56275ab3f010_17 .array/port v0x56275ab3f010, 17;
v0x56275ab3f010_18 .array/port v0x56275ab3f010, 18;
E_0x56275ab3e940/4 .event edge, v0x56275ab3f010_15, v0x56275ab3f010_16, v0x56275ab3f010_17, v0x56275ab3f010_18;
v0x56275ab3f010_19 .array/port v0x56275ab3f010, 19;
v0x56275ab3f010_20 .array/port v0x56275ab3f010, 20;
v0x56275ab3f010_21 .array/port v0x56275ab3f010, 21;
v0x56275ab3f010_22 .array/port v0x56275ab3f010, 22;
E_0x56275ab3e940/5 .event edge, v0x56275ab3f010_19, v0x56275ab3f010_20, v0x56275ab3f010_21, v0x56275ab3f010_22;
v0x56275ab3f010_23 .array/port v0x56275ab3f010, 23;
v0x56275ab3f010_24 .array/port v0x56275ab3f010, 24;
v0x56275ab3f010_25 .array/port v0x56275ab3f010, 25;
v0x56275ab3f010_26 .array/port v0x56275ab3f010, 26;
E_0x56275ab3e940/6 .event edge, v0x56275ab3f010_23, v0x56275ab3f010_24, v0x56275ab3f010_25, v0x56275ab3f010_26;
v0x56275ab3f010_27 .array/port v0x56275ab3f010, 27;
v0x56275ab3f010_28 .array/port v0x56275ab3f010, 28;
v0x56275ab3f010_29 .array/port v0x56275ab3f010, 29;
v0x56275ab3f010_30 .array/port v0x56275ab3f010, 30;
E_0x56275ab3e940/7 .event edge, v0x56275ab3f010_27, v0x56275ab3f010_28, v0x56275ab3f010_29, v0x56275ab3f010_30;
v0x56275ab3f010_31 .array/port v0x56275ab3f010, 31;
E_0x56275ab3e940/8 .event edge, v0x56275ab3f010_31, v0x56275ab3a610_0;
E_0x56275ab3e940 .event/or E_0x56275ab3e940/0, E_0x56275ab3e940/1, E_0x56275ab3e940/2, E_0x56275ab3e940/3, E_0x56275ab3e940/4, E_0x56275ab3e940/5, E_0x56275ab3e940/6, E_0x56275ab3e940/7, E_0x56275ab3e940/8;
S_0x56275ab3eac0 .scope begin, "$ivl_for_loop2" "$ivl_for_loop2" 10 21, 10 21 0, S_0x56275ab3e630;
 .timescale -9 -12;
v0x56275ab3ecc0_0 .var/i "i", 31 0;
    .scope S_0x56275ab3dad0;
T_2 ;
    %vpi_call/w 5 33 "$readmemh", P_0x56275ab3d000, v0x56275ab3dce0, 32'sb00000000000000000000000000000000, 32'sb00000000000000000000111111111111 {0 0 0};
    %end;
    .thread T_2;
    .scope S_0x56275ab3d7f0;
T_3 ;
    %pushi/vec4 0, 0, 32;
    %store/vec4 v0x56275ab3d9f0_0, 0, 32;
    %end;
    .thread T_3, $init;
    .scope S_0x56275ab3d7f0;
T_4 ;
    %wait E_0x56275aad3320;
    %load/vec4 v0x56275ab3e3f0_0;
    %flag_set/vec4 8;
    %jmp/0xz  T_4.0, 8;
    %pushi/vec4 0, 0, 32;
    %assign/vec4 v0x56275ab3d9f0_0, 0;
    %jmp T_4.1;
T_4.0 ;
    %load/vec4 v0x56275ab3e330_0;
    %flag_set/vec4 8;
    %jmp/0xz  T_4.2, 8;
    %load/vec4 v0x56275ab3e250_0;
    %assign/vec4 v0x56275ab3d9f0_0, 0;
T_4.2 ;
T_4.1 ;
    %jmp T_4;
    .thread T_4;
    .scope S_0x56275ab3ce20;
T_5 ;
    %pushi/vec4 0, 0, 32;
    %store/vec4 v0x56275ab3e250_0, 0, 32;
    %end;
    .thread T_5, $init;
    .scope S_0x56275ab3ce20;
T_6 ;
    %wait E_0x56275aad3320;
    %load/vec4 v0x56275ab3e190_0;
    %flag_set/vec4 8;
    %jmp/0xz  T_6.0, 8;
    %load/vec4 v0x56275ab3e490_0;
    %flag_set/vec4 8;
    %jmp/0xz  T_6.2, 8;
    %load/vec4 v0x56275ab3dfa0_0;
    %load/vec4 v0x56275ab3dda0_0;
    %pad/u 14;
    %ix/vec4 3;
    %ix/load 4, 0, 0; Constant delay
    %assign/vec4/a/d v0x56275ab3dce0, 0, 4;
T_6.2 ;
    %load/vec4 v0x56275ab3dda0_0;
    %pad/u 14;
    %ix/vec4 4;
    %load/vec4a v0x56275ab3dce0, 4;
    %assign/vec4 v0x56275ab3e250_0, 0;
T_6.0 ;
    %jmp T_6;
    .thread T_6;
    .scope S_0x56275ab39460;
T_7 ;
Ewait_0 .event/or E_0x56275aad43c0, E_0x0;
    %wait Ewait_0;
    %load/vec4 v0x56275ab3a0d0_0;
    %cmpi/e 51, 0, 7;
    %jmp/0xz  T_7.0, 4;
    %pushi/vec4 0, 0, 32;
    %store/vec4 v0x56275ab39f10_0, 0, 32;
    %jmp T_7.1;
T_7.0 ;
    %load/vec4 v0x56275ab3a0d0_0;
    %cmpi/e 19, 0, 7;
    %jmp/0xz  T_7.2, 4;
    %pushi/vec4 1, 0, 32;
    %store/vec4 v0x56275ab39f10_0, 0, 32;
    %jmp T_7.3;
T_7.2 ;
    %load/vec4 v0x56275ab3a0d0_0;
    %cmpi/e 3, 0, 7;
    %jmp/0xz  T_7.4, 4;
    %pushi/vec4 1, 0, 32;
    %store/vec4 v0x56275ab39f10_0, 0, 32;
    %jmp T_7.5;
T_7.4 ;
    %load/vec4 v0x56275ab3a0d0_0;
    %cmpi/e 35, 0, 7;
    %jmp/0xz  T_7.6, 4;
    %pushi/vec4 2, 0, 32;
    %store/vec4 v0x56275ab39f10_0, 0, 32;
    %jmp T_7.7;
T_7.6 ;
    %load/vec4 v0x56275ab3a0d0_0;
    %cmpi/e 99, 0, 7;
    %jmp/0xz  T_7.8, 4;
    %pushi/vec4 3, 0, 32;
    %store/vec4 v0x56275ab39f10_0, 0, 32;
    %jmp T_7.9;
T_7.8 ;
    %load/vec4 v0x56275ab3a0d0_0;
    %cmpi/e 111, 0, 7;
    %jmp/0xz  T_7.10, 4;
    %pushi/vec4 5, 0, 32;
    %store/vec4 v0x56275ab39f10_0, 0, 32;
    %jmp T_7.11;
T_7.10 ;
    %load/vec4 v0x56275ab3a0d0_0;
    %cmpi/e 103, 0, 7;
    %jmp/0xz  T_7.12, 4;
    %pushi/vec4 1, 0, 32;
    %store/vec4 v0x56275ab39f10_0, 0, 32;
    %jmp T_7.13;
T_7.12 ;
    %load/vec4 v0x56275ab3a0d0_0;
    %cmpi/e 55, 0, 7;
    %jmp/0xz  T_7.14, 4;
    %pushi/vec4 4, 0, 32;
    %store/vec4 v0x56275ab39f10_0, 0, 32;
    %jmp T_7.15;
T_7.14 ;
    %load/vec4 v0x56275ab3a0d0_0;
    %cmpi/e 23, 0, 7;
    %jmp/0xz  T_7.16, 4;
    %pushi/vec4 4, 0, 32;
    %store/vec4 v0x56275ab39f10_0, 0, 32;
    %jmp T_7.17;
T_7.16 ;
    %load/vec4 v0x56275ab3a0d0_0;
    %cmpi/e 115, 0, 7;
    %jmp/0xz  T_7.18, 4;
    %pushi/vec4 1, 0, 32;
    %store/vec4 v0x56275ab39f10_0, 0, 32;
T_7.18 ;
T_7.17 ;
T_7.15 ;
T_7.13 ;
T_7.11 ;
T_7.9 ;
T_7.7 ;
T_7.5 ;
T_7.3 ;
T_7.1 ;
    %load/vec4 v0x56275ab39f10_0;
    %cmpi/e 0, 0, 32;
    %jmp/0xz  T_7.20, 4;
    %load/vec4 v0x56275ab39ff0_0;
    %parti/s 3, 12, 5;
    %store/vec4 v0x56275ab39aa0_0, 0, 3;
    %load/vec4 v0x56275ab39ff0_0;
    %parti/s 7, 25, 6;
    %store/vec4 v0x56275ab39b40_0, 0, 7;
    %load/vec4 v0x56275ab39ff0_0;
    %parti/s 5, 15, 5;
    %store/vec4 v0x56275ab3a370_0, 0, 5;
    %load/vec4 v0x56275ab39ff0_0;
    %parti/s 5, 20, 6;
    %store/vec4 v0x56275ab3a530_0, 0, 5;
    %load/vec4 v0x56275ab39ff0_0;
    %parti/s 5, 7, 4;
    %store/vec4 v0x56275ab3a1b0_0, 0, 5;
    %pushi/vec4 0, 0, 32;
    %store/vec4 v0x56275ab39d50_0, 0, 32;
    %jmp T_7.21;
T_7.20 ;
    %load/vec4 v0x56275ab39f10_0;
    %cmpi/e 1, 0, 32;
    %jmp/0xz  T_7.22, 4;
    %load/vec4 v0x56275ab39ff0_0;
    %parti/s 3, 12, 5;
    %store/vec4 v0x56275ab39aa0_0, 0, 3;
    %pushi/vec4 0, 0, 7;
    %store/vec4 v0x56275ab39b40_0, 0, 7;
    %load/vec4 v0x56275ab39ff0_0;
    %parti/s 5, 15, 5;
    %store/vec4 v0x56275ab3a370_0, 0, 5;
    %pushi/vec4 0, 0, 5;
    %store/vec4 v0x56275ab3a530_0, 0, 5;
    %load/vec4 v0x56275ab39ff0_0;
    %parti/s 5, 7, 4;
    %store/vec4 v0x56275ab3a1b0_0, 0, 5;
    %pushi/vec4 0, 0, 20;
    %load/vec4 v0x56275ab39ff0_0;
    %parti/s 12, 20, 6;
    %concat/vec4; draw_concat_vec4
    %store/vec4 v0x56275ab39d50_0, 0, 32;
    %jmp T_7.23;
T_7.22 ;
    %load/vec4 v0x56275ab39f10_0;
    %cmpi/e 2, 0, 32;
    %jmp/0xz  T_7.24, 4;
    %load/vec4 v0x56275ab39ff0_0;
    %parti/s 3, 12, 5;
    %store/vec4 v0x56275ab39aa0_0, 0, 3;
    %pushi/vec4 0, 0, 7;
    %store/vec4 v0x56275ab39b40_0, 0, 7;
    %load/vec4 v0x56275ab39ff0_0;
    %parti/s 5, 15, 5;
    %store/vec4 v0x56275ab3a370_0, 0, 5;
    %load/vec4 v0x56275ab39ff0_0;
    %parti/s 5, 20, 6;
    %store/vec4 v0x56275ab3a530_0, 0, 5;
    %pushi/vec4 0, 0, 5;
    %store/vec4 v0x56275ab3a1b0_0, 0, 5;
    %pushi/vec4 0, 0, 20;
    %load/vec4 v0x56275ab39ff0_0;
    %parti/s 7, 25, 6;
    %concat/vec4; draw_concat_vec4
    %load/vec4 v0x56275ab39ff0_0;
    %parti/s 5, 7, 4;
    %concat/vec4; draw_concat_vec4
    %store/vec4 v0x56275ab39d50_0, 0, 32;
    %jmp T_7.25;
T_7.24 ;
    %load/vec4 v0x56275ab39f10_0;
    %cmpi/e 3, 0, 32;
    %jmp/0xz  T_7.26, 4;
    %load/vec4 v0x56275ab39ff0_0;
    %parti/s 3, 12, 5;
    %store/vec4 v0x56275ab39aa0_0, 0, 3;
    %pushi/vec4 0, 0, 7;
    %store/vec4 v0x56275ab39b40_0, 0, 7;
    %load/vec4 v0x56275ab39ff0_0;
    %parti/s 5, 15, 5;
    %store/vec4 v0x56275ab3a370_0, 0, 5;
    %load/vec4 v0x56275ab39ff0_0;
    %parti/s 5, 20, 6;
    %store/vec4 v0x56275ab3a530_0, 0, 5;
    %pushi/vec4 0, 0, 5;
    %store/vec4 v0x56275ab3a1b0_0, 0, 5;
    %pushi/vec4 0, 0, 19;
    %load/vec4 v0x56275ab39ff0_0;
    %parti/s 1, 31, 6;
    %concat/vec4; draw_concat_vec4
    %load/vec4 v0x56275ab39ff0_0;
    %parti/s 6, 25, 6;
    %concat/vec4; draw_concat_vec4
    %load/vec4 v0x56275ab39ff0_0;
    %parti/s 1, 7, 4;
    %concat/vec4; draw_concat_vec4
    %load/vec4 v0x56275ab39ff0_0;
    %parti/s 4, 8, 5;
    %concat/vec4; draw_concat_vec4
    %concati/vec4 0, 0, 1;
    %store/vec4 v0x56275ab39d50_0, 0, 32;
    %jmp T_7.27;
T_7.26 ;
    %load/vec4 v0x56275ab39f10_0;
    %cmpi/e 4, 0, 32;
    %jmp/0xz  T_7.28, 4;
    %pushi/vec4 0, 0, 3;
    %store/vec4 v0x56275ab39aa0_0, 0, 3;
    %pushi/vec4 0, 0, 7;
    %store/vec4 v0x56275ab39b40_0, 0, 7;
    %pushi/vec4 0, 0, 5;
    %store/vec4 v0x56275ab3a370_0, 0, 5;
    %pushi/vec4 0, 0, 5;
    %store/vec4 v0x56275ab3a530_0, 0, 5;
    %load/vec4 v0x56275ab39ff0_0;
    %parti/s 5, 7, 4;
    %store/vec4 v0x56275ab3a1b0_0, 0, 5;
    %load/vec4 v0x56275ab39ff0_0;
    %parti/s 20, 12, 5;
    %concati/vec4 0, 0, 12;
    %store/vec4 v0x56275ab39d50_0, 0, 32;
    %jmp T_7.29;
T_7.28 ;
    %load/vec4 v0x56275ab39f10_0;
    %cmpi/e 5, 0, 32;
    %jmp/0xz  T_7.30, 4;
    %pushi/vec4 0, 0, 3;
    %store/vec4 v0x56275ab39aa0_0, 0, 3;
    %pushi/vec4 0, 0, 7;
    %store/vec4 v0x56275ab39b40_0, 0, 7;
    %pushi/vec4 0, 0, 5;
    %store/vec4 v0x56275ab3a370_0, 0, 5;
    %pushi/vec4 0, 0, 5;
    %store/vec4 v0x56275ab3a530_0, 0, 5;
    %load/vec4 v0x56275ab39ff0_0;
    %parti/s 5, 7, 4;
    %store/vec4 v0x56275ab3a1b0_0, 0, 5;
    %pushi/vec4 0, 0, 11;
    %load/vec4 v0x56275ab39ff0_0;
    %parti/s 1, 31, 6;
    %concat/vec4; draw_concat_vec4
    %load/vec4 v0x56275ab39ff0_0;
    %parti/s 10, 12, 5;
    %concat/vec4; draw_concat_vec4
    %load/vec4 v0x56275ab39ff0_0;
    %parti/s 1, 22, 6;
    %concat/vec4; draw_concat_vec4
    %load/vec4 v0x56275ab39ff0_0;
    %parti/s 8, 23, 6;
    %concat/vec4; draw_concat_vec4
    %concati/vec4 0, 0, 1;
    %store/vec4 v0x56275ab39d50_0, 0, 32;
T_7.30 ;
T_7.29 ;
T_7.27 ;
T_7.25 ;
T_7.23 ;
T_7.21 ;
    %load/vec4 v0x56275ab39d50_0;
    %store/vec4 v0x56275ab39e30_0, 0, 32;
    %load/vec4 v0x56275ab3a370_0;
    %store/vec4 v0x56275ab3a450_0, 0, 5;
    %load/vec4 v0x56275ab3a530_0;
    %store/vec4 v0x56275ab3a610_0, 0, 5;
    %load/vec4 v0x56275ab3a1b0_0;
    %store/vec4 v0x56275ab3a290_0, 0, 5;
    %load/vec4 v0x56275ab39f10_0;
    %cmpi/e 0, 0, 32;
    %jmp/0xz  T_7.32, 4;
    %pushi/vec4 0, 0, 4;
    %store/vec4 v0x56275ab39c70_0, 0, 4;
    %load/vec4 v0x56275ab39aa0_0;
    %pad/u 4;
    %pushi/vec4 0, 0, 4;
    %cmp/e;
    %flag_get/vec4 4;
    %load/vec4 v0x56275ab39b40_0;
    %pad/u 8;
    %pushi/vec4 0, 0, 8;
    %cmp/e;
    %flag_get/vec4 4;
    %and;
    %flag_set/vec4 8;
    %jmp/0xz  T_7.34, 8;
    %pushi/vec4 0, 0, 4;
    %store/vec4 v0x56275ab397f0_0, 0, 4;
    %jmp T_7.35;
T_7.34 ;
    %load/vec4 v0x56275ab39aa0_0;
    %pad/u 4;
    %pushi/vec4 0, 0, 4;
    %cmp/e;
    %flag_get/vec4 4;
    %load/vec4 v0x56275ab39b40_0;
    %pad/u 8;
    %pushi/vec4 32, 0, 8;
    %cmp/e;
    %flag_get/vec4 4;
    %and;
    %flag_set/vec4 8;
    %jmp/0xz  T_7.36, 8;
    %pushi/vec4 1, 0, 4;
    %store/vec4 v0x56275ab397f0_0, 0, 4;
    %jmp T_7.37;
T_7.36 ;
    %load/vec4 v0x56275ab39aa0_0;
    %pad/u 4;
    %pushi/vec4 4, 0, 4;
    %cmp/e;
    %flag_get/vec4 4;
    %load/vec4 v0x56275ab39b40_0;
    %pad/u 8;
    %pushi/vec4 0, 0, 8;
    %cmp/e;
    %flag_get/vec4 4;
    %and;
    %flag_set/vec4 8;
    %jmp/0xz  T_7.38, 8;
    %pushi/vec4 4, 0, 4;
    %store/vec4 v0x56275ab397f0_0, 0, 4;
    %jmp T_7.39;
T_7.38 ;
    %load/vec4 v0x56275ab39aa0_0;
    %pad/u 4;
    %pushi/vec4 6, 0, 4;
    %cmp/e;
    %flag_get/vec4 4;
    %load/vec4 v0x56275ab39b40_0;
    %pad/u 8;
    %pushi/vec4 0, 0, 8;
    %cmp/e;
    %flag_get/vec4 4;
    %and;
    %flag_set/vec4 8;
    %jmp/0xz  T_7.40, 8;
    %pushi/vec4 3, 0, 4;
    %store/vec4 v0x56275ab397f0_0, 0, 4;
    %jmp T_7.41;
T_7.40 ;
    %load/vec4 v0x56275ab39aa0_0;
    %pad/u 4;
    %pushi/vec4 7, 0, 4;
    %cmp/e;
    %flag_get/vec4 4;
    %load/vec4 v0x56275ab39b40_0;
    %pad/u 8;
    %pushi/vec4 0, 0, 8;
    %cmp/e;
    %flag_get/vec4 4;
    %and;
    %flag_set/vec4 8;
    %jmp/0xz  T_7.42, 8;
    %pushi/vec4 2, 0, 4;
    %store/vec4 v0x56275ab397f0_0, 0, 4;
    %jmp T_7.43;
T_7.42 ;
    %load/vec4 v0x56275ab39aa0_0;
    %pad/u 4;
    %pushi/vec4 1, 0, 4;
    %cmp/e;
    %flag_get/vec4 4;
    %load/vec4 v0x56275ab39b40_0;
    %pad/u 8;
    %pushi/vec4 0, 0, 8;
    %cmp/e;
    %flag_get/vec4 4;
    %and;
    %flag_set/vec4 8;
    %jmp/0xz  T_7.44, 8;
    %pushi/vec4 7, 0, 4;
    %store/vec4 v0x56275ab397f0_0, 0, 4;
    %jmp T_7.45;
T_7.44 ;
    %load/vec4 v0x56275ab39aa0_0;
    %pad/u 4;
    %pushi/vec4 5, 0, 4;
    %cmp/e;
    %flag_get/vec4 4;
    %load/vec4 v0x56275ab39b40_0;
    %pad/u 8;
    %pushi/vec4 0, 0, 8;
    %cmp/e;
    %flag_get/vec4 4;
    %and;
    %flag_set/vec4 8;
    %jmp/0xz  T_7.46, 8;
    %pushi/vec4 8, 0, 4;
    %store/vec4 v0x56275ab397f0_0, 0, 4;
    %jmp T_7.47;
T_7.46 ;
    %load/vec4 v0x56275ab39aa0_0;
    %pad/u 4;
    %pushi/vec4 5, 0, 4;
    %cmp/e;
    %flag_get/vec4 4;
    %load/vec4 v0x56275ab39b40_0;
    %pad/u 8;
    %pushi/vec4 32, 0, 8;
    %cmp/e;
    %flag_get/vec4 4;
    %and;
    %flag_set/vec4 8;
    %jmp/0xz  T_7.48, 8;
    %pushi/vec4 9, 0, 4;
    %store/vec4 v0x56275ab397f0_0, 0, 4;
    %jmp T_7.49;
T_7.48 ;
    %load/vec4 v0x56275ab39aa0_0;
    %pad/u 4;
    %pushi/vec4 2, 0, 4;
    %cmp/e;
    %flag_get/vec4 4;
    %load/vec4 v0x56275ab39b40_0;
    %pad/u 8;
    %pushi/vec4 0, 0, 8;
    %cmp/e;
    %flag_get/vec4 4;
    %and;
    %flag_set/vec4 8;
    %jmp/0xz  T_7.50, 8;
    %pushi/vec4 5, 0, 4;
    %store/vec4 v0x56275ab397f0_0, 0, 4;
    %jmp T_7.51;
T_7.50 ;
    %load/vec4 v0x56275ab39aa0_0;
    %pad/u 4;
    %pushi/vec4 3, 0, 4;
    %cmp/e;
    %flag_get/vec4 4;
    %load/vec4 v0x56275ab39b40_0;
    %pad/u 8;
    %pushi/vec4 0, 0, 8;
    %cmp/e;
    %flag_get/vec4 4;
    %and;
    %flag_set/vec4 8;
    %jmp/0xz  T_7.52, 8;
    %pushi/vec4 6, 0, 4;
    %store/vec4 v0x56275ab397f0_0, 0, 4;
T_7.52 ;
T_7.51 ;
T_7.49 ;
T_7.47 ;
T_7.45 ;
T_7.43 ;
T_7.41 ;
T_7.39 ;
T_7.37 ;
T_7.35 ;
    %jmp T_7.33;
T_7.32 ;
    %load/vec4 v0x56275ab39f10_0;
    %cmpi/e 1, 0, 32;
    %jmp/0xz  T_7.54, 4;
    %pushi/vec4 1, 0, 4;
    %store/vec4 v0x56275ab39c70_0, 0, 4;
    %load/vec4 v0x56275ab39aa0_0;
    %pad/u 4;
    %cmpi/e 0, 0, 4;
    %jmp/0xz  T_7.56, 4;
    %pushi/vec4 0, 0, 4;
    %store/vec4 v0x56275ab397f0_0, 0, 4;
    %jmp T_7.57;
T_7.56 ;
    %load/vec4 v0x56275ab39aa0_0;
    %pad/u 4;
    %cmpi/e 4, 0, 4;
    %jmp/0xz  T_7.58, 4;
    %pushi/vec4 4, 0, 4;
    %store/vec4 v0x56275ab397f0_0, 0, 4;
    %jmp T_7.59;
T_7.58 ;
    %load/vec4 v0x56275ab39aa0_0;
    %pad/u 4;
    %cmpi/e 6, 0, 4;
    %jmp/0xz  T_7.60, 4;
    %pushi/vec4 3, 0, 4;
    %store/vec4 v0x56275ab397f0_0, 0, 4;
    %jmp T_7.61;
T_7.60 ;
    %load/vec4 v0x56275ab39aa0_0;
    %pad/u 4;
    %cmpi/e 7, 0, 4;
    %jmp/0xz  T_7.62, 4;
    %pushi/vec4 2, 0, 4;
    %store/vec4 v0x56275ab397f0_0, 0, 4;
    %jmp T_7.63;
T_7.62 ;
    %load/vec4 v0x56275ab39aa0_0;
    %pad/u 4;
    %pushi/vec4 1, 0, 4;
    %cmp/e;
    %flag_get/vec4 4;
    %load/vec4 v0x56275ab39d50_0;
    %parti/s 7, 5, 4;
    %pad/u 8;
    %pushi/vec4 0, 0, 8;
    %cmp/e;
    %flag_get/vec4 4;
    %and;
    %flag_set/vec4 8;
    %jmp/0xz  T_7.64, 8;
    %pushi/vec4 7, 0, 4;
    %store/vec4 v0x56275ab397f0_0, 0, 4;
    %jmp T_7.65;
T_7.64 ;
    %load/vec4 v0x56275ab39aa0_0;
    %pad/u 4;
    %pushi/vec4 5, 0, 4;
    %cmp/e;
    %flag_get/vec4 4;
    %load/vec4 v0x56275ab39d50_0;
    %parti/s 7, 5, 4;
    %pad/u 8;
    %pushi/vec4 0, 0, 8;
    %cmp/e;
    %flag_get/vec4 4;
    %and;
    %flag_set/vec4 8;
    %jmp/0xz  T_7.66, 8;
    %pushi/vec4 8, 0, 4;
    %store/vec4 v0x56275ab397f0_0, 0, 4;
    %jmp T_7.67;
T_7.66 ;
    %load/vec4 v0x56275ab39aa0_0;
    %pad/u 4;
    %pushi/vec4 5, 0, 4;
    %cmp/e;
    %flag_get/vec4 4;
    %load/vec4 v0x56275ab39d50_0;
    %parti/s 7, 5, 4;
    %pad/u 8;
    %pushi/vec4 4, 0, 8;
    %cmp/e;
    %flag_get/vec4 4;
    %and;
    %flag_set/vec4 8;
    %jmp/0xz  T_7.68, 8;
    %pushi/vec4 9, 0, 4;
    %store/vec4 v0x56275ab397f0_0, 0, 4;
    %jmp T_7.69;
T_7.68 ;
    %load/vec4 v0x56275ab39aa0_0;
    %pad/u 4;
    %cmpi/e 2, 0, 4;
    %jmp/0xz  T_7.70, 4;
    %pushi/vec4 5, 0, 4;
    %store/vec4 v0x56275ab397f0_0, 0, 4;
    %jmp T_7.71;
T_7.70 ;
    %load/vec4 v0x56275ab39aa0_0;
    %pad/u 4;
    %cmpi/e 3, 0, 4;
    %jmp/0xz  T_7.72, 4;
    %pushi/vec4 6, 0, 4;
    %store/vec4 v0x56275ab397f0_0, 0, 4;
T_7.72 ;
T_7.71 ;
T_7.69 ;
T_7.67 ;
T_7.65 ;
T_7.63 ;
T_7.61 ;
T_7.59 ;
T_7.57 ;
    %jmp T_7.55;
T_7.54 ;
    %load/vec4 v0x56275ab39f10_0;
    %cmpi/e 3, 0, 32;
    %jmp/0xz  T_7.74, 4;
    %pushi/vec4 2, 0, 4;
    %store/vec4 v0x56275ab39c70_0, 0, 4;
    %load/vec4 v0x56275ab39aa0_0;
    %pad/u 4;
    %cmpi/e 0, 0, 4;
    %jmp/0xz  T_7.76, 4;
    %pushi/vec4 0, 0, 3;
    %store/vec4 v0x56275ab398f0_0, 0, 3;
    %jmp T_7.77;
T_7.76 ;
    %load/vec4 v0x56275ab39aa0_0;
    %pad/u 4;
    %cmpi/e 1, 0, 4;
    %jmp/0xz  T_7.78, 4;
    %pushi/vec4 1, 0, 3;
    %store/vec4 v0x56275ab398f0_0, 0, 3;
    %jmp T_7.79;
T_7.78 ;
    %load/vec4 v0x56275ab39aa0_0;
    %pad/u 4;
    %cmpi/e 4, 0, 4;
    %jmp/0xz  T_7.80, 4;
    %pushi/vec4 2, 0, 3;
    %store/vec4 v0x56275ab398f0_0, 0, 3;
    %jmp T_7.81;
T_7.80 ;
    %load/vec4 v0x56275ab39aa0_0;
    %pad/u 4;
    %cmpi/e 5, 0, 4;
    %jmp/0xz  T_7.82, 4;
    %pushi/vec4 4, 0, 3;
    %store/vec4 v0x56275ab398f0_0, 0, 3;
    %jmp T_7.83;
T_7.82 ;
    %load/vec4 v0x56275ab39aa0_0;
    %pad/u 4;
    %cmpi/e 6, 0, 4;
    %jmp/0xz  T_7.84, 4;
    %pushi/vec4 3, 0, 3;
    %store/vec4 v0x56275ab398f0_0, 0, 3;
    %jmp T_7.85;
T_7.84 ;
    %load/vec4 v0x56275ab39aa0_0;
    %pad/u 4;
    %cmpi/e 7, 0, 4;
    %jmp/0xz  T_7.86, 4;
    %pushi/vec4 5, 0, 3;
    %store/vec4 v0x56275ab398f0_0, 0, 3;
    %jmp T_7.87;
T_7.86 ;
    %pushi/vec4 6, 0, 3;
    %store/vec4 v0x56275ab398f0_0, 0, 3;
T_7.87 ;
T_7.85 ;
T_7.83 ;
T_7.81 ;
T_7.79 ;
T_7.77 ;
    %jmp T_7.75;
T_7.74 ;
    %load/vec4 v0x56275ab39f10_0;
    %pushi/vec4 4, 0, 32;
    %cmp/e;
    %flag_get/vec4 4;
    %load/vec4 v0x56275ab3a0d0_0;
    %pushi/vec4 55, 0, 7;
    %cmp/e;
    %flag_get/vec4 4;
    %and;
    %flag_set/vec4 8;
    %jmp/0xz  T_7.88, 8;
    %pushi/vec4 3, 0, 4;
    %store/vec4 v0x56275ab39c70_0, 0, 4;
    %jmp T_7.89;
T_7.88 ;
    %load/vec4 v0x56275ab39f10_0;
    %cmpi/e 5, 0, 32;
    %jmp/0xz  T_7.90, 4;
    %pushi/vec4 4, 0, 4;
    %store/vec4 v0x56275ab39c70_0, 0, 4;
    %jmp T_7.91;
T_7.90 ;
    %load/vec4 v0x56275ab39f10_0;
    %pushi/vec4 1, 0, 32;
    %cmp/e;
    %flag_get/vec4 4;
    %load/vec4 v0x56275ab3a0d0_0;
    %pushi/vec4 103, 0, 7;
    %cmp/e;
    %flag_get/vec4 4;
    %and;
    %flag_set/vec4 8;
    %jmp/0xz  T_7.92, 8;
    %pushi/vec4 5, 0, 4;
    %store/vec4 v0x56275ab39c70_0, 0, 4;
    %jmp T_7.93;
T_7.92 ;
    %load/vec4 v0x56275ab39f10_0;
    %pushi/vec4 1, 0, 32;
    %cmp/e;
    %flag_get/vec4 4;
    %load/vec4 v0x56275ab3a0d0_0;
    %pushi/vec4 3, 0, 7;
    %cmp/e;
    %flag_get/vec4 4;
    %and;
    %flag_set/vec4 8;
    %jmp/0xz  T_7.94, 8;
    %pushi/vec4 6, 0, 4;
    %store/vec4 v0x56275ab39c70_0, 0, 4;
    %jmp T_7.95;
T_7.94 ;
    %load/vec4 v0x56275ab39f10_0;
    %cmpi/e 2, 0, 32;
    %jmp/0xz  T_7.96, 4;
    %pushi/vec4 7, 0, 4;
    %store/vec4 v0x56275ab39c70_0, 0, 4;
    %jmp T_7.97;
T_7.96 ;
    %load/vec4 v0x56275ab39f10_0;
    %pushi/vec4 4, 0, 32;
    %cmp/e;
    %flag_get/vec4 4;
    %load/vec4 v0x56275ab3a0d0_0;
    %pushi/vec4 23, 0, 7;
    %cmp/e;
    %flag_get/vec4 4;
    %and;
    %flag_set/vec4 8;
    %jmp/0xz  T_7.98, 8;
    %pushi/vec4 8, 0, 4;
    %store/vec4 v0x56275ab39c70_0, 0, 4;
T_7.98 ;
T_7.97 ;
T_7.95 ;
T_7.93 ;
T_7.91 ;
T_7.89 ;
T_7.75 ;
T_7.55 ;
T_7.33 ;
    %jmp T_7;
    .thread T_7, $push;
    .scope S_0x56275ab3e630;
T_8 ;
    %wait E_0x56275aad3320;
    %load/vec4 v0x56275ab3f780_0;
    %flag_set/vec4 8;
    %jmp/0xz  T_8.0, 8;
    %fork t_1, S_0x56275ab3eac0;
    %jmp t_0;
    .scope S_0x56275ab3eac0;
t_1 ;
    %pushi/vec4 0, 0, 32;
    %store/vec4 v0x56275ab3ecc0_0, 0, 32;
T_8.2 ;
    %load/vec4 v0x56275ab3ecc0_0;
    %cmpi/s 31, 0, 32;
    %jmp/0xz T_8.3, 5;
    %load/vec4 v0x56275ab3ecc0_0;
    %cmpi/ne 11, 0, 32;
    %jmp/0xz  T_8.4, 4;
    %pushi/vec4 0, 0, 32;
    %ix/getv/s 3, v0x56275ab3ecc0_0;
    %ix/load 4, 0, 0; Constant delay
    %assign/vec4/a/d v0x56275ab3f010, 0, 4;
T_8.4 ;
    %load/vec4 v0x56275ab3ecc0_0;
    %addi 1, 0, 32;
    %store/vec4 v0x56275ab3ecc0_0, 0, 32;
    %jmp T_8.2;
T_8.3 ;
    %end;
    .scope S_0x56275ab3e630;
t_0 %join;
    %pushi/vec4 44, 0, 32;
    %ix/load 3, 11, 0;
    %flag_set/imm 4, 0;
    %ix/load 4, 0, 0; Constant delay
    %assign/vec4/a/d v0x56275ab3f010, 0, 4;
    %jmp T_8.1;
T_8.0 ;
    %load/vec4 v0x56275ab3faa0_0;
    %flag_set/vec4 8;
    %jmp/0xz  T_8.6, 8;
    %load/vec4 v0x56275ab3f930_0;
    %load/vec4 v0x56275ab3f870_0;
    %pad/u 7;
    %ix/vec4 3;
    %ix/load 4, 0, 0; Constant delay
    %assign/vec4/a/d v0x56275ab3f010, 0, 4;
T_8.6 ;
T_8.1 ;
    %jmp T_8;
    .thread T_8;
    .scope S_0x56275ab3e630;
T_9 ;
Ewait_1 .event/or E_0x56275ab3e940, E_0x0;
    %wait Ewait_1;
    %load/vec4 v0x56275ab3f5a0_0;
    %pad/u 7;
    %ix/vec4 4;
    %load/vec4a v0x56275ab3f010, 4;
    %store/vec4 v0x56275ab3ee80_0, 0, 32;
    %load/vec4 v0x56275ab3f6b0_0;
    %pad/u 7;
    %ix/vec4 4;
    %load/vec4a v0x56275ab3f010, 4;
    %store/vec4 v0x56275ab3ef40_0, 0, 32;
    %jmp T_9;
    .thread T_9, $push;
    .scope S_0x56275ab3aaf0;
T_10 ;
Ewait_2 .event/or E_0x56275aad4560, E_0x0;
    %wait Ewait_2;
    %load/vec4 v0x56275ab3ad70_0;
    %dup/vec4;
    %pushi/vec4 0, 0, 4;
    %cmp/u;
    %jmp/1 T_10.0, 6;
    %dup/vec4;
    %pushi/vec4 1, 0, 4;
    %cmp/u;
    %jmp/1 T_10.1, 6;
    %dup/vec4;
    %pushi/vec4 2, 0, 4;
    %cmp/u;
    %jmp/1 T_10.2, 6;
    %dup/vec4;
    %pushi/vec4 3, 0, 4;
    %cmp/u;
    %jmp/1 T_10.3, 6;
    %dup/vec4;
    %pushi/vec4 4, 0, 4;
    %cmp/u;
    %jmp/1 T_10.4, 6;
    %dup/vec4;
    %pushi/vec4 5, 0, 4;
    %cmp/u;
    %jmp/1 T_10.5, 6;
    %dup/vec4;
    %pushi/vec4 6, 0, 4;
    %cmp/u;
    %jmp/1 T_10.6, 6;
    %dup/vec4;
    %pushi/vec4 7, 0, 4;
    %cmp/u;
    %jmp/1 T_10.7, 6;
    %dup/vec4;
    %pushi/vec4 8, 0, 4;
    %cmp/u;
    %jmp/1 T_10.8, 6;
    %dup/vec4;
    %pushi/vec4 9, 0, 4;
    %cmp/u;
    %jmp/1 T_10.9, 6;
    %pushi/vec4 0, 0, 32;
    %store/vec4 v0x56275ab3ae80_0, 0, 32;
    %jmp T_10.11;
T_10.0 ;
    %load/vec4 v0x56275ab3af40_0;
    %load/vec4 v0x56275ab3b110_0;
    %add;
    %store/vec4 v0x56275ab3ae80_0, 0, 32;
    %jmp T_10.11;
T_10.1 ;
    %load/vec4 v0x56275ab3af40_0;
    %load/vec4 v0x56275ab3b110_0;
    %sub;
    %store/vec4 v0x56275ab3ae80_0, 0, 32;
    %jmp T_10.11;
T_10.2 ;
    %load/vec4 v0x56275ab3af40_0;
    %load/vec4 v0x56275ab3b110_0;
    %and;
    %store/vec4 v0x56275ab3ae80_0, 0, 32;
    %jmp T_10.11;
T_10.3 ;
    %load/vec4 v0x56275ab3af40_0;
    %load/vec4 v0x56275ab3b110_0;
    %or;
    %store/vec4 v0x56275ab3ae80_0, 0, 32;
    %jmp T_10.11;
T_10.4 ;
    %load/vec4 v0x56275ab3af40_0;
    %load/vec4 v0x56275ab3b110_0;
    %xor;
    %store/vec4 v0x56275ab3ae80_0, 0, 32;
    %jmp T_10.11;
T_10.5 ;
    %load/vec4 v0x56275ab3af40_0;
    %load/vec4 v0x56275ab3b110_0;
    %cmp/s;
    %flag_mov 8, 5;
    %jmp/0 T_10.12, 8;
    %pushi/vec4 1, 0, 32;
    %jmp/1 T_10.13, 8;
T_10.12 ; End of true expr.
    %pushi/vec4 0, 0, 32;
    %jmp/0 T_10.13, 8;
 ; End of false expr.
    %blend;
T_10.13;
    %store/vec4 v0x56275ab3ae80_0, 0, 32;
    %jmp T_10.11;
T_10.6 ;
    %load/vec4 v0x56275ab3b030_0;
    %load/vec4 v0x56275ab3b240_0;
    %cmp/u;
    %flag_mov 8, 5;
    %jmp/0 T_10.14, 8;
    %pushi/vec4 1, 0, 32;
    %jmp/1 T_10.15, 8;
T_10.14 ; End of true expr.
    %pushi/vec4 0, 0, 32;
    %jmp/0 T_10.15, 8;
 ; End of false expr.
    %blend;
T_10.15;
    %store/vec4 v0x56275ab3ae80_0, 0, 32;
    %jmp T_10.11;
T_10.7 ;
    %load/vec4 v0x56275ab3af40_0;
    %load/vec4 v0x56275ab3b110_0;
    %ix/vec4 4;
    %shiftl 4;
    %store/vec4 v0x56275ab3ae80_0, 0, 32;
    %jmp T_10.11;
T_10.8 ;
    %load/vec4 v0x56275ab3af40_0;
    %load/vec4 v0x56275ab3b110_0;
    %ix/vec4 4;
    %shiftr/s 4;
    %store/vec4 v0x56275ab3ae80_0, 0, 32;
    %jmp T_10.11;
T_10.9 ;
    %load/vec4 v0x56275ab3af40_0;
    %load/vec4 v0x56275ab3b110_0;
    %ix/vec4 4;
    %shiftr 4;
    %store/vec4 v0x56275ab3ae80_0, 0, 32;
    %jmp T_10.11;
T_10.11 ;
    %pop/vec4 1;
    %jmp T_10;
    .thread T_10, $push;
    .scope S_0x56275ab3b3a0;
T_11 ;
Ewait_3 .event/or E_0x56275aa67130, E_0x0;
    %wait Ewait_3;
    %load/vec4 v0x56275ab3b6b0_0;
    %dup/vec4;
    %pushi/vec4 0, 0, 3;
    %cmp/u;
    %jmp/1 T_11.0, 6;
    %dup/vec4;
    %pushi/vec4 1, 0, 3;
    %cmp/u;
    %jmp/1 T_11.1, 6;
    %dup/vec4;
    %pushi/vec4 2, 0, 3;
    %cmp/u;
    %jmp/1 T_11.2, 6;
    %dup/vec4;
    %pushi/vec4 3, 0, 3;
    %cmp/u;
    %jmp/1 T_11.3, 6;
    %dup/vec4;
    %pushi/vec4 4, 0, 3;
    %cmp/u;
    %jmp/1 T_11.4, 6;
    %dup/vec4;
    %pushi/vec4 5, 0, 3;
    %cmp/u;
    %jmp/1 T_11.5, 6;
    %pushi/vec4 0, 0, 1;
    %store/vec4 v0x56275ab3b5d0_0, 0, 1;
    %jmp T_11.7;
T_11.0 ;
    %load/vec4 v0x56275ab3b7a0_0;
    %load/vec4 v0x56275ab3b940_0;
    %cmp/e;
    %flag_get/vec4 4;
    %store/vec4 v0x56275ab3b5d0_0, 0, 1;
    %jmp T_11.7;
T_11.1 ;
    %load/vec4 v0x56275ab3b7a0_0;
    %load/vec4 v0x56275ab3b940_0;
    %cmp/ne;
    %flag_get/vec4 4;
    %store/vec4 v0x56275ab3b5d0_0, 0, 1;
    %jmp T_11.7;
T_11.2 ;
    %load/vec4 v0x56275ab3b7a0_0;
    %load/vec4 v0x56275ab3b940_0;
    %cmp/s;
    %flag_get/vec4 5;
    %store/vec4 v0x56275ab3b5d0_0, 0, 1;
    %jmp T_11.7;
T_11.3 ;
    %load/vec4 v0x56275ab3b8a0_0;
    %load/vec4 v0x56275ab3ba50_0;
    %cmp/u;
    %flag_get/vec4 5;
    %store/vec4 v0x56275ab3b5d0_0, 0, 1;
    %jmp T_11.7;
T_11.4 ;
    %load/vec4 v0x56275ab3b940_0;
    %load/vec4 v0x56275ab3b7a0_0;
    %cmp/s;
    %flag_get/vec4 4;
    %flag_get/vec4 5;
    %or;
    %store/vec4 v0x56275ab3b5d0_0, 0, 1;
    %jmp T_11.7;
T_11.5 ;
    %load/vec4 v0x56275ab3ba50_0;
    %load/vec4 v0x56275ab3b8a0_0;
    %cmp/u;
    %flag_get/vec4 4;
    %flag_get/vec4 5;
    %or;
    %store/vec4 v0x56275ab3b5d0_0, 0, 1;
    %jmp T_11.7;
T_11.7 ;
    %pop/vec4 1;
    %jmp T_11;
    .thread T_11, $push;
    .scope S_0x56275ab3a810;
T_12 ;
Ewait_4 .event/or E_0x56275aad37d0, E_0x0;
    %wait Ewait_4;
    %load/vec4 v0x56275ab3c700_0;
    %pad/u 32;
    %cmpi/e 0, 0, 32;
    %flag_mov 8, 4;
    %load/vec4 v0x56275ab3c700_0;
    %pad/u 32;
    %cmpi/e 1, 0, 32;
    %flag_or 4, 8;
    %jmp/0xz  T_12.0, 4;
    %load/vec4 v0x56275ab3c240_0;
    %store/vec4 v0x56275ab3c660_0, 0, 32;
    %load/vec4 v0x56275ab3c840_0;
    %store/vec4 v0x56275ab3c900_0, 0, 32;
    %jmp T_12.1;
T_12.0 ;
    %load/vec4 v0x56275ab3c700_0;
    %pad/u 32;
    %cmpi/e 2, 0, 32;
    %jmp/0xz  T_12.2, 4;
    %pushi/vec4 0, 0, 32;
    %store/vec4 v0x56275ab3c660_0, 0, 32;
    %load/vec4 v0x56275ab3c5c0_0;
    %flag_set/vec4 8;
    %jmp/0 T_12.4, 8;
    %load/vec4 v0x56275ab3c9e0_0;
    %load/vec4 v0x56275ab3c7a0_0;
    %add;
    %jmp/1 T_12.5, 8;
T_12.4 ; End of true expr.
    %load/vec4 v0x56275ab3c840_0;
    %jmp/0 T_12.5, 8;
 ; End of false expr.
    %blend;
T_12.5;
    %store/vec4 v0x56275ab3c900_0, 0, 32;
    %jmp T_12.3;
T_12.2 ;
    %load/vec4 v0x56275ab3c700_0;
    %pad/u 32;
    %cmpi/e 3, 0, 32;
    %jmp/0xz  T_12.6, 4;
    %load/vec4 v0x56275ab3c7a0_0;
    %store/vec4 v0x56275ab3c660_0, 0, 32;
    %load/vec4 v0x56275ab3c840_0;
    %store/vec4 v0x56275ab3c900_0, 0, 32;
    %jmp T_12.7;
T_12.6 ;
    %load/vec4 v0x56275ab3c700_0;
    %pad/u 32;
    %cmpi/e 4, 0, 32;
    %jmp/0xz  T_12.8, 4;
    %load/vec4 v0x56275ab3c9e0_0;
    %addi 4, 0, 32;
    %store/vec4 v0x56275ab3c660_0, 0, 32;
    %load/vec4 v0x56275ab3c9e0_0;
    %load/vec4 v0x56275ab3c7a0_0;
    %add;
    %store/vec4 v0x56275ab3c900_0, 0, 32;
    %jmp T_12.9;
T_12.8 ;
    %load/vec4 v0x56275ab3c700_0;
    %pad/u 32;
    %cmpi/e 5, 0, 32;
    %jmp/0xz  T_12.10, 4;
    %load/vec4 v0x56275ab3c9e0_0;
    %addi 4, 0, 32;
    %store/vec4 v0x56275ab3c660_0, 0, 32;
    %load/vec4 v0x56275ab3cac0_0;
    %load/vec4 v0x56275ab3c7a0_0;
    %add;
    %pushi/vec4 4294967294, 0, 32;
    %and;
    %store/vec4 v0x56275ab3c900_0, 0, 32;
    %jmp T_12.11;
T_12.10 ;
    %load/vec4 v0x56275ab3c700_0;
    %pad/u 32;
    %cmpi/e 7, 0, 32;
    %jmp/0xz  T_12.12, 4;
    %load/vec4 v0x56275ab3cba0_0;
    %store/vec4 v0x56275ab3c660_0, 0, 32;
    %load/vec4 v0x56275ab3c840_0;
    %store/vec4 v0x56275ab3c900_0, 0, 32;
    %jmp T_12.13;
T_12.12 ;
    %load/vec4 v0x56275ab3c700_0;
    %pad/u 32;
    %cmpi/e 8, 0, 32;
    %jmp/0xz  T_12.14, 4;
    %load/vec4 v0x56275ab3c9e0_0;
    %load/vec4 v0x56275ab3c7a0_0;
    %add;
    %store/vec4 v0x56275ab3c660_0, 0, 32;
    %load/vec4 v0x56275ab3c840_0;
    %store/vec4 v0x56275ab3c900_0, 0, 32;
    %jmp T_12.15;
T_12.14 ;
    %pushi/vec4 0, 0, 32;
    %store/vec4 v0x56275ab3c660_0, 0, 32;
T_12.15 ;
T_12.13 ;
T_12.11 ;
T_12.9 ;
T_12.7 ;
T_12.3 ;
T_12.1 ;
    %jmp T_12;
    .thread T_12, $push;
    .scope S_0x56275ab38610;
T_13 ;
    %pushi/vec4 0, 0, 32;
    %store/vec4 v0x56275aaf3190_0, 0, 32;
T_13.0 ;
    %load/vec4 v0x56275aaf3190_0;
    %cmpi/s 4096, 0, 32;
    %jmp/0xz T_13.1, 5;
    %pushi/vec4 0, 0, 32;
    %ix/getv/s 4, v0x56275aaf3190_0;
    %store/vec4a v0x56275ab38ae0, 4, 0;
    %load/vec4 v0x56275aaf3190_0;
    %addi 1, 0, 32;
    %store/vec4 v0x56275aaf3190_0, 0, 32;
    %jmp T_13.0;
T_13.1 ;
    %end;
    .thread T_13;
    .scope S_0x56275ab38850;
T_14 ;
    %pushi/vec4 0, 0, 32;
    %store/vec4 v0x56275ab15620_0, 0, 32;
    %end;
    .thread T_14, $init;
    .scope S_0x56275ab38850;
T_15 ;
    %wait E_0x56275aad3320;
    %load/vec4 v0x56275ab391e0_0;
    %flag_set/vec4 8;
    %jmp/0xz  T_15.0, 8;
    %pushi/vec4 0, 0, 32;
    %assign/vec4 v0x56275ab15620_0, 0;
    %jmp T_15.1;
T_15.0 ;
    %load/vec4 v0x56275ab39120_0;
    %flag_set/vec4 8;
    %jmp/0xz  T_15.2, 8;
    %load/vec4 v0x56275ab39040_0;
    %assign/vec4 v0x56275ab15620_0, 0;
T_15.2 ;
T_15.1 ;
    %jmp T_15;
    .thread T_15;
    .scope S_0x56275ab37f10;
T_16 ;
    %pushi/vec4 0, 0, 32;
    %store/vec4 v0x56275ab39040_0, 0, 32;
    %end;
    .thread T_16, $init;
    .scope S_0x56275ab37f10;
T_17 ;
    %wait E_0x56275aad3320;
    %load/vec4 v0x56275ab38f80_0;
    %flag_set/vec4 8;
    %jmp/0xz  T_17.0, 8;
    %load/vec4 v0x56275ab392a0_0;
    %flag_set/vec4 8;
    %jmp/0xz  T_17.2, 8;
    %load/vec4 v0x56275ab38d70_0;
    %load/vec4 v0x56275ab38bc0_0;
    %pad/u 14;
    %ix/vec4 3;
    %ix/load 4, 0, 0; Constant delay
    %assign/vec4/a/d v0x56275ab38ae0, 0, 4;
T_17.2 ;
    %load/vec4 v0x56275ab38bc0_0;
    %pad/u 14;
    %ix/vec4 4;
    %load/vec4a v0x56275ab38ae0, 4;
    %assign/vec4 v0x56275ab39040_0, 0;
T_17.0 ;
    %jmp T_17;
    .thread T_17;
    .scope S_0x56275ab37ce0;
T_18 ;
    %wait E_0x56275aad3320;
    %load/vec4 v0x56275ab42b20_0;
    %flag_set/vec4 8;
    %jmp/0xz  T_18.0, 8;
    %pushi/vec4 0, 0, 32;
    %assign/vec4 v0x56275ab42650_0, 0;
    %pushi/vec4 0, 0, 32;
    %assign/vec4 v0x56275ab42000_0, 0;
    %pushi/vec4 0, 0, 3;
    %assign/vec4 v0x56275ab42160_0, 0;
    %jmp T_18.1;
T_18.0 ;
    %load/vec4 v0x56275ab42160_0;
    %pad/u 32;
    %cmpi/u 4, 0, 32;
    %jmp/0xz  T_18.2, 5;
    %load/vec4 v0x56275ab42160_0;
    %addi 1, 0, 3;
    %assign/vec4 v0x56275ab42160_0, 0;
    %load/vec4 v0x56275ab42160_0;
    %pad/u 32;
    %cmpi/e 4, 0, 32;
    %jmp/0xz  T_18.4, 4;
    %pushi/vec4 0, 0, 32;
    %assign/vec4 v0x56275ab42650_0, 0;
    %jmp T_18.5;
T_18.4 ;
    %load/vec4 v0x56275ab42650_0;
    %addi 4, 0, 32;
    %assign/vec4 v0x56275ab42650_0, 0;
T_18.5 ;
    %jmp T_18.3;
T_18.2 ;
    %load/vec4 v0x56275ab424c0_0;
    %assign/vec4 v0x56275ab42650_0, 0;
    %load/vec4 v0x56275ab420c0_0;
    %assign/vec4 v0x56275ab42000_0, 0;
T_18.3 ;
T_18.1 ;
    %jmp T_18;
    .thread T_18;
    .scope S_0x56275ab172c0;
T_19 ;
    %delay 5000, 0;
    %load/vec4 v0x56275ab432b0_0;
    %nor/r;
    %store/vec4 v0x56275ab432b0_0, 0, 1;
    %jmp T_19;
    .thread T_19;
    .scope S_0x56275ab172c0;
T_20 ;
    %vpi_call/w 3 28 "$dumpfile", "processor.vcd" {0 0 0};
    %vpi_call/w 3 29 "$dumpvars", 32'sb00000000000000000000000000000000, S_0x56275ab172c0 {0 0 0};
    %vpi_call/w 3 30 "$display", "Starting Sim" {0 0 0};
    %pushi/vec4 1, 0, 1;
    %store/vec4 v0x56275ab432b0_0, 0, 1;
    %pushi/vec4 0, 0, 1;
    %store/vec4 v0x56275ab43630_0, 0, 1;
    %delay 10000, 0;
    %pushi/vec4 1, 0, 1;
    %store/vec4 v0x56275ab43630_0, 0, 1;
    %delay 10000, 0;
    %pushi/vec4 0, 0, 1;
    %store/vec4 v0x56275ab43630_0, 0, 1;
    %fork t_3, S_0x56275aaf2920;
    %jmp t_2;
    .scope S_0x56275aaf2920;
t_3 ;
    %pushi/vec4 0, 0, 32;
    %store/vec4 v0x56275aa922b0_0, 0, 32;
T_20.0 ;
    %load/vec4 v0x56275aa922b0_0;
    %cmpi/s 128, 0, 32;
    %jmp/0xz T_20.1, 5;
    %pushi/vec4 1410451, 0, 32;
    %store/vec4 v0x56275ab43450_0, 0, 32;
    %delay 10000, 0;
    %load/vec4 v0x56275aa922b0_0;
    %addi 1, 0, 32;
    %cast2;
    %store/vec4 v0x56275aa922b0_0, 0, 32;
    %jmp T_20.0;
T_20.1 ;
    %end;
    .scope S_0x56275ab172c0;
t_2 %join;
    %pushi/vec4 329107, 0, 32;
    %store/vec4 v0x56275ab43450_0, 0, 32;
    %delay 10000, 0;
    %fork t_5, S_0x56275ab37af0;
    %jmp t_4;
    .scope S_0x56275ab37af0;
t_5 ;
    %pushi/vec4 0, 0, 32;
    %store/vec4 v0x56275aa92150_0, 0, 32;
T_20.2 ;
    %load/vec4 v0x56275aa92150_0;
    %cmpi/s 128, 0, 32;
    %jmp/0xz T_20.3, 5;
    %pushi/vec4 1048595, 0, 32;
    %store/vec4 v0x56275ab43450_0, 0, 32;
    %delay 10000, 0;
    %load/vec4 v0x56275aa92150_0;
    %addi 1, 0, 32;
    %cast2;
    %store/vec4 v0x56275aa92150_0, 0, 32;
    %jmp T_20.2;
T_20.3 ;
    %end;
    .scope S_0x56275ab172c0;
t_4 %join;
    %vpi_call/w 3 64 "$display", "Simulation finished" {0 0 0};
    %vpi_call/w 3 65 "$finish" {0 0 0};
    %end;
    .thread T_20;
# The file index is used to find the file name in the following table.
:file_names 11;
    "N/A";
    "<interactive>";
    "-";
    "sim/processor1_tb.sv";
    "hdl/processor.sv";
    "hdl/xilinx_single_port_ram_read_first.v";
    "hdl/decode.sv";
    "hdl/execute.sv";
    "hdl/alu.sv";
    "hdl/branch_alu.sv";
    "hdl/register_file.sv";
