#! /usr/bin/vvp
:ivl_version "11.0 (stable)";
:ivl_delay_selection "TYPICAL";
:vpi_time_precision - 12;
:vpi_module "/usr/lib/x86_64-linux-gnu/ivl/system.vpi";
:vpi_module "/usr/lib/x86_64-linux-gnu/ivl/vhdl_sys.vpi";
:vpi_module "/usr/lib/x86_64-linux-gnu/ivl/vhdl_textio.vpi";
:vpi_module "/usr/lib/x86_64-linux-gnu/ivl/v2005_math.vpi";
:vpi_module "/usr/lib/x86_64-linux-gnu/ivl/va_math.vpi";
:vpi_module "/usr/lib/x86_64-linux-gnu/ivl/v2009.vpi";
S_0x559b49557cf0 .scope package, "$unit" "$unit" 2 1;
 .timescale 0 0;
enum0x559b494834e0 .enum2/s (32)
   "OP" 0,
   "OPIMM" 1,
   "BRANCH" 2,
   "LUI" 3,
   "JAL" 4,
   "JALR" 5,
   "LOAD" 6,
   "STORE" 7,
   "AUIPC" 8
 ;
enum0x559b494a6c50 .enum2/s (32)
   "Add" 0,
   "Sub" 1,
   "And" 2,
   "Or" 3,
   "Xor" 4,
   "Slt" 5,
   "Sltu" 6,
   "Sll" 7,
   "Srl" 8,
   "Sra" 9
 ;
enum0x559b494b9c60 .enum2/s (32)
   "Eq" 0,
   "Neq" 1,
   "Lt" 2,
   "Ltu" 3,
   "Ge" 4,
   "Geu" 5,
   "Dbr" 6
 ;
S_0x559b495564e0 .scope module, "processor_tb" "processor_tb" 3 4;
 .timescale -9 -12;
v0x559b4957caa0_0 .net "addr_out", 31 0, L_0x559b4958f510;  1 drivers
v0x559b4957cbb0_0 .var "clk_in", 0 0;
v0x559b4957cc50_0 .net/s "data_out", 31 0, L_0x559b4958f450;  1 drivers
v0x559b4957cd50_0 .var "instruction", 31 0;
v0x559b4957cdf0_0 .net "nextPc_out", 31 0, L_0x559b4958f580;  1 drivers
v0x559b4957cf00_0 .var "rst_in", 0 0;
S_0x559b4952d9f0 .scope begin, "$ivl_for_loop0" "$ivl_for_loop0" 3 38, 3 38 0, S_0x559b495564e0;
 .timescale -9 -12;
v0x559b494cf160_0 .var/2s "i", 31 0;
S_0x559b495526b0 .scope begin, "$ivl_for_loop1" "$ivl_for_loop1" 3 57, 3 57 0, S_0x559b495564e0;
 .timescale -9 -12;
v0x559b494cf000_0 .var/2s "i", 31 0;
S_0x559b49556110 .scope module, "uut" "processor" 3 13, 4 11 0, S_0x559b495564e0;
 .timescale -9 -12;
    .port_info 0 /INPUT 1 "clk_100mhz";
    .port_info 1 /INPUT 1 "rst_in";
    .port_info 2 /OUTPUT 32 "data_out";
    .port_info 3 /OUTPUT 32 "addr_out";
    .port_info 4 /OUTPUT 32 "nextPc_out";
    .port_info 5 /OUTPUT 32 "registers_out";
P_0x559b494da2f0 .param/l "COUNTER_SIZE" 1 4 21, +C4<00000000000000000000000000000011>;
P_0x559b494da330 .param/l "INSTRUCTION_LOAD_PERIOD" 0 4 20, +C4<00000000000000000000000000000101>;
L_0x559b4958e930 .functor BUFZ 5, v0x559b49574250_0, C4<00000>, C4<00000>, C4<00000>;
L_0x559b4958eae0 .functor AND 1, L_0x559b4958eba0, L_0x559b4958ee50, C4<1>, C4<1>;
L_0x559b4958f2f0 .functor AND 1, L_0x559b4958eae0, L_0x559b4958f1b0, C4<1>, C4<1>;
L_0x559b4958f450 .functor BUFZ 32, v0x559b49576620_0, C4<00000000000000000000000000000000>, C4<00000000000000000000000000000000>, C4<00000000000000000000000000000000>;
L_0x559b4958f510 .functor BUFZ 32, L_0x559b4958dbd0, C4<00000000000000000000000000000000>, C4<00000000000000000000000000000000>, C4<00000000000000000000000000000000>;
L_0x559b4958f580 .functor BUFZ 32, v0x559b495768c0_0, C4<00000000000000000000000000000000>, C4<00000000000000000000000000000000>, C4<00000000000000000000000000000000>;
v0x559b49579c40_0 .net *"_ivl_14", 31 0, L_0x559b4958df70;  1 drivers
L_0x7f2dcb1861c8 .functor BUFT 1, C4<0000000000000000000000000000>, C4<0>, C4<0>, C4<0>;
v0x559b49579d40_0 .net *"_ivl_17", 27 0, L_0x7f2dcb1861c8;  1 drivers
L_0x7f2dcb186210 .functor BUFT 1, C4<00000000000000000000000000000111>, C4<0>, C4<0>, C4<0>;
v0x559b49579e20_0 .net/2u *"_ivl_18", 31 0, L_0x7f2dcb186210;  1 drivers
v0x559b49579ee0_0 .net *"_ivl_20", 0 0, L_0x559b4958e0a0;  1 drivers
L_0x7f2dcb186258 .functor BUFT 1, C4<01>, C4<0>, C4<0>, C4<0>;
v0x559b49579fa0_0 .net/2s *"_ivl_22", 1 0, L_0x7f2dcb186258;  1 drivers
L_0x7f2dcb1862a0 .functor BUFT 1, C4<00>, C4<0>, C4<0>, C4<0>;
v0x559b4957a080_0 .net/2s *"_ivl_24", 1 0, L_0x7f2dcb1862a0;  1 drivers
v0x559b4957a160_0 .net *"_ivl_26", 1 0, L_0x559b4958e290;  1 drivers
v0x559b4957a240_0 .net *"_ivl_34", 31 0, L_0x559b4958e5b0;  1 drivers
L_0x7f2dcb186378 .functor BUFT 1, C4<0000000000000000000000000000>, C4<0>, C4<0>, C4<0>;
v0x559b4957a320_0 .net *"_ivl_37", 27 0, L_0x7f2dcb186378;  1 drivers
L_0x7f2dcb1863c0 .functor BUFT 1, C4<00000000000000000000000000000110>, C4<0>, C4<0>, C4<0>;
v0x559b4957a490_0 .net/2u *"_ivl_38", 31 0, L_0x7f2dcb1863c0;  1 drivers
v0x559b4957a570_0 .net *"_ivl_40", 0 0, L_0x559b4958e6a0;  1 drivers
v0x559b4957a630_0 .net *"_ivl_46", 31 0, L_0x559b4958ea40;  1 drivers
L_0x7f2dcb186408 .functor BUFT 1, C4<0000000000000000000000000000>, C4<0>, C4<0>, C4<0>;
v0x559b4957a710_0 .net *"_ivl_49", 27 0, L_0x7f2dcb186408;  1 drivers
L_0x7f2dcb186450 .functor BUFT 1, C4<00000000000000000000000000000010>, C4<0>, C4<0>, C4<0>;
v0x559b4957a7f0_0 .net/2u *"_ivl_50", 31 0, L_0x7f2dcb186450;  1 drivers
v0x559b4957a8d0_0 .net *"_ivl_52", 0 0, L_0x559b4958eba0;  1 drivers
v0x559b4957a990_0 .net *"_ivl_54", 31 0, L_0x559b4958ece0;  1 drivers
L_0x7f2dcb186498 .functor BUFT 1, C4<0000000000000000000000000000>, C4<0>, C4<0>, C4<0>;
v0x559b4957aa70_0 .net *"_ivl_57", 27 0, L_0x7f2dcb186498;  1 drivers
L_0x7f2dcb1864e0 .functor BUFT 1, C4<00000000000000000000000000000111>, C4<0>, C4<0>, C4<0>;
v0x559b4957ac60_0 .net/2u *"_ivl_58", 31 0, L_0x7f2dcb1864e0;  1 drivers
v0x559b4957ad40_0 .net *"_ivl_60", 0 0, L_0x559b4958ee50;  1 drivers
v0x559b4957ae00_0 .net *"_ivl_63", 0 0, L_0x559b4958eae0;  1 drivers
v0x559b4957aec0_0 .net *"_ivl_64", 31 0, L_0x559b4958f030;  1 drivers
L_0x7f2dcb186528 .functor BUFT 1, C4<000000000000000000000000000>, C4<0>, C4<0>, C4<0>;
v0x559b4957afa0_0 .net *"_ivl_67", 26 0, L_0x7f2dcb186528;  1 drivers
L_0x7f2dcb186570 .functor BUFT 1, C4<00000000000000000000000000000000>, C4<0>, C4<0>, C4<0>;
v0x559b4957b080_0 .net/2u *"_ivl_68", 31 0, L_0x7f2dcb186570;  1 drivers
v0x559b4957b160_0 .net *"_ivl_70", 0 0, L_0x559b4958f1b0;  1 drivers
v0x559b4957b220_0 .net "addr", 31 0, L_0x559b4958dbd0;  1 drivers
v0x559b4957b2e0_0 .net "addr_out", 31 0, L_0x559b4958f510;  alias, 1 drivers
v0x559b4957b3a0_0 .net "aluFunc", 3 0, v0x559b495737b0_0;  1 drivers
v0x559b4957b460_0 .net "brFunc", 2 0, v0x559b495738b0_0;  1 drivers
v0x559b4957b520_0 .net "clk_100mhz", 0 0, v0x559b4957cbb0_0;  1 drivers
v0x559b4957b5c0_0 .net/s "data_out", 31 0, L_0x559b4958f450;  alias, 1 drivers
v0x559b4957b6a0_0 .net "effective_mem_addr", 11 0, L_0x559b4958dea0;  1 drivers
v0x559b4957b790_0 .net "effective_pc", 11 0, L_0x559b4957d030;  1 drivers
v0x559b4957b850_0 .net "iType", 3 0, v0x559b49573c30_0;  1 drivers
v0x559b4957b910_0 .net/s "imm", 31 0, v0x559b49573df0_0;  1 drivers
v0x559b4957b9d0_0 .var "inst", 31 0;
v0x559b4957ba90_0 .net "inst_fetched", 31 0, L_0x559b4951b8b0;  1 drivers
v0x559b4957bb30_0 .net "mem_addr", 31 0, L_0x559b4958de00;  1 drivers
v0x559b4957bbf0_0 .net/s "mem_output", 31 0, v0x559b49550a10_0;  1 drivers
v0x559b4957bce0_0 .net "nextPc", 31 0, v0x559b495768c0_0;  1 drivers
v0x559b4957bdb0_0 .net "nextPc_out", 31 0, L_0x559b4958f580;  alias, 1 drivers
v0x559b4957be70_0 .var "pc", 31 0;
v0x559b4957bf60_0 .net "rd", 4 0, v0x559b49574250_0;  1 drivers
v0x559b4957c030_0 .var "registers_out", 31 0;
v0x559b4957c0f0_0 .net/s "result", 31 0, v0x559b49576620_0;  1 drivers
v0x559b4957c200_0 .net/s "rs1", 4 0, v0x559b49574410_0;  1 drivers
v0x559b4957c310_0 .net/s "rs2", 4 0, v0x559b495745d0_0;  1 drivers
v0x559b4957c420_0 .net "rst_in", 0 0, v0x559b4957cf00_0;  1 drivers
v0x559b4957c4c0_0 .net/s "rval1", 31 0, v0x559b49578e40_0;  1 drivers
v0x559b4957c5d0_0 .net/s "rval2", 31 0, v0x559b49578f00_0;  1 drivers
v0x559b4957c6e0_0 .net "wa", 4 0, L_0x559b4958e930;  1 drivers
v0x559b4957c7a0_0 .net/s "wd", 31 0, L_0x559b4958e840;  1 drivers
v0x559b4957c840_0 .net "we", 0 0, L_0x559b4958f2f0;  1 drivers
L_0x7f2dcb186018 .functor BUFT 1, C4<0>, C4<0>, C4<0>, C4<0>;
v0x559b4957c8e0_0 .net "wea_inst", 0 0, L_0x7f2dcb186018;  1 drivers
v0x559b4957c980_0 .net "writing", 0 0, L_0x559b4958e3d0;  1 drivers
L_0x559b4957d030 .part v0x559b4957be70_0, 2, 12;
L_0x559b4957d190 .part L_0x559b4957d030, 0, 7;
L_0x559b4958de00 .arith/sum 32, v0x559b49578e40_0, v0x559b49573df0_0;
L_0x559b4958dea0 .part L_0x559b4958de00, 2, 12;
L_0x559b4958df70 .concat [ 4 28 0 0], v0x559b49573c30_0, L_0x7f2dcb1861c8;
L_0x559b4958e0a0 .cmp/eq 32, L_0x559b4958df70, L_0x7f2dcb186210;
L_0x559b4958e290 .functor MUXZ 2, L_0x7f2dcb1862a0, L_0x7f2dcb186258, L_0x559b4958e0a0, C4<>;
L_0x559b4958e3d0 .part L_0x559b4958e290, 0, 1;
L_0x559b4958e5b0 .concat [ 4 28 0 0], v0x559b49573c30_0, L_0x7f2dcb186378;
L_0x559b4958e6a0 .cmp/eq 32, L_0x559b4958e5b0, L_0x7f2dcb1863c0;
L_0x559b4958e840 .functor MUXZ 32, v0x559b49576620_0, v0x559b49550a10_0, L_0x559b4958e6a0, C4<>;
L_0x559b4958ea40 .concat [ 4 28 0 0], v0x559b49573c30_0, L_0x7f2dcb186408;
L_0x559b4958eba0 .cmp/ne 32, L_0x559b4958ea40, L_0x7f2dcb186450;
L_0x559b4958ece0 .concat [ 4 28 0 0], v0x559b49573c30_0, L_0x7f2dcb186498;
L_0x559b4958ee50 .cmp/ne 32, L_0x559b4958ece0, L_0x7f2dcb1864e0;
L_0x559b4958f030 .concat [ 5 27 0 0], v0x559b49574250_0, L_0x7f2dcb186528;
L_0x559b4958f1b0 .cmp/ne 32, L_0x559b4958f030, L_0x7f2dcb186570;
S_0x559b49571ed0 .scope module, "data_mem" "xilinx_single_port_ram_read_first" 4 136, 5 10 0, S_0x559b49556110;
 .timescale -9 -12;
    .port_info 0 /INPUT 12 "addra";
    .port_info 1 /INPUT 32 "dina";
    .port_info 2 /INPUT 1 "clka";
    .port_info 3 /INPUT 1 "wea";
    .port_info 4 /INPUT 1 "ena";
    .port_info 5 /INPUT 1 "rsta";
    .port_info 6 /INPUT 1 "regcea";
    .port_info 7 /OUTPUT 32 "douta";
P_0x559b495578b0 .param/str "INIT_FILE" 0 5 14, "\000";
P_0x559b495578f0 .param/l "RAM_DEPTH" 0 5 12, +C4<00000000000000000001000000000000>;
P_0x559b49557930 .param/str "RAM_PERFORMANCE" 0 5 13, "HIGH_PERFORMANCE";
P_0x559b49557970 .param/l "RAM_WIDTH" 0 5 11, +C4<00000000000000000000000000100000>;
v0x559b49572aa0 .array "BRAM", 0 4095, 31 0;
v0x559b49572b80_0 .net "addra", 11 0, L_0x559b4958dea0;  alias, 1 drivers
v0x559b49572c60_0 .net "clka", 0 0, v0x559b4957cbb0_0;  alias, 1 drivers
v0x559b49572d30_0 .net "dina", 31 0, v0x559b49576620_0;  alias, 1 drivers
v0x559b49572e10_0 .net "douta", 31 0, v0x559b49550a10_0;  alias, 1 drivers
L_0x7f2dcb1862e8 .functor BUFT 1, C4<1>, C4<0>, C4<0>, C4<0>;
v0x559b49572f40_0 .net "ena", 0 0, L_0x7f2dcb1862e8;  1 drivers
v0x559b49573000_0 .var "ram_data", 31 0;
L_0x7f2dcb186330 .functor BUFT 1, C4<1>, C4<0>, C4<0>, C4<0>;
v0x559b495730e0_0 .net "regcea", 0 0, L_0x7f2dcb186330;  1 drivers
v0x559b495731a0_0 .net "rsta", 0 0, v0x559b4957cf00_0;  alias, 1 drivers
v0x559b49573260_0 .net "wea", 0 0, L_0x559b4958e3d0;  alias, 1 drivers
S_0x559b49572330 .scope function.vec4.u32, "clogb2" "clogb2" 5 74, 5 74 0, S_0x559b49571ed0;
 .timescale -9 -12;
; Variable clogb2 is vec4 return value of scope S_0x559b49572330
v0x559b4952ed10_0 .var/i "depth", 31 0;
TD_processor_tb.uut.data_mem.clogb2 ;
    %pushi/vec4 0, 0, 32;
    %ret/vec4 0, 0, 32;  Assign to clogb2 (store_vec4_to_lval)
T_0.0 ;
    %load/vec4 v0x559b4952ed10_0;
    %cmpi/s 0, 0, 32;
    %flag_or 5, 4; GT is !LE
    %flag_inv 5;
    %jmp/0xz T_0.1, 5;
    %load/vec4 v0x559b4952ed10_0;
    %ix/load 4, 1, 0;
    %flag_set/imm 4, 0;
    %shiftr 4;
    %store/vec4 v0x559b4952ed10_0, 0, 32;
    %retload/vec4 0; Load clogb2 (draw_signal_vec4)
    %addi 1, 0, 32;
    %ret/vec4 0, 0, 32;  Assign to clogb2 (store_vec4_to_lval)
    %jmp T_0.0;
T_0.1 ;
    %end;
S_0x559b495725d0 .scope generate, "init_bram_to_zero" "init_bram_to_zero" 5 31, 5 31 0, S_0x559b49571ed0;
 .timescale -9 -12;
v0x559b4952e260_0 .var/i "ram_index", 31 0;
S_0x559b49572810 .scope generate, "output_register" "output_register" 5 51, 5 51 0, S_0x559b49571ed0;
 .timescale -9 -12;
v0x559b49550a10_0 .var "douta_reg", 31 0;
E_0x559b495101d0 .event posedge, v0x559b49572c60_0;
S_0x559b49573420 .scope module, "decoder" "decode" 4 73, 6 4 0, S_0x559b49556110;
 .timescale -9 -12;
    .port_info 0 /INPUT 1 "clk_in";
    .port_info 1 /INPUT 32 "instruction_in";
    .port_info 2 /OUTPUT 4 "iType_out";
    .port_info 3 /OUTPUT 4 "aluFunc_out";
    .port_info 4 /OUTPUT 3 "brFunc_out";
    .port_info 5 /OUTPUT 32 "imm_out";
    .port_info 6 /OUTPUT 5 "rs1_out";
    .port_info 7 /OUTPUT 5 "rs2_out";
    .port_info 8 /OUTPUT 5 "rd_out";
enum0x559b49516730 .enum2/s (32)
   "R" 0,
   "I" 1,
   "S" 2,
   "B" 3,
   "U" 4,
   "J" 5
 ;
v0x559b495737b0_0 .var "aluFunc_out", 3 0;
v0x559b495738b0_0 .var "brFunc_out", 2 0;
v0x559b49573990_0 .net "clk_in", 0 0, v0x559b4957cbb0_0;  alias, 1 drivers
v0x559b49573a60_0 .var "funct3", 2 0;
v0x559b49573b00_0 .var "funct7", 6 0;
v0x559b49573c30_0 .var "iType_out", 3 0;
v0x559b49573d10_0 .var "imm", 31 0;
v0x559b49573df0_0 .var/s "imm_out", 31 0;
v0x559b49573ed0_0 .var/2s "inst_type", 31 0;
v0x559b49573fb0_0 .net "instruction_in", 31 0, v0x559b4957b9d0_0;  1 drivers
v0x559b49574090_0 .net "opcode", 6 0, L_0x559b4957d2e0;  1 drivers
v0x559b49574170_0 .var "rd", 4 0;
v0x559b49574250_0 .var "rd_out", 4 0;
v0x559b49574330_0 .var "rs1", 4 0;
v0x559b49574410_0 .var/s "rs1_out", 4 0;
v0x559b495744f0_0 .var "rs2", 4 0;
v0x559b495745d0_0 .var/s "rs2_out", 4 0;
E_0x559b49511270/0 .event edge, v0x559b49574090_0, v0x559b49573fb0_0, v0x559b49573fb0_0, v0x559b49573fb0_0;
E_0x559b49511270/1 .event edge, v0x559b49573fb0_0, v0x559b49573fb0_0, v0x559b49573fb0_0, v0x559b49573fb0_0;
E_0x559b49511270/2 .event edge, v0x559b49573fb0_0, v0x559b49573fb0_0, v0x559b49573fb0_0, v0x559b49573fb0_0;
E_0x559b49511270/3 .event edge, v0x559b49573fb0_0, v0x559b49573fb0_0, v0x559b49573fb0_0, v0x559b49573d10_0;
E_0x559b49511270 .event/or E_0x559b49511270/0, E_0x559b49511270/1, E_0x559b49511270/2, E_0x559b49511270/3;
L_0x559b4957d2e0 .part v0x559b4957b9d0_0, 0, 7;
S_0x559b495747d0 .scope module, "execute_module" "execute" 4 108, 7 4 0, S_0x559b49556110;
 .timescale -9 -12;
    .port_info 0 /INPUT 4 "iType_in";
    .port_info 1 /INPUT 4 "aluFunc_in";
    .port_info 2 /INPUT 3 "brFunc_in";
    .port_info 3 /INPUT 32 "imm_in";
    .port_info 4 /INPUT 32 "pc_in";
    .port_info 5 /INPUT 32 "rval1_in";
    .port_info 6 /INPUT 32 "rval2_in";
    .port_info 7 /OUTPUT 32 "data_out";
    .port_info 8 /OUTPUT 32 "addr_out";
    .port_info 9 /OUTPUT 32 "nextPc_out";
L_0x559b4951a4e0 .functor BUFZ 32, v0x559b49578e40_0, C4<00000000000000000000000000000000>, C4<00000000000000000000000000000000>, C4<00000000000000000000000000000000>;
L_0x7f2dcb1860f0 .functor BUFT 1, C4<00000000000000000000000000000100>, C4<0>, C4<0>, C4<0>;
v0x559b49575b80_0 .net/2u *"_ivl_0", 31 0, L_0x7f2dcb1860f0;  1 drivers
L_0x7f2dcb186180 .functor BUFT 1, C4<00000000000000000000000000000001>, C4<0>, C4<0>, C4<0>;
v0x559b49575c80_0 .net/2u *"_ivl_10", 31 0, L_0x7f2dcb186180;  1 drivers
v0x559b49575d60_0 .net *"_ivl_12", 0 0, L_0x559b4958d6d0;  1 drivers
v0x559b49575e00_0 .net *"_ivl_6", 31 0, L_0x559b4958d560;  1 drivers
L_0x7f2dcb186138 .functor BUFT 1, C4<0000000000000000000000000000>, C4<0>, C4<0>, C4<0>;
v0x559b49575ee0_0 .net *"_ivl_9", 27 0, L_0x7f2dcb186138;  1 drivers
v0x559b49576010_0 .net "addr_out", 31 0, L_0x559b4958dbd0;  alias, 1 drivers
v0x559b495760f0_0 .net "aluFunc_in", 3 0, v0x559b495737b0_0;  alias, 1 drivers
v0x559b49576200_0 .net/s "alu_result", 31 0, v0x559b49574e40_0;  1 drivers
v0x559b495762c0_0 .net/s "alu_rval1", 31 0, L_0x559b4951a4e0;  1 drivers
v0x559b49576360_0 .net/s "alu_rval2", 31 0, L_0x559b4958d810;  1 drivers
v0x559b49576470_0 .net "brFunc_in", 2 0, v0x559b495738b0_0;  alias, 1 drivers
v0x559b49576580_0 .net "branch_res", 0 0, v0x559b49575590_0;  1 drivers
v0x559b49576620_0 .var/s "data_out", 31 0;
v0x559b495766c0_0 .net "iType_in", 3 0, v0x559b49573c30_0;  alias, 1 drivers
v0x559b49576760_0 .net/s "imm_in", 31 0, v0x559b49573df0_0;  alias, 1 drivers
v0x559b49576800_0 .net "nextPc_default", 31 0, L_0x559b4958d440;  1 drivers
v0x559b495768c0_0 .var "nextPc_out", 31 0;
v0x559b495769a0_0 .net "pc_in", 31 0, v0x559b4957be70_0;  1 drivers
v0x559b49576a80_0 .net/s "rval1_in", 31 0, v0x559b49578e40_0;  alias, 1 drivers
v0x559b49576b60_0 .net/s "rval2_in", 31 0, v0x559b49578f00_0;  alias, 1 drivers
E_0x559b49510680/0 .event edge, v0x559b49573c30_0, v0x559b49574e40_0, v0x559b49576800_0, v0x559b49575590_0;
E_0x559b49510680/1 .event edge, v0x559b495769a0_0, v0x559b49573df0_0, v0x559b49576a80_0, v0x559b49576b60_0;
E_0x559b49510680 .event/or E_0x559b49510680/0, E_0x559b49510680/1;
L_0x559b4958d440 .arith/sum 32, v0x559b4957be70_0, L_0x7f2dcb1860f0;
L_0x559b4958d560 .concat [ 4 28 0 0], v0x559b49573c30_0, L_0x7f2dcb186138;
L_0x559b4958d6d0 .cmp/eq 32, L_0x559b4958d560, L_0x7f2dcb186180;
L_0x559b4958d810 .functor MUXZ 32, v0x559b49578f00_0, v0x559b49573df0_0, L_0x559b4958d6d0, C4<>;
L_0x559b4958dbd0 .arith/sum 32, v0x559b49578e40_0, v0x559b49573df0_0;
S_0x559b49574ab0 .scope module, "my_alu" "alu" 7 54, 8 6 0, S_0x559b495747d0;
 .timescale -9 -12;
    .port_info 0 /INPUT 32 "rval1_in";
    .port_info 1 /INPUT 32 "rval2_in";
    .port_info 2 /INPUT 4 "aluFunc_in";
    .port_info 3 /OUTPUT 32 "data_out";
L_0x559b495508f0 .functor BUFZ 32, L_0x559b4951a4e0, C4<00000000000000000000000000000000>, C4<00000000000000000000000000000000>, C4<00000000000000000000000000000000>;
L_0x559b4958d9c0 .functor BUFZ 32, L_0x559b4958d810, C4<00000000000000000000000000000000>, C4<00000000000000000000000000000000>, C4<00000000000000000000000000000000>;
v0x559b49574d30_0 .net "aluFunc_in", 3 0, v0x559b495737b0_0;  alias, 1 drivers
v0x559b49574e40_0 .var/s "data_out", 31 0;
v0x559b49574f00_0 .net/s "rval1_in", 31 0, L_0x559b4951a4e0;  alias, 1 drivers
v0x559b49574ff0_0 .net "rval1_u", 31 0, L_0x559b495508f0;  1 drivers
v0x559b495750d0_0 .net/s "rval2_in", 31 0, L_0x559b4958d810;  alias, 1 drivers
v0x559b49575200_0 .net "rval2_u", 31 0, L_0x559b4958d9c0;  1 drivers
E_0x559b49511410/0 .event edge, v0x559b495737b0_0, v0x559b49574f00_0, v0x559b495750d0_0, v0x559b49574ff0_0;
E_0x559b49511410/1 .event edge, v0x559b49575200_0;
E_0x559b49511410 .event/or E_0x559b49511410/0, E_0x559b49511410/1;
S_0x559b49575360 .scope module, "my_branchAlu" "branchAlu" 7 61, 9 8 0, S_0x559b495747d0;
 .timescale -9 -12;
    .port_info 0 /INPUT 32 "rval1_in";
    .port_info 1 /INPUT 32 "rval2_in";
    .port_info 2 /INPUT 3 "brFunc_in";
    .port_info 3 /OUTPUT 1 "bool_out";
L_0x559b4958dac0 .functor BUFZ 32, L_0x559b4951a4e0, C4<00000000000000000000000000000000>, C4<00000000000000000000000000000000>, C4<00000000000000000000000000000000>;
L_0x559b4958db30 .functor BUFZ 32, L_0x559b4958d810, C4<00000000000000000000000000000000>, C4<00000000000000000000000000000000>, C4<00000000000000000000000000000000>;
v0x559b49575590_0 .var "bool_out", 0 0;
v0x559b49575670_0 .net "brFunc_in", 2 0, v0x559b495738b0_0;  alias, 1 drivers
v0x559b49575760_0 .net/s "rval1_in", 31 0, L_0x559b4951a4e0;  alias, 1 drivers
v0x559b49575860_0 .net "rval1_u", 31 0, L_0x559b4958dac0;  1 drivers
v0x559b49575900_0 .net/s "rval2_in", 31 0, L_0x559b4958d810;  alias, 1 drivers
v0x559b49575a10_0 .net "rval2_u", 31 0, L_0x559b4958db30;  1 drivers
E_0x559b494a6130/0 .event edge, v0x559b495738b0_0, v0x559b49574f00_0, v0x559b495750d0_0, v0x559b49575860_0;
E_0x559b494a6130/1 .event edge, v0x559b49575a10_0;
E_0x559b494a6130 .event/or E_0x559b494a6130/0, E_0x559b494a6130/1;
S_0x559b49576de0 .scope module, "inst_mem" "xilinx_single_port_ram_read_first" 4 40, 5 10 0, S_0x559b49556110;
 .timescale -9 -12;
    .port_info 0 /INPUT 7 "addra";
    .port_info 1 /INPUT 32 "dina";
    .port_info 2 /INPUT 1 "clka";
    .port_info 3 /INPUT 1 "wea";
    .port_info 4 /INPUT 1 "ena";
    .port_info 5 /INPUT 1 "rsta";
    .port_info 6 /INPUT 1 "regcea";
    .port_info 7 /OUTPUT 32 "douta";
P_0x559b49576fc0 .param/str "INIT_FILE" 0 5 14, "data/inst.mem";
P_0x559b49577000 .param/l "RAM_DEPTH" 0 5 12, +C4<00000000000000000000000010000000>;
P_0x559b49577040 .param/str "RAM_PERFORMANCE" 0 5 13, "HIGH_PERFORMANCE";
P_0x559b49577080 .param/l "RAM_WIDTH" 0 5 11, +C4<00000000000000000000000000100000>;
v0x559b49577ca0 .array "BRAM", 0 127, 31 0;
v0x559b49577d60_0 .net "addra", 6 0, L_0x559b4957d190;  1 drivers
v0x559b49577e40_0 .net "clka", 0 0, v0x559b4957cbb0_0;  alias, 1 drivers
o0x7f2dcb1d00c8 .functor BUFZ 32, C4<zzzzzzzzzzzzzzzzzzzzzzzzzzzzzzzz>; HiZ drive
v0x559b49577f60_0 .net "dina", 31 0, o0x7f2dcb1d00c8;  0 drivers
v0x559b49578020_0 .net "douta", 31 0, L_0x559b4951b8b0;  alias, 1 drivers
L_0x7f2dcb186060 .functor BUFT 1, C4<1>, C4<0>, C4<0>, C4<0>;
v0x559b49578150_0 .net "ena", 0 0, L_0x7f2dcb186060;  1 drivers
v0x559b49578210_0 .var "ram_data", 31 0;
L_0x7f2dcb1860a8 .functor BUFT 1, C4<1>, C4<0>, C4<0>, C4<0>;
v0x559b495782f0_0 .net "regcea", 0 0, L_0x7f2dcb1860a8;  1 drivers
v0x559b495783b0_0 .net "rsta", 0 0, v0x559b4957cf00_0;  alias, 1 drivers
v0x559b49578450_0 .net "wea", 0 0, L_0x7f2dcb186018;  alias, 1 drivers
S_0x559b495773d0 .scope function.vec4.u32, "clogb2" "clogb2" 5 74, 5 74 0, S_0x559b49576de0;
 .timescale -9 -12;
; Variable clogb2 is vec4 return value of scope S_0x559b495773d0
v0x559b495776d0_0 .var/i "depth", 31 0;
TD_processor_tb.uut.inst_mem.clogb2 ;
    %pushi/vec4 0, 0, 32;
    %ret/vec4 0, 0, 32;  Assign to clogb2 (store_vec4_to_lval)
T_1.2 ;
    %load/vec4 v0x559b495776d0_0;
    %cmpi/s 0, 0, 32;
    %flag_or 5, 4; GT is !LE
    %flag_inv 5;
    %jmp/0xz T_1.3, 5;
    %load/vec4 v0x559b495776d0_0;
    %ix/load 4, 1, 0;
    %flag_set/imm 4, 0;
    %shiftr 4;
    %store/vec4 v0x559b495776d0_0, 0, 32;
    %retload/vec4 0; Load clogb2 (draw_signal_vec4)
    %addi 1, 0, 32;
    %ret/vec4 0, 0, 32;  Assign to clogb2 (store_vec4_to_lval)
    %jmp T_1.2;
T_1.3 ;
    %end;
S_0x559b495777b0 .scope generate, "output_register" "output_register" 5 51, 5 51 0, S_0x559b49576de0;
 .timescale -9 -12;
L_0x559b4951b8b0 .functor BUFZ 32, v0x559b495779b0_0, C4<00000000000000000000000000000000>, C4<00000000000000000000000000000000>, C4<00000000000000000000000000000000>;
v0x559b495779b0_0 .var "douta_reg", 31 0;
S_0x559b49577a90 .scope generate, "use_init_file" "use_init_file" 5 31, 5 31 0, S_0x559b49576de0;
 .timescale -9 -12;
S_0x559b495785f0 .scope module, "registers" "register_file" 4 91, 10 4 0, S_0x559b49556110;
 .timescale -9 -12;
    .port_info 0 /INPUT 1 "clk_in";
    .port_info 1 /INPUT 1 "rst_in";
    .port_info 2 /INPUT 5 "rs1_in";
    .port_info 3 /INPUT 5 "rs2_in";
    .port_info 4 /INPUT 5 "wa_in";
    .port_info 5 /INPUT 1 "we_in";
    .port_info 6 /INPUT 32 "wd_in";
    .port_info 7 /OUTPUT 32 "rd1_out";
    .port_info 8 /OUTPUT 32 "rd2_out";
v0x559b49578d80_0 .net "clk_in", 0 0, v0x559b4957cbb0_0;  alias, 1 drivers
v0x559b49578e40_0 .var "rd1_out", 31 0;
v0x559b49578f00_0 .var "rd2_out", 31 0;
v0x559b49578fd0 .array "registers", 0 31, 31 0;
v0x559b49579560_0 .net "rs1_in", 4 0, v0x559b49574410_0;  alias, 1 drivers
v0x559b49579670_0 .net "rs2_in", 4 0, v0x559b495745d0_0;  alias, 1 drivers
v0x559b49579740_0 .net "rst_in", 0 0, v0x559b4957cf00_0;  alias, 1 drivers
v0x559b49579830_0 .net "wa_in", 4 0, L_0x559b4958e930;  alias, 1 drivers
v0x559b495798f0_0 .net "wd_in", 31 0, L_0x559b4958e840;  alias, 1 drivers
v0x559b49579a60_0 .net "we_in", 0 0, L_0x559b4958f2f0;  alias, 1 drivers
v0x559b49578fd0_0 .array/port v0x559b49578fd0, 0;
v0x559b49578fd0_1 .array/port v0x559b49578fd0, 1;
v0x559b49578fd0_2 .array/port v0x559b49578fd0, 2;
E_0x559b49578900/0 .event edge, v0x559b49574410_0, v0x559b49578fd0_0, v0x559b49578fd0_1, v0x559b49578fd0_2;
v0x559b49578fd0_3 .array/port v0x559b49578fd0, 3;
v0x559b49578fd0_4 .array/port v0x559b49578fd0, 4;
v0x559b49578fd0_5 .array/port v0x559b49578fd0, 5;
v0x559b49578fd0_6 .array/port v0x559b49578fd0, 6;
E_0x559b49578900/1 .event edge, v0x559b49578fd0_3, v0x559b49578fd0_4, v0x559b49578fd0_5, v0x559b49578fd0_6;
v0x559b49578fd0_7 .array/port v0x559b49578fd0, 7;
v0x559b49578fd0_8 .array/port v0x559b49578fd0, 8;
v0x559b49578fd0_9 .array/port v0x559b49578fd0, 9;
v0x559b49578fd0_10 .array/port v0x559b49578fd0, 10;
E_0x559b49578900/2 .event edge, v0x559b49578fd0_7, v0x559b49578fd0_8, v0x559b49578fd0_9, v0x559b49578fd0_10;
v0x559b49578fd0_11 .array/port v0x559b49578fd0, 11;
v0x559b49578fd0_12 .array/port v0x559b49578fd0, 12;
v0x559b49578fd0_13 .array/port v0x559b49578fd0, 13;
v0x559b49578fd0_14 .array/port v0x559b49578fd0, 14;
E_0x559b49578900/3 .event edge, v0x559b49578fd0_11, v0x559b49578fd0_12, v0x559b49578fd0_13, v0x559b49578fd0_14;
v0x559b49578fd0_15 .array/port v0x559b49578fd0, 15;
v0x559b49578fd0_16 .array/port v0x559b49578fd0, 16;
v0x559b49578fd0_17 .array/port v0x559b49578fd0, 17;
v0x559b49578fd0_18 .array/port v0x559b49578fd0, 18;
E_0x559b49578900/4 .event edge, v0x559b49578fd0_15, v0x559b49578fd0_16, v0x559b49578fd0_17, v0x559b49578fd0_18;
v0x559b49578fd0_19 .array/port v0x559b49578fd0, 19;
v0x559b49578fd0_20 .array/port v0x559b49578fd0, 20;
v0x559b49578fd0_21 .array/port v0x559b49578fd0, 21;
v0x559b49578fd0_22 .array/port v0x559b49578fd0, 22;
E_0x559b49578900/5 .event edge, v0x559b49578fd0_19, v0x559b49578fd0_20, v0x559b49578fd0_21, v0x559b49578fd0_22;
v0x559b49578fd0_23 .array/port v0x559b49578fd0, 23;
v0x559b49578fd0_24 .array/port v0x559b49578fd0, 24;
v0x559b49578fd0_25 .array/port v0x559b49578fd0, 25;
v0x559b49578fd0_26 .array/port v0x559b49578fd0, 26;
E_0x559b49578900/6 .event edge, v0x559b49578fd0_23, v0x559b49578fd0_24, v0x559b49578fd0_25, v0x559b49578fd0_26;
v0x559b49578fd0_27 .array/port v0x559b49578fd0, 27;
v0x559b49578fd0_28 .array/port v0x559b49578fd0, 28;
v0x559b49578fd0_29 .array/port v0x559b49578fd0, 29;
v0x559b49578fd0_30 .array/port v0x559b49578fd0, 30;
E_0x559b49578900/7 .event edge, v0x559b49578fd0_27, v0x559b49578fd0_28, v0x559b49578fd0_29, v0x559b49578fd0_30;
v0x559b49578fd0_31 .array/port v0x559b49578fd0, 31;
E_0x559b49578900/8 .event edge, v0x559b49578fd0_31, v0x559b495745d0_0;
E_0x559b49578900 .event/or E_0x559b49578900/0, E_0x559b49578900/1, E_0x559b49578900/2, E_0x559b49578900/3, E_0x559b49578900/4, E_0x559b49578900/5, E_0x559b49578900/6, E_0x559b49578900/7, E_0x559b49578900/8;
S_0x559b49578a80 .scope begin, "$ivl_for_loop2" "$ivl_for_loop2" 10 21, 10 21 0, S_0x559b495785f0;
 .timescale -9 -12;
v0x559b49578c80_0 .var/i "i", 31 0;
    .scope S_0x559b49577a90;
T_2 ;
    %vpi_call/w 5 33 "$readmemh", P_0x559b49576fc0, v0x559b49577ca0, 32'sb00000000000000000000000000000000, 32'sb00000000000000000000000001111111 {0 0 0};
    %end;
    .thread T_2;
    .scope S_0x559b495777b0;
T_3 ;
    %pushi/vec4 0, 0, 32;
    %store/vec4 v0x559b495779b0_0, 0, 32;
    %end;
    .thread T_3, $init;
    .scope S_0x559b495777b0;
T_4 ;
    %wait E_0x559b495101d0;
    %load/vec4 v0x559b495783b0_0;
    %flag_set/vec4 8;
    %jmp/0xz  T_4.0, 8;
    %pushi/vec4 0, 0, 32;
    %assign/vec4 v0x559b495779b0_0, 0;
    %jmp T_4.1;
T_4.0 ;
    %load/vec4 v0x559b495782f0_0;
    %flag_set/vec4 8;
    %jmp/0xz  T_4.2, 8;
    %load/vec4 v0x559b49578210_0;
    %assign/vec4 v0x559b495779b0_0, 0;
T_4.2 ;
T_4.1 ;
    %jmp T_4;
    .thread T_4;
    .scope S_0x559b49576de0;
T_5 ;
    %pushi/vec4 0, 0, 32;
    %store/vec4 v0x559b49578210_0, 0, 32;
    %end;
    .thread T_5, $init;
    .scope S_0x559b49576de0;
T_6 ;
    %wait E_0x559b495101d0;
    %load/vec4 v0x559b49578150_0;
    %flag_set/vec4 8;
    %jmp/0xz  T_6.0, 8;
    %load/vec4 v0x559b49578450_0;
    %flag_set/vec4 8;
    %jmp/0xz  T_6.2, 8;
    %load/vec4 v0x559b49577f60_0;
    %load/vec4 v0x559b49577d60_0;
    %pad/u 9;
    %ix/vec4 3;
    %ix/load 4, 0, 0; Constant delay
    %assign/vec4/a/d v0x559b49577ca0, 0, 4;
T_6.2 ;
    %load/vec4 v0x559b49577d60_0;
    %pad/u 9;
    %ix/vec4 4;
    %load/vec4a v0x559b49577ca0, 4;
    %assign/vec4 v0x559b49578210_0, 0;
T_6.0 ;
    %jmp T_6;
    .thread T_6;
    .scope S_0x559b49573420;
T_7 ;
Ewait_0 .event/or E_0x559b49511270, E_0x0;
    %wait Ewait_0;
    %load/vec4 v0x559b49574090_0;
    %cmpi/e 51, 0, 7;
    %jmp/0xz  T_7.0, 4;
    %pushi/vec4 0, 0, 32;
    %store/vec4 v0x559b49573ed0_0, 0, 32;
    %jmp T_7.1;
T_7.0 ;
    %load/vec4 v0x559b49574090_0;
    %cmpi/e 19, 0, 7;
    %jmp/0xz  T_7.2, 4;
    %pushi/vec4 1, 0, 32;
    %store/vec4 v0x559b49573ed0_0, 0, 32;
    %jmp T_7.3;
T_7.2 ;
    %load/vec4 v0x559b49574090_0;
    %cmpi/e 3, 0, 7;
    %jmp/0xz  T_7.4, 4;
    %pushi/vec4 1, 0, 32;
    %store/vec4 v0x559b49573ed0_0, 0, 32;
    %jmp T_7.5;
T_7.4 ;
    %load/vec4 v0x559b49574090_0;
    %cmpi/e 35, 0, 7;
    %jmp/0xz  T_7.6, 4;
    %pushi/vec4 2, 0, 32;
    %store/vec4 v0x559b49573ed0_0, 0, 32;
    %jmp T_7.7;
T_7.6 ;
    %load/vec4 v0x559b49574090_0;
    %cmpi/e 99, 0, 7;
    %jmp/0xz  T_7.8, 4;
    %pushi/vec4 3, 0, 32;
    %store/vec4 v0x559b49573ed0_0, 0, 32;
    %jmp T_7.9;
T_7.8 ;
    %load/vec4 v0x559b49574090_0;
    %cmpi/e 111, 0, 7;
    %jmp/0xz  T_7.10, 4;
    %pushi/vec4 5, 0, 32;
    %store/vec4 v0x559b49573ed0_0, 0, 32;
    %jmp T_7.11;
T_7.10 ;
    %load/vec4 v0x559b49574090_0;
    %cmpi/e 103, 0, 7;
    %jmp/0xz  T_7.12, 4;
    %pushi/vec4 1, 0, 32;
    %store/vec4 v0x559b49573ed0_0, 0, 32;
    %jmp T_7.13;
T_7.12 ;
    %load/vec4 v0x559b49574090_0;
    %cmpi/e 55, 0, 7;
    %jmp/0xz  T_7.14, 4;
    %pushi/vec4 4, 0, 32;
    %store/vec4 v0x559b49573ed0_0, 0, 32;
    %jmp T_7.15;
T_7.14 ;
    %load/vec4 v0x559b49574090_0;
    %cmpi/e 23, 0, 7;
    %jmp/0xz  T_7.16, 4;
    %pushi/vec4 4, 0, 32;
    %store/vec4 v0x559b49573ed0_0, 0, 32;
    %jmp T_7.17;
T_7.16 ;
    %load/vec4 v0x559b49574090_0;
    %cmpi/e 115, 0, 7;
    %jmp/0xz  T_7.18, 4;
    %pushi/vec4 1, 0, 32;
    %store/vec4 v0x559b49573ed0_0, 0, 32;
T_7.18 ;
T_7.17 ;
T_7.15 ;
T_7.13 ;
T_7.11 ;
T_7.9 ;
T_7.7 ;
T_7.5 ;
T_7.3 ;
T_7.1 ;
    %load/vec4 v0x559b49573ed0_0;
    %cmpi/e 0, 0, 32;
    %jmp/0xz  T_7.20, 4;
    %load/vec4 v0x559b49573fb0_0;
    %parti/s 3, 12, 5;
    %store/vec4 v0x559b49573a60_0, 0, 3;
    %load/vec4 v0x559b49573fb0_0;
    %parti/s 7, 25, 6;
    %store/vec4 v0x559b49573b00_0, 0, 7;
    %load/vec4 v0x559b49573fb0_0;
    %parti/s 5, 15, 5;
    %store/vec4 v0x559b49574330_0, 0, 5;
    %load/vec4 v0x559b49573fb0_0;
    %parti/s 5, 20, 6;
    %store/vec4 v0x559b495744f0_0, 0, 5;
    %load/vec4 v0x559b49573fb0_0;
    %parti/s 5, 7, 4;
    %store/vec4 v0x559b49574170_0, 0, 5;
    %pushi/vec4 0, 0, 32;
    %store/vec4 v0x559b49573d10_0, 0, 32;
    %jmp T_7.21;
T_7.20 ;
    %load/vec4 v0x559b49573ed0_0;
    %cmpi/e 1, 0, 32;
    %jmp/0xz  T_7.22, 4;
    %load/vec4 v0x559b49573fb0_0;
    %parti/s 3, 12, 5;
    %store/vec4 v0x559b49573a60_0, 0, 3;
    %pushi/vec4 0, 0, 7;
    %store/vec4 v0x559b49573b00_0, 0, 7;
    %load/vec4 v0x559b49573fb0_0;
    %parti/s 5, 15, 5;
    %store/vec4 v0x559b49574330_0, 0, 5;
    %pushi/vec4 0, 0, 5;
    %store/vec4 v0x559b495744f0_0, 0, 5;
    %load/vec4 v0x559b49573fb0_0;
    %parti/s 5, 7, 4;
    %store/vec4 v0x559b49574170_0, 0, 5;
    %pushi/vec4 0, 0, 20;
    %load/vec4 v0x559b49573fb0_0;
    %parti/s 12, 20, 6;
    %concat/vec4; draw_concat_vec4
    %store/vec4 v0x559b49573d10_0, 0, 32;
    %jmp T_7.23;
T_7.22 ;
    %load/vec4 v0x559b49573ed0_0;
    %cmpi/e 2, 0, 32;
    %jmp/0xz  T_7.24, 4;
    %load/vec4 v0x559b49573fb0_0;
    %parti/s 3, 12, 5;
    %store/vec4 v0x559b49573a60_0, 0, 3;
    %pushi/vec4 0, 0, 7;
    %store/vec4 v0x559b49573b00_0, 0, 7;
    %load/vec4 v0x559b49573fb0_0;
    %parti/s 5, 15, 5;
    %store/vec4 v0x559b49574330_0, 0, 5;
    %load/vec4 v0x559b49573fb0_0;
    %parti/s 5, 20, 6;
    %store/vec4 v0x559b495744f0_0, 0, 5;
    %pushi/vec4 0, 0, 5;
    %store/vec4 v0x559b49574170_0, 0, 5;
    %pushi/vec4 0, 0, 20;
    %load/vec4 v0x559b49573fb0_0;
    %parti/s 7, 25, 6;
    %concat/vec4; draw_concat_vec4
    %load/vec4 v0x559b49573fb0_0;
    %parti/s 5, 7, 4;
    %concat/vec4; draw_concat_vec4
    %store/vec4 v0x559b49573d10_0, 0, 32;
    %jmp T_7.25;
T_7.24 ;
    %load/vec4 v0x559b49573ed0_0;
    %cmpi/e 3, 0, 32;
    %jmp/0xz  T_7.26, 4;
    %load/vec4 v0x559b49573fb0_0;
    %parti/s 3, 12, 5;
    %store/vec4 v0x559b49573a60_0, 0, 3;
    %pushi/vec4 0, 0, 7;
    %store/vec4 v0x559b49573b00_0, 0, 7;
    %load/vec4 v0x559b49573fb0_0;
    %parti/s 5, 15, 5;
    %store/vec4 v0x559b49574330_0, 0, 5;
    %load/vec4 v0x559b49573fb0_0;
    %parti/s 5, 20, 6;
    %store/vec4 v0x559b495744f0_0, 0, 5;
    %pushi/vec4 0, 0, 5;
    %store/vec4 v0x559b49574170_0, 0, 5;
    %pushi/vec4 0, 0, 19;
    %load/vec4 v0x559b49573fb0_0;
    %parti/s 1, 31, 6;
    %concat/vec4; draw_concat_vec4
    %load/vec4 v0x559b49573fb0_0;
    %parti/s 6, 25, 6;
    %concat/vec4; draw_concat_vec4
    %load/vec4 v0x559b49573fb0_0;
    %parti/s 1, 7, 4;
    %concat/vec4; draw_concat_vec4
    %load/vec4 v0x559b49573fb0_0;
    %parti/s 4, 8, 5;
    %concat/vec4; draw_concat_vec4
    %concati/vec4 0, 0, 1;
    %store/vec4 v0x559b49573d10_0, 0, 32;
    %jmp T_7.27;
T_7.26 ;
    %load/vec4 v0x559b49573ed0_0;
    %cmpi/e 4, 0, 32;
    %jmp/0xz  T_7.28, 4;
    %pushi/vec4 0, 0, 3;
    %store/vec4 v0x559b49573a60_0, 0, 3;
    %pushi/vec4 0, 0, 7;
    %store/vec4 v0x559b49573b00_0, 0, 7;
    %pushi/vec4 0, 0, 5;
    %store/vec4 v0x559b49574330_0, 0, 5;
    %pushi/vec4 0, 0, 5;
    %store/vec4 v0x559b495744f0_0, 0, 5;
    %load/vec4 v0x559b49573fb0_0;
    %parti/s 5, 7, 4;
    %store/vec4 v0x559b49574170_0, 0, 5;
    %load/vec4 v0x559b49573fb0_0;
    %parti/s 20, 12, 5;
    %concati/vec4 0, 0, 12;
    %store/vec4 v0x559b49573d10_0, 0, 32;
    %jmp T_7.29;
T_7.28 ;
    %load/vec4 v0x559b49573ed0_0;
    %cmpi/e 5, 0, 32;
    %jmp/0xz  T_7.30, 4;
    %pushi/vec4 0, 0, 3;
    %store/vec4 v0x559b49573a60_0, 0, 3;
    %pushi/vec4 0, 0, 7;
    %store/vec4 v0x559b49573b00_0, 0, 7;
    %pushi/vec4 0, 0, 5;
    %store/vec4 v0x559b49574330_0, 0, 5;
    %pushi/vec4 0, 0, 5;
    %store/vec4 v0x559b495744f0_0, 0, 5;
    %load/vec4 v0x559b49573fb0_0;
    %parti/s 5, 7, 4;
    %store/vec4 v0x559b49574170_0, 0, 5;
    %pushi/vec4 0, 0, 11;
    %load/vec4 v0x559b49573fb0_0;
    %parti/s 1, 31, 6;
    %concat/vec4; draw_concat_vec4
    %load/vec4 v0x559b49573fb0_0;
    %parti/s 10, 12, 5;
    %concat/vec4; draw_concat_vec4
    %load/vec4 v0x559b49573fb0_0;
    %parti/s 1, 22, 6;
    %concat/vec4; draw_concat_vec4
    %load/vec4 v0x559b49573fb0_0;
    %parti/s 8, 23, 6;
    %concat/vec4; draw_concat_vec4
    %concati/vec4 0, 0, 1;
    %store/vec4 v0x559b49573d10_0, 0, 32;
T_7.30 ;
T_7.29 ;
T_7.27 ;
T_7.25 ;
T_7.23 ;
T_7.21 ;
    %load/vec4 v0x559b49573d10_0;
    %store/vec4 v0x559b49573df0_0, 0, 32;
    %load/vec4 v0x559b49574330_0;
    %store/vec4 v0x559b49574410_0, 0, 5;
    %load/vec4 v0x559b495744f0_0;
    %store/vec4 v0x559b495745d0_0, 0, 5;
    %load/vec4 v0x559b49574170_0;
    %store/vec4 v0x559b49574250_0, 0, 5;
    %load/vec4 v0x559b49573ed0_0;
    %cmpi/e 0, 0, 32;
    %jmp/0xz  T_7.32, 4;
    %pushi/vec4 0, 0, 4;
    %store/vec4 v0x559b49573c30_0, 0, 4;
    %load/vec4 v0x559b49573a60_0;
    %pad/u 4;
    %pushi/vec4 0, 0, 4;
    %cmp/e;
    %flag_get/vec4 4;
    %load/vec4 v0x559b49573b00_0;
    %pad/u 8;
    %pushi/vec4 0, 0, 8;
    %cmp/e;
    %flag_get/vec4 4;
    %and;
    %flag_set/vec4 8;
    %jmp/0xz  T_7.34, 8;
    %pushi/vec4 0, 0, 4;
    %store/vec4 v0x559b495737b0_0, 0, 4;
    %jmp T_7.35;
T_7.34 ;
    %load/vec4 v0x559b49573a60_0;
    %pad/u 4;
    %pushi/vec4 0, 0, 4;
    %cmp/e;
    %flag_get/vec4 4;
    %load/vec4 v0x559b49573b00_0;
    %pad/u 8;
    %pushi/vec4 32, 0, 8;
    %cmp/e;
    %flag_get/vec4 4;
    %and;
    %flag_set/vec4 8;
    %jmp/0xz  T_7.36, 8;
    %pushi/vec4 1, 0, 4;
    %store/vec4 v0x559b495737b0_0, 0, 4;
    %jmp T_7.37;
T_7.36 ;
    %load/vec4 v0x559b49573a60_0;
    %pad/u 4;
    %pushi/vec4 4, 0, 4;
    %cmp/e;
    %flag_get/vec4 4;
    %load/vec4 v0x559b49573b00_0;
    %pad/u 8;
    %pushi/vec4 0, 0, 8;
    %cmp/e;
    %flag_get/vec4 4;
    %and;
    %flag_set/vec4 8;
    %jmp/0xz  T_7.38, 8;
    %pushi/vec4 4, 0, 4;
    %store/vec4 v0x559b495737b0_0, 0, 4;
    %jmp T_7.39;
T_7.38 ;
    %load/vec4 v0x559b49573a60_0;
    %pad/u 4;
    %pushi/vec4 6, 0, 4;
    %cmp/e;
    %flag_get/vec4 4;
    %load/vec4 v0x559b49573b00_0;
    %pad/u 8;
    %pushi/vec4 0, 0, 8;
    %cmp/e;
    %flag_get/vec4 4;
    %and;
    %flag_set/vec4 8;
    %jmp/0xz  T_7.40, 8;
    %pushi/vec4 3, 0, 4;
    %store/vec4 v0x559b495737b0_0, 0, 4;
    %jmp T_7.41;
T_7.40 ;
    %load/vec4 v0x559b49573a60_0;
    %pad/u 4;
    %pushi/vec4 7, 0, 4;
    %cmp/e;
    %flag_get/vec4 4;
    %load/vec4 v0x559b49573b00_0;
    %pad/u 8;
    %pushi/vec4 0, 0, 8;
    %cmp/e;
    %flag_get/vec4 4;
    %and;
    %flag_set/vec4 8;
    %jmp/0xz  T_7.42, 8;
    %pushi/vec4 2, 0, 4;
    %store/vec4 v0x559b495737b0_0, 0, 4;
    %jmp T_7.43;
T_7.42 ;
    %load/vec4 v0x559b49573a60_0;
    %pad/u 4;
    %pushi/vec4 1, 0, 4;
    %cmp/e;
    %flag_get/vec4 4;
    %load/vec4 v0x559b49573b00_0;
    %pad/u 8;
    %pushi/vec4 0, 0, 8;
    %cmp/e;
    %flag_get/vec4 4;
    %and;
    %flag_set/vec4 8;
    %jmp/0xz  T_7.44, 8;
    %pushi/vec4 7, 0, 4;
    %store/vec4 v0x559b495737b0_0, 0, 4;
    %jmp T_7.45;
T_7.44 ;
    %load/vec4 v0x559b49573a60_0;
    %pad/u 4;
    %pushi/vec4 5, 0, 4;
    %cmp/e;
    %flag_get/vec4 4;
    %load/vec4 v0x559b49573b00_0;
    %pad/u 8;
    %pushi/vec4 0, 0, 8;
    %cmp/e;
    %flag_get/vec4 4;
    %and;
    %flag_set/vec4 8;
    %jmp/0xz  T_7.46, 8;
    %pushi/vec4 8, 0, 4;
    %store/vec4 v0x559b495737b0_0, 0, 4;
    %jmp T_7.47;
T_7.46 ;
    %load/vec4 v0x559b49573a60_0;
    %pad/u 4;
    %pushi/vec4 5, 0, 4;
    %cmp/e;
    %flag_get/vec4 4;
    %load/vec4 v0x559b49573b00_0;
    %pad/u 8;
    %pushi/vec4 32, 0, 8;
    %cmp/e;
    %flag_get/vec4 4;
    %and;
    %flag_set/vec4 8;
    %jmp/0xz  T_7.48, 8;
    %pushi/vec4 9, 0, 4;
    %store/vec4 v0x559b495737b0_0, 0, 4;
    %jmp T_7.49;
T_7.48 ;
    %load/vec4 v0x559b49573a60_0;
    %pad/u 4;
    %pushi/vec4 2, 0, 4;
    %cmp/e;
    %flag_get/vec4 4;
    %load/vec4 v0x559b49573b00_0;
    %pad/u 8;
    %pushi/vec4 0, 0, 8;
    %cmp/e;
    %flag_get/vec4 4;
    %and;
    %flag_set/vec4 8;
    %jmp/0xz  T_7.50, 8;
    %pushi/vec4 5, 0, 4;
    %store/vec4 v0x559b495737b0_0, 0, 4;
    %jmp T_7.51;
T_7.50 ;
    %load/vec4 v0x559b49573a60_0;
    %pad/u 4;
    %pushi/vec4 3, 0, 4;
    %cmp/e;
    %flag_get/vec4 4;
    %load/vec4 v0x559b49573b00_0;
    %pad/u 8;
    %pushi/vec4 0, 0, 8;
    %cmp/e;
    %flag_get/vec4 4;
    %and;
    %flag_set/vec4 8;
    %jmp/0xz  T_7.52, 8;
    %pushi/vec4 6, 0, 4;
    %store/vec4 v0x559b495737b0_0, 0, 4;
T_7.52 ;
T_7.51 ;
T_7.49 ;
T_7.47 ;
T_7.45 ;
T_7.43 ;
T_7.41 ;
T_7.39 ;
T_7.37 ;
T_7.35 ;
    %jmp T_7.33;
T_7.32 ;
    %load/vec4 v0x559b49573ed0_0;
    %cmpi/e 1, 0, 32;
    %jmp/0xz  T_7.54, 4;
    %pushi/vec4 1, 0, 4;
    %store/vec4 v0x559b49573c30_0, 0, 4;
    %load/vec4 v0x559b49573a60_0;
    %pad/u 4;
    %cmpi/e 0, 0, 4;
    %jmp/0xz  T_7.56, 4;
    %pushi/vec4 0, 0, 4;
    %store/vec4 v0x559b495737b0_0, 0, 4;
    %jmp T_7.57;
T_7.56 ;
    %load/vec4 v0x559b49573a60_0;
    %pad/u 4;
    %cmpi/e 4, 0, 4;
    %jmp/0xz  T_7.58, 4;
    %pushi/vec4 4, 0, 4;
    %store/vec4 v0x559b495737b0_0, 0, 4;
    %jmp T_7.59;
T_7.58 ;
    %load/vec4 v0x559b49573a60_0;
    %pad/u 4;
    %cmpi/e 6, 0, 4;
    %jmp/0xz  T_7.60, 4;
    %pushi/vec4 3, 0, 4;
    %store/vec4 v0x559b495737b0_0, 0, 4;
    %jmp T_7.61;
T_7.60 ;
    %load/vec4 v0x559b49573a60_0;
    %pad/u 4;
    %cmpi/e 7, 0, 4;
    %jmp/0xz  T_7.62, 4;
    %pushi/vec4 2, 0, 4;
    %store/vec4 v0x559b495737b0_0, 0, 4;
    %jmp T_7.63;
T_7.62 ;
    %load/vec4 v0x559b49573a60_0;
    %pad/u 4;
    %pushi/vec4 1, 0, 4;
    %cmp/e;
    %flag_get/vec4 4;
    %load/vec4 v0x559b49573d10_0;
    %parti/s 7, 5, 4;
    %pad/u 8;
    %pushi/vec4 0, 0, 8;
    %cmp/e;
    %flag_get/vec4 4;
    %and;
    %flag_set/vec4 8;
    %jmp/0xz  T_7.64, 8;
    %pushi/vec4 7, 0, 4;
    %store/vec4 v0x559b495737b0_0, 0, 4;
    %jmp T_7.65;
T_7.64 ;
    %load/vec4 v0x559b49573a60_0;
    %pad/u 4;
    %pushi/vec4 5, 0, 4;
    %cmp/e;
    %flag_get/vec4 4;
    %load/vec4 v0x559b49573d10_0;
    %parti/s 7, 5, 4;
    %pad/u 8;
    %pushi/vec4 0, 0, 8;
    %cmp/e;
    %flag_get/vec4 4;
    %and;
    %flag_set/vec4 8;
    %jmp/0xz  T_7.66, 8;
    %pushi/vec4 8, 0, 4;
    %store/vec4 v0x559b495737b0_0, 0, 4;
    %jmp T_7.67;
T_7.66 ;
    %load/vec4 v0x559b49573a60_0;
    %pad/u 4;
    %pushi/vec4 5, 0, 4;
    %cmp/e;
    %flag_get/vec4 4;
    %load/vec4 v0x559b49573d10_0;
    %parti/s 7, 5, 4;
    %pad/u 8;
    %pushi/vec4 4, 0, 8;
    %cmp/e;
    %flag_get/vec4 4;
    %and;
    %flag_set/vec4 8;
    %jmp/0xz  T_7.68, 8;
    %pushi/vec4 9, 0, 4;
    %store/vec4 v0x559b495737b0_0, 0, 4;
    %jmp T_7.69;
T_7.68 ;
    %load/vec4 v0x559b49573a60_0;
    %pad/u 4;
    %cmpi/e 2, 0, 4;
    %jmp/0xz  T_7.70, 4;
    %pushi/vec4 5, 0, 4;
    %store/vec4 v0x559b495737b0_0, 0, 4;
    %jmp T_7.71;
T_7.70 ;
    %load/vec4 v0x559b49573a60_0;
    %pad/u 4;
    %cmpi/e 3, 0, 4;
    %jmp/0xz  T_7.72, 4;
    %pushi/vec4 6, 0, 4;
    %store/vec4 v0x559b495737b0_0, 0, 4;
T_7.72 ;
T_7.71 ;
T_7.69 ;
T_7.67 ;
T_7.65 ;
T_7.63 ;
T_7.61 ;
T_7.59 ;
T_7.57 ;
    %jmp T_7.55;
T_7.54 ;
    %load/vec4 v0x559b49573ed0_0;
    %cmpi/e 3, 0, 32;
    %jmp/0xz  T_7.74, 4;
    %pushi/vec4 2, 0, 4;
    %store/vec4 v0x559b49573c30_0, 0, 4;
    %load/vec4 v0x559b49573a60_0;
    %pad/u 4;
    %cmpi/e 0, 0, 4;
    %jmp/0xz  T_7.76, 4;
    %pushi/vec4 0, 0, 3;
    %store/vec4 v0x559b495738b0_0, 0, 3;
    %jmp T_7.77;
T_7.76 ;
    %load/vec4 v0x559b49573a60_0;
    %pad/u 4;
    %cmpi/e 1, 0, 4;
    %jmp/0xz  T_7.78, 4;
    %pushi/vec4 1, 0, 3;
    %store/vec4 v0x559b495738b0_0, 0, 3;
    %jmp T_7.79;
T_7.78 ;
    %load/vec4 v0x559b49573a60_0;
    %pad/u 4;
    %cmpi/e 4, 0, 4;
    %jmp/0xz  T_7.80, 4;
    %pushi/vec4 2, 0, 3;
    %store/vec4 v0x559b495738b0_0, 0, 3;
    %jmp T_7.81;
T_7.80 ;
    %load/vec4 v0x559b49573a60_0;
    %pad/u 4;
    %cmpi/e 5, 0, 4;
    %jmp/0xz  T_7.82, 4;
    %pushi/vec4 4, 0, 3;
    %store/vec4 v0x559b495738b0_0, 0, 3;
    %jmp T_7.83;
T_7.82 ;
    %load/vec4 v0x559b49573a60_0;
    %pad/u 4;
    %cmpi/e 6, 0, 4;
    %jmp/0xz  T_7.84, 4;
    %pushi/vec4 3, 0, 3;
    %store/vec4 v0x559b495738b0_0, 0, 3;
    %jmp T_7.85;
T_7.84 ;
    %load/vec4 v0x559b49573a60_0;
    %pad/u 4;
    %cmpi/e 7, 0, 4;
    %jmp/0xz  T_7.86, 4;
    %pushi/vec4 5, 0, 3;
    %store/vec4 v0x559b495738b0_0, 0, 3;
    %jmp T_7.87;
T_7.86 ;
    %pushi/vec4 6, 0, 3;
    %store/vec4 v0x559b495738b0_0, 0, 3;
T_7.87 ;
T_7.85 ;
T_7.83 ;
T_7.81 ;
T_7.79 ;
T_7.77 ;
    %jmp T_7.75;
T_7.74 ;
    %load/vec4 v0x559b49573ed0_0;
    %pushi/vec4 4, 0, 32;
    %cmp/e;
    %flag_get/vec4 4;
    %load/vec4 v0x559b49574090_0;
    %pushi/vec4 55, 0, 7;
    %cmp/e;
    %flag_get/vec4 4;
    %and;
    %flag_set/vec4 8;
    %jmp/0xz  T_7.88, 8;
    %pushi/vec4 3, 0, 4;
    %store/vec4 v0x559b49573c30_0, 0, 4;
    %jmp T_7.89;
T_7.88 ;
    %load/vec4 v0x559b49573ed0_0;
    %cmpi/e 5, 0, 32;
    %jmp/0xz  T_7.90, 4;
    %pushi/vec4 4, 0, 4;
    %store/vec4 v0x559b49573c30_0, 0, 4;
    %jmp T_7.91;
T_7.90 ;
    %load/vec4 v0x559b49573ed0_0;
    %pushi/vec4 1, 0, 32;
    %cmp/e;
    %flag_get/vec4 4;
    %load/vec4 v0x559b49574090_0;
    %pushi/vec4 103, 0, 7;
    %cmp/e;
    %flag_get/vec4 4;
    %and;
    %flag_set/vec4 8;
    %jmp/0xz  T_7.92, 8;
    %pushi/vec4 5, 0, 4;
    %store/vec4 v0x559b49573c30_0, 0, 4;
    %jmp T_7.93;
T_7.92 ;
    %load/vec4 v0x559b49573ed0_0;
    %pushi/vec4 1, 0, 32;
    %cmp/e;
    %flag_get/vec4 4;
    %load/vec4 v0x559b49574090_0;
    %pushi/vec4 3, 0, 7;
    %cmp/e;
    %flag_get/vec4 4;
    %and;
    %flag_set/vec4 8;
    %jmp/0xz  T_7.94, 8;
    %pushi/vec4 6, 0, 4;
    %store/vec4 v0x559b49573c30_0, 0, 4;
    %jmp T_7.95;
T_7.94 ;
    %load/vec4 v0x559b49573ed0_0;
    %cmpi/e 2, 0, 32;
    %jmp/0xz  T_7.96, 4;
    %pushi/vec4 7, 0, 4;
    %store/vec4 v0x559b49573c30_0, 0, 4;
    %jmp T_7.97;
T_7.96 ;
    %load/vec4 v0x559b49573ed0_0;
    %pushi/vec4 4, 0, 32;
    %cmp/e;
    %flag_get/vec4 4;
    %load/vec4 v0x559b49574090_0;
    %pushi/vec4 23, 0, 7;
    %cmp/e;
    %flag_get/vec4 4;
    %and;
    %flag_set/vec4 8;
    %jmp/0xz  T_7.98, 8;
    %pushi/vec4 8, 0, 4;
    %store/vec4 v0x559b49573c30_0, 0, 4;
T_7.98 ;
T_7.97 ;
T_7.95 ;
T_7.93 ;
T_7.91 ;
T_7.89 ;
T_7.75 ;
T_7.55 ;
T_7.33 ;
    %jmp T_7;
    .thread T_7, $push;
    .scope S_0x559b495785f0;
T_8 ;
    %wait E_0x559b495101d0;
    %load/vec4 v0x559b49579740_0;
    %flag_set/vec4 8;
    %jmp/0xz  T_8.0, 8;
    %fork t_1, S_0x559b49578a80;
    %jmp t_0;
    .scope S_0x559b49578a80;
t_1 ;
    %pushi/vec4 0, 0, 32;
    %store/vec4 v0x559b49578c80_0, 0, 32;
T_8.2 ;
    %load/vec4 v0x559b49578c80_0;
    %cmpi/s 31, 0, 32;
    %jmp/0xz T_8.3, 5;
    %load/vec4 v0x559b49578c80_0;
    %cmpi/ne 11, 0, 32;
    %jmp/0xz  T_8.4, 4;
    %pushi/vec4 0, 0, 32;
    %ix/getv/s 3, v0x559b49578c80_0;
    %ix/load 4, 0, 0; Constant delay
    %assign/vec4/a/d v0x559b49578fd0, 0, 4;
T_8.4 ;
    %load/vec4 v0x559b49578c80_0;
    %addi 1, 0, 32;
    %store/vec4 v0x559b49578c80_0, 0, 32;
    %jmp T_8.2;
T_8.3 ;
    %end;
    .scope S_0x559b495785f0;
t_0 %join;
    %pushi/vec4 72, 0, 32;
    %ix/load 3, 11, 0;
    %flag_set/imm 4, 0;
    %ix/load 4, 0, 0; Constant delay
    %assign/vec4/a/d v0x559b49578fd0, 0, 4;
    %jmp T_8.1;
T_8.0 ;
    %load/vec4 v0x559b49579a60_0;
    %flag_set/vec4 8;
    %jmp/0xz  T_8.6, 8;
    %load/vec4 v0x559b495798f0_0;
    %load/vec4 v0x559b49579830_0;
    %pad/u 7;
    %ix/vec4 3;
    %ix/load 4, 0, 0; Constant delay
    %assign/vec4/a/d v0x559b49578fd0, 0, 4;
T_8.6 ;
T_8.1 ;
    %jmp T_8;
    .thread T_8;
    .scope S_0x559b495785f0;
T_9 ;
Ewait_1 .event/or E_0x559b49578900, E_0x0;
    %wait Ewait_1;
    %load/vec4 v0x559b49579560_0;
    %pad/u 7;
    %ix/vec4 4;
    %load/vec4a v0x559b49578fd0, 4;
    %store/vec4 v0x559b49578e40_0, 0, 32;
    %load/vec4 v0x559b49579670_0;
    %pad/u 7;
    %ix/vec4 4;
    %load/vec4a v0x559b49578fd0, 4;
    %store/vec4 v0x559b49578f00_0, 0, 32;
    %jmp T_9;
    .thread T_9, $push;
    .scope S_0x559b49574ab0;
T_10 ;
Ewait_2 .event/or E_0x559b49511410, E_0x0;
    %wait Ewait_2;
    %load/vec4 v0x559b49574d30_0;
    %dup/vec4;
    %pushi/vec4 0, 0, 4;
    %cmp/u;
    %jmp/1 T_10.0, 6;
    %dup/vec4;
    %pushi/vec4 1, 0, 4;
    %cmp/u;
    %jmp/1 T_10.1, 6;
    %dup/vec4;
    %pushi/vec4 2, 0, 4;
    %cmp/u;
    %jmp/1 T_10.2, 6;
    %dup/vec4;
    %pushi/vec4 3, 0, 4;
    %cmp/u;
    %jmp/1 T_10.3, 6;
    %dup/vec4;
    %pushi/vec4 4, 0, 4;
    %cmp/u;
    %jmp/1 T_10.4, 6;
    %dup/vec4;
    %pushi/vec4 5, 0, 4;
    %cmp/u;
    %jmp/1 T_10.5, 6;
    %dup/vec4;
    %pushi/vec4 6, 0, 4;
    %cmp/u;
    %jmp/1 T_10.6, 6;
    %dup/vec4;
    %pushi/vec4 7, 0, 4;
    %cmp/u;
    %jmp/1 T_10.7, 6;
    %dup/vec4;
    %pushi/vec4 8, 0, 4;
    %cmp/u;
    %jmp/1 T_10.8, 6;
    %dup/vec4;
    %pushi/vec4 9, 0, 4;
    %cmp/u;
    %jmp/1 T_10.9, 6;
    %pushi/vec4 0, 0, 32;
    %store/vec4 v0x559b49574e40_0, 0, 32;
    %jmp T_10.11;
T_10.0 ;
    %load/vec4 v0x559b49574f00_0;
    %load/vec4 v0x559b495750d0_0;
    %add;
    %store/vec4 v0x559b49574e40_0, 0, 32;
    %jmp T_10.11;
T_10.1 ;
    %load/vec4 v0x559b49574f00_0;
    %load/vec4 v0x559b495750d0_0;
    %sub;
    %store/vec4 v0x559b49574e40_0, 0, 32;
    %jmp T_10.11;
T_10.2 ;
    %load/vec4 v0x559b49574f00_0;
    %load/vec4 v0x559b495750d0_0;
    %and;
    %store/vec4 v0x559b49574e40_0, 0, 32;
    %jmp T_10.11;
T_10.3 ;
    %load/vec4 v0x559b49574f00_0;
    %load/vec4 v0x559b495750d0_0;
    %or;
    %store/vec4 v0x559b49574e40_0, 0, 32;
    %jmp T_10.11;
T_10.4 ;
    %load/vec4 v0x559b49574f00_0;
    %load/vec4 v0x559b495750d0_0;
    %xor;
    %store/vec4 v0x559b49574e40_0, 0, 32;
    %jmp T_10.11;
T_10.5 ;
    %load/vec4 v0x559b49574f00_0;
    %load/vec4 v0x559b495750d0_0;
    %cmp/s;
    %flag_mov 8, 5;
    %jmp/0 T_10.12, 8;
    %pushi/vec4 1, 0, 32;
    %jmp/1 T_10.13, 8;
T_10.12 ; End of true expr.
    %pushi/vec4 0, 0, 32;
    %jmp/0 T_10.13, 8;
 ; End of false expr.
    %blend;
T_10.13;
    %store/vec4 v0x559b49574e40_0, 0, 32;
    %jmp T_10.11;
T_10.6 ;
    %load/vec4 v0x559b49574ff0_0;
    %load/vec4 v0x559b49575200_0;
    %cmp/u;
    %flag_mov 8, 5;
    %jmp/0 T_10.14, 8;
    %pushi/vec4 1, 0, 32;
    %jmp/1 T_10.15, 8;
T_10.14 ; End of true expr.
    %pushi/vec4 0, 0, 32;
    %jmp/0 T_10.15, 8;
 ; End of false expr.
    %blend;
T_10.15;
    %store/vec4 v0x559b49574e40_0, 0, 32;
    %jmp T_10.11;
T_10.7 ;
    %load/vec4 v0x559b49574f00_0;
    %load/vec4 v0x559b495750d0_0;
    %ix/vec4 4;
    %shiftl 4;
    %store/vec4 v0x559b49574e40_0, 0, 32;
    %jmp T_10.11;
T_10.8 ;
    %load/vec4 v0x559b49574f00_0;
    %load/vec4 v0x559b495750d0_0;
    %ix/vec4 4;
    %shiftr/s 4;
    %store/vec4 v0x559b49574e40_0, 0, 32;
    %jmp T_10.11;
T_10.9 ;
    %load/vec4 v0x559b49574f00_0;
    %load/vec4 v0x559b495750d0_0;
    %ix/vec4 4;
    %shiftr 4;
    %store/vec4 v0x559b49574e40_0, 0, 32;
    %jmp T_10.11;
T_10.11 ;
    %pop/vec4 1;
    %jmp T_10;
    .thread T_10, $push;
    .scope S_0x559b49575360;
T_11 ;
Ewait_3 .event/or E_0x559b494a6130, E_0x0;
    %wait Ewait_3;
    %load/vec4 v0x559b49575670_0;
    %dup/vec4;
    %pushi/vec4 0, 0, 3;
    %cmp/u;
    %jmp/1 T_11.0, 6;
    %dup/vec4;
    %pushi/vec4 1, 0, 3;
    %cmp/u;
    %jmp/1 T_11.1, 6;
    %dup/vec4;
    %pushi/vec4 2, 0, 3;
    %cmp/u;
    %jmp/1 T_11.2, 6;
    %dup/vec4;
    %pushi/vec4 3, 0, 3;
    %cmp/u;
    %jmp/1 T_11.3, 6;
    %dup/vec4;
    %pushi/vec4 4, 0, 3;
    %cmp/u;
    %jmp/1 T_11.4, 6;
    %dup/vec4;
    %pushi/vec4 5, 0, 3;
    %cmp/u;
    %jmp/1 T_11.5, 6;
    %pushi/vec4 0, 0, 1;
    %store/vec4 v0x559b49575590_0, 0, 1;
    %jmp T_11.7;
T_11.0 ;
    %load/vec4 v0x559b49575760_0;
    %load/vec4 v0x559b49575900_0;
    %cmp/e;
    %flag_get/vec4 4;
    %store/vec4 v0x559b49575590_0, 0, 1;
    %jmp T_11.7;
T_11.1 ;
    %load/vec4 v0x559b49575760_0;
    %load/vec4 v0x559b49575900_0;
    %cmp/ne;
    %flag_get/vec4 4;
    %store/vec4 v0x559b49575590_0, 0, 1;
    %jmp T_11.7;
T_11.2 ;
    %load/vec4 v0x559b49575760_0;
    %load/vec4 v0x559b49575900_0;
    %cmp/s;
    %flag_get/vec4 5;
    %store/vec4 v0x559b49575590_0, 0, 1;
    %jmp T_11.7;
T_11.3 ;
    %load/vec4 v0x559b49575860_0;
    %load/vec4 v0x559b49575a10_0;
    %cmp/u;
    %flag_get/vec4 5;
    %store/vec4 v0x559b49575590_0, 0, 1;
    %jmp T_11.7;
T_11.4 ;
    %load/vec4 v0x559b49575900_0;
    %load/vec4 v0x559b49575760_0;
    %cmp/s;
    %flag_get/vec4 4;
    %flag_get/vec4 5;
    %or;
    %store/vec4 v0x559b49575590_0, 0, 1;
    %jmp T_11.7;
T_11.5 ;
    %load/vec4 v0x559b49575a10_0;
    %load/vec4 v0x559b49575860_0;
    %cmp/u;
    %flag_get/vec4 4;
    %flag_get/vec4 5;
    %or;
    %store/vec4 v0x559b49575590_0, 0, 1;
    %jmp T_11.7;
T_11.7 ;
    %pop/vec4 1;
    %jmp T_11;
    .thread T_11, $push;
    .scope S_0x559b495747d0;
T_12 ;
Ewait_4 .event/or E_0x559b49510680, E_0x0;
    %wait Ewait_4;
    %load/vec4 v0x559b495766c0_0;
    %pad/u 32;
    %cmpi/e 0, 0, 32;
    %flag_mov 8, 4;
    %load/vec4 v0x559b495766c0_0;
    %pad/u 32;
    %cmpi/e 1, 0, 32;
    %flag_or 4, 8;
    %jmp/0xz  T_12.0, 4;
    %load/vec4 v0x559b49576200_0;
    %store/vec4 v0x559b49576620_0, 0, 32;
    %load/vec4 v0x559b49576800_0;
    %store/vec4 v0x559b495768c0_0, 0, 32;
    %jmp T_12.1;
T_12.0 ;
    %load/vec4 v0x559b495766c0_0;
    %pad/u 32;
    %cmpi/e 2, 0, 32;
    %jmp/0xz  T_12.2, 4;
    %pushi/vec4 0, 0, 32;
    %store/vec4 v0x559b49576620_0, 0, 32;
    %load/vec4 v0x559b49576580_0;
    %flag_set/vec4 8;
    %jmp/0 T_12.4, 8;
    %load/vec4 v0x559b495769a0_0;
    %load/vec4 v0x559b49576760_0;
    %add;
    %jmp/1 T_12.5, 8;
T_12.4 ; End of true expr.
    %load/vec4 v0x559b49576800_0;
    %jmp/0 T_12.5, 8;
 ; End of false expr.
    %blend;
T_12.5;
    %store/vec4 v0x559b495768c0_0, 0, 32;
    %jmp T_12.3;
T_12.2 ;
    %load/vec4 v0x559b495766c0_0;
    %pad/u 32;
    %cmpi/e 3, 0, 32;
    %jmp/0xz  T_12.6, 4;
    %load/vec4 v0x559b49576760_0;
    %store/vec4 v0x559b49576620_0, 0, 32;
    %load/vec4 v0x559b49576800_0;
    %store/vec4 v0x559b495768c0_0, 0, 32;
    %jmp T_12.7;
T_12.6 ;
    %load/vec4 v0x559b495766c0_0;
    %pad/u 32;
    %cmpi/e 4, 0, 32;
    %jmp/0xz  T_12.8, 4;
    %load/vec4 v0x559b495769a0_0;
    %addi 4, 0, 32;
    %store/vec4 v0x559b49576620_0, 0, 32;
    %load/vec4 v0x559b495769a0_0;
    %load/vec4 v0x559b49576760_0;
    %add;
    %store/vec4 v0x559b495768c0_0, 0, 32;
    %jmp T_12.9;
T_12.8 ;
    %load/vec4 v0x559b495766c0_0;
    %pad/u 32;
    %cmpi/e 5, 0, 32;
    %jmp/0xz  T_12.10, 4;
    %load/vec4 v0x559b495769a0_0;
    %addi 4, 0, 32;
    %store/vec4 v0x559b49576620_0, 0, 32;
    %load/vec4 v0x559b49576a80_0;
    %load/vec4 v0x559b49576760_0;
    %add;
    %pushi/vec4 4294967294, 0, 32;
    %and;
    %store/vec4 v0x559b495768c0_0, 0, 32;
    %jmp T_12.11;
T_12.10 ;
    %load/vec4 v0x559b495766c0_0;
    %pad/u 32;
    %cmpi/e 7, 0, 32;
    %jmp/0xz  T_12.12, 4;
    %load/vec4 v0x559b49576b60_0;
    %store/vec4 v0x559b49576620_0, 0, 32;
    %load/vec4 v0x559b49576800_0;
    %store/vec4 v0x559b495768c0_0, 0, 32;
    %jmp T_12.13;
T_12.12 ;
    %load/vec4 v0x559b495766c0_0;
    %pad/u 32;
    %cmpi/e 8, 0, 32;
    %jmp/0xz  T_12.14, 4;
    %load/vec4 v0x559b495769a0_0;
    %load/vec4 v0x559b49576760_0;
    %add;
    %store/vec4 v0x559b49576620_0, 0, 32;
    %load/vec4 v0x559b49576800_0;
    %store/vec4 v0x559b495768c0_0, 0, 32;
    %jmp T_12.15;
T_12.14 ;
    %pushi/vec4 0, 0, 32;
    %store/vec4 v0x559b49576620_0, 0, 32;
T_12.15 ;
T_12.13 ;
T_12.11 ;
T_12.9 ;
T_12.7 ;
T_12.3 ;
T_12.1 ;
    %jmp T_12;
    .thread T_12, $push;
    .scope S_0x559b495725d0;
T_13 ;
    %pushi/vec4 0, 0, 32;
    %store/vec4 v0x559b4952e260_0, 0, 32;
T_13.0 ;
    %load/vec4 v0x559b4952e260_0;
    %cmpi/s 4096, 0, 32;
    %jmp/0xz T_13.1, 5;
    %pushi/vec4 0, 0, 32;
    %ix/getv/s 4, v0x559b4952e260_0;
    %store/vec4a v0x559b49572aa0, 4, 0;
    %load/vec4 v0x559b4952e260_0;
    %addi 1, 0, 32;
    %store/vec4 v0x559b4952e260_0, 0, 32;
    %jmp T_13.0;
T_13.1 ;
    %end;
    .thread T_13;
    .scope S_0x559b49572810;
T_14 ;
    %pushi/vec4 0, 0, 32;
    %store/vec4 v0x559b49550a10_0, 0, 32;
    %end;
    .thread T_14, $init;
    .scope S_0x559b49572810;
T_15 ;
    %wait E_0x559b495101d0;
    %load/vec4 v0x559b495731a0_0;
    %flag_set/vec4 8;
    %jmp/0xz  T_15.0, 8;
    %pushi/vec4 0, 0, 32;
    %assign/vec4 v0x559b49550a10_0, 0;
    %jmp T_15.1;
T_15.0 ;
    %load/vec4 v0x559b495730e0_0;
    %flag_set/vec4 8;
    %jmp/0xz  T_15.2, 8;
    %load/vec4 v0x559b49573000_0;
    %assign/vec4 v0x559b49550a10_0, 0;
T_15.2 ;
T_15.1 ;
    %jmp T_15;
    .thread T_15;
    .scope S_0x559b49571ed0;
T_16 ;
    %pushi/vec4 0, 0, 32;
    %store/vec4 v0x559b49573000_0, 0, 32;
    %end;
    .thread T_16, $init;
    .scope S_0x559b49571ed0;
T_17 ;
    %wait E_0x559b495101d0;
    %load/vec4 v0x559b49572f40_0;
    %flag_set/vec4 8;
    %jmp/0xz  T_17.0, 8;
    %load/vec4 v0x559b49573260_0;
    %flag_set/vec4 8;
    %jmp/0xz  T_17.2, 8;
    %load/vec4 v0x559b49572d30_0;
    %load/vec4 v0x559b49572b80_0;
    %pad/u 14;
    %ix/vec4 3;
    %ix/load 4, 0, 0; Constant delay
    %assign/vec4/a/d v0x559b49572aa0, 0, 4;
T_17.2 ;
    %load/vec4 v0x559b49572b80_0;
    %pad/u 14;
    %ix/vec4 4;
    %load/vec4a v0x559b49572aa0, 4;
    %assign/vec4 v0x559b49573000_0, 0;
T_17.0 ;
    %jmp T_17;
    .thread T_17;
    .scope S_0x559b49556110;
T_18 ;
    %wait E_0x559b495101d0;
    %load/vec4 v0x559b4957c420_0;
    %flag_set/vec4 8;
    %jmp/0xz  T_18.0, 8;
    %pushi/vec4 0, 0, 32;
    %assign/vec4 v0x559b4957be70_0, 0;
    %pushi/vec4 0, 0, 32;
    %assign/vec4 v0x559b4957b9d0_0, 0;
    %jmp T_18.1;
T_18.0 ;
    %load/vec4 v0x559b4957bce0_0;
    %assign/vec4 v0x559b4957be70_0, 0;
    %load/vec4 v0x559b4957ba90_0;
    %assign/vec4 v0x559b4957b9d0_0, 0;
T_18.1 ;
    %jmp T_18;
    .thread T_18;
    .scope S_0x559b495564e0;
T_19 ;
    %delay 5000, 0;
    %load/vec4 v0x559b4957cbb0_0;
    %nor/r;
    %store/vec4 v0x559b4957cbb0_0, 0, 1;
    %jmp T_19;
    .thread T_19;
    .scope S_0x559b495564e0;
T_20 ;
    %vpi_call/w 3 28 "$dumpfile", "processor.vcd" {0 0 0};
    %vpi_call/w 3 29 "$dumpvars", 32'sb00000000000000000000000000000000, S_0x559b495564e0 {0 0 0};
    %vpi_call/w 3 30 "$display", "Starting Sim" {0 0 0};
    %pushi/vec4 1, 0, 1;
    %store/vec4 v0x559b4957cbb0_0, 0, 1;
    %pushi/vec4 0, 0, 1;
    %store/vec4 v0x559b4957cf00_0, 0, 1;
    %delay 10000, 0;
    %pushi/vec4 1, 0, 1;
    %store/vec4 v0x559b4957cf00_0, 0, 1;
    %delay 10000, 0;
    %pushi/vec4 0, 0, 1;
    %store/vec4 v0x559b4957cf00_0, 0, 1;
    %fork t_3, S_0x559b4952d9f0;
    %jmp t_2;
    .scope S_0x559b4952d9f0;
t_3 ;
    %pushi/vec4 0, 0, 32;
    %store/vec4 v0x559b494cf160_0, 0, 32;
T_20.0 ;
    %load/vec4 v0x559b494cf160_0;
    %cmpi/s 128, 0, 32;
    %jmp/0xz T_20.1, 5;
    %vpi_call/w 3 40 "$display", "%d", v0x559b4957cc50_0 {0 0 0};
    %delay 10000, 0;
    %load/vec4 v0x559b494cf160_0;
    %addi 1, 0, 32;
    %cast2;
    %store/vec4 v0x559b494cf160_0, 0, 32;
    %jmp T_20.0;
T_20.1 ;
    %end;
    .scope S_0x559b495564e0;
t_2 %join;
    %delay 10000, 0;
    %fork t_5, S_0x559b495526b0;
    %jmp t_4;
    .scope S_0x559b495526b0;
t_5 ;
    %pushi/vec4 0, 0, 32;
    %store/vec4 v0x559b494cf000_0, 0, 32;
T_20.2 ;
    %load/vec4 v0x559b494cf000_0;
    %cmpi/s 128, 0, 32;
    %jmp/0xz T_20.3, 5;
    %pushi/vec4 1048595, 0, 32;
    %store/vec4 v0x559b4957cd50_0, 0, 32;
    %delay 10000, 0;
    %load/vec4 v0x559b494cf000_0;
    %addi 1, 0, 32;
    %cast2;
    %store/vec4 v0x559b494cf000_0, 0, 32;
    %jmp T_20.2;
T_20.3 ;
    %end;
    .scope S_0x559b495564e0;
t_4 %join;
    %vpi_call/w 3 66 "$display", "Simulation finished" {0 0 0};
    %vpi_call/w 3 67 "$finish" {0 0 0};
    %end;
    .thread T_20;
# The file index is used to find the file name in the following table.
:file_names 11;
    "N/A";
    "<interactive>";
    "-";
    "sim/processor1_tb.sv";
    "hdl/processor.sv";
    "hdl/xilinx_single_port_ram_read_first.v";
    "hdl/decode.sv";
    "hdl/execute.sv";
    "hdl/alu.sv";
    "hdl/branch_alu.sv";
    "hdl/register_file.sv";
