#! /usr/bin/vvp
:ivl_version "11.0 (stable)";
:ivl_delay_selection "TYPICAL";
:vpi_time_precision - 12;
:vpi_module "/usr/lib/x86_64-linux-gnu/ivl/system.vpi";
:vpi_module "/usr/lib/x86_64-linux-gnu/ivl/vhdl_sys.vpi";
:vpi_module "/usr/lib/x86_64-linux-gnu/ivl/vhdl_textio.vpi";
:vpi_module "/usr/lib/x86_64-linux-gnu/ivl/v2005_math.vpi";
:vpi_module "/usr/lib/x86_64-linux-gnu/ivl/va_math.vpi";
:vpi_module "/usr/lib/x86_64-linux-gnu/ivl/v2009.vpi";
S_0x5631be1ee950 .scope package, "$unit" "$unit" 2 1;
 .timescale 0 0;
enum0x5631be0ebb80 .enum2/s (32)
   "Add" 0,
   "Sub" 1,
   "And" 2,
   "Or" 3,
   "Xor" 4,
   "Slt" 5,
   "Sltu" 6,
   "Sll" 7,
   "Srl" 8,
   "Sra" 9,
   "NoAlu" 10
 ;
enum0x5631be0ec4e0 .enum2/s (32)
   "OP" 0,
   "OPIMM" 1,
   "BRANCH" 2,
   "LUI" 3,
   "JAL" 4,
   "JALR" 5,
   "LOAD" 6,
   "STORE" 7,
   "AUIPC" 8,
   "MUL" 9,
   "DIV" 10,
   "NOP" 11
 ;
enum0x5631be1b4190 .enum2/s (32)
   "Eq" 0,
   "Neq" 1,
   "Lt" 2,
   "Ltu" 3,
   "Ge" 4,
   "Geu" 5,
   "Dbr" 6
 ;
S_0x5631be1dd4d0 .scope module, "execute" "execute" 3 4;
 .timescale -9 -12;
    .port_info 0 /INPUT 4 "iType_in";
    .port_info 1 /INPUT 4 "aluFunc_in";
    .port_info 2 /INPUT 3 "brFunc_in";
    .port_info 3 /INPUT 32 "imm_in";
    .port_info 4 /INPUT 32 "pc_in";
    .port_info 5 /INPUT 32 "rval1_in";
    .port_info 6 /INPUT 32 "rval2_in";
    .port_info 7 /OUTPUT 32 "data_out";
    .port_info 8 /OUTPUT 32 "addr_out";
    .port_info 9 /OUTPUT 32 "nextPc_out";
o0x7fb77ab7f918 .functor BUFZ 32, C4<zzzzzzzzzzzzzzzzzzzzzzzzzzzzzzzz>; HiZ drive
L_0x5631be217cd0 .functor BUFZ 32, o0x7fb77ab7f918, C4<00000000000000000000000000000000>, C4<00000000000000000000000000000000>, C4<00000000000000000000000000000000>;
L_0x7fb77ab36018 .functor BUFT 1, C4<00000000000000000000000000000100>, C4<0>, C4<0>, C4<0>;
v0x5631be22f7b0_0 .net/2u *"_ivl_0", 31 0, L_0x7fb77ab36018;  1 drivers
L_0x7fb77ab360a8 .functor BUFT 1, C4<00000000000000000000000000000001>, C4<0>, C4<0>, C4<0>;
v0x5631be22f8b0_0 .net/2u *"_ivl_10", 31 0, L_0x7fb77ab360a8;  1 drivers
v0x5631be22f990_0 .net *"_ivl_12", 0 0, L_0x5631be251240;  1 drivers
v0x5631be22fa30_0 .net *"_ivl_6", 31 0, L_0x5631be251070;  1 drivers
L_0x7fb77ab36060 .functor BUFT 1, C4<0000000000000000000000000000>, C4<0>, C4<0>, C4<0>;
v0x5631be22fb10_0 .net *"_ivl_9", 27 0, L_0x7fb77ab36060;  1 drivers
v0x5631be22fc40_0 .net "addr_out", 31 0, L_0x5631be251680;  1 drivers
o0x7fb77ab7f048 .functor BUFZ 4, C4<zzzz>; HiZ drive
v0x5631be22fd20_0 .net "aluFunc_in", 3 0, o0x7fb77ab7f048;  0 drivers
v0x5631be22fde0_0 .net/s "alu_result", 31 0, v0x5631be20b6f0_0;  1 drivers
v0x5631be22fe80_0 .net/s "alu_rval1", 31 0, L_0x5631be217cd0;  1 drivers
v0x5631be22ff20_0 .net/s "alu_rval2", 31 0, L_0x5631be2513b0;  1 drivers
o0x7fb77ab7f588 .functor BUFZ 3, C4<zzz>; HiZ drive
v0x5631be230030_0 .net "brFunc_in", 2 0, o0x7fb77ab7f588;  0 drivers
v0x5631be2300f0_0 .net "branch_res", 0 0, v0x5631be22f240_0;  1 drivers
v0x5631be230190_0 .var/s "data_out", 31 0;
o0x7fb77ab7f828 .functor BUFZ 4, C4<zzzz>; HiZ drive
v0x5631be230230_0 .net "iType_in", 3 0, o0x7fb77ab7f828;  0 drivers
o0x7fb77ab7f858 .functor BUFZ 32, C4<zzzzzzzzzzzzzzzzzzzzzzzzzzzzzzzz>; HiZ drive
v0x5631be230310_0 .net/s "imm_in", 31 0, o0x7fb77ab7f858;  0 drivers
v0x5631be2303f0_0 .net "nextPc_default", 31 0, L_0x5631be250f70;  1 drivers
v0x5631be2304d0_0 .var "nextPc_out", 31 0;
o0x7fb77ab7f8e8 .functor BUFZ 32, C4<zzzzzzzzzzzzzzzzzzzzzzzzzzzzzzzz>; HiZ drive
v0x5631be2306c0_0 .net "pc_in", 31 0, o0x7fb77ab7f8e8;  0 drivers
v0x5631be2307a0_0 .net/s "rval1_in", 31 0, o0x7fb77ab7f918;  0 drivers
o0x7fb77ab7f948 .functor BUFZ 32, C4<zzzzzzzzzzzzzzzzzzzzzzzzzzzzzzzz>; HiZ drive
v0x5631be230880_0 .net/s "rval2_in", 31 0, o0x7fb77ab7f948;  0 drivers
E_0x5631be127240/0 .event edge, v0x5631be230230_0, v0x5631be20b6f0_0, v0x5631be2303f0_0, v0x5631be22f240_0;
E_0x5631be127240/1 .event edge, v0x5631be2306c0_0, v0x5631be230310_0, v0x5631be2307a0_0, v0x5631be230880_0;
E_0x5631be127240 .event/or E_0x5631be127240/0, E_0x5631be127240/1;
L_0x5631be250f70 .arith/sum 32, o0x7fb77ab7f8e8, L_0x7fb77ab36018;
L_0x5631be251070 .concat [ 4 28 0 0], o0x7fb77ab7f828, L_0x7fb77ab36060;
L_0x5631be251240 .cmp/eq 32, L_0x5631be251070, L_0x7fb77ab360a8;
L_0x5631be2513b0 .functor MUXZ 32, o0x7fb77ab7f948, o0x7fb77ab7f858, L_0x5631be251240, C4<>;
L_0x5631be251680 .arith/sum 32, o0x7fb77ab7f918, o0x7fb77ab7f858;
S_0x5631be15a730 .scope module, "my_alu" "alu" 3 55, 4 6 0, S_0x5631be1dd4d0;
 .timescale -9 -12;
    .port_info 0 /INPUT 1 "clk_in";
    .port_info 1 /INPUT 1 "rst_in";
    .port_info 2 /INPUT 1 "valid_in";
    .port_info 3 /INPUT 1 "read_in";
    .port_info 4 /INPUT 32 "rval1_in";
    .port_info 5 /INPUT 32 "rval2_in";
    .port_info 6 /INPUT 4 "aluFunc_in";
    .port_info 7 /INPUT 3 "rob_idx_in";
    .port_info 8 /OUTPUT 32 "data_out";
    .port_info 9 /OUTPUT 1 "ready_out";
    .port_info 10 /OUTPUT 1 "valid_out";
P_0x5631be15a8c0 .param/l "STALL_DURATION" 1 4 21, +C4<00000000000000000000000000011001>;
L_0x5631be20b590 .functor BUFZ 32, L_0x5631be217cd0, C4<00000000000000000000000000000000>, C4<00000000000000000000000000000000>, C4<00000000000000000000000000000000>;
L_0x5631be2051a0 .functor BUFZ 32, L_0x5631be2513b0, C4<00000000000000000000000000000000>, C4<00000000000000000000000000000000>, C4<00000000000000000000000000000000>;
v0x5631be219d00_0 .net "aluFunc_in", 3 0, o0x7fb77ab7f048;  alias, 0 drivers
o0x7fb77ab7f078 .functor BUFZ 1, C4<z>; HiZ drive
v0x5631be217df0_0 .net "clk_in", 0 0, o0x7fb77ab7f078;  0 drivers
v0x5631be20b6f0_0 .var/s "data_out", 31 0;
o0x7fb77ab7f0d8 .functor BUFZ 1, C4<z>; HiZ drive
v0x5631be2052c0_0 .net "read_in", 0 0, o0x7fb77ab7f0d8;  0 drivers
v0x5631be1eff70_0 .var "ready_out", 0 0;
o0x7fb77ab7f138 .functor BUFZ 3, C4<zzz>; HiZ drive
v0x5631be17af30_0 .net "rob_idx_in", 2 0, o0x7fb77ab7f138;  0 drivers
o0x7fb77ab7f168 .functor BUFZ 1, C4<z>; HiZ drive
v0x5631be22e680_0 .net "rst_in", 0 0, o0x7fb77ab7f168;  0 drivers
v0x5631be22e740_0 .net/s "rval1_in", 31 0, L_0x5631be217cd0;  alias, 1 drivers
v0x5631be22e820_0 .net "rval1_u", 31 0, L_0x5631be20b590;  1 drivers
v0x5631be22e900_0 .net/s "rval2_in", 31 0, L_0x5631be2513b0;  alias, 1 drivers
v0x5631be22e9e0_0 .net "rval2_u", 31 0, L_0x5631be2051a0;  1 drivers
v0x5631be22eac0_0 .var "stall", 24 0;
v0x5631be22eba0_0 .var "stall_can_start", 0 0;
v0x5631be22ec60_0 .var "stall_done", 0 0;
o0x7fb77ab7f2e8 .functor BUFZ 1, C4<z>; HiZ drive
v0x5631be22ed20_0 .net "valid_in", 0 0, o0x7fb77ab7f2e8;  0 drivers
v0x5631be22ede0_0 .var "valid_out", 0 0;
E_0x5631be10f0d0/0 .event edge, v0x5631be219d00_0, v0x5631be22e740_0, v0x5631be22e900_0, v0x5631be22e820_0;
E_0x5631be10f0d0/1 .event edge, v0x5631be22e9e0_0;
E_0x5631be10f0d0 .event/or E_0x5631be10f0d0/0, E_0x5631be10f0d0/1;
E_0x5631be2186c0 .event posedge, v0x5631be217df0_0;
S_0x5631be164e30 .scope begin, "$ivl_for_loop0" "$ivl_for_loop0" 4 43, 4 43 0, S_0x5631be15a730;
 .timescale -9 -12;
v0x5631be1a3b30_0 .var/2s "i", 31 0;
S_0x5631be22f060 .scope module, "my_branchAlu" "branchAlu" 3 62, 5 8 0, S_0x5631be1dd4d0;
 .timescale -9 -12;
    .port_info 0 /INPUT 32 "rval1_in";
    .port_info 1 /INPUT 32 "rval2_in";
    .port_info 2 /INPUT 3 "brFunc_in";
    .port_info 3 /OUTPUT 1 "bool_out";
L_0x5631be1efdd0 .functor BUFZ 32, L_0x5631be217cd0, C4<00000000000000000000000000000000>, C4<00000000000000000000000000000000>, C4<00000000000000000000000000000000>;
L_0x5631be10f2d0 .functor BUFZ 32, L_0x5631be2513b0, C4<00000000000000000000000000000000>, C4<00000000000000000000000000000000>, C4<00000000000000000000000000000000>;
v0x5631be22f240_0 .var "bool_out", 0 0;
v0x5631be22f320_0 .net "brFunc_in", 2 0, o0x7fb77ab7f588;  alias, 0 drivers
v0x5631be22f400_0 .net/s "rval1_in", 31 0, L_0x5631be217cd0;  alias, 1 drivers
v0x5631be22f4a0_0 .net "rval1_u", 31 0, L_0x5631be1efdd0;  1 drivers
v0x5631be22f560_0 .net/s "rval2_in", 31 0, L_0x5631be2513b0;  alias, 1 drivers
v0x5631be22f670_0 .net "rval2_u", 31 0, L_0x5631be10f2d0;  1 drivers
E_0x5631be218f30/0 .event edge, v0x5631be22f320_0, v0x5631be22e740_0, v0x5631be22e900_0, v0x5631be22f4a0_0;
E_0x5631be218f30/1 .event edge, v0x5631be22f670_0;
E_0x5631be218f30 .event/or E_0x5631be218f30/0, E_0x5631be218f30/1;
S_0x5631be20e500 .scope module, "instruction_queue_tb" "instruction_queue_tb" 6 4;
 .timescale -9 -12;
v0x5631be231d20_0 .var "clk_in", 0 0;
v0x5631be231e10_0 .net "inst_available_out", 0 0, v0x5631be230fc0_0;  1 drivers
v0x5631be231ee0_0 .var "instruction_in", 31 0;
v0x5631be231fe0_0 .net "instruction_out", 31 0, v0x5631be231170_0;  1 drivers
v0x5631be2320b0_0 .var "output_read_in", 0 0;
v0x5631be232150_0 .net "ready_out", 0 0, v0x5631be231900_0;  1 drivers
v0x5631be232220_0 .var "rst_in", 0 0;
v0x5631be2322f0_0 .var "valid_in", 0 0;
S_0x5631be230aa0 .scope module, "uut" "instruction_queue" 6 14, 7 1 0, S_0x5631be20e500;
 .timescale -9 -12;
    .port_info 0 /INPUT 1 "clk_in";
    .port_info 1 /INPUT 1 "rst_in";
    .port_info 2 /INPUT 1 "valid_in";
    .port_info 3 /INPUT 1 "output_read_in";
    .port_info 4 /INPUT 32 "instruction_in";
    .port_info 5 /OUTPUT 1 "inst_available_out";
    .port_info 6 /OUTPUT 32 "instruction_out";
    .port_info 7 /OUTPUT 1 "ready_out";
P_0x5631be136f00 .param/l "COUNTER_SIZE" 1 7 11, +C4<00000000000000000000000000000010>;
P_0x5631be136f40 .param/l "SIZE" 0 7 1, +C4<00000000000000000000000000000100>;
v0x5631be230ee0_0 .net "clk_in", 0 0, v0x5631be231d20_0;  1 drivers
v0x5631be230fc0_0 .var "inst_available_out", 0 0;
v0x5631be231080_0 .net "instruction_in", 31 0, v0x5631be231ee0_0;  1 drivers
v0x5631be231170_0 .var "instruction_out", 31 0;
v0x5631be231250 .array "instruction_queue", 0 3, 31 0;
v0x5631be2313e0_0 .var "instruction_queue_0", 31 0;
v0x5631be2314c0_0 .var "instruction_queue_1", 31 0;
v0x5631be2315a0_0 .var "instruction_queue_2", 31 0;
v0x5631be231680_0 .var "instruction_queue_3", 31 0;
v0x5631be231760_0 .net "output_read_in", 0 0, v0x5631be2320b0_0;  1 drivers
v0x5631be231820_0 .var "read_counter", 1 0;
v0x5631be231900_0 .var "ready_out", 0 0;
v0x5631be2319c0_0 .net "rst_in", 0 0, v0x5631be232220_0;  1 drivers
v0x5631be231a80_0 .net "valid_in", 0 0, v0x5631be2322f0_0;  1 drivers
v0x5631be231b40_0 .var "write_counter", 1 0;
v0x5631be231250_0 .array/port v0x5631be231250, 0;
v0x5631be231250_1 .array/port v0x5631be231250, 1;
E_0x5631be219550/0 .event edge, v0x5631be231b40_0, v0x5631be231820_0, v0x5631be231250_0, v0x5631be231250_1;
v0x5631be231250_2 .array/port v0x5631be231250, 2;
v0x5631be231250_3 .array/port v0x5631be231250, 3;
E_0x5631be219550/1 .event edge, v0x5631be231250_2, v0x5631be231250_3;
E_0x5631be219550 .event/or E_0x5631be219550/0, E_0x5631be219550/1;
E_0x5631be2196c0 .event posedge, v0x5631be230ee0_0;
S_0x5631be20e900 .scope module, "rob" "rob" 8 6;
 .timescale -9 -12;
S_0x5631be20d990 .scope module, "top_level" "top_level" 9 11;
 .timescale -9 -12;
    .port_info 0 /INPUT 1 "clk_100mhz";
    .port_info 1 /INPUT 16 "sw";
    .port_info 2 /INPUT 4 "btn";
    .port_info 3 /INPUT 32 "instruction";
    .port_info 4 /OUTPUT 16 "led";
    .port_info 5 /OUTPUT 3 "rgb0";
    .port_info 6 /OUTPUT 3 "rgb1";
    .port_info 7 /OUTPUT 32 "data_out";
    .port_info 8 /OUTPUT 32 "addr_out";
    .port_info 9 /OUTPUT 32 "nextPc_out";
o0x7fb77ab82a08 .functor BUFZ 32, C4<zzzzzzzzzzzzzzzzzzzzzzzzzzzzzzzz>; HiZ drive
L_0x5631be251720 .functor BUFZ 32, o0x7fb77ab82a08, C4<00000000000000000000000000000000>, C4<00000000000000000000000000000000>, C4<00000000000000000000000000000000>;
v0x5631be23bf80_0 .array/port v0x5631be23bf80, 0;
L_0x5631be2519f0 .functor BUFZ 5, v0x5631be23bf80_0, C4<00000>, C4<00000>, C4<00000>;
v0x5631be23bf80_1 .array/port v0x5631be23bf80, 1;
L_0x5631be251ac0 .functor BUFZ 5, v0x5631be23bf80_1, C4<00000>, C4<00000>, C4<00000>;
v0x5631be23bf80_2 .array/port v0x5631be23bf80, 2;
L_0x5631be251b90 .functor BUFZ 5, v0x5631be23bf80_2, C4<00000>, C4<00000>, C4<00000>;
v0x5631be23bf80_3 .array/port v0x5631be23bf80, 3;
L_0x5631be251c90 .functor BUFZ 5, v0x5631be23bf80_3, C4<00000>, C4<00000>, C4<00000>;
v0x5631be23bf80_4 .array/port v0x5631be23bf80, 4;
L_0x5631be251d60 .functor BUFZ 5, v0x5631be23bf80_4, C4<00000>, C4<00000>, C4<00000>;
v0x5631be23bf80_5 .array/port v0x5631be23bf80, 5;
L_0x5631be251e70 .functor BUFZ 5, v0x5631be23bf80_5, C4<00000>, C4<00000>, C4<00000>;
v0x5631be23bf80_6 .array/port v0x5631be23bf80, 6;
L_0x5631be251f10 .functor BUFZ 5, v0x5631be23bf80_6, C4<00000>, C4<00000>, C4<00000>;
v0x5631be23bf80_7 .array/port v0x5631be23bf80, 7;
L_0x5631be252030 .functor BUFZ 5, v0x5631be23bf80_7, C4<00000>, C4<00000>, C4<00000>;
v0x5631be239130_0 .var "addr_out", 31 0;
v0x5631be23b800_0 .net "alu1_output_valid", 0 0, v0x5631be234dc0_0;  1 drivers
v0x5631be23b8f0_0 .net "alu1_ready", 0 0, v0x5631be234470_0;  1 drivers
v0x5631be23b9f0_0 .net/s "alu1_result", 31 0, v0x5631be2342c0_0;  1 drivers
v0x5631be23bac0_0 .net "aluFunc", 3 0, v0x5631be232830_0;  1 drivers
v0x5631be23bbb0_0 .net "brFunc", 2 0, v0x5631be2328d0_0;  1 drivers
o0x7fb77ab82828 .functor BUFZ 4, C4<zzzz>; HiZ drive
v0x5631be23bc50_0 .net "btn", 3 0, o0x7fb77ab82828;  0 drivers
o0x7fb77ab80578 .functor BUFZ 1, C4<z>; HiZ drive
v0x5631be23bcf0_0 .net "clk_100mhz", 0 0, o0x7fb77ab80578;  0 drivers
v0x5631be23bd90_0 .var/s "data_out", 31 0;
v0x5631be23bee0_0 .var "flush", 0 0;
v0x5631be23bf80 .array "flush_addrs", 0 7, 4 0;
v0x5631be23c120_0 .net "iType", 3 0, v0x5631be232c90_0;  1 drivers
v0x5631be23c210_0 .net/s "imm", 31 0, v0x5631be232e50_0;  1 drivers
v0x5631be23c2e0_0 .net "instruction", 31 0, o0x7fb77ab82a08;  0 drivers
v0x5631be23c3a0_0 .net/s "instruction_fetched", 31 0, L_0x5631be251720;  1 drivers
v0x5631be23c490_0 .net "iq_inst_available", 0 0, v0x5631be235f90_0;  1 drivers
v0x5631be23c560_0 .net/s "iq_instruction_out", 31 0, v0x5631be235810_0;  1 drivers
v0x5631be23c710_0 .var "iq_output_read", 0 0;
v0x5631be23c7b0_0 .net "iq_ready", 0 0, v0x5631be235680_0;  1 drivers
L_0x7fb77ab36180 .functor BUFT 1, C4<1>, C4<0>, C4<0>, C4<0>;
v0x5631be23c880_0 .net "iq_valid", 0 0, L_0x7fb77ab36180;  1 drivers
v0x5631be23c950_0 .net "led", 15 0, L_0x5631be252440;  1 drivers
v0x5631be23c9f0_0 .var "nextPc_out", 31 0;
v0x5631be23ca90_0 .net "opcode_alu_fu", 3 0, v0x5631be23a900_0;  1 drivers
v0x5631be23cba0_0 .net "output_valid_alu", 0 0, v0x5631be23b050_0;  1 drivers
v0x5631be23cc90_0 .net "rd", 4 0, v0x5631be233340_0;  1 drivers
v0x5631be23cd50_0 .net/s "rd1_out", 31 0, v0x5631be237380_0;  1 drivers
v0x5631be23ce40_0 .net/s "rd2_out", 31 0, v0x5631be237460_0;  1 drivers
L_0x7fb77ab36258 .functor BUFT 1, C4<1>, C4<0>, C4<0>, C4<0>;
v0x5631be23cf50_0 .net "read_in", 0 0, L_0x7fb77ab36258;  1 drivers
v0x5631be23cff0_0 .var "rf_rob_valid", 0 0;
L_0x7fb77ab36138 .functor BUFT 1, C4<000>, C4<0>, C4<0>, C4<0>;
v0x5631be23d090_0 .net "rgb0", 2 0, L_0x7fb77ab36138;  1 drivers
L_0x7fb77ab360f0 .functor BUFT 1, C4<000>, C4<0>, C4<0>, C4<0>;
v0x5631be23d130_0 .net "rgb1", 2 0, L_0x7fb77ab360f0;  1 drivers
v0x5631be23d210_0 .net "rob1_valid_out", 0 0, v0x5631be237b60_0;  1 drivers
v0x5631be23d300_0 .net "rob2_valid_out", 0 0, v0x5631be237c20_0;  1 drivers
v0x5631be23d3f0_0 .net "rob_idx_alu_fu", 2 0, v0x5631be23ad40_0;  1 drivers
v0x5631be23d500_0 .net "rob_ix1_out", 2 0, v0x5631be237ce0_0;  1 drivers
v0x5631be23d610_0 .net "rob_ix2_out", 2 0, v0x5631be237e50_0;  1 drivers
L_0x7fb77ab361c8 .functor BUFT 1, C4<1>, C4<0>, C4<0>, C4<0>;
v0x5631be23d720_0 .net "rob_ready", 0 0, L_0x7fb77ab361c8;  1 drivers
v0x5631be23d7e0_0 .net "rs1", 4 0, v0x5631be233500_0;  1 drivers
v0x5631be23d8f0_0 .net "rs2", 4 0, v0x5631be2336c0_0;  1 drivers
v0x5631be23da00_0 .net "rs_alu_ready", 0 0, v0x5631be23af90_0;  1 drivers
v0x5631be23daa0_0 .var "rs_alu_valid_in", 0 0;
v0x5631be23db40_0 .var "rs_brAlu_ready", 0 0;
v0x5631be23dbe0_0 .var "rs_brAlu_valid_in", 0 0;
v0x5631be23dc80_0 .var "rs_div_ready", 0 0;
v0x5631be23dd40_0 .var "rs_div_valid_in", 0 0;
v0x5631be23de00_0 .var "rs_mem_ready", 0 0;
v0x5631be23dec0_0 .var "rs_mem_valid_in", 0 0;
v0x5631be23df80_0 .var "rs_mul_ready", 0 0;
v0x5631be23e040_0 .var "rs_mul_valid_in", 0 0;
v0x5631be23e100_0 .net "rval1_alu_fu", 31 0, v0x5631be23b1c0_0;  1 drivers
v0x5631be23e210_0 .net "rval2_alu_fu", 31 0, v0x5631be23b290_0;  1 drivers
o0x7fb77ab82ca8 .functor BUFZ 16, C4<zzzzzzzzzzzzzzzz>; HiZ drive
v0x5631be23e320_0 .net "sw", 15 0, o0x7fb77ab82ca8;  0 drivers
v0x5631be23e400_0 .net "sys_rst", 0 0, L_0x5631be251810;  1 drivers
v0x5631be23e4a0_0 .var "wa", 4 0;
v0x5631be23e560_0 .var/s "wd", 31 0;
v0x5631be23e600_0 .var "we", 0 0;
v0x5631be23e6a0_0 .var "wrob_ix", 2 0;
E_0x5631be2323c0/0 .event edge, v0x5631be235f90_0, v0x5631be23d720_0, v0x5631be232c90_0, v0x5631be23de00_0;
E_0x5631be2323c0/1 .event edge, v0x5631be23db40_0, v0x5631be23df80_0, v0x5631be23dc80_0, v0x5631be23af90_0;
E_0x5631be2323c0 .event/or E_0x5631be2323c0/0, E_0x5631be2323c0/1;
L_0x5631be251810 .part o0x7fb77ab82828, 0, 1;
L_0x5631be252130 .reduce/nor v0x5631be234470_0;
L_0x5631be252440 .part v0x5631be2342c0_0, 0, 16;
S_0x5631be232450 .scope module, "decoder" "decode" 9 63, 10 4 0, S_0x5631be20d990;
 .timescale -9 -12;
    .port_info 0 /INPUT 1 "clk_in";
    .port_info 1 /INPUT 32 "instruction_in";
    .port_info 2 /OUTPUT 4 "iType_out";
    .port_info 3 /OUTPUT 4 "aluFunc_out";
    .port_info 4 /OUTPUT 3 "brFunc_out";
    .port_info 5 /OUTPUT 32 "imm_out";
    .port_info 6 /OUTPUT 5 "rs1_out";
    .port_info 7 /OUTPUT 5 "rs2_out";
    .port_info 8 /OUTPUT 5 "rd_out";
enum0x5631be1b6980 .enum2/s (32)
   "R" 0,
   "I" 1,
   "S" 2,
   "B" 3,
   "U" 4,
   "J" 5,
   "N" 6
 ;
v0x5631be232830_0 .var "aluFunc_out", 3 0;
v0x5631be2328d0_0 .var "brFunc_out", 2 0;
o0x7fb77ab80098 .functor BUFZ 1, C4<z>; HiZ drive
v0x5631be2329b0_0 .net "clk_in", 0 0, o0x7fb77ab80098;  0 drivers
v0x5631be232a80_0 .var "funct3", 2 0;
v0x5631be232b60_0 .var "funct7", 6 0;
v0x5631be232c90_0 .var "iType_out", 3 0;
v0x5631be232d70_0 .var "imm", 31 0;
v0x5631be232e50_0 .var/s "imm_out", 31 0;
v0x5631be232f30_0 .var/2s "inst_type", 31 0;
v0x5631be2330a0_0 .net "instruction_in", 31 0, v0x5631be235810_0;  alias, 1 drivers
v0x5631be233180_0 .net "opcode", 6 0, L_0x5631be251950;  1 drivers
v0x5631be233260_0 .var "rd", 4 0;
v0x5631be233340_0 .var "rd_out", 4 0;
v0x5631be233420_0 .var "rs1", 4 0;
v0x5631be233500_0 .var/s "rs1_out", 4 0;
v0x5631be2335e0_0 .var "rs2", 4 0;
v0x5631be2336c0_0 .var/s "rs2_out", 4 0;
E_0x5631be232760/0 .event edge, v0x5631be233180_0, v0x5631be2330a0_0, v0x5631be2330a0_0, v0x5631be2330a0_0;
E_0x5631be232760/1 .event edge, v0x5631be2330a0_0, v0x5631be2330a0_0, v0x5631be2330a0_0, v0x5631be2330a0_0;
E_0x5631be232760/2 .event edge, v0x5631be2330a0_0, v0x5631be2330a0_0, v0x5631be2330a0_0, v0x5631be2330a0_0;
E_0x5631be232760/3 .event edge, v0x5631be2330a0_0, v0x5631be2330a0_0, v0x5631be2330a0_0, v0x5631be232d70_0;
E_0x5631be232760 .event/or E_0x5631be232760/0, E_0x5631be232760/1, E_0x5631be232760/2, E_0x5631be232760/3;
L_0x5631be251950 .part v0x5631be235810_0, 0, 7;
S_0x5631be2339d0 .scope module, "fu_alu" "alu" 9 176, 4 6 0, S_0x5631be20d990;
 .timescale -9 -12;
    .port_info 0 /INPUT 1 "clk_in";
    .port_info 1 /INPUT 1 "rst_in";
    .port_info 2 /INPUT 1 "valid_in";
    .port_info 3 /INPUT 1 "read_in";
    .port_info 4 /INPUT 32 "rval1_in";
    .port_info 5 /INPUT 32 "rval2_in";
    .port_info 6 /INPUT 4 "aluFunc_in";
    .port_info 7 /INPUT 3 "rob_idx_in";
    .port_info 8 /OUTPUT 32 "data_out";
    .port_info 9 /OUTPUT 1 "ready_out";
    .port_info 10 /OUTPUT 1 "valid_out";
P_0x5631be233b80 .param/l "STALL_DURATION" 1 4 21, +C4<00000000000000000000000000011001>;
L_0x5631be252330 .functor BUFZ 32, v0x5631be23b1c0_0, C4<00000000000000000000000000000000>, C4<00000000000000000000000000000000>, C4<00000000000000000000000000000000>;
L_0x5631be2523a0 .functor BUFZ 32, v0x5631be23b290_0, C4<00000000000000000000000000000000>, C4<00000000000000000000000000000000>, C4<00000000000000000000000000000000>;
v0x5631be234100_0 .net "aluFunc_in", 3 0, v0x5631be23a900_0;  alias, 1 drivers
v0x5631be234200_0 .net "clk_in", 0 0, o0x7fb77ab80578;  alias, 0 drivers
v0x5631be2342c0_0 .var/s "data_out", 31 0;
v0x5631be2343b0_0 .net "read_in", 0 0, L_0x7fb77ab36258;  alias, 1 drivers
v0x5631be234470_0 .var "ready_out", 0 0;
v0x5631be234580_0 .net "rob_idx_in", 2 0, v0x5631be23ad40_0;  alias, 1 drivers
v0x5631be234660_0 .net "rst_in", 0 0, L_0x5631be251810;  alias, 1 drivers
v0x5631be234720_0 .net/s "rval1_in", 31 0, v0x5631be23b1c0_0;  alias, 1 drivers
v0x5631be234800_0 .net "rval1_u", 31 0, L_0x5631be252330;  1 drivers
v0x5631be2348e0_0 .net/s "rval2_in", 31 0, v0x5631be23b290_0;  alias, 1 drivers
v0x5631be2349c0_0 .net "rval2_u", 31 0, L_0x5631be2523a0;  1 drivers
v0x5631be234aa0_0 .var "stall", 24 0;
v0x5631be234b80_0 .var "stall_can_start", 0 0;
v0x5631be234c40_0 .var "stall_done", 0 0;
v0x5631be234d00_0 .net "valid_in", 0 0, v0x5631be23b050_0;  alias, 1 drivers
v0x5631be234dc0_0 .var "valid_out", 0 0;
E_0x5631be233d30/0 .event edge, v0x5631be234100_0, v0x5631be234720_0, v0x5631be2348e0_0, v0x5631be234800_0;
E_0x5631be233d30/1 .event edge, v0x5631be2349c0_0;
E_0x5631be233d30 .event/or E_0x5631be233d30/0, E_0x5631be233d30/1;
E_0x5631be233da0 .event posedge, v0x5631be234200_0;
S_0x5631be233e00 .scope begin, "$ivl_for_loop0" "$ivl_for_loop0" 4 43, 4 43 0, S_0x5631be2339d0;
 .timescale -9 -12;
v0x5631be234000_0 .var/2s "i", 31 0;
S_0x5631be235040 .scope module, "inst_queue" "instruction_queue" 9 41, 7 1 0, S_0x5631be20d990;
 .timescale -9 -12;
    .port_info 0 /INPUT 1 "clk_in";
    .port_info 1 /INPUT 1 "rst_in";
    .port_info 2 /INPUT 1 "valid_in";
    .port_info 3 /INPUT 1 "output_read_in";
    .port_info 4 /INPUT 32 "instruction_in";
    .port_info 5 /OUTPUT 1 "inst_available_out";
    .port_info 6 /OUTPUT 32 "instruction_out";
    .port_info 7 /OUTPUT 1 "ready_out";
P_0x5631be2351d0 .param/l "COUNTER_SIZE" 1 7 11, +C4<00000000000000000000000000000010>;
P_0x5631be235210 .param/l "SIZE" 0 7 1, +C4<00000000000000000000000000000100>;
v0x5631be235590_0 .net "clk_in", 0 0, o0x7fb77ab80578;  alias, 0 drivers
v0x5631be235680_0 .var "inst_available_out", 0 0;
v0x5631be235720_0 .net "instruction_in", 31 0, L_0x5631be251720;  alias, 1 drivers
v0x5631be235810_0 .var "instruction_out", 31 0;
v0x5631be235900 .array "instruction_queue", 0 3, 31 0;
v0x5631be235a70_0 .var "instruction_queue_0", 31 0;
v0x5631be235b50_0 .var "instruction_queue_1", 31 0;
v0x5631be235c30_0 .var "instruction_queue_2", 31 0;
v0x5631be235d10_0 .var "instruction_queue_3", 31 0;
v0x5631be235df0_0 .net "output_read_in", 0 0, v0x5631be23c710_0;  1 drivers
v0x5631be235eb0_0 .var "read_counter", 1 0;
v0x5631be235f90_0 .var "ready_out", 0 0;
v0x5631be236050_0 .net "rst_in", 0 0, L_0x5631be251810;  alias, 1 drivers
v0x5631be236120_0 .net "valid_in", 0 0, L_0x7fb77ab36180;  alias, 1 drivers
v0x5631be2361c0_0 .var "write_counter", 1 0;
v0x5631be235900_0 .array/port v0x5631be235900, 0;
v0x5631be235900_1 .array/port v0x5631be235900, 1;
E_0x5631be235510/0 .event edge, v0x5631be2361c0_0, v0x5631be235eb0_0, v0x5631be235900_0, v0x5631be235900_1;
v0x5631be235900_2 .array/port v0x5631be235900, 2;
v0x5631be235900_3 .array/port v0x5631be235900, 3;
E_0x5631be235510/1 .event edge, v0x5631be235900_2, v0x5631be235900_3;
E_0x5631be235510 .event/or E_0x5631be235510/0, E_0x5631be235510/1;
S_0x5631be2363a0 .scope module, "registers" "register_file" 9 92, 11 4 0, S_0x5631be20d990;
 .timescale -9 -12;
    .port_info 0 /INPUT 1 "clk_in";
    .port_info 1 /INPUT 1 "rst_in";
    .port_info 2 /INPUT 5 "rs1_in";
    .port_info 3 /INPUT 5 "rs2_in";
    .port_info 4 /INPUT 5 "wa_in";
    .port_info 5 /INPUT 1 "we_in";
    .port_info 6 /INPUT 32 "wd_in";
    .port_info 7 /INPUT 3 "rob_ix_in";
    .port_info 8 /INPUT 1 "rob_valid_in";
    .port_info 9 /INPUT 1 "flush_in";
    .port_info 10 /INPUT 40 "flush_addrs_in";
    .port_info 11 /OUTPUT 32 "rd1_out";
    .port_info 12 /OUTPUT 32 "rd2_out";
    .port_info 13 /OUTPUT 3 "rob_ix1_out";
    .port_info 14 /OUTPUT 3 "rob_ix2_out";
    .port_info 15 /OUTPUT 1 "rob1_valid_out";
    .port_info 16 /OUTPUT 1 "rob2_valid_out";
v0x5631be236fc0_0 .net "clk_in", 0 0, o0x7fb77ab80578;  alias, 0 drivers
v0x5631be2370d0 .array "flush_addrs_in", 0 7;
v0x5631be2370d0_0 .net v0x5631be2370d0 0, 4 0, L_0x5631be2519f0; 1 drivers
v0x5631be2370d0_1 .net v0x5631be2370d0 1, 4 0, L_0x5631be251ac0; 1 drivers
v0x5631be2370d0_2 .net v0x5631be2370d0 2, 4 0, L_0x5631be251b90; 1 drivers
v0x5631be2370d0_3 .net v0x5631be2370d0 3, 4 0, L_0x5631be251c90; 1 drivers
v0x5631be2370d0_4 .net v0x5631be2370d0 4, 4 0, L_0x5631be251d60; 1 drivers
v0x5631be2370d0_5 .net v0x5631be2370d0 5, 4 0, L_0x5631be251e70; 1 drivers
v0x5631be2370d0_6 .net v0x5631be2370d0 6, 4 0, L_0x5631be251f10; 1 drivers
v0x5631be2370d0_7 .net v0x5631be2370d0 7, 4 0, L_0x5631be252030; 1 drivers
v0x5631be2372e0_0 .net "flush_in", 0 0, v0x5631be23bee0_0;  1 drivers
v0x5631be237380_0 .var "rd1_out", 31 0;
v0x5631be237460_0 .var "rd2_out", 31 0;
v0x5631be237590 .array "registers", 0 31, 31 0;
v0x5631be237b60_0 .var "rob1_valid_out", 0 0;
v0x5631be237c20_0 .var "rob2_valid_out", 0 0;
v0x5631be237ce0_0 .var "rob_ix1_out", 2 0;
v0x5631be237e50_0 .var "rob_ix2_out", 2 0;
v0x5631be237f30_0 .net "rob_ix_in", 2 0, v0x5631be23e6a0_0;  1 drivers
v0x5631be238010 .array "rob_ixs", 0 31, 2 0;
v0x5631be2385e0_0 .net "rob_valid_in", 0 0, v0x5631be23cff0_0;  1 drivers
v0x5631be2386a0_0 .net "rs1_in", 4 0, v0x5631be233500_0;  alias, 1 drivers
v0x5631be238760_0 .net "rs2_in", 4 0, v0x5631be2336c0_0;  alias, 1 drivers
v0x5631be238830_0 .net "rst_in", 0 0, L_0x5631be251810;  alias, 1 drivers
v0x5631be2388d0_0 .net "wa_in", 4 0, v0x5631be23e4a0_0;  1 drivers
v0x5631be238aa0_0 .net "wd_in", 31 0, v0x5631be23e560_0;  1 drivers
v0x5631be238b80_0 .net "we_in", 0 0, v0x5631be23e600_0;  1 drivers
v0x5631be237590_0 .array/port v0x5631be237590, 0;
v0x5631be237590_1 .array/port v0x5631be237590, 1;
v0x5631be237590_2 .array/port v0x5631be237590, 2;
E_0x5631be236760/0 .event edge, v0x5631be233500_0, v0x5631be237590_0, v0x5631be237590_1, v0x5631be237590_2;
v0x5631be237590_3 .array/port v0x5631be237590, 3;
v0x5631be237590_4 .array/port v0x5631be237590, 4;
v0x5631be237590_5 .array/port v0x5631be237590, 5;
v0x5631be237590_6 .array/port v0x5631be237590, 6;
E_0x5631be236760/1 .event edge, v0x5631be237590_3, v0x5631be237590_4, v0x5631be237590_5, v0x5631be237590_6;
v0x5631be237590_7 .array/port v0x5631be237590, 7;
v0x5631be237590_8 .array/port v0x5631be237590, 8;
v0x5631be237590_9 .array/port v0x5631be237590, 9;
v0x5631be237590_10 .array/port v0x5631be237590, 10;
E_0x5631be236760/2 .event edge, v0x5631be237590_7, v0x5631be237590_8, v0x5631be237590_9, v0x5631be237590_10;
v0x5631be237590_11 .array/port v0x5631be237590, 11;
v0x5631be237590_12 .array/port v0x5631be237590, 12;
v0x5631be237590_13 .array/port v0x5631be237590, 13;
v0x5631be237590_14 .array/port v0x5631be237590, 14;
E_0x5631be236760/3 .event edge, v0x5631be237590_11, v0x5631be237590_12, v0x5631be237590_13, v0x5631be237590_14;
v0x5631be237590_15 .array/port v0x5631be237590, 15;
v0x5631be237590_16 .array/port v0x5631be237590, 16;
v0x5631be237590_17 .array/port v0x5631be237590, 17;
v0x5631be237590_18 .array/port v0x5631be237590, 18;
E_0x5631be236760/4 .event edge, v0x5631be237590_15, v0x5631be237590_16, v0x5631be237590_17, v0x5631be237590_18;
v0x5631be237590_19 .array/port v0x5631be237590, 19;
v0x5631be237590_20 .array/port v0x5631be237590, 20;
v0x5631be237590_21 .array/port v0x5631be237590, 21;
v0x5631be237590_22 .array/port v0x5631be237590, 22;
E_0x5631be236760/5 .event edge, v0x5631be237590_19, v0x5631be237590_20, v0x5631be237590_21, v0x5631be237590_22;
v0x5631be237590_23 .array/port v0x5631be237590, 23;
v0x5631be237590_24 .array/port v0x5631be237590, 24;
v0x5631be237590_25 .array/port v0x5631be237590, 25;
v0x5631be237590_26 .array/port v0x5631be237590, 26;
E_0x5631be236760/6 .event edge, v0x5631be237590_23, v0x5631be237590_24, v0x5631be237590_25, v0x5631be237590_26;
v0x5631be237590_27 .array/port v0x5631be237590, 27;
v0x5631be237590_28 .array/port v0x5631be237590, 28;
v0x5631be237590_29 .array/port v0x5631be237590, 29;
v0x5631be237590_30 .array/port v0x5631be237590, 30;
E_0x5631be236760/7 .event edge, v0x5631be237590_27, v0x5631be237590_28, v0x5631be237590_29, v0x5631be237590_30;
v0x5631be237590_31 .array/port v0x5631be237590, 31;
v0x5631be238010_0 .array/port v0x5631be238010, 0;
v0x5631be238010_1 .array/port v0x5631be238010, 1;
E_0x5631be236760/8 .event edge, v0x5631be237590_31, v0x5631be2336c0_0, v0x5631be238010_0, v0x5631be238010_1;
v0x5631be238010_2 .array/port v0x5631be238010, 2;
v0x5631be238010_3 .array/port v0x5631be238010, 3;
v0x5631be238010_4 .array/port v0x5631be238010, 4;
v0x5631be238010_5 .array/port v0x5631be238010, 5;
E_0x5631be236760/9 .event edge, v0x5631be238010_2, v0x5631be238010_3, v0x5631be238010_4, v0x5631be238010_5;
v0x5631be238010_6 .array/port v0x5631be238010, 6;
v0x5631be238010_7 .array/port v0x5631be238010, 7;
v0x5631be238010_8 .array/port v0x5631be238010, 8;
v0x5631be238010_9 .array/port v0x5631be238010, 9;
E_0x5631be236760/10 .event edge, v0x5631be238010_6, v0x5631be238010_7, v0x5631be238010_8, v0x5631be238010_9;
v0x5631be238010_10 .array/port v0x5631be238010, 10;
v0x5631be238010_11 .array/port v0x5631be238010, 11;
v0x5631be238010_12 .array/port v0x5631be238010, 12;
v0x5631be238010_13 .array/port v0x5631be238010, 13;
E_0x5631be236760/11 .event edge, v0x5631be238010_10, v0x5631be238010_11, v0x5631be238010_12, v0x5631be238010_13;
v0x5631be238010_14 .array/port v0x5631be238010, 14;
v0x5631be238010_15 .array/port v0x5631be238010, 15;
v0x5631be238010_16 .array/port v0x5631be238010, 16;
v0x5631be238010_17 .array/port v0x5631be238010, 17;
E_0x5631be236760/12 .event edge, v0x5631be238010_14, v0x5631be238010_15, v0x5631be238010_16, v0x5631be238010_17;
v0x5631be238010_18 .array/port v0x5631be238010, 18;
v0x5631be238010_19 .array/port v0x5631be238010, 19;
v0x5631be238010_20 .array/port v0x5631be238010, 20;
v0x5631be238010_21 .array/port v0x5631be238010, 21;
E_0x5631be236760/13 .event edge, v0x5631be238010_18, v0x5631be238010_19, v0x5631be238010_20, v0x5631be238010_21;
v0x5631be238010_22 .array/port v0x5631be238010, 22;
v0x5631be238010_23 .array/port v0x5631be238010, 23;
v0x5631be238010_24 .array/port v0x5631be238010, 24;
v0x5631be238010_25 .array/port v0x5631be238010, 25;
E_0x5631be236760/14 .event edge, v0x5631be238010_22, v0x5631be238010_23, v0x5631be238010_24, v0x5631be238010_25;
v0x5631be238010_26 .array/port v0x5631be238010, 26;
v0x5631be238010_27 .array/port v0x5631be238010, 27;
v0x5631be238010_28 .array/port v0x5631be238010, 28;
v0x5631be238010_29 .array/port v0x5631be238010, 29;
E_0x5631be236760/15 .event edge, v0x5631be238010_26, v0x5631be238010_27, v0x5631be238010_28, v0x5631be238010_29;
v0x5631be238010_30 .array/port v0x5631be238010, 30;
v0x5631be238010_31 .array/port v0x5631be238010, 31;
E_0x5631be236760/16 .event edge, v0x5631be238010_30, v0x5631be238010_31;
E_0x5631be236760 .event/or E_0x5631be236760/0, E_0x5631be236760/1, E_0x5631be236760/2, E_0x5631be236760/3, E_0x5631be236760/4, E_0x5631be236760/5, E_0x5631be236760/6, E_0x5631be236760/7, E_0x5631be236760/8, E_0x5631be236760/9, E_0x5631be236760/10, E_0x5631be236760/11, E_0x5631be236760/12, E_0x5631be236760/13, E_0x5631be236760/14, E_0x5631be236760/15, E_0x5631be236760/16;
S_0x5631be2369e0 .scope begin, "$ivl_for_loop1" "$ivl_for_loop1" 11 30, 11 30 0, S_0x5631be2363a0;
 .timescale -9 -12;
v0x5631be236be0_0 .var/i "i", 31 0;
S_0x5631be236ce0 .scope begin, "$ivl_for_loop2" "$ivl_for_loop2" 11 34, 11 34 0, S_0x5631be2363a0;
 .timescale -9 -12;
v0x5631be236ee0_0 .var/i "i", 31 0;
S_0x5631be238e60 .scope module, "rs_alu" "reservation_station" 9 149, 12 6 0, S_0x5631be20d990;
 .timescale -9 -12;
    .port_info 0 /INPUT 1 "clk_in";
    .port_info 1 /INPUT 1 "rst_in";
    .port_info 2 /INPUT 1 "valid_input_in";
    .port_info 3 /INPUT 1 "fu_busy_in";
    .port_info 4 /INPUT 3 "Q_i_in";
    .port_info 5 /INPUT 3 "Q_j_in";
    .port_info 6 /INPUT 32 "V_i_in";
    .port_info 7 /INPUT 32 "V_j_in";
    .port_info 8 /INPUT 3 "rob_idx_in";
    .port_info 9 /INPUT 4 "opcode_in";
    .port_info 10 /INPUT 1 "i_ready";
    .port_info 11 /INPUT 1 "j_ready";
    .port_info 12 /OUTPUT 32 "rval1_out";
    .port_info 13 /OUTPUT 32 "rval2_out";
    .port_info 14 /OUTPUT 4 "opcode_out";
    .port_info 15 /OUTPUT 3 "rob_idx_out";
    .port_info 16 /OUTPUT 1 "rs_free_for_input_out";
    .port_info 17 /OUTPUT 1 "rs_output_valid_out";
P_0x5631be239090 .param/l "RS_DEPTH" 1 12 28, +C4<00000000000000000000000000000011>;
v0x5631be239cc0_0 .net "Q_i_in", 2 0, v0x5631be237ce0_0;  alias, 1 drivers
v0x5631be239dd0 .array "Q_i_row", 0 2, 2 0;
v0x5631be239e70_0 .net "Q_j_in", 2 0, v0x5631be237e50_0;  alias, 1 drivers
v0x5631be239f70 .array "Q_j_row", 0 2, 2 0;
v0x5631be23a010_0 .net/s "V_i_in", 31 0, v0x5631be237380_0;  alias, 1 drivers
v0x5631be23a120 .array "V_i_row", 0 2, 31 0;
v0x5631be23a1c0_0 .net/s "V_j_in", 31 0, v0x5631be237460_0;  alias, 1 drivers
v0x5631be23a2b0 .array "V_j_row", 0 2, 31 0;
v0x5631be23a350 .array "busy_row", 0 2, 0 0;
v0x5631be23a470_0 .net "clk_in", 0 0, o0x7fb77ab80578;  alias, 0 drivers
v0x5631be23a510_0 .net "fu_busy_in", 0 0, L_0x5631be252130;  1 drivers
v0x5631be23a5d0_0 .net "i_ready", 0 0, v0x5631be237b60_0;  alias, 1 drivers
v0x5631be23a6a0_0 .net "j_ready", 0 0, v0x5631be237c20_0;  alias, 1 drivers
v0x5631be23a770_0 .var "occupied_row", 2 0;
v0x5631be23a810_0 .net "opcode_in", 3 0, v0x5631be232830_0;  alias, 1 drivers
v0x5631be23a900_0 .var "opcode_out", 3 0;
v0x5631be23a9d0 .array "opcode_row", 0 2, 3 0;
v0x5631be23ab80_0 .var "open_row", 2 0;
L_0x7fb77ab36210 .functor BUFT 1, C4<000>, C4<0>, C4<0>, C4<0>;
v0x5631be23ac60_0 .net "rob_idx_in", 2 0, L_0x7fb77ab36210;  1 drivers
v0x5631be23ad40_0 .var "rob_idx_out", 2 0;
v0x5631be23ae30 .array "rob_idx_row", 0 2, 2 0;
v0x5631be23aed0_0 .var "row_ready", 0 0;
v0x5631be23af90_0 .var "rs_free_for_input_out", 0 0;
v0x5631be23b050_0 .var "rs_output_valid_out", 0 0;
v0x5631be23b120_0 .net "rst_in", 0 0, L_0x5631be251810;  alias, 1 drivers
v0x5631be23b1c0_0 .var/s "rval1_out", 31 0;
v0x5631be23b290_0 .var/s "rval2_out", 31 0;
v0x5631be23b360_0 .var "valid_in", 0 0;
v0x5631be23b400_0 .net "valid_input_in", 0 0, v0x5631be23daa0_0;  1 drivers
v0x5631be23a350_0 .array/port v0x5631be23a350, 0;
v0x5631be23a350_1 .array/port v0x5631be23a350, 1;
v0x5631be23a350_2 .array/port v0x5631be23a350, 2;
E_0x5631be239390/0 .event edge, v0x5631be23a350_0, v0x5631be23a350_1, v0x5631be23a350_2, v0x5631be237b60_0;
E_0x5631be239390/1 .event edge, v0x5631be237c20_0;
E_0x5631be239390 .event/or E_0x5631be239390/0, E_0x5631be239390/1;
S_0x5631be239420 .scope begin, "$ivl_for_loop3" "$ivl_for_loop3" 12 48, 12 48 0, S_0x5631be238e60;
 .timescale -9 -12;
v0x5631be239620_0 .var/2s "i", 31 0;
S_0x5631be239720 .scope begin, "$ivl_for_loop4" "$ivl_for_loop4" 12 82, 12 82 0, S_0x5631be238e60;
 .timescale -9 -12;
v0x5631be239920_0 .var/2s "i", 31 0;
S_0x5631be239a00 .scope begin, "$ivl_for_loop5" "$ivl_for_loop5" 12 88, 12 88 0, S_0x5631be238e60;
 .timescale -9 -12;
v0x5631be239be0_0 .var/2s "i", 31 0;
S_0x5631be130840 .scope module, "xilinx_single_port_ram_read_first" "xilinx_single_port_ram_read_first" 13 10;
 .timescale -9 -12;
    .port_info 0 /INPUT 10 "addra";
    .port_info 1 /INPUT 18 "dina";
    .port_info 2 /INPUT 1 "clka";
    .port_info 3 /INPUT 1 "wea";
    .port_info 4 /INPUT 1 "ena";
    .port_info 5 /INPUT 1 "rsta";
    .port_info 6 /INPUT 1 "regcea";
    .port_info 7 /OUTPUT 18 "douta";
P_0x5631be1309d0 .param/str "INIT_FILE" 0 13 14, "\000";
P_0x5631be130a10 .param/l "RAM_DEPTH" 0 13 12, +C4<00000000000000000000010000000000>;
P_0x5631be130a50 .param/str "RAM_PERFORMANCE" 0 13 13, "HIGH_PERFORMANCE";
P_0x5631be130a90 .param/l "RAM_WIDTH" 0 13 11, +C4<00000000000000000000000000010010>;
v0x5631be23f1f0 .array "BRAM", 0 1023, 17 0;
o0x7fb77ab82f78 .functor BUFZ 10, C4<zzzzzzzzzz>; HiZ drive
v0x5631be23f2d0_0 .net "addra", 9 0, o0x7fb77ab82f78;  0 drivers
o0x7fb77ab82fa8 .functor BUFZ 1, C4<z>; HiZ drive
v0x5631be23f3b0_0 .net "clka", 0 0, o0x7fb77ab82fa8;  0 drivers
o0x7fb77ab82fd8 .functor BUFZ 18, C4<zzzzzzzzzzzzzzzzzz>; HiZ drive
v0x5631be23f450_0 .net "dina", 17 0, o0x7fb77ab82fd8;  0 drivers
v0x5631be23f530_0 .net "douta", 17 0, L_0x5631be252510;  1 drivers
o0x7fb77ab83038 .functor BUFZ 1, C4<z>; HiZ drive
v0x5631be23f660_0 .net "ena", 0 0, o0x7fb77ab83038;  0 drivers
v0x5631be23f720_0 .var "ram_data", 17 0;
o0x7fb77ab83098 .functor BUFZ 1, C4<z>; HiZ drive
v0x5631be23f800_0 .net "regcea", 0 0, o0x7fb77ab83098;  0 drivers
o0x7fb77ab830c8 .functor BUFZ 1, C4<z>; HiZ drive
v0x5631be23f8c0_0 .net "rsta", 0 0, o0x7fb77ab830c8;  0 drivers
o0x7fb77ab830f8 .functor BUFZ 1, C4<z>; HiZ drive
v0x5631be23fa10_0 .net "wea", 0 0, o0x7fb77ab830f8;  0 drivers
S_0x5631be23e840 .scope function.vec4.u32, "clogb2" "clogb2" 13 74, 13 74 0, S_0x5631be130840;
 .timescale -9 -12;
; Variable clogb2 is vec4 return value of scope S_0x5631be23e840
v0x5631be23eaf0_0 .var/i "depth", 31 0;
TD_xilinx_single_port_ram_read_first.clogb2 ;
    %pushi/vec4 0, 0, 32;
    %ret/vec4 0, 0, 32;  Assign to clogb2 (store_vec4_to_lval)
T_0.0 ;
    %load/vec4 v0x5631be23eaf0_0;
    %cmpi/s 0, 0, 32;
    %flag_or 5, 4; GT is !LE
    %flag_inv 5;
    %jmp/0xz T_0.1, 5;
    %load/vec4 v0x5631be23eaf0_0;
    %ix/load 4, 1, 0;
    %flag_set/imm 4, 0;
    %shiftr 4;
    %store/vec4 v0x5631be23eaf0_0, 0, 32;
    %retload/vec4 0; Load clogb2 (draw_signal_vec4)
    %addi 1, 0, 32;
    %ret/vec4 0, 0, 32;  Assign to clogb2 (store_vec4_to_lval)
    %jmp T_0.0;
T_0.1 ;
    %end;
S_0x5631be23ebd0 .scope generate, "init_bram_to_zero" "init_bram_to_zero" 13 31, 13 31 0, S_0x5631be130840;
 .timescale -9 -12;
v0x5631be23edd0_0 .var/i "ram_index", 31 0;
S_0x5631be23eeb0 .scope generate, "output_register" "output_register" 13 51, 13 51 0, S_0x5631be130840;
 .timescale -9 -12;
L_0x5631be252510 .functor BUFZ 18, v0x5631be23f0f0_0, C4<000000000000000000>, C4<000000000000000000>, C4<000000000000000000>;
v0x5631be23f0f0_0 .var "douta_reg", 17 0;
E_0x5631be23f090 .event posedge, v0x5631be23f3b0_0;
S_0x5631be1343c0 .scope module, "xilinx_single_port_ram_write_first" "xilinx_single_port_ram_write_first" 14 9;
 .timescale -9 -12;
    .port_info 0 /INPUT 10 "addra";
    .port_info 1 /INPUT 18 "dina";
    .port_info 2 /INPUT 1 "clka";
    .port_info 3 /INPUT 1 "wea";
    .port_info 4 /INPUT 1 "ena";
    .port_info 5 /INPUT 1 "rsta";
    .port_info 6 /INPUT 1 "regcea";
    .port_info 7 /OUTPUT 18 "douta";
P_0x5631be134550 .param/str "INIT_FILE" 0 14 13, "\000";
P_0x5631be134590 .param/l "RAM_DEPTH" 0 14 11, +C4<00000000000000000000010000000000>;
P_0x5631be1345d0 .param/str "RAM_PERFORMANCE" 0 14 12, "HIGH_PERFORMANCE";
P_0x5631be134610 .param/l "RAM_WIDTH" 0 14 10, +C4<00000000000000000000000000010010>;
v0x5631be240580 .array "BRAM", 0 1023, 17 0;
o0x7fb77ab83368 .functor BUFZ 10, C4<zzzzzzzzzz>; HiZ drive
v0x5631be240660_0 .net "addra", 9 0, o0x7fb77ab83368;  0 drivers
o0x7fb77ab83398 .functor BUFZ 1, C4<z>; HiZ drive
v0x5631be240740_0 .net "clka", 0 0, o0x7fb77ab83398;  0 drivers
o0x7fb77ab833c8 .functor BUFZ 18, C4<zzzzzzzzzzzzzzzzzz>; HiZ drive
v0x5631be2407e0_0 .net "dina", 17 0, o0x7fb77ab833c8;  0 drivers
v0x5631be2408c0_0 .net "douta", 17 0, L_0x5631be2525b0;  1 drivers
o0x7fb77ab83428 .functor BUFZ 1, C4<z>; HiZ drive
v0x5631be2409f0_0 .net "ena", 0 0, o0x7fb77ab83428;  0 drivers
v0x5631be240ab0_0 .var "ram_data", 17 0;
o0x7fb77ab83488 .functor BUFZ 1, C4<z>; HiZ drive
v0x5631be240b90_0 .net "regcea", 0 0, o0x7fb77ab83488;  0 drivers
o0x7fb77ab834b8 .functor BUFZ 1, C4<z>; HiZ drive
v0x5631be240c50_0 .net "rsta", 0 0, o0x7fb77ab834b8;  0 drivers
o0x7fb77ab834e8 .functor BUFZ 1, C4<z>; HiZ drive
v0x5631be240da0_0 .net "wea", 0 0, o0x7fb77ab834e8;  0 drivers
S_0x5631be23fbd0 .scope function.vec4.u32, "clogb2" "clogb2" 14 74, 14 74 0, S_0x5631be1343c0;
 .timescale -9 -12;
; Variable clogb2 is vec4 return value of scope S_0x5631be23fbd0
v0x5631be23fe80_0 .var/i "depth", 31 0;
TD_xilinx_single_port_ram_write_first.clogb2 ;
    %pushi/vec4 0, 0, 32;
    %ret/vec4 0, 0, 32;  Assign to clogb2 (store_vec4_to_lval)
T_1.2 ;
    %load/vec4 v0x5631be23fe80_0;
    %cmpi/s 0, 0, 32;
    %flag_or 5, 4; GT is !LE
    %flag_inv 5;
    %jmp/0xz T_1.3, 5;
    %load/vec4 v0x5631be23fe80_0;
    %ix/load 4, 1, 0;
    %flag_set/imm 4, 0;
    %shiftr 4;
    %store/vec4 v0x5631be23fe80_0, 0, 32;
    %retload/vec4 0; Load clogb2 (draw_signal_vec4)
    %addi 1, 0, 32;
    %ret/vec4 0, 0, 32;  Assign to clogb2 (store_vec4_to_lval)
    %jmp T_1.2;
T_1.3 ;
    %end;
S_0x5631be23ff60 .scope generate, "init_bram_to_zero" "init_bram_to_zero" 14 30, 14 30 0, S_0x5631be1343c0;
 .timescale -9 -12;
v0x5631be240160_0 .var/i "ram_index", 31 0;
S_0x5631be240240 .scope generate, "output_register" "output_register" 14 51, 14 51 0, S_0x5631be1343c0;
 .timescale -9 -12;
L_0x5631be2525b0 .functor BUFZ 18, v0x5631be240480_0, C4<000000000000000000>, C4<000000000000000000>, C4<000000000000000000>;
v0x5631be240480_0 .var "douta_reg", 17 0;
E_0x5631be240420 .event posedge, v0x5631be240740_0;
    .scope S_0x5631be15a730;
T_2 ;
    %wait E_0x5631be2186c0;
    %load/vec4 v0x5631be22e680_0;
    %flag_set/vec4 8;
    %jmp/0xz  T_2.0, 8;
    %pushi/vec4 0, 0, 1;
    %assign/vec4 v0x5631be1eff70_0, 0;
    %pushi/vec4 0, 0, 1;
    %assign/vec4 v0x5631be22ede0_0, 0;
    %pushi/vec4 0, 0, 1;
    %assign/vec4 v0x5631be22ec60_0, 0;
    %pushi/vec4 0, 0, 1;
    %assign/vec4 v0x5631be22eba0_0, 0;
    %jmp T_2.1;
T_2.0 ;
    %load/vec4 v0x5631be22ed20_0;
    %flag_set/vec4 8;
    %jmp/0xz  T_2.2, 8;
    %pushi/vec4 1, 0, 25;
    %assign/vec4 v0x5631be22eac0_0, 0;
    %pushi/vec4 0, 0, 1;
    %assign/vec4 v0x5631be22ec60_0, 0;
    %pushi/vec4 1, 0, 1;
    %assign/vec4 v0x5631be22eba0_0, 0;
T_2.2 ;
    %load/vec4 v0x5631be22eba0_0;
    %flag_set/vec4 8;
    %jmp/0xz  T_2.4, 8;
    %load/vec4 v0x5631be22ec60_0;
    %nor/r;
    %flag_set/vec4 8;
    %jmp/0xz  T_2.6, 8;
    %fork t_1, S_0x5631be164e30;
    %jmp t_0;
    .scope S_0x5631be164e30;
t_1 ;
    %pushi/vec4 1, 0, 32;
    %store/vec4 v0x5631be1a3b30_0, 0, 32;
T_2.8 ;
    %load/vec4 v0x5631be1a3b30_0;
    %cmpi/s 25, 0, 32;
    %jmp/0xz T_2.9, 5;
    %load/vec4 v0x5631be22eac0_0;
    %load/vec4 v0x5631be1a3b30_0;
    %subi 1, 0, 32;
    %part/s 1;
    %ix/load 5, 0, 0;
    %ix/getv/s 4, v0x5631be1a3b30_0;
    %assign/vec4/off/d v0x5631be22eac0_0, 4, 5;
    %load/vec4 v0x5631be1a3b30_0;
    %addi 1, 0, 32;
    %cast2;
    %store/vec4 v0x5631be1a3b30_0, 0, 32;
    %jmp T_2.8;
T_2.9 ;
    %end;
    .scope S_0x5631be15a730;
t_0 %join;
    %load/vec4 v0x5631be22eac0_0;
    %parti/s 1, 24, 6;
    %pad/u 32;
    %cmpi/e 1, 0, 32;
    %jmp/0xz  T_2.10, 4;
    %pushi/vec4 1, 0, 1;
    %assign/vec4 v0x5631be22ec60_0, 0;
T_2.10 ;
    %jmp T_2.7;
T_2.6 ;
    %load/vec4 v0x5631be2052c0_0;
    %flag_set/vec4 8;
    %jmp/0xz  T_2.12, 8;
    %pushi/vec4 0, 0, 1;
    %assign/vec4 v0x5631be22ede0_0, 0;
    %pushi/vec4 1, 0, 1;
    %assign/vec4 v0x5631be1eff70_0, 0;
    %pushi/vec4 0, 0, 1;
    %assign/vec4 v0x5631be22eba0_0, 0;
    %jmp T_2.13;
T_2.12 ;
    %pushi/vec4 1, 0, 1;
    %assign/vec4 v0x5631be22ede0_0, 0;
    %pushi/vec4 0, 0, 1;
    %assign/vec4 v0x5631be1eff70_0, 0;
T_2.13 ;
T_2.7 ;
T_2.4 ;
T_2.1 ;
    %jmp T_2;
    .thread T_2;
    .scope S_0x5631be15a730;
T_3 ;
Ewait_0 .event/or E_0x5631be10f0d0, E_0x0;
    %wait Ewait_0;
    %load/vec4 v0x5631be219d00_0;
    %dup/vec4;
    %pushi/vec4 0, 0, 4;
    %cmp/u;
    %jmp/1 T_3.0, 6;
    %dup/vec4;
    %pushi/vec4 1, 0, 4;
    %cmp/u;
    %jmp/1 T_3.1, 6;
    %dup/vec4;
    %pushi/vec4 2, 0, 4;
    %cmp/u;
    %jmp/1 T_3.2, 6;
    %dup/vec4;
    %pushi/vec4 3, 0, 4;
    %cmp/u;
    %jmp/1 T_3.3, 6;
    %dup/vec4;
    %pushi/vec4 4, 0, 4;
    %cmp/u;
    %jmp/1 T_3.4, 6;
    %dup/vec4;
    %pushi/vec4 5, 0, 4;
    %cmp/u;
    %jmp/1 T_3.5, 6;
    %dup/vec4;
    %pushi/vec4 6, 0, 4;
    %cmp/u;
    %jmp/1 T_3.6, 6;
    %dup/vec4;
    %pushi/vec4 7, 0, 4;
    %cmp/u;
    %jmp/1 T_3.7, 6;
    %dup/vec4;
    %pushi/vec4 8, 0, 4;
    %cmp/u;
    %jmp/1 T_3.8, 6;
    %dup/vec4;
    %pushi/vec4 9, 0, 4;
    %cmp/u;
    %jmp/1 T_3.9, 6;
    %pushi/vec4 0, 0, 32;
    %store/vec4 v0x5631be20b6f0_0, 0, 32;
    %jmp T_3.11;
T_3.0 ;
    %load/vec4 v0x5631be22e740_0;
    %load/vec4 v0x5631be22e900_0;
    %add;
    %store/vec4 v0x5631be20b6f0_0, 0, 32;
    %jmp T_3.11;
T_3.1 ;
    %load/vec4 v0x5631be22e740_0;
    %load/vec4 v0x5631be22e900_0;
    %sub;
    %store/vec4 v0x5631be20b6f0_0, 0, 32;
    %jmp T_3.11;
T_3.2 ;
    %load/vec4 v0x5631be22e740_0;
    %load/vec4 v0x5631be22e900_0;
    %and;
    %store/vec4 v0x5631be20b6f0_0, 0, 32;
    %jmp T_3.11;
T_3.3 ;
    %load/vec4 v0x5631be22e740_0;
    %load/vec4 v0x5631be22e900_0;
    %or;
    %store/vec4 v0x5631be20b6f0_0, 0, 32;
    %jmp T_3.11;
T_3.4 ;
    %load/vec4 v0x5631be22e740_0;
    %load/vec4 v0x5631be22e900_0;
    %xor;
    %store/vec4 v0x5631be20b6f0_0, 0, 32;
    %jmp T_3.11;
T_3.5 ;
    %load/vec4 v0x5631be22e740_0;
    %load/vec4 v0x5631be22e900_0;
    %cmp/s;
    %flag_mov 8, 5;
    %jmp/0 T_3.12, 8;
    %pushi/vec4 1, 0, 32;
    %jmp/1 T_3.13, 8;
T_3.12 ; End of true expr.
    %pushi/vec4 0, 0, 32;
    %jmp/0 T_3.13, 8;
 ; End of false expr.
    %blend;
T_3.13;
    %store/vec4 v0x5631be20b6f0_0, 0, 32;
    %jmp T_3.11;
T_3.6 ;
    %load/vec4 v0x5631be22e820_0;
    %load/vec4 v0x5631be22e9e0_0;
    %cmp/u;
    %flag_mov 8, 5;
    %jmp/0 T_3.14, 8;
    %pushi/vec4 1, 0, 32;
    %jmp/1 T_3.15, 8;
T_3.14 ; End of true expr.
    %pushi/vec4 0, 0, 32;
    %jmp/0 T_3.15, 8;
 ; End of false expr.
    %blend;
T_3.15;
    %store/vec4 v0x5631be20b6f0_0, 0, 32;
    %jmp T_3.11;
T_3.7 ;
    %load/vec4 v0x5631be22e740_0;
    %load/vec4 v0x5631be22e900_0;
    %ix/vec4 4;
    %shiftl 4;
    %store/vec4 v0x5631be20b6f0_0, 0, 32;
    %jmp T_3.11;
T_3.8 ;
    %load/vec4 v0x5631be22e740_0;
    %load/vec4 v0x5631be22e900_0;
    %ix/vec4 4;
    %shiftr/s 4;
    %store/vec4 v0x5631be20b6f0_0, 0, 32;
    %jmp T_3.11;
T_3.9 ;
    %load/vec4 v0x5631be22e740_0;
    %load/vec4 v0x5631be22e900_0;
    %ix/vec4 4;
    %shiftr 4;
    %store/vec4 v0x5631be20b6f0_0, 0, 32;
    %jmp T_3.11;
T_3.11 ;
    %pop/vec4 1;
    %jmp T_3;
    .thread T_3, $push;
    .scope S_0x5631be22f060;
T_4 ;
Ewait_1 .event/or E_0x5631be218f30, E_0x0;
    %wait Ewait_1;
    %load/vec4 v0x5631be22f320_0;
    %dup/vec4;
    %pushi/vec4 0, 0, 3;
    %cmp/u;
    %jmp/1 T_4.0, 6;
    %dup/vec4;
    %pushi/vec4 1, 0, 3;
    %cmp/u;
    %jmp/1 T_4.1, 6;
    %dup/vec4;
    %pushi/vec4 2, 0, 3;
    %cmp/u;
    %jmp/1 T_4.2, 6;
    %dup/vec4;
    %pushi/vec4 3, 0, 3;
    %cmp/u;
    %jmp/1 T_4.3, 6;
    %dup/vec4;
    %pushi/vec4 4, 0, 3;
    %cmp/u;
    %jmp/1 T_4.4, 6;
    %dup/vec4;
    %pushi/vec4 5, 0, 3;
    %cmp/u;
    %jmp/1 T_4.5, 6;
    %pushi/vec4 0, 0, 1;
    %store/vec4 v0x5631be22f240_0, 0, 1;
    %jmp T_4.7;
T_4.0 ;
    %load/vec4 v0x5631be22f400_0;
    %load/vec4 v0x5631be22f560_0;
    %cmp/e;
    %flag_get/vec4 4;
    %store/vec4 v0x5631be22f240_0, 0, 1;
    %jmp T_4.7;
T_4.1 ;
    %load/vec4 v0x5631be22f400_0;
    %load/vec4 v0x5631be22f560_0;
    %cmp/ne;
    %flag_get/vec4 4;
    %store/vec4 v0x5631be22f240_0, 0, 1;
    %jmp T_4.7;
T_4.2 ;
    %load/vec4 v0x5631be22f400_0;
    %load/vec4 v0x5631be22f560_0;
    %cmp/s;
    %flag_get/vec4 5;
    %store/vec4 v0x5631be22f240_0, 0, 1;
    %jmp T_4.7;
T_4.3 ;
    %load/vec4 v0x5631be22f4a0_0;
    %load/vec4 v0x5631be22f670_0;
    %cmp/u;
    %flag_get/vec4 5;
    %store/vec4 v0x5631be22f240_0, 0, 1;
    %jmp T_4.7;
T_4.4 ;
    %load/vec4 v0x5631be22f560_0;
    %load/vec4 v0x5631be22f400_0;
    %cmp/s;
    %flag_get/vec4 4;
    %flag_get/vec4 5;
    %or;
    %store/vec4 v0x5631be22f240_0, 0, 1;
    %jmp T_4.7;
T_4.5 ;
    %load/vec4 v0x5631be22f670_0;
    %load/vec4 v0x5631be22f4a0_0;
    %cmp/u;
    %flag_get/vec4 4;
    %flag_get/vec4 5;
    %or;
    %store/vec4 v0x5631be22f240_0, 0, 1;
    %jmp T_4.7;
T_4.7 ;
    %pop/vec4 1;
    %jmp T_4;
    .thread T_4, $push;
    .scope S_0x5631be1dd4d0;
T_5 ;
Ewait_2 .event/or E_0x5631be127240, E_0x0;
    %wait Ewait_2;
    %load/vec4 v0x5631be230230_0;
    %pad/u 32;
    %cmpi/e 0, 0, 32;
    %flag_mov 8, 4;
    %load/vec4 v0x5631be230230_0;
    %pad/u 32;
    %cmpi/e 1, 0, 32;
    %flag_or 4, 8;
    %jmp/0xz  T_5.0, 4;
    %load/vec4 v0x5631be22fde0_0;
    %store/vec4 v0x5631be230190_0, 0, 32;
    %load/vec4 v0x5631be2303f0_0;
    %store/vec4 v0x5631be2304d0_0, 0, 32;
    %jmp T_5.1;
T_5.0 ;
    %load/vec4 v0x5631be230230_0;
    %pad/u 32;
    %cmpi/e 2, 0, 32;
    %jmp/0xz  T_5.2, 4;
    %pushi/vec4 0, 0, 32;
    %store/vec4 v0x5631be230190_0, 0, 32;
    %load/vec4 v0x5631be2300f0_0;
    %flag_set/vec4 8;
    %jmp/0 T_5.4, 8;
    %load/vec4 v0x5631be2306c0_0;
    %load/vec4 v0x5631be230310_0;
    %add;
    %jmp/1 T_5.5, 8;
T_5.4 ; End of true expr.
    %load/vec4 v0x5631be2303f0_0;
    %jmp/0 T_5.5, 8;
 ; End of false expr.
    %blend;
T_5.5;
    %store/vec4 v0x5631be2304d0_0, 0, 32;
    %jmp T_5.3;
T_5.2 ;
    %load/vec4 v0x5631be230230_0;
    %pad/u 32;
    %cmpi/e 3, 0, 32;
    %jmp/0xz  T_5.6, 4;
    %load/vec4 v0x5631be230310_0;
    %store/vec4 v0x5631be230190_0, 0, 32;
    %load/vec4 v0x5631be2303f0_0;
    %store/vec4 v0x5631be2304d0_0, 0, 32;
    %jmp T_5.7;
T_5.6 ;
    %load/vec4 v0x5631be230230_0;
    %pad/u 32;
    %cmpi/e 4, 0, 32;
    %jmp/0xz  T_5.8, 4;
    %load/vec4 v0x5631be2306c0_0;
    %addi 4, 0, 32;
    %store/vec4 v0x5631be230190_0, 0, 32;
    %load/vec4 v0x5631be2306c0_0;
    %load/vec4 v0x5631be230310_0;
    %add;
    %store/vec4 v0x5631be2304d0_0, 0, 32;
    %jmp T_5.9;
T_5.8 ;
    %load/vec4 v0x5631be230230_0;
    %pad/u 32;
    %cmpi/e 5, 0, 32;
    %jmp/0xz  T_5.10, 4;
    %load/vec4 v0x5631be2306c0_0;
    %addi 4, 0, 32;
    %store/vec4 v0x5631be230190_0, 0, 32;
    %load/vec4 v0x5631be2307a0_0;
    %load/vec4 v0x5631be230310_0;
    %add;
    %pushi/vec4 4294967294, 0, 32;
    %and;
    %store/vec4 v0x5631be2304d0_0, 0, 32;
    %jmp T_5.11;
T_5.10 ;
    %load/vec4 v0x5631be230230_0;
    %pad/u 32;
    %cmpi/e 7, 0, 32;
    %jmp/0xz  T_5.12, 4;
    %load/vec4 v0x5631be230880_0;
    %store/vec4 v0x5631be230190_0, 0, 32;
    %load/vec4 v0x5631be2303f0_0;
    %store/vec4 v0x5631be2304d0_0, 0, 32;
    %jmp T_5.13;
T_5.12 ;
    %load/vec4 v0x5631be230230_0;
    %pad/u 32;
    %cmpi/e 8, 0, 32;
    %jmp/0xz  T_5.14, 4;
    %load/vec4 v0x5631be2306c0_0;
    %load/vec4 v0x5631be230310_0;
    %add;
    %store/vec4 v0x5631be230190_0, 0, 32;
    %load/vec4 v0x5631be2303f0_0;
    %store/vec4 v0x5631be2304d0_0, 0, 32;
    %jmp T_5.15;
T_5.14 ;
    %pushi/vec4 0, 0, 32;
    %store/vec4 v0x5631be230190_0, 0, 32;
    %load/vec4 v0x5631be2303f0_0;
    %store/vec4 v0x5631be2304d0_0, 0, 32;
T_5.15 ;
T_5.13 ;
T_5.11 ;
T_5.9 ;
T_5.7 ;
T_5.3 ;
T_5.1 ;
    %jmp T_5;
    .thread T_5, $push;
    .scope S_0x5631be230aa0;
T_6 ;
    %wait E_0x5631be2196c0;
    %load/vec4 v0x5631be2319c0_0;
    %flag_set/vec4 8;
    %jmp/0xz  T_6.0, 8;
    %pushi/vec4 0, 0, 2;
    %assign/vec4 v0x5631be231b40_0, 0;
    %pushi/vec4 0, 0, 2;
    %assign/vec4 v0x5631be231820_0, 0;
    %jmp T_6.1;
T_6.0 ;
    %load/vec4 v0x5631be231900_0;
    %load/vec4 v0x5631be231a80_0;
    %and;
    %flag_set/vec4 8;
    %jmp/0xz  T_6.2, 8;
    %load/vec4 v0x5631be231080_0;
    %load/vec4 v0x5631be231b40_0;
    %pad/u 4;
    %ix/vec4 3;
    %ix/load 4, 0, 0; Constant delay
    %assign/vec4/a/d v0x5631be231250, 0, 4;
    %load/vec4 v0x5631be231b40_0;
    %addi 1, 0, 2;
    %assign/vec4 v0x5631be231b40_0, 0;
T_6.2 ;
    %load/vec4 v0x5631be231760_0;
    %load/vec4 v0x5631be230fc0_0;
    %and;
    %flag_set/vec4 8;
    %jmp/0xz  T_6.4, 8;
    %load/vec4 v0x5631be231820_0;
    %addi 1, 0, 2;
    %assign/vec4 v0x5631be231820_0, 0;
T_6.4 ;
T_6.1 ;
    %jmp T_6;
    .thread T_6;
    .scope S_0x5631be230aa0;
T_7 ;
Ewait_3 .event/or E_0x5631be219550, E_0x0;
    %wait Ewait_3;
    %load/vec4 v0x5631be231b40_0;
    %pad/u 32;
    %load/vec4 v0x5631be231820_0;
    %pad/u 32;
    %sub;
    %cmpi/u 4, 0, 32;
    %flag_get/vec4 5;
    %store/vec4 v0x5631be231900_0, 0, 1;
    %pushi/vec4 0, 0, 32;
    %load/vec4 v0x5631be231b40_0;
    %pad/u 32;
    %load/vec4 v0x5631be231820_0;
    %pad/u 32;
    %sub;
    %cmp/u;
    %flag_get/vec4 5;
    %store/vec4 v0x5631be230fc0_0, 0, 1;
    %load/vec4 v0x5631be231820_0;
    %pad/u 4;
    %ix/vec4 4;
    %load/vec4a v0x5631be231250, 4;
    %store/vec4 v0x5631be231170_0, 0, 32;
    %ix/load 4, 0, 0;
    %flag_set/imm 4, 0;
    %load/vec4a v0x5631be231250, 4;
    %store/vec4 v0x5631be2313e0_0, 0, 32;
    %ix/load 4, 1, 0;
    %flag_set/imm 4, 0;
    %load/vec4a v0x5631be231250, 4;
    %store/vec4 v0x5631be2314c0_0, 0, 32;
    %ix/load 4, 2, 0;
    %flag_set/imm 4, 0;
    %load/vec4a v0x5631be231250, 4;
    %store/vec4 v0x5631be2315a0_0, 0, 32;
    %ix/load 4, 3, 0;
    %flag_set/imm 4, 0;
    %load/vec4a v0x5631be231250, 4;
    %store/vec4 v0x5631be231680_0, 0, 32;
    %jmp T_7;
    .thread T_7, $push;
    .scope S_0x5631be20e500;
T_8 ;
    %delay 5000, 0;
    %load/vec4 v0x5631be231d20_0;
    %nor/r;
    %store/vec4 v0x5631be231d20_0, 0, 1;
    %jmp T_8;
    .thread T_8;
    .scope S_0x5631be20e500;
T_9 ;
    %vpi_call/w 6 31 "$dumpfile", "iq_tb.vcd" {0 0 0};
    %vpi_call/w 6 32 "$dumpvars", 32'sb00000000000000000000000000000000, S_0x5631be20e500 {0 0 0};
    %pushi/vec4 1, 0, 1;
    %store/vec4 v0x5631be231d20_0, 0, 1;
    %pushi/vec4 0, 0, 1;
    %store/vec4 v0x5631be232220_0, 0, 1;
    %delay 10000, 0;
    %pushi/vec4 1, 0, 1;
    %store/vec4 v0x5631be232220_0, 0, 1;
    %delay 10000, 0;
    %pushi/vec4 0, 0, 1;
    %store/vec4 v0x5631be232220_0, 0, 1;
    %delay 10000, 0;
    %pushi/vec4 0, 0, 1;
    %store/vec4 v0x5631be2320b0_0, 0, 1;
    %pushi/vec4 1, 0, 1;
    %store/vec4 v0x5631be2322f0_0, 0, 1;
    %pushi/vec4 14, 0, 32;
    %store/vec4 v0x5631be231ee0_0, 0, 32;
    %delay 10000, 0;
    %pushi/vec4 15, 0, 32;
    %store/vec4 v0x5631be231ee0_0, 0, 32;
    %delay 10000, 0;
    %pushi/vec4 0, 0, 1;
    %store/vec4 v0x5631be2322f0_0, 0, 1;
    %vpi_call/w 6 48 "$display", "%d", v0x5631be231fe0_0 {0 0 0};
    %pushi/vec4 1, 0, 1;
    %store/vec4 v0x5631be2320b0_0, 0, 1;
    %delay 10000, 0;
    %vpi_call/w 6 51 "$display", "%d", v0x5631be231fe0_0 {0 0 0};
    %pushi/vec4 1, 0, 1;
    %store/vec4 v0x5631be2320b0_0, 0, 1;
    %delay 10000, 0;
    %pushi/vec4 0, 0, 1;
    %store/vec4 v0x5631be2320b0_0, 0, 1;
    %delay 10000, 0;
    %pushi/vec4 1, 0, 1;
    %store/vec4 v0x5631be2322f0_0, 0, 1;
    %pushi/vec4 10, 0, 32;
    %store/vec4 v0x5631be231ee0_0, 0, 32;
    %delay 10000, 0;
    %pushi/vec4 11, 0, 32;
    %store/vec4 v0x5631be231ee0_0, 0, 32;
    %delay 10000, 0;
    %pushi/vec4 12, 0, 32;
    %store/vec4 v0x5631be231ee0_0, 0, 32;
    %delay 10000, 0;
    %pushi/vec4 13, 0, 32;
    %store/vec4 v0x5631be231ee0_0, 0, 32;
    %delay 10000, 0;
    %pushi/vec4 0, 0, 1;
    %store/vec4 v0x5631be2322f0_0, 0, 1;
    %delay 10000, 0;
    %vpi_call/w 6 68 "$display", "Simulation finished" {0 0 0};
    %vpi_call/w 6 69 "$finish" {0 0 0};
    %end;
    .thread T_9;
    .scope S_0x5631be235040;
T_10 ;
    %wait E_0x5631be233da0;
    %load/vec4 v0x5631be236050_0;
    %flag_set/vec4 8;
    %jmp/0xz  T_10.0, 8;
    %pushi/vec4 0, 0, 2;
    %assign/vec4 v0x5631be2361c0_0, 0;
    %pushi/vec4 0, 0, 2;
    %assign/vec4 v0x5631be235eb0_0, 0;
    %jmp T_10.1;
T_10.0 ;
    %load/vec4 v0x5631be235f90_0;
    %load/vec4 v0x5631be236120_0;
    %and;
    %flag_set/vec4 8;
    %jmp/0xz  T_10.2, 8;
    %load/vec4 v0x5631be235720_0;
    %load/vec4 v0x5631be2361c0_0;
    %pad/u 4;
    %ix/vec4 3;
    %ix/load 4, 0, 0; Constant delay
    %assign/vec4/a/d v0x5631be235900, 0, 4;
    %load/vec4 v0x5631be2361c0_0;
    %addi 1, 0, 2;
    %assign/vec4 v0x5631be2361c0_0, 0;
T_10.2 ;
    %load/vec4 v0x5631be235df0_0;
    %load/vec4 v0x5631be235680_0;
    %and;
    %flag_set/vec4 8;
    %jmp/0xz  T_10.4, 8;
    %load/vec4 v0x5631be235eb0_0;
    %addi 1, 0, 2;
    %assign/vec4 v0x5631be235eb0_0, 0;
T_10.4 ;
T_10.1 ;
    %jmp T_10;
    .thread T_10;
    .scope S_0x5631be235040;
T_11 ;
Ewait_4 .event/or E_0x5631be235510, E_0x0;
    %wait Ewait_4;
    %load/vec4 v0x5631be2361c0_0;
    %pad/u 32;
    %load/vec4 v0x5631be235eb0_0;
    %pad/u 32;
    %sub;
    %cmpi/u 4, 0, 32;
    %flag_get/vec4 5;
    %store/vec4 v0x5631be235f90_0, 0, 1;
    %pushi/vec4 0, 0, 32;
    %load/vec4 v0x5631be2361c0_0;
    %pad/u 32;
    %load/vec4 v0x5631be235eb0_0;
    %pad/u 32;
    %sub;
    %cmp/u;
    %flag_get/vec4 5;
    %store/vec4 v0x5631be235680_0, 0, 1;
    %load/vec4 v0x5631be235eb0_0;
    %pad/u 4;
    %ix/vec4 4;
    %load/vec4a v0x5631be235900, 4;
    %store/vec4 v0x5631be235810_0, 0, 32;
    %ix/load 4, 0, 0;
    %flag_set/imm 4, 0;
    %load/vec4a v0x5631be235900, 4;
    %store/vec4 v0x5631be235a70_0, 0, 32;
    %ix/load 4, 1, 0;
    %flag_set/imm 4, 0;
    %load/vec4a v0x5631be235900, 4;
    %store/vec4 v0x5631be235b50_0, 0, 32;
    %ix/load 4, 2, 0;
    %flag_set/imm 4, 0;
    %load/vec4a v0x5631be235900, 4;
    %store/vec4 v0x5631be235c30_0, 0, 32;
    %ix/load 4, 3, 0;
    %flag_set/imm 4, 0;
    %load/vec4a v0x5631be235900, 4;
    %store/vec4 v0x5631be235d10_0, 0, 32;
    %jmp T_11;
    .thread T_11, $push;
    .scope S_0x5631be232450;
T_12 ;
Ewait_5 .event/or E_0x5631be232760, E_0x0;
    %wait Ewait_5;
    %load/vec4 v0x5631be233180_0;
    %cmpi/e 51, 0, 7;
    %jmp/0xz  T_12.0, 4;
    %pushi/vec4 0, 0, 32;
    %store/vec4 v0x5631be232f30_0, 0, 32;
    %jmp T_12.1;
T_12.0 ;
    %load/vec4 v0x5631be233180_0;
    %cmpi/e 19, 0, 7;
    %jmp/0xz  T_12.2, 4;
    %pushi/vec4 1, 0, 32;
    %store/vec4 v0x5631be232f30_0, 0, 32;
    %jmp T_12.3;
T_12.2 ;
    %load/vec4 v0x5631be233180_0;
    %cmpi/e 3, 0, 7;
    %jmp/0xz  T_12.4, 4;
    %pushi/vec4 1, 0, 32;
    %store/vec4 v0x5631be232f30_0, 0, 32;
    %jmp T_12.5;
T_12.4 ;
    %load/vec4 v0x5631be233180_0;
    %cmpi/e 35, 0, 7;
    %jmp/0xz  T_12.6, 4;
    %pushi/vec4 2, 0, 32;
    %store/vec4 v0x5631be232f30_0, 0, 32;
    %jmp T_12.7;
T_12.6 ;
    %load/vec4 v0x5631be233180_0;
    %cmpi/e 99, 0, 7;
    %jmp/0xz  T_12.8, 4;
    %pushi/vec4 3, 0, 32;
    %store/vec4 v0x5631be232f30_0, 0, 32;
    %jmp T_12.9;
T_12.8 ;
    %load/vec4 v0x5631be233180_0;
    %cmpi/e 111, 0, 7;
    %jmp/0xz  T_12.10, 4;
    %pushi/vec4 5, 0, 32;
    %store/vec4 v0x5631be232f30_0, 0, 32;
    %jmp T_12.11;
T_12.10 ;
    %load/vec4 v0x5631be233180_0;
    %cmpi/e 103, 0, 7;
    %jmp/0xz  T_12.12, 4;
    %pushi/vec4 1, 0, 32;
    %store/vec4 v0x5631be232f30_0, 0, 32;
    %jmp T_12.13;
T_12.12 ;
    %load/vec4 v0x5631be233180_0;
    %cmpi/e 55, 0, 7;
    %jmp/0xz  T_12.14, 4;
    %pushi/vec4 4, 0, 32;
    %store/vec4 v0x5631be232f30_0, 0, 32;
    %jmp T_12.15;
T_12.14 ;
    %load/vec4 v0x5631be233180_0;
    %cmpi/e 23, 0, 7;
    %jmp/0xz  T_12.16, 4;
    %pushi/vec4 4, 0, 32;
    %store/vec4 v0x5631be232f30_0, 0, 32;
    %jmp T_12.17;
T_12.16 ;
    %load/vec4 v0x5631be233180_0;
    %cmpi/e 115, 0, 7;
    %jmp/0xz  T_12.18, 4;
    %pushi/vec4 1, 0, 32;
    %store/vec4 v0x5631be232f30_0, 0, 32;
    %jmp T_12.19;
T_12.18 ;
    %pushi/vec4 6, 0, 32;
    %store/vec4 v0x5631be232f30_0, 0, 32;
T_12.19 ;
T_12.17 ;
T_12.15 ;
T_12.13 ;
T_12.11 ;
T_12.9 ;
T_12.7 ;
T_12.5 ;
T_12.3 ;
T_12.1 ;
    %load/vec4 v0x5631be232f30_0;
    %cmpi/e 0, 0, 32;
    %jmp/0xz  T_12.20, 4;
    %load/vec4 v0x5631be2330a0_0;
    %parti/s 3, 12, 5;
    %store/vec4 v0x5631be232a80_0, 0, 3;
    %load/vec4 v0x5631be2330a0_0;
    %parti/s 7, 25, 6;
    %store/vec4 v0x5631be232b60_0, 0, 7;
    %load/vec4 v0x5631be2330a0_0;
    %parti/s 5, 15, 5;
    %store/vec4 v0x5631be233420_0, 0, 5;
    %load/vec4 v0x5631be2330a0_0;
    %parti/s 5, 20, 6;
    %store/vec4 v0x5631be2335e0_0, 0, 5;
    %load/vec4 v0x5631be2330a0_0;
    %parti/s 5, 7, 4;
    %store/vec4 v0x5631be233260_0, 0, 5;
    %pushi/vec4 0, 0, 32;
    %store/vec4 v0x5631be232d70_0, 0, 32;
    %jmp T_12.21;
T_12.20 ;
    %load/vec4 v0x5631be232f30_0;
    %cmpi/e 1, 0, 32;
    %jmp/0xz  T_12.22, 4;
    %load/vec4 v0x5631be2330a0_0;
    %parti/s 3, 12, 5;
    %store/vec4 v0x5631be232a80_0, 0, 3;
    %pushi/vec4 0, 0, 7;
    %store/vec4 v0x5631be232b60_0, 0, 7;
    %load/vec4 v0x5631be2330a0_0;
    %parti/s 5, 15, 5;
    %store/vec4 v0x5631be233420_0, 0, 5;
    %pushi/vec4 0, 0, 5;
    %store/vec4 v0x5631be2335e0_0, 0, 5;
    %load/vec4 v0x5631be2330a0_0;
    %parti/s 5, 7, 4;
    %store/vec4 v0x5631be233260_0, 0, 5;
    %pushi/vec4 0, 0, 20;
    %load/vec4 v0x5631be2330a0_0;
    %parti/s 12, 20, 6;
    %concat/vec4; draw_concat_vec4
    %store/vec4 v0x5631be232d70_0, 0, 32;
    %jmp T_12.23;
T_12.22 ;
    %load/vec4 v0x5631be232f30_0;
    %cmpi/e 2, 0, 32;
    %jmp/0xz  T_12.24, 4;
    %load/vec4 v0x5631be2330a0_0;
    %parti/s 3, 12, 5;
    %store/vec4 v0x5631be232a80_0, 0, 3;
    %pushi/vec4 0, 0, 7;
    %store/vec4 v0x5631be232b60_0, 0, 7;
    %load/vec4 v0x5631be2330a0_0;
    %parti/s 5, 15, 5;
    %store/vec4 v0x5631be233420_0, 0, 5;
    %load/vec4 v0x5631be2330a0_0;
    %parti/s 5, 20, 6;
    %store/vec4 v0x5631be2335e0_0, 0, 5;
    %pushi/vec4 0, 0, 5;
    %store/vec4 v0x5631be233260_0, 0, 5;
    %pushi/vec4 0, 0, 20;
    %load/vec4 v0x5631be2330a0_0;
    %parti/s 7, 25, 6;
    %concat/vec4; draw_concat_vec4
    %load/vec4 v0x5631be2330a0_0;
    %parti/s 5, 7, 4;
    %concat/vec4; draw_concat_vec4
    %store/vec4 v0x5631be232d70_0, 0, 32;
    %jmp T_12.25;
T_12.24 ;
    %load/vec4 v0x5631be232f30_0;
    %cmpi/e 3, 0, 32;
    %jmp/0xz  T_12.26, 4;
    %load/vec4 v0x5631be2330a0_0;
    %parti/s 3, 12, 5;
    %store/vec4 v0x5631be232a80_0, 0, 3;
    %pushi/vec4 0, 0, 7;
    %store/vec4 v0x5631be232b60_0, 0, 7;
    %load/vec4 v0x5631be2330a0_0;
    %parti/s 5, 15, 5;
    %store/vec4 v0x5631be233420_0, 0, 5;
    %load/vec4 v0x5631be2330a0_0;
    %parti/s 5, 20, 6;
    %store/vec4 v0x5631be2335e0_0, 0, 5;
    %pushi/vec4 0, 0, 5;
    %store/vec4 v0x5631be233260_0, 0, 5;
    %pushi/vec4 0, 0, 19;
    %load/vec4 v0x5631be2330a0_0;
    %parti/s 1, 31, 6;
    %concat/vec4; draw_concat_vec4
    %load/vec4 v0x5631be2330a0_0;
    %parti/s 6, 25, 6;
    %concat/vec4; draw_concat_vec4
    %load/vec4 v0x5631be2330a0_0;
    %parti/s 1, 7, 4;
    %concat/vec4; draw_concat_vec4
    %load/vec4 v0x5631be2330a0_0;
    %parti/s 4, 8, 5;
    %concat/vec4; draw_concat_vec4
    %concati/vec4 0, 0, 1;
    %store/vec4 v0x5631be232d70_0, 0, 32;
    %jmp T_12.27;
T_12.26 ;
    %load/vec4 v0x5631be232f30_0;
    %cmpi/e 4, 0, 32;
    %jmp/0xz  T_12.28, 4;
    %pushi/vec4 0, 0, 3;
    %store/vec4 v0x5631be232a80_0, 0, 3;
    %pushi/vec4 0, 0, 7;
    %store/vec4 v0x5631be232b60_0, 0, 7;
    %pushi/vec4 0, 0, 5;
    %store/vec4 v0x5631be233420_0, 0, 5;
    %pushi/vec4 0, 0, 5;
    %store/vec4 v0x5631be2335e0_0, 0, 5;
    %load/vec4 v0x5631be2330a0_0;
    %parti/s 5, 7, 4;
    %store/vec4 v0x5631be233260_0, 0, 5;
    %load/vec4 v0x5631be2330a0_0;
    %parti/s 20, 12, 5;
    %concati/vec4 0, 0, 12;
    %store/vec4 v0x5631be232d70_0, 0, 32;
    %jmp T_12.29;
T_12.28 ;
    %load/vec4 v0x5631be232f30_0;
    %cmpi/e 5, 0, 32;
    %jmp/0xz  T_12.30, 4;
    %pushi/vec4 0, 0, 3;
    %store/vec4 v0x5631be232a80_0, 0, 3;
    %pushi/vec4 0, 0, 7;
    %store/vec4 v0x5631be232b60_0, 0, 7;
    %pushi/vec4 0, 0, 5;
    %store/vec4 v0x5631be233420_0, 0, 5;
    %pushi/vec4 0, 0, 5;
    %store/vec4 v0x5631be2335e0_0, 0, 5;
    %load/vec4 v0x5631be2330a0_0;
    %parti/s 5, 7, 4;
    %store/vec4 v0x5631be233260_0, 0, 5;
    %pushi/vec4 0, 0, 11;
    %load/vec4 v0x5631be2330a0_0;
    %parti/s 1, 31, 6;
    %concat/vec4; draw_concat_vec4
    %load/vec4 v0x5631be2330a0_0;
    %parti/s 10, 12, 5;
    %concat/vec4; draw_concat_vec4
    %load/vec4 v0x5631be2330a0_0;
    %parti/s 1, 22, 6;
    %concat/vec4; draw_concat_vec4
    %load/vec4 v0x5631be2330a0_0;
    %parti/s 8, 23, 6;
    %concat/vec4; draw_concat_vec4
    %concati/vec4 0, 0, 1;
    %store/vec4 v0x5631be232d70_0, 0, 32;
    %jmp T_12.31;
T_12.30 ;
    %pushi/vec4 0, 0, 3;
    %store/vec4 v0x5631be232a80_0, 0, 3;
    %pushi/vec4 0, 0, 7;
    %store/vec4 v0x5631be232b60_0, 0, 7;
    %pushi/vec4 0, 0, 5;
    %store/vec4 v0x5631be233420_0, 0, 5;
    %pushi/vec4 0, 0, 5;
    %store/vec4 v0x5631be2335e0_0, 0, 5;
    %pushi/vec4 0, 0, 5;
    %store/vec4 v0x5631be233260_0, 0, 5;
    %pushi/vec4 0, 0, 32;
    %store/vec4 v0x5631be232d70_0, 0, 32;
T_12.31 ;
T_12.29 ;
T_12.27 ;
T_12.25 ;
T_12.23 ;
T_12.21 ;
    %load/vec4 v0x5631be232d70_0;
    %store/vec4 v0x5631be232e50_0, 0, 32;
    %load/vec4 v0x5631be233420_0;
    %store/vec4 v0x5631be233500_0, 0, 5;
    %load/vec4 v0x5631be2335e0_0;
    %store/vec4 v0x5631be2336c0_0, 0, 5;
    %load/vec4 v0x5631be233260_0;
    %store/vec4 v0x5631be233340_0, 0, 5;
    %load/vec4 v0x5631be232f30_0;
    %cmpi/e 0, 0, 32;
    %jmp/0xz  T_12.32, 4;
    %pushi/vec4 0, 0, 4;
    %store/vec4 v0x5631be232c90_0, 0, 4;
    %load/vec4 v0x5631be232a80_0;
    %pad/u 4;
    %pushi/vec4 0, 0, 4;
    %cmp/e;
    %flag_get/vec4 4;
    %load/vec4 v0x5631be232b60_0;
    %pad/u 8;
    %pushi/vec4 0, 0, 8;
    %cmp/e;
    %flag_get/vec4 4;
    %and;
    %flag_set/vec4 8;
    %jmp/0xz  T_12.34, 8;
    %pushi/vec4 0, 0, 4;
    %store/vec4 v0x5631be232830_0, 0, 4;
    %jmp T_12.35;
T_12.34 ;
    %load/vec4 v0x5631be232a80_0;
    %pad/u 4;
    %pushi/vec4 0, 0, 4;
    %cmp/e;
    %flag_get/vec4 4;
    %load/vec4 v0x5631be232b60_0;
    %pad/u 8;
    %pushi/vec4 32, 0, 8;
    %cmp/e;
    %flag_get/vec4 4;
    %and;
    %flag_set/vec4 8;
    %jmp/0xz  T_12.36, 8;
    %pushi/vec4 1, 0, 4;
    %store/vec4 v0x5631be232830_0, 0, 4;
    %jmp T_12.37;
T_12.36 ;
    %load/vec4 v0x5631be232a80_0;
    %pad/u 4;
    %pushi/vec4 4, 0, 4;
    %cmp/e;
    %flag_get/vec4 4;
    %load/vec4 v0x5631be232b60_0;
    %pad/u 8;
    %pushi/vec4 0, 0, 8;
    %cmp/e;
    %flag_get/vec4 4;
    %and;
    %flag_set/vec4 8;
    %jmp/0xz  T_12.38, 8;
    %pushi/vec4 4, 0, 4;
    %store/vec4 v0x5631be232830_0, 0, 4;
    %jmp T_12.39;
T_12.38 ;
    %load/vec4 v0x5631be232a80_0;
    %pad/u 4;
    %pushi/vec4 6, 0, 4;
    %cmp/e;
    %flag_get/vec4 4;
    %load/vec4 v0x5631be232b60_0;
    %pad/u 8;
    %pushi/vec4 0, 0, 8;
    %cmp/e;
    %flag_get/vec4 4;
    %and;
    %flag_set/vec4 8;
    %jmp/0xz  T_12.40, 8;
    %pushi/vec4 3, 0, 4;
    %store/vec4 v0x5631be232830_0, 0, 4;
    %jmp T_12.41;
T_12.40 ;
    %load/vec4 v0x5631be232a80_0;
    %pad/u 4;
    %pushi/vec4 7, 0, 4;
    %cmp/e;
    %flag_get/vec4 4;
    %load/vec4 v0x5631be232b60_0;
    %pad/u 8;
    %pushi/vec4 0, 0, 8;
    %cmp/e;
    %flag_get/vec4 4;
    %and;
    %flag_set/vec4 8;
    %jmp/0xz  T_12.42, 8;
    %pushi/vec4 2, 0, 4;
    %store/vec4 v0x5631be232830_0, 0, 4;
    %jmp T_12.43;
T_12.42 ;
    %load/vec4 v0x5631be232a80_0;
    %pad/u 4;
    %pushi/vec4 1, 0, 4;
    %cmp/e;
    %flag_get/vec4 4;
    %load/vec4 v0x5631be232b60_0;
    %pad/u 8;
    %pushi/vec4 0, 0, 8;
    %cmp/e;
    %flag_get/vec4 4;
    %and;
    %flag_set/vec4 8;
    %jmp/0xz  T_12.44, 8;
    %pushi/vec4 7, 0, 4;
    %store/vec4 v0x5631be232830_0, 0, 4;
    %jmp T_12.45;
T_12.44 ;
    %load/vec4 v0x5631be232a80_0;
    %pad/u 4;
    %pushi/vec4 5, 0, 4;
    %cmp/e;
    %flag_get/vec4 4;
    %load/vec4 v0x5631be232b60_0;
    %pad/u 8;
    %pushi/vec4 0, 0, 8;
    %cmp/e;
    %flag_get/vec4 4;
    %and;
    %flag_set/vec4 8;
    %jmp/0xz  T_12.46, 8;
    %pushi/vec4 8, 0, 4;
    %store/vec4 v0x5631be232830_0, 0, 4;
    %jmp T_12.47;
T_12.46 ;
    %load/vec4 v0x5631be232a80_0;
    %pad/u 4;
    %pushi/vec4 5, 0, 4;
    %cmp/e;
    %flag_get/vec4 4;
    %load/vec4 v0x5631be232b60_0;
    %pad/u 8;
    %pushi/vec4 32, 0, 8;
    %cmp/e;
    %flag_get/vec4 4;
    %and;
    %flag_set/vec4 8;
    %jmp/0xz  T_12.48, 8;
    %pushi/vec4 9, 0, 4;
    %store/vec4 v0x5631be232830_0, 0, 4;
    %jmp T_12.49;
T_12.48 ;
    %load/vec4 v0x5631be232a80_0;
    %pad/u 4;
    %pushi/vec4 2, 0, 4;
    %cmp/e;
    %flag_get/vec4 4;
    %load/vec4 v0x5631be232b60_0;
    %pad/u 8;
    %pushi/vec4 0, 0, 8;
    %cmp/e;
    %flag_get/vec4 4;
    %and;
    %flag_set/vec4 8;
    %jmp/0xz  T_12.50, 8;
    %pushi/vec4 5, 0, 4;
    %store/vec4 v0x5631be232830_0, 0, 4;
    %jmp T_12.51;
T_12.50 ;
    %load/vec4 v0x5631be232a80_0;
    %pad/u 4;
    %pushi/vec4 3, 0, 4;
    %cmp/e;
    %flag_get/vec4 4;
    %load/vec4 v0x5631be232b60_0;
    %pad/u 8;
    %pushi/vec4 0, 0, 8;
    %cmp/e;
    %flag_get/vec4 4;
    %and;
    %flag_set/vec4 8;
    %jmp/0xz  T_12.52, 8;
    %pushi/vec4 6, 0, 4;
    %store/vec4 v0x5631be232830_0, 0, 4;
T_12.52 ;
T_12.51 ;
T_12.49 ;
T_12.47 ;
T_12.45 ;
T_12.43 ;
T_12.41 ;
T_12.39 ;
T_12.37 ;
T_12.35 ;
    %jmp T_12.33;
T_12.32 ;
    %load/vec4 v0x5631be232f30_0;
    %cmpi/e 1, 0, 32;
    %jmp/0xz  T_12.54, 4;
    %pushi/vec4 1, 0, 4;
    %store/vec4 v0x5631be232c90_0, 0, 4;
    %load/vec4 v0x5631be232a80_0;
    %pad/u 4;
    %cmpi/e 0, 0, 4;
    %jmp/0xz  T_12.56, 4;
    %pushi/vec4 0, 0, 4;
    %store/vec4 v0x5631be232830_0, 0, 4;
    %jmp T_12.57;
T_12.56 ;
    %load/vec4 v0x5631be232a80_0;
    %pad/u 4;
    %cmpi/e 4, 0, 4;
    %jmp/0xz  T_12.58, 4;
    %pushi/vec4 4, 0, 4;
    %store/vec4 v0x5631be232830_0, 0, 4;
    %jmp T_12.59;
T_12.58 ;
    %load/vec4 v0x5631be232a80_0;
    %pad/u 4;
    %cmpi/e 6, 0, 4;
    %jmp/0xz  T_12.60, 4;
    %pushi/vec4 3, 0, 4;
    %store/vec4 v0x5631be232830_0, 0, 4;
    %jmp T_12.61;
T_12.60 ;
    %load/vec4 v0x5631be232a80_0;
    %pad/u 4;
    %cmpi/e 7, 0, 4;
    %jmp/0xz  T_12.62, 4;
    %pushi/vec4 2, 0, 4;
    %store/vec4 v0x5631be232830_0, 0, 4;
    %jmp T_12.63;
T_12.62 ;
    %load/vec4 v0x5631be232a80_0;
    %pad/u 4;
    %pushi/vec4 1, 0, 4;
    %cmp/e;
    %flag_get/vec4 4;
    %load/vec4 v0x5631be232d70_0;
    %parti/s 7, 5, 4;
    %pad/u 8;
    %pushi/vec4 0, 0, 8;
    %cmp/e;
    %flag_get/vec4 4;
    %and;
    %flag_set/vec4 8;
    %jmp/0xz  T_12.64, 8;
    %pushi/vec4 7, 0, 4;
    %store/vec4 v0x5631be232830_0, 0, 4;
    %jmp T_12.65;
T_12.64 ;
    %load/vec4 v0x5631be232a80_0;
    %pad/u 4;
    %pushi/vec4 5, 0, 4;
    %cmp/e;
    %flag_get/vec4 4;
    %load/vec4 v0x5631be232d70_0;
    %parti/s 7, 5, 4;
    %pad/u 8;
    %pushi/vec4 0, 0, 8;
    %cmp/e;
    %flag_get/vec4 4;
    %and;
    %flag_set/vec4 8;
    %jmp/0xz  T_12.66, 8;
    %pushi/vec4 8, 0, 4;
    %store/vec4 v0x5631be232830_0, 0, 4;
    %jmp T_12.67;
T_12.66 ;
    %load/vec4 v0x5631be232a80_0;
    %pad/u 4;
    %pushi/vec4 5, 0, 4;
    %cmp/e;
    %flag_get/vec4 4;
    %load/vec4 v0x5631be232d70_0;
    %parti/s 7, 5, 4;
    %pad/u 8;
    %pushi/vec4 4, 0, 8;
    %cmp/e;
    %flag_get/vec4 4;
    %and;
    %flag_set/vec4 8;
    %jmp/0xz  T_12.68, 8;
    %pushi/vec4 9, 0, 4;
    %store/vec4 v0x5631be232830_0, 0, 4;
    %jmp T_12.69;
T_12.68 ;
    %load/vec4 v0x5631be232a80_0;
    %pad/u 4;
    %cmpi/e 2, 0, 4;
    %jmp/0xz  T_12.70, 4;
    %pushi/vec4 5, 0, 4;
    %store/vec4 v0x5631be232830_0, 0, 4;
    %jmp T_12.71;
T_12.70 ;
    %load/vec4 v0x5631be232a80_0;
    %pad/u 4;
    %cmpi/e 3, 0, 4;
    %jmp/0xz  T_12.72, 4;
    %pushi/vec4 6, 0, 4;
    %store/vec4 v0x5631be232830_0, 0, 4;
T_12.72 ;
T_12.71 ;
T_12.69 ;
T_12.67 ;
T_12.65 ;
T_12.63 ;
T_12.61 ;
T_12.59 ;
T_12.57 ;
    %jmp T_12.55;
T_12.54 ;
    %pushi/vec4 10, 0, 4;
    %store/vec4 v0x5631be232830_0, 0, 4;
T_12.55 ;
T_12.33 ;
    %load/vec4 v0x5631be232f30_0;
    %cmpi/e 3, 0, 32;
    %jmp/0xz  T_12.74, 4;
    %pushi/vec4 2, 0, 4;
    %store/vec4 v0x5631be232c90_0, 0, 4;
    %load/vec4 v0x5631be232a80_0;
    %pad/u 4;
    %cmpi/e 0, 0, 4;
    %jmp/0xz  T_12.76, 4;
    %pushi/vec4 0, 0, 3;
    %store/vec4 v0x5631be2328d0_0, 0, 3;
    %jmp T_12.77;
T_12.76 ;
    %load/vec4 v0x5631be232a80_0;
    %pad/u 4;
    %cmpi/e 1, 0, 4;
    %jmp/0xz  T_12.78, 4;
    %pushi/vec4 1, 0, 3;
    %store/vec4 v0x5631be2328d0_0, 0, 3;
    %jmp T_12.79;
T_12.78 ;
    %load/vec4 v0x5631be232a80_0;
    %pad/u 4;
    %cmpi/e 4, 0, 4;
    %jmp/0xz  T_12.80, 4;
    %pushi/vec4 2, 0, 3;
    %store/vec4 v0x5631be2328d0_0, 0, 3;
    %jmp T_12.81;
T_12.80 ;
    %load/vec4 v0x5631be232a80_0;
    %pad/u 4;
    %cmpi/e 5, 0, 4;
    %jmp/0xz  T_12.82, 4;
    %pushi/vec4 4, 0, 3;
    %store/vec4 v0x5631be2328d0_0, 0, 3;
    %jmp T_12.83;
T_12.82 ;
    %load/vec4 v0x5631be232a80_0;
    %pad/u 4;
    %cmpi/e 6, 0, 4;
    %jmp/0xz  T_12.84, 4;
    %pushi/vec4 3, 0, 3;
    %store/vec4 v0x5631be2328d0_0, 0, 3;
    %jmp T_12.85;
T_12.84 ;
    %load/vec4 v0x5631be232a80_0;
    %pad/u 4;
    %cmpi/e 7, 0, 4;
    %jmp/0xz  T_12.86, 4;
    %pushi/vec4 5, 0, 3;
    %store/vec4 v0x5631be2328d0_0, 0, 3;
    %jmp T_12.87;
T_12.86 ;
    %pushi/vec4 6, 0, 3;
    %store/vec4 v0x5631be2328d0_0, 0, 3;
T_12.87 ;
T_12.85 ;
T_12.83 ;
T_12.81 ;
T_12.79 ;
T_12.77 ;
    %jmp T_12.75;
T_12.74 ;
    %pushi/vec4 6, 0, 3;
    %store/vec4 v0x5631be2328d0_0, 0, 3;
T_12.75 ;
    %load/vec4 v0x5631be232f30_0;
    %pushi/vec4 4, 0, 32;
    %cmp/e;
    %flag_get/vec4 4;
    %load/vec4 v0x5631be233180_0;
    %pushi/vec4 55, 0, 7;
    %cmp/e;
    %flag_get/vec4 4;
    %and;
    %flag_set/vec4 8;
    %jmp/0xz  T_12.88, 8;
    %pushi/vec4 3, 0, 4;
    %store/vec4 v0x5631be232c90_0, 0, 4;
    %jmp T_12.89;
T_12.88 ;
    %load/vec4 v0x5631be232f30_0;
    %cmpi/e 5, 0, 32;
    %jmp/0xz  T_12.90, 4;
    %pushi/vec4 4, 0, 4;
    %store/vec4 v0x5631be232c90_0, 0, 4;
    %jmp T_12.91;
T_12.90 ;
    %load/vec4 v0x5631be232f30_0;
    %pushi/vec4 1, 0, 32;
    %cmp/e;
    %flag_get/vec4 4;
    %load/vec4 v0x5631be233180_0;
    %pushi/vec4 103, 0, 7;
    %cmp/e;
    %flag_get/vec4 4;
    %and;
    %flag_set/vec4 8;
    %jmp/0xz  T_12.92, 8;
    %pushi/vec4 5, 0, 4;
    %store/vec4 v0x5631be232c90_0, 0, 4;
    %jmp T_12.93;
T_12.92 ;
    %load/vec4 v0x5631be232f30_0;
    %pushi/vec4 1, 0, 32;
    %cmp/e;
    %flag_get/vec4 4;
    %load/vec4 v0x5631be233180_0;
    %pushi/vec4 3, 0, 7;
    %cmp/e;
    %flag_get/vec4 4;
    %and;
    %flag_set/vec4 8;
    %jmp/0xz  T_12.94, 8;
    %pushi/vec4 6, 0, 4;
    %store/vec4 v0x5631be232c90_0, 0, 4;
    %jmp T_12.95;
T_12.94 ;
    %load/vec4 v0x5631be232f30_0;
    %cmpi/e 2, 0, 32;
    %jmp/0xz  T_12.96, 4;
    %pushi/vec4 7, 0, 4;
    %store/vec4 v0x5631be232c90_0, 0, 4;
    %jmp T_12.97;
T_12.96 ;
    %load/vec4 v0x5631be232f30_0;
    %pushi/vec4 4, 0, 32;
    %cmp/e;
    %flag_get/vec4 4;
    %load/vec4 v0x5631be233180_0;
    %pushi/vec4 23, 0, 7;
    %cmp/e;
    %flag_get/vec4 4;
    %and;
    %flag_set/vec4 8;
    %jmp/0xz  T_12.98, 8;
    %pushi/vec4 8, 0, 4;
    %store/vec4 v0x5631be232c90_0, 0, 4;
    %jmp T_12.99;
T_12.98 ;
    %load/vec4 v0x5631be232f30_0;
    %pushi/vec4 0, 0, 32;
    %cmp/ne;
    %flag_get/vec4 4;
    %load/vec4 v0x5631be232f30_0;
    %pushi/vec4 1, 0, 32;
    %cmp/ne;
    %flag_get/vec4 4;
    %and;
    %load/vec4 v0x5631be232f30_0;
    %pushi/vec4 3, 0, 32;
    %cmp/ne;
    %flag_get/vec4 4;
    %and;
    %flag_set/vec4 8;
    %jmp/0xz  T_12.100, 8;
    %pushi/vec4 11, 0, 4;
    %store/vec4 v0x5631be232c90_0, 0, 4;
T_12.100 ;
T_12.99 ;
T_12.97 ;
T_12.95 ;
T_12.93 ;
T_12.91 ;
T_12.89 ;
    %jmp T_12;
    .thread T_12, $push;
    .scope S_0x5631be2363a0;
T_13 ;
    %wait E_0x5631be233da0;
    %load/vec4 v0x5631be238830_0;
    %flag_set/vec4 8;
    %jmp/0xz  T_13.0, 8;
    %fork t_3, S_0x5631be2369e0;
    %jmp t_2;
    .scope S_0x5631be2369e0;
t_3 ;
    %pushi/vec4 0, 0, 32;
    %store/vec4 v0x5631be236be0_0, 0, 32;
T_13.2 ;
    %load/vec4 v0x5631be236be0_0;
    %cmpi/s 31, 0, 32;
    %jmp/0xz T_13.3, 5;
    %pushi/vec4 0, 0, 32;
    %ix/getv/s 3, v0x5631be236be0_0;
    %ix/load 4, 0, 0; Constant delay
    %assign/vec4/a/d v0x5631be237590, 0, 4;
    %load/vec4 v0x5631be236be0_0;
    %addi 1, 0, 32;
    %store/vec4 v0x5631be236be0_0, 0, 32;
    %jmp T_13.2;
T_13.3 ;
    %end;
    .scope S_0x5631be2363a0;
t_2 %join;
    %jmp T_13.1;
T_13.0 ;
    %load/vec4 v0x5631be2372e0_0;
    %flag_set/vec4 8;
    %jmp/0xz  T_13.4, 8;
    %fork t_5, S_0x5631be236ce0;
    %jmp t_4;
    .scope S_0x5631be236ce0;
t_5 ;
    %pushi/vec4 0, 0, 32;
    %store/vec4 v0x5631be236ee0_0, 0, 32;
T_13.6 ;
    %load/vec4 v0x5631be236ee0_0;
    %cmpi/s 8, 0, 32;
    %jmp/0xz T_13.7, 5;
    %pushi/vec4 7, 7, 3;
    %ix/getv/s 4, v0x5631be236ee0_0;
    %load/vec4a v0x5631be2370d0, 4;
    %pad/u 7;
    %ix/vec4 3;
    %ix/load 4, 0, 0; Constant delay
    %assign/vec4/a/d v0x5631be238010, 0, 4;
    %load/vec4 v0x5631be236ee0_0;
    %addi 1, 0, 32;
    %store/vec4 v0x5631be236ee0_0, 0, 32;
    %jmp T_13.6;
T_13.7 ;
    %end;
    .scope S_0x5631be2363a0;
t_4 %join;
    %jmp T_13.5;
T_13.4 ;
    %load/vec4 v0x5631be238b80_0;
    %flag_set/vec4 8;
    %jmp/0xz  T_13.8, 8;
    %load/vec4 v0x5631be238aa0_0;
    %load/vec4 v0x5631be2388d0_0;
    %pad/u 7;
    %ix/vec4 3;
    %ix/load 4, 0, 0; Constant delay
    %assign/vec4/a/d v0x5631be237590, 0, 4;
    %load/vec4 v0x5631be237f30_0;
    %load/vec4 v0x5631be2388d0_0;
    %pad/u 7;
    %ix/vec4 3;
    %ix/load 4, 0, 0; Constant delay
    %assign/vec4/a/d v0x5631be238010, 0, 4;
T_13.8 ;
T_13.5 ;
T_13.1 ;
    %jmp T_13;
    .thread T_13;
    .scope S_0x5631be2363a0;
T_14 ;
Ewait_6 .event/or E_0x5631be236760, E_0x0;
    %wait Ewait_6;
    %load/vec4 v0x5631be2386a0_0;
    %pad/u 7;
    %ix/vec4 4;
    %load/vec4a v0x5631be237590, 4;
    %store/vec4 v0x5631be237380_0, 0, 32;
    %load/vec4 v0x5631be238760_0;
    %pad/u 7;
    %ix/vec4 4;
    %load/vec4a v0x5631be237590, 4;
    %store/vec4 v0x5631be237460_0, 0, 32;
    %load/vec4 v0x5631be2386a0_0;
    %pad/u 7;
    %ix/vec4 4;
    %load/vec4a v0x5631be238010, 4;
    %store/vec4 v0x5631be237ce0_0, 0, 3;
    %load/vec4 v0x5631be238760_0;
    %pad/u 7;
    %ix/vec4 4;
    %load/vec4a v0x5631be238010, 4;
    %store/vec4 v0x5631be237e50_0, 0, 3;
    %jmp T_14;
    .thread T_14, $push;
    .scope S_0x5631be238e60;
T_15 ;
    %wait E_0x5631be233da0;
    %load/vec4 v0x5631be23b120_0;
    %flag_set/vec4 8;
    %jmp/0xz  T_15.0, 8;
    %fork t_7, S_0x5631be239420;
    %jmp t_6;
    .scope S_0x5631be239420;
t_7 ;
    %pushi/vec4 0, 0, 32;
    %store/vec4 v0x5631be239620_0, 0, 32;
T_15.2 ;
    %load/vec4 v0x5631be239620_0;
    %cmpi/s 3, 0, 32;
    %jmp/0xz T_15.3, 5;
    %pushi/vec4 0, 0, 1;
    %ix/getv/s 3, v0x5631be239620_0;
    %ix/load 4, 0, 0; Constant delay
    %assign/vec4/a/d v0x5631be23a350, 0, 4;
    %load/vec4 v0x5631be239620_0;
    %addi 1, 0, 32;
    %cast2;
    %store/vec4 v0x5631be239620_0, 0, 32;
    %jmp T_15.2;
T_15.3 ;
    %end;
    .scope S_0x5631be238e60;
t_6 %join;
    %pushi/vec4 1, 0, 1;
    %assign/vec4 v0x5631be23af90_0, 0;
    %jmp T_15.1;
T_15.0 ;
    %load/vec4 v0x5631be23b360_0;
    %load/vec4 v0x5631be23af90_0;
    %and;
    %flag_set/vec4 8;
    %jmp/0xz  T_15.4, 8;
    %load/vec4 v0x5631be239cc0_0;
    %load/vec4 v0x5631be23ab80_0;
    %pad/u 4;
    %ix/vec4 3;
    %ix/load 4, 0, 0; Constant delay
    %assign/vec4/a/d v0x5631be239dd0, 0, 4;
    %load/vec4 v0x5631be239e70_0;
    %load/vec4 v0x5631be23ab80_0;
    %pad/u 4;
    %ix/vec4 3;
    %ix/load 4, 0, 0; Constant delay
    %assign/vec4/a/d v0x5631be239f70, 0, 4;
    %load/vec4 v0x5631be23a010_0;
    %load/vec4 v0x5631be23ab80_0;
    %pad/u 4;
    %ix/vec4 3;
    %ix/load 4, 0, 0; Constant delay
    %assign/vec4/a/d v0x5631be23a120, 0, 4;
    %load/vec4 v0x5631be23a1c0_0;
    %load/vec4 v0x5631be23ab80_0;
    %pad/u 4;
    %ix/vec4 3;
    %ix/load 4, 0, 0; Constant delay
    %assign/vec4/a/d v0x5631be23a2b0, 0, 4;
    %load/vec4 v0x5631be23ac60_0;
    %load/vec4 v0x5631be23ab80_0;
    %pad/u 4;
    %ix/vec4 3;
    %ix/load 4, 0, 0; Constant delay
    %assign/vec4/a/d v0x5631be23ae30, 0, 4;
    %load/vec4 v0x5631be23a810_0;
    %load/vec4 v0x5631be23ab80_0;
    %pad/u 4;
    %ix/vec4 3;
    %ix/load 4, 0, 0; Constant delay
    %assign/vec4/a/d v0x5631be23a9d0, 0, 4;
    %pushi/vec4 1, 0, 1;
    %load/vec4 v0x5631be23ab80_0;
    %pad/u 4;
    %ix/vec4 3;
    %ix/load 4, 0, 0; Constant delay
    %assign/vec4/a/d v0x5631be23a350, 0, 4;
T_15.4 ;
    %load/vec4 v0x5631be23a510_0;
    %nor/r;
    %load/vec4 v0x5631be23aed0_0;
    %and;
    %flag_set/vec4 8;
    %jmp/0xz  T_15.6, 8;
    %load/vec4 v0x5631be23a770_0;
    %pad/u 4;
    %ix/vec4 4;
    %load/vec4a v0x5631be23a120, 4;
    %assign/vec4 v0x5631be23b1c0_0, 0;
    %load/vec4 v0x5631be23a770_0;
    %pad/u 4;
    %ix/vec4 4;
    %load/vec4a v0x5631be23a2b0, 4;
    %assign/vec4 v0x5631be23b290_0, 0;
    %load/vec4 v0x5631be23a770_0;
    %pad/u 4;
    %ix/vec4 4;
    %load/vec4a v0x5631be23a9d0, 4;
    %assign/vec4 v0x5631be23a900_0, 0;
    %load/vec4 v0x5631be23a770_0;
    %pad/u 4;
    %ix/vec4 4;
    %load/vec4a v0x5631be23ae30, 4;
    %assign/vec4 v0x5631be23ad40_0, 0;
    %pushi/vec4 0, 0, 1;
    %load/vec4 v0x5631be23a770_0;
    %pad/u 4;
    %ix/vec4 3;
    %ix/load 4, 0, 0; Constant delay
    %assign/vec4/a/d v0x5631be23a350, 0, 4;
    %pushi/vec4 1, 0, 1;
    %assign/vec4 v0x5631be23b050_0, 0;
    %jmp T_15.7;
T_15.6 ;
    %pushi/vec4 0, 0, 1;
    %assign/vec4 v0x5631be23b050_0, 0;
T_15.7 ;
T_15.1 ;
    %jmp T_15;
    .thread T_15;
    .scope S_0x5631be238e60;
T_16 ;
Ewait_7 .event/or E_0x5631be239390, E_0x0;
    %wait Ewait_7;
    %pushi/vec4 3, 0, 3;
    %store/vec4 v0x5631be23ab80_0, 0, 3;
    %fork t_9, S_0x5631be239720;
    %jmp t_8;
    .scope S_0x5631be239720;
t_9 ;
    %pushi/vec4 2, 0, 32;
    %store/vec4 v0x5631be239920_0, 0, 32;
T_16.0 ;
    %load/vec4 v0x5631be239920_0;
    %cmpi/s 0, 0, 32;
    %flag_inv 5; GE is !LT
    %jmp/0xz T_16.1, 5;
    %ix/getv/s 4, v0x5631be239920_0;
    %load/vec4a v0x5631be23a350, 4;
    %nor/r;
    %flag_set/vec4 8;
    %jmp/0 T_16.2, 8;
    %load/vec4 v0x5631be239920_0;
    %jmp/1 T_16.3, 8;
T_16.2 ; End of true expr.
    %load/vec4 v0x5631be23ab80_0;
    %pad/u 32;
    %jmp/0 T_16.3, 8;
 ; End of false expr.
    %blend;
T_16.3;
    %pad/u 3;
    %store/vec4 v0x5631be23ab80_0, 0, 3;
    %load/vec4 v0x5631be239920_0;
    %subi 1, 0, 32;
    %cast2;
    %store/vec4 v0x5631be239920_0, 0, 32;
    %jmp T_16.0;
T_16.1 ;
    %end;
    .scope S_0x5631be238e60;
t_8 %join;
    %load/vec4 v0x5631be23ab80_0;
    %pad/u 32;
    %pushi/vec4 3, 0, 32;
    %cmp/e;
    %flag_get/vec4 4;
    %nor/r;
    %store/vec4 v0x5631be23af90_0, 0, 1;
    %pushi/vec4 3, 0, 3;
    %store/vec4 v0x5631be23a770_0, 0, 3;
    %fork t_11, S_0x5631be239a00;
    %jmp t_10;
    .scope S_0x5631be239a00;
t_11 ;
    %pushi/vec4 0, 0, 32;
    %store/vec4 v0x5631be239be0_0, 0, 32;
T_16.4 ;
    %load/vec4 v0x5631be239be0_0;
    %cmpi/s 3, 0, 32;
    %jmp/0xz T_16.5, 5;
    %load/vec4 v0x5631be23a5d0_0;
    %load/vec4 v0x5631be23a6a0_0;
    %and;
    %flag_set/vec4 8;
    %jmp/0 T_16.6, 8;
    %load/vec4 v0x5631be239be0_0;
    %jmp/1 T_16.7, 8;
T_16.6 ; End of true expr.
    %load/vec4 v0x5631be23a770_0;
    %pad/u 32;
    %jmp/0 T_16.7, 8;
 ; End of false expr.
    %blend;
T_16.7;
    %pad/u 3;
    %store/vec4 v0x5631be23a770_0, 0, 3;
    %load/vec4 v0x5631be239be0_0;
    %addi 1, 0, 32;
    %cast2;
    %store/vec4 v0x5631be239be0_0, 0, 32;
    %jmp T_16.4;
T_16.5 ;
    %end;
    .scope S_0x5631be238e60;
t_10 %join;
    %load/vec4 v0x5631be23a770_0;
    %pad/u 32;
    %pushi/vec4 3, 0, 32;
    %cmp/e;
    %flag_get/vec4 4;
    %nor/r;
    %store/vec4 v0x5631be23aed0_0, 0, 1;
    %jmp T_16;
    .thread T_16, $push;
    .scope S_0x5631be2339d0;
T_17 ;
    %wait E_0x5631be233da0;
    %load/vec4 v0x5631be234660_0;
    %flag_set/vec4 8;
    %jmp/0xz  T_17.0, 8;
    %pushi/vec4 0, 0, 1;
    %assign/vec4 v0x5631be234470_0, 0;
    %pushi/vec4 0, 0, 1;
    %assign/vec4 v0x5631be234dc0_0, 0;
    %pushi/vec4 0, 0, 1;
    %assign/vec4 v0x5631be234c40_0, 0;
    %pushi/vec4 0, 0, 1;
    %assign/vec4 v0x5631be234b80_0, 0;
    %jmp T_17.1;
T_17.0 ;
    %load/vec4 v0x5631be234d00_0;
    %flag_set/vec4 8;
    %jmp/0xz  T_17.2, 8;
    %pushi/vec4 1, 0, 25;
    %assign/vec4 v0x5631be234aa0_0, 0;
    %pushi/vec4 0, 0, 1;
    %assign/vec4 v0x5631be234c40_0, 0;
    %pushi/vec4 1, 0, 1;
    %assign/vec4 v0x5631be234b80_0, 0;
T_17.2 ;
    %load/vec4 v0x5631be234b80_0;
    %flag_set/vec4 8;
    %jmp/0xz  T_17.4, 8;
    %load/vec4 v0x5631be234c40_0;
    %nor/r;
    %flag_set/vec4 8;
    %jmp/0xz  T_17.6, 8;
    %fork t_13, S_0x5631be233e00;
    %jmp t_12;
    .scope S_0x5631be233e00;
t_13 ;
    %pushi/vec4 1, 0, 32;
    %store/vec4 v0x5631be234000_0, 0, 32;
T_17.8 ;
    %load/vec4 v0x5631be234000_0;
    %cmpi/s 25, 0, 32;
    %jmp/0xz T_17.9, 5;
    %load/vec4 v0x5631be234aa0_0;
    %load/vec4 v0x5631be234000_0;
    %subi 1, 0, 32;
    %part/s 1;
    %ix/load 5, 0, 0;
    %ix/getv/s 4, v0x5631be234000_0;
    %assign/vec4/off/d v0x5631be234aa0_0, 4, 5;
    %load/vec4 v0x5631be234000_0;
    %addi 1, 0, 32;
    %cast2;
    %store/vec4 v0x5631be234000_0, 0, 32;
    %jmp T_17.8;
T_17.9 ;
    %end;
    .scope S_0x5631be2339d0;
t_12 %join;
    %load/vec4 v0x5631be234aa0_0;
    %parti/s 1, 24, 6;
    %pad/u 32;
    %cmpi/e 1, 0, 32;
    %jmp/0xz  T_17.10, 4;
    %pushi/vec4 1, 0, 1;
    %assign/vec4 v0x5631be234c40_0, 0;
T_17.10 ;
    %jmp T_17.7;
T_17.6 ;
    %load/vec4 v0x5631be2343b0_0;
    %flag_set/vec4 8;
    %jmp/0xz  T_17.12, 8;
    %pushi/vec4 0, 0, 1;
    %assign/vec4 v0x5631be234dc0_0, 0;
    %pushi/vec4 1, 0, 1;
    %assign/vec4 v0x5631be234470_0, 0;
    %pushi/vec4 0, 0, 1;
    %assign/vec4 v0x5631be234b80_0, 0;
    %jmp T_17.13;
T_17.12 ;
    %pushi/vec4 1, 0, 1;
    %assign/vec4 v0x5631be234dc0_0, 0;
    %pushi/vec4 0, 0, 1;
    %assign/vec4 v0x5631be234470_0, 0;
T_17.13 ;
T_17.7 ;
T_17.4 ;
T_17.1 ;
    %jmp T_17;
    .thread T_17;
    .scope S_0x5631be2339d0;
T_18 ;
Ewait_8 .event/or E_0x5631be233d30, E_0x0;
    %wait Ewait_8;
    %load/vec4 v0x5631be234100_0;
    %dup/vec4;
    %pushi/vec4 0, 0, 4;
    %cmp/u;
    %jmp/1 T_18.0, 6;
    %dup/vec4;
    %pushi/vec4 1, 0, 4;
    %cmp/u;
    %jmp/1 T_18.1, 6;
    %dup/vec4;
    %pushi/vec4 2, 0, 4;
    %cmp/u;
    %jmp/1 T_18.2, 6;
    %dup/vec4;
    %pushi/vec4 3, 0, 4;
    %cmp/u;
    %jmp/1 T_18.3, 6;
    %dup/vec4;
    %pushi/vec4 4, 0, 4;
    %cmp/u;
    %jmp/1 T_18.4, 6;
    %dup/vec4;
    %pushi/vec4 5, 0, 4;
    %cmp/u;
    %jmp/1 T_18.5, 6;
    %dup/vec4;
    %pushi/vec4 6, 0, 4;
    %cmp/u;
    %jmp/1 T_18.6, 6;
    %dup/vec4;
    %pushi/vec4 7, 0, 4;
    %cmp/u;
    %jmp/1 T_18.7, 6;
    %dup/vec4;
    %pushi/vec4 8, 0, 4;
    %cmp/u;
    %jmp/1 T_18.8, 6;
    %dup/vec4;
    %pushi/vec4 9, 0, 4;
    %cmp/u;
    %jmp/1 T_18.9, 6;
    %pushi/vec4 0, 0, 32;
    %store/vec4 v0x5631be2342c0_0, 0, 32;
    %jmp T_18.11;
T_18.0 ;
    %load/vec4 v0x5631be234720_0;
    %load/vec4 v0x5631be2348e0_0;
    %add;
    %store/vec4 v0x5631be2342c0_0, 0, 32;
    %jmp T_18.11;
T_18.1 ;
    %load/vec4 v0x5631be234720_0;
    %load/vec4 v0x5631be2348e0_0;
    %sub;
    %store/vec4 v0x5631be2342c0_0, 0, 32;
    %jmp T_18.11;
T_18.2 ;
    %load/vec4 v0x5631be234720_0;
    %load/vec4 v0x5631be2348e0_0;
    %and;
    %store/vec4 v0x5631be2342c0_0, 0, 32;
    %jmp T_18.11;
T_18.3 ;
    %load/vec4 v0x5631be234720_0;
    %load/vec4 v0x5631be2348e0_0;
    %or;
    %store/vec4 v0x5631be2342c0_0, 0, 32;
    %jmp T_18.11;
T_18.4 ;
    %load/vec4 v0x5631be234720_0;
    %load/vec4 v0x5631be2348e0_0;
    %xor;
    %store/vec4 v0x5631be2342c0_0, 0, 32;
    %jmp T_18.11;
T_18.5 ;
    %load/vec4 v0x5631be234720_0;
    %load/vec4 v0x5631be2348e0_0;
    %cmp/s;
    %flag_mov 8, 5;
    %jmp/0 T_18.12, 8;
    %pushi/vec4 1, 0, 32;
    %jmp/1 T_18.13, 8;
T_18.12 ; End of true expr.
    %pushi/vec4 0, 0, 32;
    %jmp/0 T_18.13, 8;
 ; End of false expr.
    %blend;
T_18.13;
    %store/vec4 v0x5631be2342c0_0, 0, 32;
    %jmp T_18.11;
T_18.6 ;
    %load/vec4 v0x5631be234800_0;
    %load/vec4 v0x5631be2349c0_0;
    %cmp/u;
    %flag_mov 8, 5;
    %jmp/0 T_18.14, 8;
    %pushi/vec4 1, 0, 32;
    %jmp/1 T_18.15, 8;
T_18.14 ; End of true expr.
    %pushi/vec4 0, 0, 32;
    %jmp/0 T_18.15, 8;
 ; End of false expr.
    %blend;
T_18.15;
    %store/vec4 v0x5631be2342c0_0, 0, 32;
    %jmp T_18.11;
T_18.7 ;
    %load/vec4 v0x5631be234720_0;
    %load/vec4 v0x5631be2348e0_0;
    %ix/vec4 4;
    %shiftl 4;
    %store/vec4 v0x5631be2342c0_0, 0, 32;
    %jmp T_18.11;
T_18.8 ;
    %load/vec4 v0x5631be234720_0;
    %load/vec4 v0x5631be2348e0_0;
    %ix/vec4 4;
    %shiftr/s 4;
    %store/vec4 v0x5631be2342c0_0, 0, 32;
    %jmp T_18.11;
T_18.9 ;
    %load/vec4 v0x5631be234720_0;
    %load/vec4 v0x5631be2348e0_0;
    %ix/vec4 4;
    %shiftr 4;
    %store/vec4 v0x5631be2342c0_0, 0, 32;
    %jmp T_18.11;
T_18.11 ;
    %pop/vec4 1;
    %jmp T_18;
    .thread T_18, $push;
    .scope S_0x5631be20d990;
T_19 ;
Ewait_9 .event/or E_0x5631be2323c0, E_0x0;
    %wait Ewait_9;
    %pushi/vec4 0, 0, 1;
    %store/vec4 v0x5631be23daa0_0, 0, 1;
    %pushi/vec4 0, 0, 1;
    %store/vec4 v0x5631be23dbe0_0, 0, 1;
    %pushi/vec4 0, 0, 1;
    %store/vec4 v0x5631be23e040_0, 0, 1;
    %pushi/vec4 0, 0, 1;
    %store/vec4 v0x5631be23dd40_0, 0, 1;
    %pushi/vec4 0, 0, 1;
    %store/vec4 v0x5631be23dec0_0, 0, 1;
    %load/vec4 v0x5631be23c490_0;
    %load/vec4 v0x5631be23d720_0;
    %and;
    %flag_set/vec4 8;
    %jmp/0xz  T_19.0, 8;
    %load/vec4 v0x5631be23c120_0;
    %pad/u 32;
    %pushi/vec4 6, 0, 32;
    %cmp/e;
    %flag_get/vec4 4;
    %load/vec4 v0x5631be23c120_0;
    %pad/u 32;
    %pushi/vec4 7, 0, 32;
    %cmp/e;
    %flag_get/vec4 4;
    %or;
    %load/vec4 v0x5631be23de00_0;
    %and;
    %flag_set/vec4 8;
    %jmp/0xz  T_19.2, 8;
    %pushi/vec4 1, 0, 1;
    %store/vec4 v0x5631be23dec0_0, 0, 1;
    %jmp T_19.3;
T_19.2 ;
    %load/vec4 v0x5631be23c120_0;
    %pad/u 32;
    %pushi/vec4 2, 0, 32;
    %cmp/e;
    %flag_get/vec4 4;
    %load/vec4 v0x5631be23c120_0;
    %pad/u 32;
    %pushi/vec4 4, 0, 32;
    %cmp/e;
    %flag_get/vec4 4;
    %or;
    %load/vec4 v0x5631be23c120_0;
    %pad/u 32;
    %pushi/vec4 5, 0, 32;
    %cmp/e;
    %flag_get/vec4 4;
    %or;
    %load/vec4 v0x5631be23db40_0;
    %and;
    %flag_set/vec4 8;
    %jmp/0xz  T_19.4, 8;
    %pushi/vec4 1, 0, 1;
    %store/vec4 v0x5631be23dbe0_0, 0, 1;
    %jmp T_19.5;
T_19.4 ;
    %load/vec4 v0x5631be23c120_0;
    %pad/u 32;
    %pushi/vec4 9, 0, 32;
    %cmp/e;
    %flag_get/vec4 4;
    %load/vec4 v0x5631be23df80_0;
    %and;
    %flag_set/vec4 8;
    %jmp/0xz  T_19.6, 8;
    %pushi/vec4 1, 0, 1;
    %store/vec4 v0x5631be23e040_0, 0, 1;
    %jmp T_19.7;
T_19.6 ;
    %load/vec4 v0x5631be23c120_0;
    %pad/u 32;
    %pushi/vec4 10, 0, 32;
    %cmp/e;
    %flag_get/vec4 4;
    %load/vec4 v0x5631be23dc80_0;
    %and;
    %flag_set/vec4 8;
    %jmp/0xz  T_19.8, 8;
    %pushi/vec4 1, 0, 1;
    %store/vec4 v0x5631be23dd40_0, 0, 1;
    %jmp T_19.9;
T_19.8 ;
    %load/vec4 v0x5631be23c120_0;
    %pad/u 32;
    %cmpi/e 11, 0, 32;
    %jmp/0xz  T_19.10, 4;
    %jmp T_19.11;
T_19.10 ;
    %load/vec4 v0x5631be23da00_0;
    %flag_set/vec4 8;
    %jmp/0xz  T_19.12, 8;
    %pushi/vec4 1, 0, 1;
    %store/vec4 v0x5631be23daa0_0, 0, 1;
T_19.12 ;
T_19.11 ;
T_19.9 ;
T_19.7 ;
T_19.5 ;
T_19.3 ;
T_19.0 ;
    %jmp T_19;
    .thread T_19, $push;
    .scope S_0x5631be23ebd0;
T_20 ;
    %pushi/vec4 0, 0, 32;
    %store/vec4 v0x5631be23edd0_0, 0, 32;
T_20.0 ;
    %load/vec4 v0x5631be23edd0_0;
    %cmpi/s 1024, 0, 32;
    %jmp/0xz T_20.1, 5;
    %pushi/vec4 0, 0, 18;
    %ix/getv/s 4, v0x5631be23edd0_0;
    %store/vec4a v0x5631be23f1f0, 4, 0;
    %load/vec4 v0x5631be23edd0_0;
    %addi 1, 0, 32;
    %store/vec4 v0x5631be23edd0_0, 0, 32;
    %jmp T_20.0;
T_20.1 ;
    %end;
    .thread T_20;
    .scope S_0x5631be23eeb0;
T_21 ;
    %pushi/vec4 0, 0, 18;
    %store/vec4 v0x5631be23f0f0_0, 0, 18;
    %end;
    .thread T_21, $init;
    .scope S_0x5631be23eeb0;
T_22 ;
    %wait E_0x5631be23f090;
    %load/vec4 v0x5631be23f8c0_0;
    %flag_set/vec4 8;
    %jmp/0xz  T_22.0, 8;
    %pushi/vec4 0, 0, 18;
    %assign/vec4 v0x5631be23f0f0_0, 0;
    %jmp T_22.1;
T_22.0 ;
    %load/vec4 v0x5631be23f800_0;
    %flag_set/vec4 8;
    %jmp/0xz  T_22.2, 8;
    %load/vec4 v0x5631be23f720_0;
    %assign/vec4 v0x5631be23f0f0_0, 0;
T_22.2 ;
T_22.1 ;
    %jmp T_22;
    .thread T_22;
    .scope S_0x5631be130840;
T_23 ;
    %pushi/vec4 0, 0, 18;
    %store/vec4 v0x5631be23f720_0, 0, 18;
    %end;
    .thread T_23, $init;
    .scope S_0x5631be130840;
T_24 ;
    %wait E_0x5631be23f090;
    %load/vec4 v0x5631be23f660_0;
    %flag_set/vec4 8;
    %jmp/0xz  T_24.0, 8;
    %load/vec4 v0x5631be23fa10_0;
    %flag_set/vec4 8;
    %jmp/0xz  T_24.2, 8;
    %load/vec4 v0x5631be23f450_0;
    %load/vec4 v0x5631be23f2d0_0;
    %pad/u 12;
    %ix/vec4 3;
    %ix/load 4, 0, 0; Constant delay
    %assign/vec4/a/d v0x5631be23f1f0, 0, 4;
T_24.2 ;
    %load/vec4 v0x5631be23f2d0_0;
    %pad/u 12;
    %ix/vec4 4;
    %load/vec4a v0x5631be23f1f0, 4;
    %assign/vec4 v0x5631be23f720_0, 0;
T_24.0 ;
    %jmp T_24;
    .thread T_24;
    .scope S_0x5631be23ff60;
T_25 ;
    %pushi/vec4 0, 0, 32;
    %store/vec4 v0x5631be240160_0, 0, 32;
T_25.0 ;
    %load/vec4 v0x5631be240160_0;
    %cmpi/s 1024, 0, 32;
    %jmp/0xz T_25.1, 5;
    %pushi/vec4 0, 0, 18;
    %ix/getv/s 4, v0x5631be240160_0;
    %store/vec4a v0x5631be240580, 4, 0;
    %load/vec4 v0x5631be240160_0;
    %addi 1, 0, 32;
    %store/vec4 v0x5631be240160_0, 0, 32;
    %jmp T_25.0;
T_25.1 ;
    %end;
    .thread T_25;
    .scope S_0x5631be240240;
T_26 ;
    %pushi/vec4 0, 0, 18;
    %store/vec4 v0x5631be240480_0, 0, 18;
    %end;
    .thread T_26, $init;
    .scope S_0x5631be240240;
T_27 ;
    %wait E_0x5631be240420;
    %load/vec4 v0x5631be240c50_0;
    %flag_set/vec4 8;
    %jmp/0xz  T_27.0, 8;
    %pushi/vec4 0, 0, 18;
    %assign/vec4 v0x5631be240480_0, 0;
    %jmp T_27.1;
T_27.0 ;
    %load/vec4 v0x5631be240b90_0;
    %flag_set/vec4 8;
    %jmp/0xz  T_27.2, 8;
    %load/vec4 v0x5631be240ab0_0;
    %assign/vec4 v0x5631be240480_0, 0;
T_27.2 ;
T_27.1 ;
    %jmp T_27;
    .thread T_27;
    .scope S_0x5631be1343c0;
T_28 ;
    %pushi/vec4 0, 0, 18;
    %store/vec4 v0x5631be240ab0_0, 0, 18;
    %end;
    .thread T_28, $init;
    .scope S_0x5631be1343c0;
T_29 ;
    %wait E_0x5631be240420;
    %load/vec4 v0x5631be2409f0_0;
    %flag_set/vec4 8;
    %jmp/0xz  T_29.0, 8;
    %load/vec4 v0x5631be240da0_0;
    %flag_set/vec4 8;
    %jmp/0xz  T_29.2, 8;
    %load/vec4 v0x5631be2407e0_0;
    %load/vec4 v0x5631be240660_0;
    %pad/u 12;
    %ix/vec4 3;
    %ix/load 4, 0, 0; Constant delay
    %assign/vec4/a/d v0x5631be240580, 0, 4;
    %load/vec4 v0x5631be2407e0_0;
    %assign/vec4 v0x5631be240ab0_0, 0;
    %jmp T_29.3;
T_29.2 ;
    %load/vec4 v0x5631be240660_0;
    %pad/u 12;
    %ix/vec4 4;
    %load/vec4a v0x5631be240580, 4;
    %assign/vec4 v0x5631be240ab0_0, 0;
T_29.3 ;
T_29.0 ;
    %jmp T_29;
    .thread T_29;
# The file index is used to find the file name in the following table.
:file_names 15;
    "N/A";
    "<interactive>";
    "-";
    "hdl/execute.sv";
    "hdl/alu.sv";
    "hdl/branch_alu.sv";
    "sim/instruction_queue_tb.sv";
    "hdl/instruction_queue.sv";
    "hdl/reorder_buffer.sv";
    "hdl/top_level.sv";
    "hdl/decode.sv";
    "hdl/register_file.sv";
    "hdl/reservation_station.sv";
    "hdl/xilinx_single_port_ram_read_first.v";
    "hdl/xilinx_single_port_ram_write_first.v";
