#! /usr/bin/vvp
:ivl_version "11.0 (stable)";
:ivl_delay_selection "TYPICAL";
:vpi_time_precision - 12;
:vpi_module "/usr/lib/x86_64-linux-gnu/ivl/system.vpi";
:vpi_module "/usr/lib/x86_64-linux-gnu/ivl/vhdl_sys.vpi";
:vpi_module "/usr/lib/x86_64-linux-gnu/ivl/vhdl_textio.vpi";
:vpi_module "/usr/lib/x86_64-linux-gnu/ivl/v2005_math.vpi";
:vpi_module "/usr/lib/x86_64-linux-gnu/ivl/va_math.vpi";
:vpi_module "/usr/lib/x86_64-linux-gnu/ivl/v2009.vpi";
S_0x5628febbdc30 .scope package, "$unit" "$unit" 2 1;
 .timescale 0 0;
enum0x5628feaa1b80 .enum2/s (32)
   "Add" 0,
   "Sub" 1,
   "And" 2,
   "Or" 3,
   "Xor" 4,
   "Slt" 5,
   "Sltu" 6,
   "Sll" 7,
   "Srl" 8,
   "Sra" 9,
   "NoAlu" 10
 ;
enum0x5628feaa24e0 .enum2/s (32)
   "OP" 0,
   "OPIMM" 1,
   "BRANCH" 2,
   "LUI" 3,
   "JAL" 4,
   "JALR" 5,
   "LOAD" 6,
   "STORE" 7,
   "AUIPC" 8,
   "MUL" 9,
   "DIV" 10,
   "NOP" 11
 ;
enum0x5628feb69c30 .enum2/s (32)
   "Eq" 0,
   "Neq" 1,
   "Lt" 2,
   "Ltu" 3,
   "Ge" 4,
   "Geu" 5,
   "Dbr" 6
 ;
S_0x5628feb91d20 .scope module, "execute" "execute" 3 4;
 .timescale -9 -12;
    .port_info 0 /INPUT 4 "iType_in";
    .port_info 1 /INPUT 4 "aluFunc_in";
    .port_info 2 /INPUT 3 "brFunc_in";
    .port_info 3 /INPUT 32 "imm_in";
    .port_info 4 /INPUT 32 "pc_in";
    .port_info 5 /INPUT 32 "rval1_in";
    .port_info 6 /INPUT 32 "rval2_in";
    .port_info 7 /OUTPUT 32 "data_out";
    .port_info 8 /OUTPUT 32 "addr_out";
    .port_info 9 /OUTPUT 32 "nextPc_out";
o0x7fe812abe918 .functor BUFZ 32, C4<zzzzzzzzzzzzzzzzzzzzzzzzzzzzzzzz>; HiZ drive
L_0x5628febc90d0 .functor BUFZ 32, o0x7fe812abe918, C4<00000000000000000000000000000000>, C4<00000000000000000000000000000000>, C4<00000000000000000000000000000000>;
L_0x7fe812a75018 .functor BUFT 1, C4<00000000000000000000000000000100>, C4<0>, C4<0>, C4<0>;
v0x5628febe0a00_0 .net/2u *"_ivl_0", 31 0, L_0x7fe812a75018;  1 drivers
L_0x7fe812a750a8 .functor BUFT 1, C4<00000000000000000000000000000001>, C4<0>, C4<0>, C4<0>;
v0x5628febe0b00_0 .net/2u *"_ivl_10", 31 0, L_0x7fe812a750a8;  1 drivers
v0x5628febe0be0_0 .net *"_ivl_12", 0 0, L_0x5628fec019a0;  1 drivers
v0x5628febe0c80_0 .net *"_ivl_6", 31 0, L_0x5628fec017d0;  1 drivers
L_0x7fe812a75060 .functor BUFT 1, C4<0000000000000000000000000000>, C4<0>, C4<0>, C4<0>;
v0x5628febe0d60_0 .net *"_ivl_9", 27 0, L_0x7fe812a75060;  1 drivers
v0x5628febe0e90_0 .net "addr_out", 31 0, L_0x5628fec01e50;  1 drivers
o0x7fe812abe048 .functor BUFZ 4, C4<zzzz>; HiZ drive
v0x5628febe0f70_0 .net "aluFunc_in", 3 0, o0x7fe812abe048;  0 drivers
v0x5628febe1030_0 .net/s "alu_result", 31 0, v0x5628febbaa00_0;  1 drivers
v0x5628febe10d0_0 .net/s "alu_rval1", 31 0, L_0x5628febc90d0;  1 drivers
v0x5628febe1170_0 .net/s "alu_rval2", 31 0, L_0x5628fec01b10;  1 drivers
o0x7fe812abe588 .functor BUFZ 3, C4<zzz>; HiZ drive
v0x5628febe1280_0 .net "brFunc_in", 2 0, o0x7fe812abe588;  0 drivers
v0x5628febe1340_0 .net "branch_res", 0 0, v0x5628febe0490_0;  1 drivers
v0x5628febe13e0_0 .var/s "data_out", 31 0;
o0x7fe812abe828 .functor BUFZ 4, C4<zzzz>; HiZ drive
v0x5628febe1480_0 .net "iType_in", 3 0, o0x7fe812abe828;  0 drivers
o0x7fe812abe858 .functor BUFZ 32, C4<zzzzzzzzzzzzzzzzzzzzzzzzzzzzzzzz>; HiZ drive
v0x5628febe1560_0 .net/s "imm_in", 31 0, o0x7fe812abe858;  0 drivers
v0x5628febe1640_0 .net "nextPc_default", 31 0, L_0x5628fec016d0;  1 drivers
v0x5628febe1720_0 .var "nextPc_out", 31 0;
o0x7fe812abe8e8 .functor BUFZ 32, C4<zzzzzzzzzzzzzzzzzzzzzzzzzzzzzzzz>; HiZ drive
v0x5628febe1910_0 .net "pc_in", 31 0, o0x7fe812abe8e8;  0 drivers
v0x5628febe19f0_0 .net/s "rval1_in", 31 0, o0x7fe812abe918;  0 drivers
o0x7fe812abe948 .functor BUFZ 32, C4<zzzzzzzzzzzzzzzzzzzzzzzzzzzzzzzz>; HiZ drive
v0x5628febe1ad0_0 .net/s "rval2_in", 31 0, o0x7fe812abe948;  0 drivers
E_0x5628feadd240/0 .event edge, v0x5628febe1480_0, v0x5628febbaa00_0, v0x5628febe1640_0, v0x5628febe0490_0;
E_0x5628feadd240/1 .event edge, v0x5628febe1910_0, v0x5628febe1560_0, v0x5628febe19f0_0, v0x5628febe1ad0_0;
E_0x5628feadd240 .event/or E_0x5628feadd240/0, E_0x5628feadd240/1;
L_0x5628fec016d0 .arith/sum 32, o0x7fe812abe8e8, L_0x7fe812a75018;
L_0x5628fec017d0 .concat [ 4 28 0 0], o0x7fe812abe828, L_0x7fe812a75060;
L_0x5628fec019a0 .cmp/eq 32, L_0x5628fec017d0, L_0x7fe812a750a8;
L_0x5628fec01b10 .functor MUXZ 32, o0x7fe812abe948, o0x7fe812abe858, L_0x5628fec019a0, C4<>;
L_0x5628fec01e50 .arith/sum 32, o0x7fe812abe918, o0x7fe812abe858;
S_0x5628feaea3c0 .scope module, "my_alu" "alu" 3 55, 4 6 0, S_0x5628feb91d20;
 .timescale -9 -12;
    .port_info 0 /INPUT 1 "clk_in";
    .port_info 1 /INPUT 1 "rst_in";
    .port_info 2 /INPUT 1 "valid_in";
    .port_info 3 /INPUT 1 "read_in";
    .port_info 4 /INPUT 32 "rval1_in";
    .port_info 5 /INPUT 32 "rval2_in";
    .port_info 6 /INPUT 4 "aluFunc_in";
    .port_info 7 /INPUT 3 "rob_idx_in";
    .port_info 8 /OUTPUT 32 "data_out";
    .port_info 9 /OUTPUT 1 "ready_out";
    .port_info 10 /OUTPUT 1 "valid_out";
P_0x5628feb1cc70 .param/l "STALL_DURATION" 1 4 21, +C4<00000000000000000000000000011001>;
L_0x5628febba8a0 .functor BUFZ 32, L_0x5628febc90d0, C4<00000000000000000000000000000000>, C4<00000000000000000000000000000000>, C4<00000000000000000000000000000000>;
L_0x5628febb4390 .functor BUFZ 32, L_0x5628fec01b10, C4<00000000000000000000000000000000>, C4<00000000000000000000000000000000>, C4<00000000000000000000000000000000>;
v0x5628febcb310_0 .net "aluFunc_in", 3 0, o0x7fe812abe048;  alias, 0 drivers
o0x7fe812abe078 .functor BUFZ 1, C4<z>; HiZ drive
v0x5628febc91f0_0 .net "clk_in", 0 0, o0x7fe812abe078;  0 drivers
v0x5628febbaa00_0 .var/s "data_out", 31 0;
o0x7fe812abe0d8 .functor BUFZ 1, C4<z>; HiZ drive
v0x5628febb44b0_0 .net "read_in", 0 0, o0x7fe812abe0d8;  0 drivers
v0x5628feb9f0b0_0 .var "ready_out", 0 0;
o0x7fe812abe138 .functor BUFZ 3, C4<zzz>; HiZ drive
v0x5628feb30d70_0 .net "rob_idx_in", 2 0, o0x7fe812abe138;  0 drivers
o0x7fe812abe168 .functor BUFZ 1, C4<z>; HiZ drive
v0x5628febdf930_0 .net "rst_in", 0 0, o0x7fe812abe168;  0 drivers
v0x5628febdf9f0_0 .net/s "rval1_in", 31 0, L_0x5628febc90d0;  alias, 1 drivers
v0x5628febdfad0_0 .net "rval1_u", 31 0, L_0x5628febba8a0;  1 drivers
v0x5628febdfbb0_0 .net/s "rval2_in", 31 0, L_0x5628fec01b10;  alias, 1 drivers
v0x5628febdfc90_0 .net "rval2_u", 31 0, L_0x5628febb4390;  1 drivers
v0x5628febdfd70_0 .var "stall", 24 0;
v0x5628febdfe50_0 .var "stall_can_start", 0 0;
v0x5628febdff10_0 .var "stall_done", 0 0;
o0x7fe812abe2e8 .functor BUFZ 1, C4<z>; HiZ drive
v0x5628febdffd0_0 .net "valid_in", 0 0, o0x7fe812abe2e8;  0 drivers
v0x5628febe0090_0 .var "valid_out", 0 0;
E_0x5628feac50d0/0 .event edge, v0x5628febcb310_0, v0x5628febdf9f0_0, v0x5628febdfbb0_0, v0x5628febdfad0_0;
E_0x5628feac50d0/1 .event edge, v0x5628febdfc90_0;
E_0x5628feac50d0 .event/or E_0x5628feac50d0/0, E_0x5628feac50d0/1;
E_0x5628febc9b50 .event posedge, v0x5628febc91f0_0;
S_0x5628feaea6b0 .scope begin, "$ivl_for_loop0" "$ivl_for_loop0" 4 43, 4 43 0, S_0x5628feaea3c0;
 .timescale -9 -12;
v0x5628feb59840_0 .var/2s "i", 31 0;
S_0x5628febe02b0 .scope module, "my_branchAlu" "branchAlu" 3 62, 5 8 0, S_0x5628feb91d20;
 .timescale -9 -12;
    .port_info 0 /INPUT 32 "rval1_in";
    .port_info 1 /INPUT 32 "rval2_in";
    .port_info 2 /INPUT 3 "brFunc_in";
    .port_info 3 /OUTPUT 1 "bool_out";
L_0x5628feb9ef10 .functor BUFZ 32, L_0x5628febc90d0, C4<00000000000000000000000000000000>, C4<00000000000000000000000000000000>, C4<00000000000000000000000000000000>;
L_0x5628fec01db0 .functor BUFZ 32, L_0x5628fec01b10, C4<00000000000000000000000000000000>, C4<00000000000000000000000000000000>, C4<00000000000000000000000000000000>;
v0x5628febe0490_0 .var "bool_out", 0 0;
v0x5628febe0570_0 .net "brFunc_in", 2 0, o0x7fe812abe588;  alias, 0 drivers
v0x5628febe0650_0 .net/s "rval1_in", 31 0, L_0x5628febc90d0;  alias, 1 drivers
v0x5628febe06f0_0 .net "rval1_u", 31 0, L_0x5628feb9ef10;  1 drivers
v0x5628febe07b0_0 .net/s "rval2_in", 31 0, L_0x5628fec01b10;  alias, 1 drivers
v0x5628febe08c0_0 .net "rval2_u", 31 0, L_0x5628fec01db0;  1 drivers
E_0x5628febca480/0 .event edge, v0x5628febe0570_0, v0x5628febdf9f0_0, v0x5628febdfbb0_0, v0x5628febe06f0_0;
E_0x5628febca480/1 .event edge, v0x5628febe08c0_0;
E_0x5628febca480 .event/or E_0x5628febca480/0, E_0x5628febca480/1;
S_0x5628febbd830 .scope module, "iq_to_cdb_tb" "iq_to_cdb_tb" 6 4;
 .timescale -9 -12;
v0x5628febee660_0 .net "addr_out", 31 0, v0x5628febe8f30_0;  1 drivers
v0x5628febee740_0 .var "btn_in", 3 0;
v0x5628febee7e0_0 .var "clk_in", 0 0;
v0x5628febee880_0 .net/s "data_out", 31 0, v0x5628febebb90_0;  1 drivers
v0x5628febee920_0 .var "instruction", 31 0;
v0x5628febee9c0_0 .var "iq_valid", 0 0;
v0x5628febeeab0_0 .net "led_out", 15 0, L_0x5628fec02b20;  1 drivers
v0x5628febeeb50_0 .net "nextPc_out", 31 0, v0x5628febec7f0_0;  1 drivers
L_0x7fe812a75138 .functor BUFT 1, C4<000>, C4<0>, C4<0>, C4<0>;
v0x5628febeec20_0 .net "rgb0_out", 2 0, L_0x7fe812a75138;  1 drivers
L_0x7fe812a750f0 .functor BUFT 1, C4<000>, C4<0>, C4<0>, C4<0>;
v0x5628febeed80_0 .net "rgb1_out", 2 0, L_0x7fe812a750f0;  1 drivers
v0x5628febeee50_0 .var "sw", 15 0;
S_0x5628febe1cf0 .scope begin, "$ivl_for_loop6" "$ivl_for_loop6" 6 50, 6 50 0, S_0x5628febbd830;
 .timescale -9 -12;
v0x5628febe1ef0_0 .var/2s "i", 31 0;
S_0x5628febe1ff0 .scope module, "uut" "top_level" 6 18, 7 11 0, S_0x5628febbd830;
 .timescale -9 -12;
    .port_info 0 /INPUT 1 "clk_100mhz";
    .port_info 1 /INPUT 16 "sw";
    .port_info 2 /INPUT 4 "btn";
    .port_info 3 /INPUT 32 "instruction";
    .port_info 4 /INPUT 1 "iq_valid";
    .port_info 5 /OUTPUT 16 "led";
    .port_info 6 /OUTPUT 3 "rgb0";
    .port_info 7 /OUTPUT 3 "rgb1";
    .port_info 8 /OUTPUT 32 "data_out";
    .port_info 9 /OUTPUT 32 "addr_out";
    .port_info 10 /OUTPUT 32 "nextPc_out";
L_0x5628fec01ef0 .functor BUFZ 32, v0x5628febee920_0, C4<00000000000000000000000000000000>, C4<00000000000000000000000000000000>, C4<00000000000000000000000000000000>;
v0x5628febebd80_0 .array/port v0x5628febebd80, 0;
L_0x5628fec022b0 .functor BUFZ 5, v0x5628febebd80_0, C4<00000>, C4<00000>, C4<00000>;
v0x5628febebd80_1 .array/port v0x5628febebd80, 1;
L_0x5628fec02320 .functor BUFZ 5, v0x5628febebd80_1, C4<00000>, C4<00000>, C4<00000>;
v0x5628febebd80_2 .array/port v0x5628febebd80, 2;
L_0x5628fec02390 .functor BUFZ 5, v0x5628febebd80_2, C4<00000>, C4<00000>, C4<00000>;
v0x5628febebd80_3 .array/port v0x5628febebd80, 3;
L_0x5628fec02400 .functor BUFZ 5, v0x5628febebd80_3, C4<00000>, C4<00000>, C4<00000>;
v0x5628febebd80_4 .array/port v0x5628febebd80, 4;
L_0x5628fec024d0 .functor BUFZ 5, v0x5628febebd80_4, C4<00000>, C4<00000>, C4<00000>;
v0x5628febebd80_5 .array/port v0x5628febebd80, 5;
L_0x5628fec025e0 .functor BUFZ 5, v0x5628febebd80_5, C4<00000>, C4<00000>, C4<00000>;
v0x5628febebd80_6 .array/port v0x5628febebd80, 6;
L_0x5628fec02680 .functor BUFZ 5, v0x5628febebd80_6, C4<00000>, C4<00000>, C4<00000>;
v0x5628febebd80_7 .array/port v0x5628febebd80, 7;
L_0x5628fec027a0 .functor BUFZ 5, v0x5628febebd80_7, C4<00000>, C4<00000>, C4<00000>;
v0x5628febe8f30_0 .var "addr_out", 31 0;
v0x5628febeb600_0 .net "alu1_output_valid", 0 0, v0x5628febe4c50_0;  1 drivers
v0x5628febeb6f0_0 .net "alu1_ready", 0 0, v0x5628febe4300_0;  1 drivers
v0x5628febeb7f0_0 .net/s "alu1_result", 31 0, v0x5628febe4180_0;  1 drivers
v0x5628febeb8c0_0 .net "aluFunc", 3 0, v0x5628febe2750_0;  1 drivers
v0x5628febeb9b0_0 .net "brFunc", 2 0, v0x5628febe2850_0;  1 drivers
v0x5628febeba50_0 .net "btn", 3 0, v0x5628febee740_0;  1 drivers
v0x5628febebaf0_0 .net "clk_100mhz", 0 0, v0x5628febee7e0_0;  1 drivers
v0x5628febebb90_0 .var/s "data_out", 31 0;
v0x5628febebce0_0 .var "flush", 0 0;
v0x5628febebd80 .array "flush_addrs", 0 7, 4 0;
v0x5628febebf20_0 .net "iType", 3 0, v0x5628febe2be0_0;  1 drivers
v0x5628febec010_0 .net/s "imm", 31 0, v0x5628febe2da0_0;  1 drivers
v0x5628febec0e0_0 .net "instruction", 31 0, v0x5628febee920_0;  1 drivers
v0x5628febec1a0_0 .net/s "instruction_fetched", 31 0, L_0x5628fec01ef0;  1 drivers
v0x5628febec290_0 .net "iq_inst_available", 0 0, v0x5628febe5d90_0;  1 drivers
v0x5628febec360_0 .net/s "iq_instruction_out", 31 0, v0x5628febe5610_0;  1 drivers
v0x5628febec510_0 .var "iq_output_read", 0 0;
v0x5628febec5b0_0 .net "iq_ready", 0 0, v0x5628febe5480_0;  1 drivers
v0x5628febec680_0 .net "iq_valid", 0 0, v0x5628febee9c0_0;  1 drivers
v0x5628febec750_0 .net "led", 15 0, L_0x5628fec02b20;  alias, 1 drivers
v0x5628febec7f0_0 .var "nextPc_out", 31 0;
v0x5628febec890_0 .net "opcode_alu_fu", 3 0, v0x5628febea700_0;  1 drivers
v0x5628febec9a0_0 .net "output_valid_alu", 0 0, v0x5628febeae50_0;  1 drivers
v0x5628febeca90_0 .net "rd", 4 0, v0x5628febe3200_0;  1 drivers
v0x5628febecb50_0 .net/s "rd1_out", 31 0, v0x5628febe7180_0;  1 drivers
v0x5628febecc40_0 .net/s "rd2_out", 31 0, v0x5628febe7260_0;  1 drivers
L_0x7fe812a75210 .functor BUFT 1, C4<1>, C4<0>, C4<0>, C4<0>;
v0x5628febecd50_0 .net "read_in", 0 0, L_0x7fe812a75210;  1 drivers
v0x5628febecdf0_0 .var "rf_rob_valid", 0 0;
v0x5628febece90_0 .net "rgb0", 2 0, L_0x7fe812a75138;  alias, 1 drivers
v0x5628febecf30_0 .net "rgb1", 2 0, L_0x7fe812a750f0;  alias, 1 drivers
v0x5628febed010_0 .net "rob1_valid_out", 0 0, v0x5628febe7960_0;  1 drivers
v0x5628febed100_0 .net "rob2_valid_out", 0 0, v0x5628febe7a20_0;  1 drivers
v0x5628febed1f0_0 .net "rob_idx_alu_fu", 2 0, v0x5628febeab40_0;  1 drivers
v0x5628febed300_0 .net "rob_ix1_out", 2 0, v0x5628febe7ae0_0;  1 drivers
v0x5628febed410_0 .net "rob_ix2_out", 2 0, v0x5628febe7c50_0;  1 drivers
L_0x7fe812a75180 .functor BUFT 1, C4<1>, C4<0>, C4<0>, C4<0>;
v0x5628febed520_0 .net "rob_ready", 0 0, L_0x7fe812a75180;  1 drivers
v0x5628febed5e0_0 .net "rs1", 4 0, v0x5628febe33c0_0;  1 drivers
v0x5628febed6f0_0 .net "rs2", 4 0, v0x5628febe3580_0;  1 drivers
v0x5628febed800_0 .net "rs_alu_ready", 0 0, v0x5628febead90_0;  1 drivers
v0x5628febed8a0_0 .var "rs_alu_valid_in", 0 0;
v0x5628febed940_0 .var "rs_brAlu_ready", 0 0;
v0x5628febed9e0_0 .var "rs_brAlu_valid_in", 0 0;
v0x5628febeda80_0 .var "rs_div_ready", 0 0;
v0x5628febedb40_0 .var "rs_div_valid_in", 0 0;
v0x5628febedc00_0 .var "rs_mem_ready", 0 0;
v0x5628febedcc0_0 .var "rs_mem_valid_in", 0 0;
v0x5628febedd80_0 .var "rs_mul_ready", 0 0;
v0x5628febede40_0 .var "rs_mul_valid_in", 0 0;
v0x5628febedf00_0 .net "rval1_alu_fu", 31 0, v0x5628febeafc0_0;  1 drivers
v0x5628febee010_0 .net "rval2_alu_fu", 31 0, v0x5628febeb090_0;  1 drivers
v0x5628febee120_0 .net "sw", 15 0, v0x5628febeee50_0;  1 drivers
v0x5628febee200_0 .net "sys_rst", 0 0, L_0x5628fec02080;  1 drivers
v0x5628febee2a0_0 .var "wa", 4 0;
v0x5628febee360_0 .var/s "wd", 31 0;
v0x5628febee400_0 .var "we", 0 0;
v0x5628febee4a0_0 .var "wrob_ix", 2 0;
E_0x5628febcab30/0 .event edge, v0x5628febe5d90_0, v0x5628febed520_0, v0x5628febe2be0_0, v0x5628febedc00_0;
E_0x5628febcab30/1 .event edge, v0x5628febed940_0, v0x5628febedd80_0, v0x5628febeda80_0, v0x5628febead90_0;
E_0x5628febcab30 .event/or E_0x5628febcab30/0, E_0x5628febcab30/1;
L_0x5628fec02080 .part v0x5628febee740_0, 0, 1;
L_0x5628fec028a0 .reduce/nor v0x5628febe4300_0;
L_0x5628fec02b20 .part v0x5628febe4180_0, 0, 16;
S_0x5628febe2350 .scope module, "decoder" "decode" 7 63, 8 4 0, S_0x5628febe1ff0;
 .timescale -9 -12;
    .port_info 0 /INPUT 1 "clk_in";
    .port_info 1 /INPUT 32 "instruction_in";
    .port_info 2 /OUTPUT 4 "iType_out";
    .port_info 3 /OUTPUT 4 "aluFunc_out";
    .port_info 4 /OUTPUT 3 "brFunc_out";
    .port_info 5 /OUTPUT 32 "imm_out";
    .port_info 6 /OUTPUT 5 "rs1_out";
    .port_info 7 /OUTPUT 5 "rs2_out";
    .port_info 8 /OUTPUT 5 "rd_out";
enum0x5628feb6c290 .enum2/s (32)
   "R" 0,
   "I" 1,
   "S" 2,
   "B" 3,
   "U" 4,
   "J" 5,
   "N" 6
 ;
v0x5628febe2750_0 .var "aluFunc_out", 3 0;
v0x5628febe2850_0 .var "brFunc_out", 2 0;
o0x7fe812abebe8 .functor BUFZ 1, C4<z>; HiZ drive
v0x5628febe2930_0 .net "clk_in", 0 0, o0x7fe812abebe8;  0 drivers
v0x5628febe29d0_0 .var "funct3", 2 0;
v0x5628febe2ab0_0 .var "funct7", 6 0;
v0x5628febe2be0_0 .var "iType_out", 3 0;
v0x5628febe2cc0_0 .var "imm", 31 0;
v0x5628febe2da0_0 .var/s "imm_out", 31 0;
v0x5628febe2e80_0 .var/2s "inst_type", 31 0;
v0x5628febe2f60_0 .net "instruction_in", 31 0, v0x5628febe5610_0;  alias, 1 drivers
v0x5628febe3040_0 .net "opcode", 6 0, L_0x5628fec02210;  1 drivers
v0x5628febe3120_0 .var "rd", 4 0;
v0x5628febe3200_0 .var "rd_out", 4 0;
v0x5628febe32e0_0 .var "rs1", 4 0;
v0x5628febe33c0_0 .var/s "rs1_out", 4 0;
v0x5628febe34a0_0 .var "rs2", 4 0;
v0x5628febe3580_0 .var/s "rs2_out", 4 0;
E_0x5628febcacd0/0 .event edge, v0x5628febe3040_0, v0x5628febe2f60_0, v0x5628febe2f60_0, v0x5628febe2f60_0;
E_0x5628febcacd0/1 .event edge, v0x5628febe2f60_0, v0x5628febe2f60_0, v0x5628febe2f60_0, v0x5628febe2f60_0;
E_0x5628febcacd0/2 .event edge, v0x5628febe2f60_0, v0x5628febe2f60_0, v0x5628febe2f60_0, v0x5628febe2f60_0;
E_0x5628febcacd0/3 .event edge, v0x5628febe2f60_0, v0x5628febe2f60_0, v0x5628febe2f60_0, v0x5628febe2cc0_0;
E_0x5628febcacd0 .event/or E_0x5628febcacd0/0, E_0x5628febcacd0/1, E_0x5628febcacd0/2, E_0x5628febcacd0/3;
L_0x5628fec02210 .part v0x5628febe5610_0, 0, 7;
S_0x5628febe3890 .scope module, "fu_alu" "alu" 7 176, 4 6 0, S_0x5628febe1ff0;
 .timescale -9 -12;
    .port_info 0 /INPUT 1 "clk_in";
    .port_info 1 /INPUT 1 "rst_in";
    .port_info 2 /INPUT 1 "valid_in";
    .port_info 3 /INPUT 1 "read_in";
    .port_info 4 /INPUT 32 "rval1_in";
    .port_info 5 /INPUT 32 "rval2_in";
    .port_info 6 /INPUT 4 "aluFunc_in";
    .port_info 7 /INPUT 3 "rob_idx_in";
    .port_info 8 /OUTPUT 32 "data_out";
    .port_info 9 /OUTPUT 1 "ready_out";
    .port_info 10 /OUTPUT 1 "valid_out";
P_0x5628febe3a40 .param/l "STALL_DURATION" 1 4 21, +C4<00000000000000000000000000011001>;
L_0x5628fec02a10 .functor BUFZ 32, v0x5628febeafc0_0, C4<00000000000000000000000000000000>, C4<00000000000000000000000000000000>, C4<00000000000000000000000000000000>;
L_0x5628fec02a80 .functor BUFZ 32, v0x5628febeb090_0, C4<00000000000000000000000000000000>, C4<00000000000000000000000000000000>, C4<00000000000000000000000000000000>;
v0x5628febe3fc0_0 .net "aluFunc_in", 3 0, v0x5628febea700_0;  alias, 1 drivers
v0x5628febe40c0_0 .net "clk_in", 0 0, v0x5628febee7e0_0;  alias, 1 drivers
v0x5628febe4180_0 .var/s "data_out", 31 0;
v0x5628febe4240_0 .net "read_in", 0 0, L_0x7fe812a75210;  alias, 1 drivers
v0x5628febe4300_0 .var "ready_out", 0 0;
v0x5628febe4410_0 .net "rob_idx_in", 2 0, v0x5628febeab40_0;  alias, 1 drivers
v0x5628febe44f0_0 .net "rst_in", 0 0, L_0x5628fec02080;  alias, 1 drivers
v0x5628febe45b0_0 .net/s "rval1_in", 31 0, v0x5628febeafc0_0;  alias, 1 drivers
v0x5628febe4690_0 .net "rval1_u", 31 0, L_0x5628fec02a10;  1 drivers
v0x5628febe4770_0 .net/s "rval2_in", 31 0, v0x5628febeb090_0;  alias, 1 drivers
v0x5628febe4850_0 .net "rval2_u", 31 0, L_0x5628fec02a80;  1 drivers
v0x5628febe4930_0 .var "stall", 24 0;
v0x5628febe4a10_0 .var "stall_can_start", 0 0;
v0x5628febe4ad0_0 .var "stall_done", 0 0;
v0x5628febe4b90_0 .net "valid_in", 0 0, v0x5628febeae50_0;  alias, 1 drivers
v0x5628febe4c50_0 .var "valid_out", 0 0;
E_0x5628febe3bf0/0 .event edge, v0x5628febe3fc0_0, v0x5628febe45b0_0, v0x5628febe4770_0, v0x5628febe4690_0;
E_0x5628febe3bf0/1 .event edge, v0x5628febe4850_0;
E_0x5628febe3bf0 .event/or E_0x5628febe3bf0/0, E_0x5628febe3bf0/1;
E_0x5628febe3c60 .event posedge, v0x5628febe40c0_0;
S_0x5628febe3cc0 .scope begin, "$ivl_for_loop0" "$ivl_for_loop0" 4 43, 4 43 0, S_0x5628febe3890;
 .timescale -9 -12;
v0x5628febe3ec0_0 .var/2s "i", 31 0;
S_0x5628febe4ed0 .scope module, "inst_queue" "instruction_queue" 7 41, 9 1 0, S_0x5628febe1ff0;
 .timescale -9 -12;
    .port_info 0 /INPUT 1 "clk_in";
    .port_info 1 /INPUT 1 "rst_in";
    .port_info 2 /INPUT 1 "valid_in";
    .port_info 3 /INPUT 1 "output_read_in";
    .port_info 4 /INPUT 32 "instruction_in";
    .port_info 5 /OUTPUT 1 "inst_available_out";
    .port_info 6 /OUTPUT 32 "instruction_out";
    .port_info 7 /OUTPUT 1 "ready_out";
P_0x5628febc9e50 .param/l "COUNTER_SIZE" 1 9 11, +C4<00000000000000000000000000000010>;
P_0x5628febc9e90 .param/l "SIZE" 0 9 1, +C4<00000000000000000000000000000100>;
v0x5628febe5390_0 .net "clk_in", 0 0, v0x5628febee7e0_0;  alias, 1 drivers
v0x5628febe5480_0 .var "inst_available_out", 0 0;
v0x5628febe5520_0 .net "instruction_in", 31 0, L_0x5628fec01ef0;  alias, 1 drivers
v0x5628febe5610_0 .var "instruction_out", 31 0;
v0x5628febe5700 .array "instruction_queue", 0 3, 31 0;
v0x5628febe5870_0 .var "instruction_queue_0", 31 0;
v0x5628febe5950_0 .var "instruction_queue_1", 31 0;
v0x5628febe5a30_0 .var "instruction_queue_2", 31 0;
v0x5628febe5b10_0 .var "instruction_queue_3", 31 0;
v0x5628febe5bf0_0 .net "output_read_in", 0 0, v0x5628febec510_0;  1 drivers
v0x5628febe5cb0_0 .var "read_counter", 31 0;
v0x5628febe5d90_0 .var "ready_out", 0 0;
v0x5628febe5e50_0 .net "rst_in", 0 0, L_0x5628fec02080;  alias, 1 drivers
v0x5628febe5f20_0 .net "valid_in", 0 0, v0x5628febee9c0_0;  alias, 1 drivers
v0x5628febe5fc0_0 .var "write_counter", 31 0;
v0x5628febe5700_0 .array/port v0x5628febe5700, 0;
E_0x5628febe5310/0 .event edge, v0x5628febe5fc0_0, v0x5628febe5cb0_0, v0x5628febe5cb0_0, v0x5628febe5700_0;
v0x5628febe5700_1 .array/port v0x5628febe5700, 1;
v0x5628febe5700_2 .array/port v0x5628febe5700, 2;
v0x5628febe5700_3 .array/port v0x5628febe5700, 3;
E_0x5628febe5310/1 .event edge, v0x5628febe5700_1, v0x5628febe5700_2, v0x5628febe5700_3;
E_0x5628febe5310 .event/or E_0x5628febe5310/0, E_0x5628febe5310/1;
S_0x5628febe61a0 .scope module, "registers" "register_file" 7 92, 10 4 0, S_0x5628febe1ff0;
 .timescale -9 -12;
    .port_info 0 /INPUT 1 "clk_in";
    .port_info 1 /INPUT 1 "rst_in";
    .port_info 2 /INPUT 5 "rs1_in";
    .port_info 3 /INPUT 5 "rs2_in";
    .port_info 4 /INPUT 5 "wa_in";
    .port_info 5 /INPUT 1 "we_in";
    .port_info 6 /INPUT 32 "wd_in";
    .port_info 7 /INPUT 3 "rob_ix_in";
    .port_info 8 /INPUT 1 "rob_valid_in";
    .port_info 9 /INPUT 1 "flush_in";
    .port_info 10 /INPUT 40 "flush_addrs_in";
    .port_info 11 /OUTPUT 32 "rd1_out";
    .port_info 12 /OUTPUT 32 "rd2_out";
    .port_info 13 /OUTPUT 3 "rob_ix1_out";
    .port_info 14 /OUTPUT 3 "rob_ix2_out";
    .port_info 15 /OUTPUT 1 "rob1_valid_out";
    .port_info 16 /OUTPUT 1 "rob2_valid_out";
v0x5628febe6dc0_0 .net "clk_in", 0 0, v0x5628febee7e0_0;  alias, 1 drivers
v0x5628febe6ed0 .array "flush_addrs_in", 0 7;
v0x5628febe6ed0_0 .net v0x5628febe6ed0 0, 4 0, L_0x5628fec022b0; 1 drivers
v0x5628febe6ed0_1 .net v0x5628febe6ed0 1, 4 0, L_0x5628fec02320; 1 drivers
v0x5628febe6ed0_2 .net v0x5628febe6ed0 2, 4 0, L_0x5628fec02390; 1 drivers
v0x5628febe6ed0_3 .net v0x5628febe6ed0 3, 4 0, L_0x5628fec02400; 1 drivers
v0x5628febe6ed0_4 .net v0x5628febe6ed0 4, 4 0, L_0x5628fec024d0; 1 drivers
v0x5628febe6ed0_5 .net v0x5628febe6ed0 5, 4 0, L_0x5628fec025e0; 1 drivers
v0x5628febe6ed0_6 .net v0x5628febe6ed0 6, 4 0, L_0x5628fec02680; 1 drivers
v0x5628febe6ed0_7 .net v0x5628febe6ed0 7, 4 0, L_0x5628fec027a0; 1 drivers
v0x5628febe70e0_0 .net "flush_in", 0 0, v0x5628febebce0_0;  1 drivers
v0x5628febe7180_0 .var "rd1_out", 31 0;
v0x5628febe7260_0 .var "rd2_out", 31 0;
v0x5628febe7390 .array "registers", 0 31, 31 0;
v0x5628febe7960_0 .var "rob1_valid_out", 0 0;
v0x5628febe7a20_0 .var "rob2_valid_out", 0 0;
v0x5628febe7ae0_0 .var "rob_ix1_out", 2 0;
v0x5628febe7c50_0 .var "rob_ix2_out", 2 0;
v0x5628febe7d30_0 .net "rob_ix_in", 2 0, v0x5628febee4a0_0;  1 drivers
v0x5628febe7e10 .array "rob_ixs", 0 31, 2 0;
v0x5628febe83e0_0 .net "rob_valid_in", 0 0, v0x5628febecdf0_0;  1 drivers
v0x5628febe84a0_0 .net "rs1_in", 4 0, v0x5628febe33c0_0;  alias, 1 drivers
v0x5628febe8560_0 .net "rs2_in", 4 0, v0x5628febe3580_0;  alias, 1 drivers
v0x5628febe8630_0 .net "rst_in", 0 0, L_0x5628fec02080;  alias, 1 drivers
v0x5628febe86d0_0 .net "wa_in", 4 0, v0x5628febee2a0_0;  1 drivers
v0x5628febe88a0_0 .net "wd_in", 31 0, v0x5628febee360_0;  1 drivers
v0x5628febe8980_0 .net "we_in", 0 0, v0x5628febee400_0;  1 drivers
v0x5628febe7390_0 .array/port v0x5628febe7390, 0;
v0x5628febe7390_1 .array/port v0x5628febe7390, 1;
v0x5628febe7390_2 .array/port v0x5628febe7390, 2;
E_0x5628febe6560/0 .event edge, v0x5628febe33c0_0, v0x5628febe7390_0, v0x5628febe7390_1, v0x5628febe7390_2;
v0x5628febe7390_3 .array/port v0x5628febe7390, 3;
v0x5628febe7390_4 .array/port v0x5628febe7390, 4;
v0x5628febe7390_5 .array/port v0x5628febe7390, 5;
v0x5628febe7390_6 .array/port v0x5628febe7390, 6;
E_0x5628febe6560/1 .event edge, v0x5628febe7390_3, v0x5628febe7390_4, v0x5628febe7390_5, v0x5628febe7390_6;
v0x5628febe7390_7 .array/port v0x5628febe7390, 7;
v0x5628febe7390_8 .array/port v0x5628febe7390, 8;
v0x5628febe7390_9 .array/port v0x5628febe7390, 9;
v0x5628febe7390_10 .array/port v0x5628febe7390, 10;
E_0x5628febe6560/2 .event edge, v0x5628febe7390_7, v0x5628febe7390_8, v0x5628febe7390_9, v0x5628febe7390_10;
v0x5628febe7390_11 .array/port v0x5628febe7390, 11;
v0x5628febe7390_12 .array/port v0x5628febe7390, 12;
v0x5628febe7390_13 .array/port v0x5628febe7390, 13;
v0x5628febe7390_14 .array/port v0x5628febe7390, 14;
E_0x5628febe6560/3 .event edge, v0x5628febe7390_11, v0x5628febe7390_12, v0x5628febe7390_13, v0x5628febe7390_14;
v0x5628febe7390_15 .array/port v0x5628febe7390, 15;
v0x5628febe7390_16 .array/port v0x5628febe7390, 16;
v0x5628febe7390_17 .array/port v0x5628febe7390, 17;
v0x5628febe7390_18 .array/port v0x5628febe7390, 18;
E_0x5628febe6560/4 .event edge, v0x5628febe7390_15, v0x5628febe7390_16, v0x5628febe7390_17, v0x5628febe7390_18;
v0x5628febe7390_19 .array/port v0x5628febe7390, 19;
v0x5628febe7390_20 .array/port v0x5628febe7390, 20;
v0x5628febe7390_21 .array/port v0x5628febe7390, 21;
v0x5628febe7390_22 .array/port v0x5628febe7390, 22;
E_0x5628febe6560/5 .event edge, v0x5628febe7390_19, v0x5628febe7390_20, v0x5628febe7390_21, v0x5628febe7390_22;
v0x5628febe7390_23 .array/port v0x5628febe7390, 23;
v0x5628febe7390_24 .array/port v0x5628febe7390, 24;
v0x5628febe7390_25 .array/port v0x5628febe7390, 25;
v0x5628febe7390_26 .array/port v0x5628febe7390, 26;
E_0x5628febe6560/6 .event edge, v0x5628febe7390_23, v0x5628febe7390_24, v0x5628febe7390_25, v0x5628febe7390_26;
v0x5628febe7390_27 .array/port v0x5628febe7390, 27;
v0x5628febe7390_28 .array/port v0x5628febe7390, 28;
v0x5628febe7390_29 .array/port v0x5628febe7390, 29;
v0x5628febe7390_30 .array/port v0x5628febe7390, 30;
E_0x5628febe6560/7 .event edge, v0x5628febe7390_27, v0x5628febe7390_28, v0x5628febe7390_29, v0x5628febe7390_30;
v0x5628febe7390_31 .array/port v0x5628febe7390, 31;
v0x5628febe7e10_0 .array/port v0x5628febe7e10, 0;
v0x5628febe7e10_1 .array/port v0x5628febe7e10, 1;
E_0x5628febe6560/8 .event edge, v0x5628febe7390_31, v0x5628febe3580_0, v0x5628febe7e10_0, v0x5628febe7e10_1;
v0x5628febe7e10_2 .array/port v0x5628febe7e10, 2;
v0x5628febe7e10_3 .array/port v0x5628febe7e10, 3;
v0x5628febe7e10_4 .array/port v0x5628febe7e10, 4;
v0x5628febe7e10_5 .array/port v0x5628febe7e10, 5;
E_0x5628febe6560/9 .event edge, v0x5628febe7e10_2, v0x5628febe7e10_3, v0x5628febe7e10_4, v0x5628febe7e10_5;
v0x5628febe7e10_6 .array/port v0x5628febe7e10, 6;
v0x5628febe7e10_7 .array/port v0x5628febe7e10, 7;
v0x5628febe7e10_8 .array/port v0x5628febe7e10, 8;
v0x5628febe7e10_9 .array/port v0x5628febe7e10, 9;
E_0x5628febe6560/10 .event edge, v0x5628febe7e10_6, v0x5628febe7e10_7, v0x5628febe7e10_8, v0x5628febe7e10_9;
v0x5628febe7e10_10 .array/port v0x5628febe7e10, 10;
v0x5628febe7e10_11 .array/port v0x5628febe7e10, 11;
v0x5628febe7e10_12 .array/port v0x5628febe7e10, 12;
v0x5628febe7e10_13 .array/port v0x5628febe7e10, 13;
E_0x5628febe6560/11 .event edge, v0x5628febe7e10_10, v0x5628febe7e10_11, v0x5628febe7e10_12, v0x5628febe7e10_13;
v0x5628febe7e10_14 .array/port v0x5628febe7e10, 14;
v0x5628febe7e10_15 .array/port v0x5628febe7e10, 15;
v0x5628febe7e10_16 .array/port v0x5628febe7e10, 16;
v0x5628febe7e10_17 .array/port v0x5628febe7e10, 17;
E_0x5628febe6560/12 .event edge, v0x5628febe7e10_14, v0x5628febe7e10_15, v0x5628febe7e10_16, v0x5628febe7e10_17;
v0x5628febe7e10_18 .array/port v0x5628febe7e10, 18;
v0x5628febe7e10_19 .array/port v0x5628febe7e10, 19;
v0x5628febe7e10_20 .array/port v0x5628febe7e10, 20;
v0x5628febe7e10_21 .array/port v0x5628febe7e10, 21;
E_0x5628febe6560/13 .event edge, v0x5628febe7e10_18, v0x5628febe7e10_19, v0x5628febe7e10_20, v0x5628febe7e10_21;
v0x5628febe7e10_22 .array/port v0x5628febe7e10, 22;
v0x5628febe7e10_23 .array/port v0x5628febe7e10, 23;
v0x5628febe7e10_24 .array/port v0x5628febe7e10, 24;
v0x5628febe7e10_25 .array/port v0x5628febe7e10, 25;
E_0x5628febe6560/14 .event edge, v0x5628febe7e10_22, v0x5628febe7e10_23, v0x5628febe7e10_24, v0x5628febe7e10_25;
v0x5628febe7e10_26 .array/port v0x5628febe7e10, 26;
v0x5628febe7e10_27 .array/port v0x5628febe7e10, 27;
v0x5628febe7e10_28 .array/port v0x5628febe7e10, 28;
v0x5628febe7e10_29 .array/port v0x5628febe7e10, 29;
E_0x5628febe6560/15 .event edge, v0x5628febe7e10_26, v0x5628febe7e10_27, v0x5628febe7e10_28, v0x5628febe7e10_29;
v0x5628febe7e10_30 .array/port v0x5628febe7e10, 30;
v0x5628febe7e10_31 .array/port v0x5628febe7e10, 31;
E_0x5628febe6560/16 .event edge, v0x5628febe7e10_30, v0x5628febe7e10_31;
E_0x5628febe6560 .event/or E_0x5628febe6560/0, E_0x5628febe6560/1, E_0x5628febe6560/2, E_0x5628febe6560/3, E_0x5628febe6560/4, E_0x5628febe6560/5, E_0x5628febe6560/6, E_0x5628febe6560/7, E_0x5628febe6560/8, E_0x5628febe6560/9, E_0x5628febe6560/10, E_0x5628febe6560/11, E_0x5628febe6560/12, E_0x5628febe6560/13, E_0x5628febe6560/14, E_0x5628febe6560/15, E_0x5628febe6560/16;
S_0x5628febe67e0 .scope begin, "$ivl_for_loop1" "$ivl_for_loop1" 10 30, 10 30 0, S_0x5628febe61a0;
 .timescale -9 -12;
v0x5628febe69e0_0 .var/i "i", 31 0;
S_0x5628febe6ae0 .scope begin, "$ivl_for_loop2" "$ivl_for_loop2" 10 34, 10 34 0, S_0x5628febe61a0;
 .timescale -9 -12;
v0x5628febe6ce0_0 .var/i "i", 31 0;
S_0x5628febe8c60 .scope module, "rs_alu" "reservation_station" 7 149, 11 6 0, S_0x5628febe1ff0;
 .timescale -9 -12;
    .port_info 0 /INPUT 1 "clk_in";
    .port_info 1 /INPUT 1 "rst_in";
    .port_info 2 /INPUT 1 "valid_input_in";
    .port_info 3 /INPUT 1 "fu_busy_in";
    .port_info 4 /INPUT 3 "Q_i_in";
    .port_info 5 /INPUT 3 "Q_j_in";
    .port_info 6 /INPUT 32 "V_i_in";
    .port_info 7 /INPUT 32 "V_j_in";
    .port_info 8 /INPUT 3 "rob_idx_in";
    .port_info 9 /INPUT 4 "opcode_in";
    .port_info 10 /INPUT 1 "i_ready";
    .port_info 11 /INPUT 1 "j_ready";
    .port_info 12 /OUTPUT 32 "rval1_out";
    .port_info 13 /OUTPUT 32 "rval2_out";
    .port_info 14 /OUTPUT 4 "opcode_out";
    .port_info 15 /OUTPUT 3 "rob_idx_out";
    .port_info 16 /OUTPUT 1 "rs_free_for_input_out";
    .port_info 17 /OUTPUT 1 "rs_output_valid_out";
P_0x5628febe8e90 .param/l "RS_DEPTH" 1 11 28, +C4<00000000000000000000000000000011>;
v0x5628febe9ac0_0 .net "Q_i_in", 2 0, v0x5628febe7ae0_0;  alias, 1 drivers
v0x5628febe9bd0 .array "Q_i_row", 0 2, 2 0;
v0x5628febe9c70_0 .net "Q_j_in", 2 0, v0x5628febe7c50_0;  alias, 1 drivers
v0x5628febe9d70 .array "Q_j_row", 0 2, 2 0;
v0x5628febe9e10_0 .net/s "V_i_in", 31 0, v0x5628febe7180_0;  alias, 1 drivers
v0x5628febe9f20 .array "V_i_row", 0 2, 31 0;
v0x5628febe9fc0_0 .net/s "V_j_in", 31 0, v0x5628febe7260_0;  alias, 1 drivers
v0x5628febea0b0 .array "V_j_row", 0 2, 31 0;
v0x5628febea150 .array "busy_row", 0 2, 0 0;
v0x5628febea270_0 .net "clk_in", 0 0, v0x5628febee7e0_0;  alias, 1 drivers
v0x5628febea310_0 .net "fu_busy_in", 0 0, L_0x5628fec028a0;  1 drivers
v0x5628febea3d0_0 .net "i_ready", 0 0, v0x5628febe7960_0;  alias, 1 drivers
v0x5628febea4a0_0 .net "j_ready", 0 0, v0x5628febe7a20_0;  alias, 1 drivers
v0x5628febea570_0 .var "occupied_row", 2 0;
v0x5628febea610_0 .net "opcode_in", 3 0, v0x5628febe2750_0;  alias, 1 drivers
v0x5628febea700_0 .var "opcode_out", 3 0;
v0x5628febea7d0 .array "opcode_row", 0 2, 3 0;
v0x5628febea980_0 .var "open_row", 2 0;
L_0x7fe812a751c8 .functor BUFT 1, C4<000>, C4<0>, C4<0>, C4<0>;
v0x5628febeaa60_0 .net "rob_idx_in", 2 0, L_0x7fe812a751c8;  1 drivers
v0x5628febeab40_0 .var "rob_idx_out", 2 0;
v0x5628febeac30 .array "rob_idx_row", 0 2, 2 0;
v0x5628febeacd0_0 .var "row_ready", 0 0;
v0x5628febead90_0 .var "rs_free_for_input_out", 0 0;
v0x5628febeae50_0 .var "rs_output_valid_out", 0 0;
v0x5628febeaf20_0 .net "rst_in", 0 0, L_0x5628fec02080;  alias, 1 drivers
v0x5628febeafc0_0 .var/s "rval1_out", 31 0;
v0x5628febeb090_0 .var/s "rval2_out", 31 0;
v0x5628febeb160_0 .var "valid_in", 0 0;
v0x5628febeb200_0 .net "valid_input_in", 0 0, v0x5628febed8a0_0;  1 drivers
v0x5628febea150_0 .array/port v0x5628febea150, 0;
v0x5628febea150_1 .array/port v0x5628febea150, 1;
v0x5628febea150_2 .array/port v0x5628febea150, 2;
E_0x5628febe9190/0 .event edge, v0x5628febea150_0, v0x5628febea150_1, v0x5628febea150_2, v0x5628febe7960_0;
E_0x5628febe9190/1 .event edge, v0x5628febe7a20_0;
E_0x5628febe9190 .event/or E_0x5628febe9190/0, E_0x5628febe9190/1;
S_0x5628febe9220 .scope begin, "$ivl_for_loop3" "$ivl_for_loop3" 11 48, 11 48 0, S_0x5628febe8c60;
 .timescale -9 -12;
v0x5628febe9420_0 .var/2s "i", 31 0;
S_0x5628febe9520 .scope begin, "$ivl_for_loop4" "$ivl_for_loop4" 11 82, 11 82 0, S_0x5628febe8c60;
 .timescale -9 -12;
v0x5628febe9720_0 .var/2s "i", 31 0;
S_0x5628febe9800 .scope begin, "$ivl_for_loop5" "$ivl_for_loop5" 11 88, 11 88 0, S_0x5628febe8c60;
 .timescale -9 -12;
v0x5628febe99e0_0 .var/2s "i", 31 0;
S_0x5628feb9dd00 .scope module, "rob" "rob" 12 6;
 .timescale -9 -12;
S_0x5628febbcca0 .scope module, "xilinx_single_port_ram_read_first" "xilinx_single_port_ram_read_first" 13 10;
 .timescale -9 -12;
    .port_info 0 /INPUT 10 "addra";
    .port_info 1 /INPUT 18 "dina";
    .port_info 2 /INPUT 1 "clka";
    .port_info 3 /INPUT 1 "wea";
    .port_info 4 /INPUT 1 "ena";
    .port_info 5 /INPUT 1 "rsta";
    .port_info 6 /INPUT 1 "regcea";
    .port_info 7 /OUTPUT 18 "douta";
P_0x5628febc5790 .param/str "INIT_FILE" 0 13 14, "\000";
P_0x5628febc57d0 .param/l "RAM_DEPTH" 0 13 12, +C4<00000000000000000000010000000000>;
P_0x5628febc5810 .param/str "RAM_PERFORMANCE" 0 13 13, "HIGH_PERFORMANCE";
P_0x5628febc5850 .param/l "RAM_WIDTH" 0 13 11, +C4<00000000000000000000000000010010>;
v0x5628febef8c0 .array "BRAM", 0 1023, 17 0;
o0x7fe812ac1af8 .functor BUFZ 10, C4<zzzzzzzzzz>; HiZ drive
v0x5628febef9a0_0 .net "addra", 9 0, o0x7fe812ac1af8;  0 drivers
o0x7fe812ac1b28 .functor BUFZ 1, C4<z>; HiZ drive
v0x5628febefa80_0 .net "clka", 0 0, o0x7fe812ac1b28;  0 drivers
o0x7fe812ac1b58 .functor BUFZ 18, C4<zzzzzzzzzzzzzzzzzz>; HiZ drive
v0x5628febefb50_0 .net "dina", 17 0, o0x7fe812ac1b58;  0 drivers
v0x5628febefc30_0 .net "douta", 17 0, L_0x5628fec02c60;  1 drivers
o0x7fe812ac1bb8 .functor BUFZ 1, C4<z>; HiZ drive
v0x5628febefd60_0 .net "ena", 0 0, o0x7fe812ac1bb8;  0 drivers
v0x5628febefe20_0 .var "ram_data", 17 0;
o0x7fe812ac1c18 .functor BUFZ 1, C4<z>; HiZ drive
v0x5628febeff00_0 .net "regcea", 0 0, o0x7fe812ac1c18;  0 drivers
o0x7fe812ac1c48 .functor BUFZ 1, C4<z>; HiZ drive
v0x5628febeffc0_0 .net "rsta", 0 0, o0x7fe812ac1c48;  0 drivers
o0x7fe812ac1c78 .functor BUFZ 1, C4<z>; HiZ drive
v0x5628febf0110_0 .net "wea", 0 0, o0x7fe812ac1c78;  0 drivers
S_0x5628febeef20 .scope function.vec4.u32, "clogb2" "clogb2" 13 74, 13 74 0, S_0x5628febbcca0;
 .timescale -9 -12;
; Variable clogb2 is vec4 return value of scope S_0x5628febeef20
v0x5628febef190_0 .var/i "depth", 31 0;
TD_xilinx_single_port_ram_read_first.clogb2 ;
    %pushi/vec4 0, 0, 32;
    %ret/vec4 0, 0, 32;  Assign to clogb2 (store_vec4_to_lval)
T_0.0 ;
    %load/vec4 v0x5628febef190_0;
    %cmpi/s 0, 0, 32;
    %flag_or 5, 4; GT is !LE
    %flag_inv 5;
    %jmp/0xz T_0.1, 5;
    %load/vec4 v0x5628febef190_0;
    %ix/load 4, 1, 0;
    %flag_set/imm 4, 0;
    %shiftr 4;
    %store/vec4 v0x5628febef190_0, 0, 32;
    %retload/vec4 0; Load clogb2 (draw_signal_vec4)
    %addi 1, 0, 32;
    %ret/vec4 0, 0, 32;  Assign to clogb2 (store_vec4_to_lval)
    %jmp T_0.0;
T_0.1 ;
    %end;
S_0x5628febef270 .scope generate, "init_bram_to_zero" "init_bram_to_zero" 13 31, 13 31 0, S_0x5628febbcca0;
 .timescale -9 -12;
v0x5628febef470_0 .var/i "ram_index", 31 0;
S_0x5628febef550 .scope generate, "output_register" "output_register" 13 51, 13 51 0, S_0x5628febbcca0;
 .timescale -9 -12;
L_0x5628fec02c60 .functor BUFZ 18, v0x5628febef7c0_0, C4<000000000000000000>, C4<000000000000000000>, C4<000000000000000000>;
v0x5628febef7c0_0 .var "douta_reg", 17 0;
E_0x5628febef760 .event posedge, v0x5628febefa80_0;
S_0x5628feae6840 .scope module, "xilinx_single_port_ram_write_first" "xilinx_single_port_ram_write_first" 14 9;
 .timescale -9 -12;
    .port_info 0 /INPUT 10 "addra";
    .port_info 1 /INPUT 18 "dina";
    .port_info 2 /INPUT 1 "clka";
    .port_info 3 /INPUT 1 "wea";
    .port_info 4 /INPUT 1 "ena";
    .port_info 5 /INPUT 1 "rsta";
    .port_info 6 /INPUT 1 "regcea";
    .port_info 7 /OUTPUT 18 "douta";
P_0x5628febc58a0 .param/str "INIT_FILE" 0 14 13, "\000";
P_0x5628febc58e0 .param/l "RAM_DEPTH" 0 14 11, +C4<00000000000000000000010000000000>;
P_0x5628febc5920 .param/str "RAM_PERFORMANCE" 0 14 12, "HIGH_PERFORMANCE";
P_0x5628febc5960 .param/l "RAM_WIDTH" 0 14 10, +C4<00000000000000000000000000010010>;
v0x5628febf0c80 .array "BRAM", 0 1023, 17 0;
o0x7fe812ac1ee8 .functor BUFZ 10, C4<zzzzzzzzzz>; HiZ drive
v0x5628febf0d60_0 .net "addra", 9 0, o0x7fe812ac1ee8;  0 drivers
o0x7fe812ac1f18 .functor BUFZ 1, C4<z>; HiZ drive
v0x5628febf0e40_0 .net "clka", 0 0, o0x7fe812ac1f18;  0 drivers
o0x7fe812ac1f48 .functor BUFZ 18, C4<zzzzzzzzzzzzzzzzzz>; HiZ drive
v0x5628febf0f10_0 .net "dina", 17 0, o0x7fe812ac1f48;  0 drivers
v0x5628febf0ff0_0 .net "douta", 17 0, L_0x5628fec02cd0;  1 drivers
o0x7fe812ac1fa8 .functor BUFZ 1, C4<z>; HiZ drive
v0x5628febf1120_0 .net "ena", 0 0, o0x7fe812ac1fa8;  0 drivers
v0x5628febf11e0_0 .var "ram_data", 17 0;
o0x7fe812ac2008 .functor BUFZ 1, C4<z>; HiZ drive
v0x5628febf12c0_0 .net "regcea", 0 0, o0x7fe812ac2008;  0 drivers
o0x7fe812ac2038 .functor BUFZ 1, C4<z>; HiZ drive
v0x5628febf1380_0 .net "rsta", 0 0, o0x7fe812ac2038;  0 drivers
o0x7fe812ac2068 .functor BUFZ 1, C4<z>; HiZ drive
v0x5628febf14d0_0 .net "wea", 0 0, o0x7fe812ac2068;  0 drivers
S_0x5628febf02d0 .scope function.vec4.u32, "clogb2" "clogb2" 14 74, 14 74 0, S_0x5628feae6840;
 .timescale -9 -12;
; Variable clogb2 is vec4 return value of scope S_0x5628febf02d0
v0x5628febf0580_0 .var/i "depth", 31 0;
TD_xilinx_single_port_ram_write_first.clogb2 ;
    %pushi/vec4 0, 0, 32;
    %ret/vec4 0, 0, 32;  Assign to clogb2 (store_vec4_to_lval)
T_1.2 ;
    %load/vec4 v0x5628febf0580_0;
    %cmpi/s 0, 0, 32;
    %flag_or 5, 4; GT is !LE
    %flag_inv 5;
    %jmp/0xz T_1.3, 5;
    %load/vec4 v0x5628febf0580_0;
    %ix/load 4, 1, 0;
    %flag_set/imm 4, 0;
    %shiftr 4;
    %store/vec4 v0x5628febf0580_0, 0, 32;
    %retload/vec4 0; Load clogb2 (draw_signal_vec4)
    %addi 1, 0, 32;
    %ret/vec4 0, 0, 32;  Assign to clogb2 (store_vec4_to_lval)
    %jmp T_1.2;
T_1.3 ;
    %end;
S_0x5628febf0660 .scope generate, "init_bram_to_zero" "init_bram_to_zero" 14 30, 14 30 0, S_0x5628feae6840;
 .timescale -9 -12;
v0x5628febf0860_0 .var/i "ram_index", 31 0;
S_0x5628febf0940 .scope generate, "output_register" "output_register" 14 51, 14 51 0, S_0x5628feae6840;
 .timescale -9 -12;
L_0x5628fec02cd0 .functor BUFZ 18, v0x5628febf0b80_0, C4<000000000000000000>, C4<000000000000000000>, C4<000000000000000000>;
v0x5628febf0b80_0 .var "douta_reg", 17 0;
E_0x5628febf0b20 .event posedge, v0x5628febf0e40_0;
    .scope S_0x5628feaea3c0;
T_2 ;
    %wait E_0x5628febc9b50;
    %load/vec4 v0x5628febdf930_0;
    %flag_set/vec4 8;
    %jmp/0xz  T_2.0, 8;
    %pushi/vec4 0, 0, 1;
    %assign/vec4 v0x5628feb9f0b0_0, 0;
    %pushi/vec4 0, 0, 1;
    %assign/vec4 v0x5628febe0090_0, 0;
    %pushi/vec4 0, 0, 1;
    %assign/vec4 v0x5628febdff10_0, 0;
    %pushi/vec4 0, 0, 1;
    %assign/vec4 v0x5628febdfe50_0, 0;
    %jmp T_2.1;
T_2.0 ;
    %load/vec4 v0x5628febdffd0_0;
    %flag_set/vec4 8;
    %jmp/0xz  T_2.2, 8;
    %pushi/vec4 1, 0, 25;
    %assign/vec4 v0x5628febdfd70_0, 0;
    %pushi/vec4 0, 0, 1;
    %assign/vec4 v0x5628febdff10_0, 0;
    %pushi/vec4 1, 0, 1;
    %assign/vec4 v0x5628febdfe50_0, 0;
T_2.2 ;
    %load/vec4 v0x5628febdfe50_0;
    %flag_set/vec4 8;
    %jmp/0xz  T_2.4, 8;
    %load/vec4 v0x5628febdff10_0;
    %nor/r;
    %flag_set/vec4 8;
    %jmp/0xz  T_2.6, 8;
    %fork t_1, S_0x5628feaea6b0;
    %jmp t_0;
    .scope S_0x5628feaea6b0;
t_1 ;
    %pushi/vec4 1, 0, 32;
    %store/vec4 v0x5628feb59840_0, 0, 32;
T_2.8 ;
    %load/vec4 v0x5628feb59840_0;
    %cmpi/s 25, 0, 32;
    %jmp/0xz T_2.9, 5;
    %load/vec4 v0x5628febdfd70_0;
    %load/vec4 v0x5628feb59840_0;
    %subi 1, 0, 32;
    %part/s 1;
    %ix/load 5, 0, 0;
    %ix/getv/s 4, v0x5628feb59840_0;
    %assign/vec4/off/d v0x5628febdfd70_0, 4, 5;
    %load/vec4 v0x5628feb59840_0;
    %addi 1, 0, 32;
    %cast2;
    %store/vec4 v0x5628feb59840_0, 0, 32;
    %jmp T_2.8;
T_2.9 ;
    %end;
    .scope S_0x5628feaea3c0;
t_0 %join;
    %load/vec4 v0x5628febdfd70_0;
    %parti/s 1, 24, 6;
    %pad/u 32;
    %cmpi/e 1, 0, 32;
    %jmp/0xz  T_2.10, 4;
    %pushi/vec4 1, 0, 1;
    %assign/vec4 v0x5628febdff10_0, 0;
T_2.10 ;
    %jmp T_2.7;
T_2.6 ;
    %load/vec4 v0x5628febb44b0_0;
    %flag_set/vec4 8;
    %jmp/0xz  T_2.12, 8;
    %pushi/vec4 0, 0, 1;
    %assign/vec4 v0x5628febe0090_0, 0;
    %pushi/vec4 1, 0, 1;
    %assign/vec4 v0x5628feb9f0b0_0, 0;
    %pushi/vec4 0, 0, 1;
    %assign/vec4 v0x5628febdfe50_0, 0;
    %jmp T_2.13;
T_2.12 ;
    %pushi/vec4 1, 0, 1;
    %assign/vec4 v0x5628febe0090_0, 0;
    %pushi/vec4 0, 0, 1;
    %assign/vec4 v0x5628feb9f0b0_0, 0;
T_2.13 ;
T_2.7 ;
T_2.4 ;
T_2.1 ;
    %jmp T_2;
    .thread T_2;
    .scope S_0x5628feaea3c0;
T_3 ;
Ewait_0 .event/or E_0x5628feac50d0, E_0x0;
    %wait Ewait_0;
    %load/vec4 v0x5628febcb310_0;
    %dup/vec4;
    %pushi/vec4 0, 0, 4;
    %cmp/u;
    %jmp/1 T_3.0, 6;
    %dup/vec4;
    %pushi/vec4 1, 0, 4;
    %cmp/u;
    %jmp/1 T_3.1, 6;
    %dup/vec4;
    %pushi/vec4 2, 0, 4;
    %cmp/u;
    %jmp/1 T_3.2, 6;
    %dup/vec4;
    %pushi/vec4 3, 0, 4;
    %cmp/u;
    %jmp/1 T_3.3, 6;
    %dup/vec4;
    %pushi/vec4 4, 0, 4;
    %cmp/u;
    %jmp/1 T_3.4, 6;
    %dup/vec4;
    %pushi/vec4 5, 0, 4;
    %cmp/u;
    %jmp/1 T_3.5, 6;
    %dup/vec4;
    %pushi/vec4 6, 0, 4;
    %cmp/u;
    %jmp/1 T_3.6, 6;
    %dup/vec4;
    %pushi/vec4 7, 0, 4;
    %cmp/u;
    %jmp/1 T_3.7, 6;
    %dup/vec4;
    %pushi/vec4 8, 0, 4;
    %cmp/u;
    %jmp/1 T_3.8, 6;
    %dup/vec4;
    %pushi/vec4 9, 0, 4;
    %cmp/u;
    %jmp/1 T_3.9, 6;
    %pushi/vec4 0, 0, 32;
    %store/vec4 v0x5628febbaa00_0, 0, 32;
    %jmp T_3.11;
T_3.0 ;
    %load/vec4 v0x5628febdf9f0_0;
    %load/vec4 v0x5628febdfbb0_0;
    %add;
    %store/vec4 v0x5628febbaa00_0, 0, 32;
    %jmp T_3.11;
T_3.1 ;
    %load/vec4 v0x5628febdf9f0_0;
    %load/vec4 v0x5628febdfbb0_0;
    %sub;
    %store/vec4 v0x5628febbaa00_0, 0, 32;
    %jmp T_3.11;
T_3.2 ;
    %load/vec4 v0x5628febdf9f0_0;
    %load/vec4 v0x5628febdfbb0_0;
    %and;
    %store/vec4 v0x5628febbaa00_0, 0, 32;
    %jmp T_3.11;
T_3.3 ;
    %load/vec4 v0x5628febdf9f0_0;
    %load/vec4 v0x5628febdfbb0_0;
    %or;
    %store/vec4 v0x5628febbaa00_0, 0, 32;
    %jmp T_3.11;
T_3.4 ;
    %load/vec4 v0x5628febdf9f0_0;
    %load/vec4 v0x5628febdfbb0_0;
    %xor;
    %store/vec4 v0x5628febbaa00_0, 0, 32;
    %jmp T_3.11;
T_3.5 ;
    %load/vec4 v0x5628febdf9f0_0;
    %load/vec4 v0x5628febdfbb0_0;
    %cmp/s;
    %flag_mov 8, 5;
    %jmp/0 T_3.12, 8;
    %pushi/vec4 1, 0, 32;
    %jmp/1 T_3.13, 8;
T_3.12 ; End of true expr.
    %pushi/vec4 0, 0, 32;
    %jmp/0 T_3.13, 8;
 ; End of false expr.
    %blend;
T_3.13;
    %store/vec4 v0x5628febbaa00_0, 0, 32;
    %jmp T_3.11;
T_3.6 ;
    %load/vec4 v0x5628febdfad0_0;
    %load/vec4 v0x5628febdfc90_0;
    %cmp/u;
    %flag_mov 8, 5;
    %jmp/0 T_3.14, 8;
    %pushi/vec4 1, 0, 32;
    %jmp/1 T_3.15, 8;
T_3.14 ; End of true expr.
    %pushi/vec4 0, 0, 32;
    %jmp/0 T_3.15, 8;
 ; End of false expr.
    %blend;
T_3.15;
    %store/vec4 v0x5628febbaa00_0, 0, 32;
    %jmp T_3.11;
T_3.7 ;
    %load/vec4 v0x5628febdf9f0_0;
    %load/vec4 v0x5628febdfbb0_0;
    %ix/vec4 4;
    %shiftl 4;
    %store/vec4 v0x5628febbaa00_0, 0, 32;
    %jmp T_3.11;
T_3.8 ;
    %load/vec4 v0x5628febdf9f0_0;
    %load/vec4 v0x5628febdfbb0_0;
    %ix/vec4 4;
    %shiftr/s 4;
    %store/vec4 v0x5628febbaa00_0, 0, 32;
    %jmp T_3.11;
T_3.9 ;
    %load/vec4 v0x5628febdf9f0_0;
    %load/vec4 v0x5628febdfbb0_0;
    %ix/vec4 4;
    %shiftr 4;
    %store/vec4 v0x5628febbaa00_0, 0, 32;
    %jmp T_3.11;
T_3.11 ;
    %pop/vec4 1;
    %jmp T_3;
    .thread T_3, $push;
    .scope S_0x5628febe02b0;
T_4 ;
Ewait_1 .event/or E_0x5628febca480, E_0x0;
    %wait Ewait_1;
    %load/vec4 v0x5628febe0570_0;
    %dup/vec4;
    %pushi/vec4 0, 0, 3;
    %cmp/u;
    %jmp/1 T_4.0, 6;
    %dup/vec4;
    %pushi/vec4 1, 0, 3;
    %cmp/u;
    %jmp/1 T_4.1, 6;
    %dup/vec4;
    %pushi/vec4 2, 0, 3;
    %cmp/u;
    %jmp/1 T_4.2, 6;
    %dup/vec4;
    %pushi/vec4 3, 0, 3;
    %cmp/u;
    %jmp/1 T_4.3, 6;
    %dup/vec4;
    %pushi/vec4 4, 0, 3;
    %cmp/u;
    %jmp/1 T_4.4, 6;
    %dup/vec4;
    %pushi/vec4 5, 0, 3;
    %cmp/u;
    %jmp/1 T_4.5, 6;
    %pushi/vec4 0, 0, 1;
    %store/vec4 v0x5628febe0490_0, 0, 1;
    %jmp T_4.7;
T_4.0 ;
    %load/vec4 v0x5628febe0650_0;
    %load/vec4 v0x5628febe07b0_0;
    %cmp/e;
    %flag_get/vec4 4;
    %store/vec4 v0x5628febe0490_0, 0, 1;
    %jmp T_4.7;
T_4.1 ;
    %load/vec4 v0x5628febe0650_0;
    %load/vec4 v0x5628febe07b0_0;
    %cmp/ne;
    %flag_get/vec4 4;
    %store/vec4 v0x5628febe0490_0, 0, 1;
    %jmp T_4.7;
T_4.2 ;
    %load/vec4 v0x5628febe0650_0;
    %load/vec4 v0x5628febe07b0_0;
    %cmp/s;
    %flag_get/vec4 5;
    %store/vec4 v0x5628febe0490_0, 0, 1;
    %jmp T_4.7;
T_4.3 ;
    %load/vec4 v0x5628febe06f0_0;
    %load/vec4 v0x5628febe08c0_0;
    %cmp/u;
    %flag_get/vec4 5;
    %store/vec4 v0x5628febe0490_0, 0, 1;
    %jmp T_4.7;
T_4.4 ;
    %load/vec4 v0x5628febe07b0_0;
    %load/vec4 v0x5628febe0650_0;
    %cmp/s;
    %flag_get/vec4 4;
    %flag_get/vec4 5;
    %or;
    %store/vec4 v0x5628febe0490_0, 0, 1;
    %jmp T_4.7;
T_4.5 ;
    %load/vec4 v0x5628febe08c0_0;
    %load/vec4 v0x5628febe06f0_0;
    %cmp/u;
    %flag_get/vec4 4;
    %flag_get/vec4 5;
    %or;
    %store/vec4 v0x5628febe0490_0, 0, 1;
    %jmp T_4.7;
T_4.7 ;
    %pop/vec4 1;
    %jmp T_4;
    .thread T_4, $push;
    .scope S_0x5628feb91d20;
T_5 ;
Ewait_2 .event/or E_0x5628feadd240, E_0x0;
    %wait Ewait_2;
    %load/vec4 v0x5628febe1480_0;
    %pad/u 32;
    %cmpi/e 0, 0, 32;
    %flag_mov 8, 4;
    %load/vec4 v0x5628febe1480_0;
    %pad/u 32;
    %cmpi/e 1, 0, 32;
    %flag_or 4, 8;
    %jmp/0xz  T_5.0, 4;
    %load/vec4 v0x5628febe1030_0;
    %store/vec4 v0x5628febe13e0_0, 0, 32;
    %load/vec4 v0x5628febe1640_0;
    %store/vec4 v0x5628febe1720_0, 0, 32;
    %jmp T_5.1;
T_5.0 ;
    %load/vec4 v0x5628febe1480_0;
    %pad/u 32;
    %cmpi/e 2, 0, 32;
    %jmp/0xz  T_5.2, 4;
    %pushi/vec4 0, 0, 32;
    %store/vec4 v0x5628febe13e0_0, 0, 32;
    %load/vec4 v0x5628febe1340_0;
    %flag_set/vec4 8;
    %jmp/0 T_5.4, 8;
    %load/vec4 v0x5628febe1910_0;
    %load/vec4 v0x5628febe1560_0;
    %add;
    %jmp/1 T_5.5, 8;
T_5.4 ; End of true expr.
    %load/vec4 v0x5628febe1640_0;
    %jmp/0 T_5.5, 8;
 ; End of false expr.
    %blend;
T_5.5;
    %store/vec4 v0x5628febe1720_0, 0, 32;
    %jmp T_5.3;
T_5.2 ;
    %load/vec4 v0x5628febe1480_0;
    %pad/u 32;
    %cmpi/e 3, 0, 32;
    %jmp/0xz  T_5.6, 4;
    %load/vec4 v0x5628febe1560_0;
    %store/vec4 v0x5628febe13e0_0, 0, 32;
    %load/vec4 v0x5628febe1640_0;
    %store/vec4 v0x5628febe1720_0, 0, 32;
    %jmp T_5.7;
T_5.6 ;
    %load/vec4 v0x5628febe1480_0;
    %pad/u 32;
    %cmpi/e 4, 0, 32;
    %jmp/0xz  T_5.8, 4;
    %load/vec4 v0x5628febe1910_0;
    %addi 4, 0, 32;
    %store/vec4 v0x5628febe13e0_0, 0, 32;
    %load/vec4 v0x5628febe1910_0;
    %load/vec4 v0x5628febe1560_0;
    %add;
    %store/vec4 v0x5628febe1720_0, 0, 32;
    %jmp T_5.9;
T_5.8 ;
    %load/vec4 v0x5628febe1480_0;
    %pad/u 32;
    %cmpi/e 5, 0, 32;
    %jmp/0xz  T_5.10, 4;
    %load/vec4 v0x5628febe1910_0;
    %addi 4, 0, 32;
    %store/vec4 v0x5628febe13e0_0, 0, 32;
    %load/vec4 v0x5628febe19f0_0;
    %load/vec4 v0x5628febe1560_0;
    %add;
    %pushi/vec4 4294967294, 0, 32;
    %and;
    %store/vec4 v0x5628febe1720_0, 0, 32;
    %jmp T_5.11;
T_5.10 ;
    %load/vec4 v0x5628febe1480_0;
    %pad/u 32;
    %cmpi/e 7, 0, 32;
    %jmp/0xz  T_5.12, 4;
    %load/vec4 v0x5628febe1ad0_0;
    %store/vec4 v0x5628febe13e0_0, 0, 32;
    %load/vec4 v0x5628febe1640_0;
    %store/vec4 v0x5628febe1720_0, 0, 32;
    %jmp T_5.13;
T_5.12 ;
    %load/vec4 v0x5628febe1480_0;
    %pad/u 32;
    %cmpi/e 8, 0, 32;
    %jmp/0xz  T_5.14, 4;
    %load/vec4 v0x5628febe1910_0;
    %load/vec4 v0x5628febe1560_0;
    %add;
    %store/vec4 v0x5628febe13e0_0, 0, 32;
    %load/vec4 v0x5628febe1640_0;
    %store/vec4 v0x5628febe1720_0, 0, 32;
    %jmp T_5.15;
T_5.14 ;
    %pushi/vec4 0, 0, 32;
    %store/vec4 v0x5628febe13e0_0, 0, 32;
    %load/vec4 v0x5628febe1640_0;
    %store/vec4 v0x5628febe1720_0, 0, 32;
T_5.15 ;
T_5.13 ;
T_5.11 ;
T_5.9 ;
T_5.7 ;
T_5.3 ;
T_5.1 ;
    %jmp T_5;
    .thread T_5, $push;
    .scope S_0x5628febe4ed0;
T_6 ;
    %wait E_0x5628febe3c60;
    %load/vec4 v0x5628febe5e50_0;
    %flag_set/vec4 8;
    %jmp/0xz  T_6.0, 8;
    %pushi/vec4 0, 0, 32;
    %assign/vec4 v0x5628febe5fc0_0, 0;
    %pushi/vec4 0, 0, 32;
    %assign/vec4 v0x5628febe5cb0_0, 0;
    %jmp T_6.1;
T_6.0 ;
    %load/vec4 v0x5628febe5d90_0;
    %load/vec4 v0x5628febe5f20_0;
    %and;
    %flag_set/vec4 8;
    %jmp/0xz  T_6.2, 8;
    %load/vec4 v0x5628febe5520_0;
    %load/vec4 v0x5628febe5fc0_0;
    %parti/s 2, 0, 2;
    %pad/u 4;
    %ix/vec4 3;
    %ix/load 4, 0, 0; Constant delay
    %assign/vec4/a/d v0x5628febe5700, 0, 4;
    %load/vec4 v0x5628febe5fc0_0;
    %addi 1, 0, 32;
    %assign/vec4 v0x5628febe5fc0_0, 0;
T_6.2 ;
    %load/vec4 v0x5628febe5bf0_0;
    %load/vec4 v0x5628febe5480_0;
    %and;
    %flag_set/vec4 8;
    %jmp/0xz  T_6.4, 8;
    %load/vec4 v0x5628febe5cb0_0;
    %addi 1, 0, 32;
    %assign/vec4 v0x5628febe5cb0_0, 0;
T_6.4 ;
T_6.1 ;
    %jmp T_6;
    .thread T_6;
    .scope S_0x5628febe4ed0;
T_7 ;
Ewait_3 .event/or E_0x5628febe5310, E_0x0;
    %wait Ewait_3;
    %load/vec4 v0x5628febe5fc0_0;
    %load/vec4 v0x5628febe5cb0_0;
    %sub;
    %cmpi/u 4, 0, 32;
    %flag_get/vec4 5;
    %store/vec4 v0x5628febe5d90_0, 0, 1;
    %pushi/vec4 0, 0, 32;
    %load/vec4 v0x5628febe5fc0_0;
    %load/vec4 v0x5628febe5cb0_0;
    %sub;
    %cmp/u;
    %flag_get/vec4 5;
    %store/vec4 v0x5628febe5480_0, 0, 1;
    %load/vec4 v0x5628febe5cb0_0;
    %parti/s 2, 0, 2;
    %pad/u 4;
    %ix/vec4 4;
    %load/vec4a v0x5628febe5700, 4;
    %store/vec4 v0x5628febe5610_0, 0, 32;
    %ix/load 4, 0, 0;
    %flag_set/imm 4, 0;
    %load/vec4a v0x5628febe5700, 4;
    %store/vec4 v0x5628febe5870_0, 0, 32;
    %ix/load 4, 1, 0;
    %flag_set/imm 4, 0;
    %load/vec4a v0x5628febe5700, 4;
    %store/vec4 v0x5628febe5950_0, 0, 32;
    %ix/load 4, 2, 0;
    %flag_set/imm 4, 0;
    %load/vec4a v0x5628febe5700, 4;
    %store/vec4 v0x5628febe5a30_0, 0, 32;
    %ix/load 4, 3, 0;
    %flag_set/imm 4, 0;
    %load/vec4a v0x5628febe5700, 4;
    %store/vec4 v0x5628febe5b10_0, 0, 32;
    %jmp T_7;
    .thread T_7, $push;
    .scope S_0x5628febe2350;
T_8 ;
Ewait_4 .event/or E_0x5628febcacd0, E_0x0;
    %wait Ewait_4;
    %load/vec4 v0x5628febe3040_0;
    %cmpi/e 51, 0, 7;
    %jmp/0xz  T_8.0, 4;
    %pushi/vec4 0, 0, 32;
    %store/vec4 v0x5628febe2e80_0, 0, 32;
    %jmp T_8.1;
T_8.0 ;
    %load/vec4 v0x5628febe3040_0;
    %cmpi/e 19, 0, 7;
    %jmp/0xz  T_8.2, 4;
    %pushi/vec4 1, 0, 32;
    %store/vec4 v0x5628febe2e80_0, 0, 32;
    %jmp T_8.3;
T_8.2 ;
    %load/vec4 v0x5628febe3040_0;
    %cmpi/e 3, 0, 7;
    %jmp/0xz  T_8.4, 4;
    %pushi/vec4 1, 0, 32;
    %store/vec4 v0x5628febe2e80_0, 0, 32;
    %jmp T_8.5;
T_8.4 ;
    %load/vec4 v0x5628febe3040_0;
    %cmpi/e 35, 0, 7;
    %jmp/0xz  T_8.6, 4;
    %pushi/vec4 2, 0, 32;
    %store/vec4 v0x5628febe2e80_0, 0, 32;
    %jmp T_8.7;
T_8.6 ;
    %load/vec4 v0x5628febe3040_0;
    %cmpi/e 99, 0, 7;
    %jmp/0xz  T_8.8, 4;
    %pushi/vec4 3, 0, 32;
    %store/vec4 v0x5628febe2e80_0, 0, 32;
    %jmp T_8.9;
T_8.8 ;
    %load/vec4 v0x5628febe3040_0;
    %cmpi/e 111, 0, 7;
    %jmp/0xz  T_8.10, 4;
    %pushi/vec4 5, 0, 32;
    %store/vec4 v0x5628febe2e80_0, 0, 32;
    %jmp T_8.11;
T_8.10 ;
    %load/vec4 v0x5628febe3040_0;
    %cmpi/e 103, 0, 7;
    %jmp/0xz  T_8.12, 4;
    %pushi/vec4 1, 0, 32;
    %store/vec4 v0x5628febe2e80_0, 0, 32;
    %jmp T_8.13;
T_8.12 ;
    %load/vec4 v0x5628febe3040_0;
    %cmpi/e 55, 0, 7;
    %jmp/0xz  T_8.14, 4;
    %pushi/vec4 4, 0, 32;
    %store/vec4 v0x5628febe2e80_0, 0, 32;
    %jmp T_8.15;
T_8.14 ;
    %load/vec4 v0x5628febe3040_0;
    %cmpi/e 23, 0, 7;
    %jmp/0xz  T_8.16, 4;
    %pushi/vec4 4, 0, 32;
    %store/vec4 v0x5628febe2e80_0, 0, 32;
    %jmp T_8.17;
T_8.16 ;
    %load/vec4 v0x5628febe3040_0;
    %cmpi/e 115, 0, 7;
    %jmp/0xz  T_8.18, 4;
    %pushi/vec4 1, 0, 32;
    %store/vec4 v0x5628febe2e80_0, 0, 32;
    %jmp T_8.19;
T_8.18 ;
    %pushi/vec4 6, 0, 32;
    %store/vec4 v0x5628febe2e80_0, 0, 32;
T_8.19 ;
T_8.17 ;
T_8.15 ;
T_8.13 ;
T_8.11 ;
T_8.9 ;
T_8.7 ;
T_8.5 ;
T_8.3 ;
T_8.1 ;
    %load/vec4 v0x5628febe2e80_0;
    %cmpi/e 0, 0, 32;
    %jmp/0xz  T_8.20, 4;
    %load/vec4 v0x5628febe2f60_0;
    %parti/s 3, 12, 5;
    %store/vec4 v0x5628febe29d0_0, 0, 3;
    %load/vec4 v0x5628febe2f60_0;
    %parti/s 7, 25, 6;
    %store/vec4 v0x5628febe2ab0_0, 0, 7;
    %load/vec4 v0x5628febe2f60_0;
    %parti/s 5, 15, 5;
    %store/vec4 v0x5628febe32e0_0, 0, 5;
    %load/vec4 v0x5628febe2f60_0;
    %parti/s 5, 20, 6;
    %store/vec4 v0x5628febe34a0_0, 0, 5;
    %load/vec4 v0x5628febe2f60_0;
    %parti/s 5, 7, 4;
    %store/vec4 v0x5628febe3120_0, 0, 5;
    %pushi/vec4 0, 0, 32;
    %store/vec4 v0x5628febe2cc0_0, 0, 32;
    %jmp T_8.21;
T_8.20 ;
    %load/vec4 v0x5628febe2e80_0;
    %cmpi/e 1, 0, 32;
    %jmp/0xz  T_8.22, 4;
    %load/vec4 v0x5628febe2f60_0;
    %parti/s 3, 12, 5;
    %store/vec4 v0x5628febe29d0_0, 0, 3;
    %pushi/vec4 0, 0, 7;
    %store/vec4 v0x5628febe2ab0_0, 0, 7;
    %load/vec4 v0x5628febe2f60_0;
    %parti/s 5, 15, 5;
    %store/vec4 v0x5628febe32e0_0, 0, 5;
    %pushi/vec4 0, 0, 5;
    %store/vec4 v0x5628febe34a0_0, 0, 5;
    %load/vec4 v0x5628febe2f60_0;
    %parti/s 5, 7, 4;
    %store/vec4 v0x5628febe3120_0, 0, 5;
    %pushi/vec4 0, 0, 20;
    %load/vec4 v0x5628febe2f60_0;
    %parti/s 12, 20, 6;
    %concat/vec4; draw_concat_vec4
    %store/vec4 v0x5628febe2cc0_0, 0, 32;
    %jmp T_8.23;
T_8.22 ;
    %load/vec4 v0x5628febe2e80_0;
    %cmpi/e 2, 0, 32;
    %jmp/0xz  T_8.24, 4;
    %load/vec4 v0x5628febe2f60_0;
    %parti/s 3, 12, 5;
    %store/vec4 v0x5628febe29d0_0, 0, 3;
    %pushi/vec4 0, 0, 7;
    %store/vec4 v0x5628febe2ab0_0, 0, 7;
    %load/vec4 v0x5628febe2f60_0;
    %parti/s 5, 15, 5;
    %store/vec4 v0x5628febe32e0_0, 0, 5;
    %load/vec4 v0x5628febe2f60_0;
    %parti/s 5, 20, 6;
    %store/vec4 v0x5628febe34a0_0, 0, 5;
    %pushi/vec4 0, 0, 5;
    %store/vec4 v0x5628febe3120_0, 0, 5;
    %pushi/vec4 0, 0, 20;
    %load/vec4 v0x5628febe2f60_0;
    %parti/s 7, 25, 6;
    %concat/vec4; draw_concat_vec4
    %load/vec4 v0x5628febe2f60_0;
    %parti/s 5, 7, 4;
    %concat/vec4; draw_concat_vec4
    %store/vec4 v0x5628febe2cc0_0, 0, 32;
    %jmp T_8.25;
T_8.24 ;
    %load/vec4 v0x5628febe2e80_0;
    %cmpi/e 3, 0, 32;
    %jmp/0xz  T_8.26, 4;
    %load/vec4 v0x5628febe2f60_0;
    %parti/s 3, 12, 5;
    %store/vec4 v0x5628febe29d0_0, 0, 3;
    %pushi/vec4 0, 0, 7;
    %store/vec4 v0x5628febe2ab0_0, 0, 7;
    %load/vec4 v0x5628febe2f60_0;
    %parti/s 5, 15, 5;
    %store/vec4 v0x5628febe32e0_0, 0, 5;
    %load/vec4 v0x5628febe2f60_0;
    %parti/s 5, 20, 6;
    %store/vec4 v0x5628febe34a0_0, 0, 5;
    %pushi/vec4 0, 0, 5;
    %store/vec4 v0x5628febe3120_0, 0, 5;
    %pushi/vec4 0, 0, 19;
    %load/vec4 v0x5628febe2f60_0;
    %parti/s 1, 31, 6;
    %concat/vec4; draw_concat_vec4
    %load/vec4 v0x5628febe2f60_0;
    %parti/s 6, 25, 6;
    %concat/vec4; draw_concat_vec4
    %load/vec4 v0x5628febe2f60_0;
    %parti/s 1, 7, 4;
    %concat/vec4; draw_concat_vec4
    %load/vec4 v0x5628febe2f60_0;
    %parti/s 4, 8, 5;
    %concat/vec4; draw_concat_vec4
    %concati/vec4 0, 0, 1;
    %store/vec4 v0x5628febe2cc0_0, 0, 32;
    %jmp T_8.27;
T_8.26 ;
    %load/vec4 v0x5628febe2e80_0;
    %cmpi/e 4, 0, 32;
    %jmp/0xz  T_8.28, 4;
    %pushi/vec4 0, 0, 3;
    %store/vec4 v0x5628febe29d0_0, 0, 3;
    %pushi/vec4 0, 0, 7;
    %store/vec4 v0x5628febe2ab0_0, 0, 7;
    %pushi/vec4 0, 0, 5;
    %store/vec4 v0x5628febe32e0_0, 0, 5;
    %pushi/vec4 0, 0, 5;
    %store/vec4 v0x5628febe34a0_0, 0, 5;
    %load/vec4 v0x5628febe2f60_0;
    %parti/s 5, 7, 4;
    %store/vec4 v0x5628febe3120_0, 0, 5;
    %load/vec4 v0x5628febe2f60_0;
    %parti/s 20, 12, 5;
    %concati/vec4 0, 0, 12;
    %store/vec4 v0x5628febe2cc0_0, 0, 32;
    %jmp T_8.29;
T_8.28 ;
    %load/vec4 v0x5628febe2e80_0;
    %cmpi/e 5, 0, 32;
    %jmp/0xz  T_8.30, 4;
    %pushi/vec4 0, 0, 3;
    %store/vec4 v0x5628febe29d0_0, 0, 3;
    %pushi/vec4 0, 0, 7;
    %store/vec4 v0x5628febe2ab0_0, 0, 7;
    %pushi/vec4 0, 0, 5;
    %store/vec4 v0x5628febe32e0_0, 0, 5;
    %pushi/vec4 0, 0, 5;
    %store/vec4 v0x5628febe34a0_0, 0, 5;
    %load/vec4 v0x5628febe2f60_0;
    %parti/s 5, 7, 4;
    %store/vec4 v0x5628febe3120_0, 0, 5;
    %pushi/vec4 0, 0, 11;
    %load/vec4 v0x5628febe2f60_0;
    %parti/s 1, 31, 6;
    %concat/vec4; draw_concat_vec4
    %load/vec4 v0x5628febe2f60_0;
    %parti/s 10, 12, 5;
    %concat/vec4; draw_concat_vec4
    %load/vec4 v0x5628febe2f60_0;
    %parti/s 1, 22, 6;
    %concat/vec4; draw_concat_vec4
    %load/vec4 v0x5628febe2f60_0;
    %parti/s 8, 23, 6;
    %concat/vec4; draw_concat_vec4
    %concati/vec4 0, 0, 1;
    %store/vec4 v0x5628febe2cc0_0, 0, 32;
    %jmp T_8.31;
T_8.30 ;
    %pushi/vec4 0, 0, 3;
    %store/vec4 v0x5628febe29d0_0, 0, 3;
    %pushi/vec4 0, 0, 7;
    %store/vec4 v0x5628febe2ab0_0, 0, 7;
    %pushi/vec4 0, 0, 5;
    %store/vec4 v0x5628febe32e0_0, 0, 5;
    %pushi/vec4 0, 0, 5;
    %store/vec4 v0x5628febe34a0_0, 0, 5;
    %pushi/vec4 0, 0, 5;
    %store/vec4 v0x5628febe3120_0, 0, 5;
    %pushi/vec4 0, 0, 32;
    %store/vec4 v0x5628febe2cc0_0, 0, 32;
T_8.31 ;
T_8.29 ;
T_8.27 ;
T_8.25 ;
T_8.23 ;
T_8.21 ;
    %load/vec4 v0x5628febe2cc0_0;
    %store/vec4 v0x5628febe2da0_0, 0, 32;
    %load/vec4 v0x5628febe32e0_0;
    %store/vec4 v0x5628febe33c0_0, 0, 5;
    %load/vec4 v0x5628febe34a0_0;
    %store/vec4 v0x5628febe3580_0, 0, 5;
    %load/vec4 v0x5628febe3120_0;
    %store/vec4 v0x5628febe3200_0, 0, 5;
    %load/vec4 v0x5628febe2e80_0;
    %cmpi/e 0, 0, 32;
    %jmp/0xz  T_8.32, 4;
    %pushi/vec4 0, 0, 4;
    %store/vec4 v0x5628febe2be0_0, 0, 4;
    %load/vec4 v0x5628febe29d0_0;
    %pad/u 4;
    %pushi/vec4 0, 0, 4;
    %cmp/e;
    %flag_get/vec4 4;
    %load/vec4 v0x5628febe2ab0_0;
    %pad/u 8;
    %pushi/vec4 0, 0, 8;
    %cmp/e;
    %flag_get/vec4 4;
    %and;
    %flag_set/vec4 8;
    %jmp/0xz  T_8.34, 8;
    %pushi/vec4 0, 0, 4;
    %store/vec4 v0x5628febe2750_0, 0, 4;
    %jmp T_8.35;
T_8.34 ;
    %load/vec4 v0x5628febe29d0_0;
    %pad/u 4;
    %pushi/vec4 0, 0, 4;
    %cmp/e;
    %flag_get/vec4 4;
    %load/vec4 v0x5628febe2ab0_0;
    %pad/u 8;
    %pushi/vec4 32, 0, 8;
    %cmp/e;
    %flag_get/vec4 4;
    %and;
    %flag_set/vec4 8;
    %jmp/0xz  T_8.36, 8;
    %pushi/vec4 1, 0, 4;
    %store/vec4 v0x5628febe2750_0, 0, 4;
    %jmp T_8.37;
T_8.36 ;
    %load/vec4 v0x5628febe29d0_0;
    %pad/u 4;
    %pushi/vec4 4, 0, 4;
    %cmp/e;
    %flag_get/vec4 4;
    %load/vec4 v0x5628febe2ab0_0;
    %pad/u 8;
    %pushi/vec4 0, 0, 8;
    %cmp/e;
    %flag_get/vec4 4;
    %and;
    %flag_set/vec4 8;
    %jmp/0xz  T_8.38, 8;
    %pushi/vec4 4, 0, 4;
    %store/vec4 v0x5628febe2750_0, 0, 4;
    %jmp T_8.39;
T_8.38 ;
    %load/vec4 v0x5628febe29d0_0;
    %pad/u 4;
    %pushi/vec4 6, 0, 4;
    %cmp/e;
    %flag_get/vec4 4;
    %load/vec4 v0x5628febe2ab0_0;
    %pad/u 8;
    %pushi/vec4 0, 0, 8;
    %cmp/e;
    %flag_get/vec4 4;
    %and;
    %flag_set/vec4 8;
    %jmp/0xz  T_8.40, 8;
    %pushi/vec4 3, 0, 4;
    %store/vec4 v0x5628febe2750_0, 0, 4;
    %jmp T_8.41;
T_8.40 ;
    %load/vec4 v0x5628febe29d0_0;
    %pad/u 4;
    %pushi/vec4 7, 0, 4;
    %cmp/e;
    %flag_get/vec4 4;
    %load/vec4 v0x5628febe2ab0_0;
    %pad/u 8;
    %pushi/vec4 0, 0, 8;
    %cmp/e;
    %flag_get/vec4 4;
    %and;
    %flag_set/vec4 8;
    %jmp/0xz  T_8.42, 8;
    %pushi/vec4 2, 0, 4;
    %store/vec4 v0x5628febe2750_0, 0, 4;
    %jmp T_8.43;
T_8.42 ;
    %load/vec4 v0x5628febe29d0_0;
    %pad/u 4;
    %pushi/vec4 1, 0, 4;
    %cmp/e;
    %flag_get/vec4 4;
    %load/vec4 v0x5628febe2ab0_0;
    %pad/u 8;
    %pushi/vec4 0, 0, 8;
    %cmp/e;
    %flag_get/vec4 4;
    %and;
    %flag_set/vec4 8;
    %jmp/0xz  T_8.44, 8;
    %pushi/vec4 7, 0, 4;
    %store/vec4 v0x5628febe2750_0, 0, 4;
    %jmp T_8.45;
T_8.44 ;
    %load/vec4 v0x5628febe29d0_0;
    %pad/u 4;
    %pushi/vec4 5, 0, 4;
    %cmp/e;
    %flag_get/vec4 4;
    %load/vec4 v0x5628febe2ab0_0;
    %pad/u 8;
    %pushi/vec4 0, 0, 8;
    %cmp/e;
    %flag_get/vec4 4;
    %and;
    %flag_set/vec4 8;
    %jmp/0xz  T_8.46, 8;
    %pushi/vec4 8, 0, 4;
    %store/vec4 v0x5628febe2750_0, 0, 4;
    %jmp T_8.47;
T_8.46 ;
    %load/vec4 v0x5628febe29d0_0;
    %pad/u 4;
    %pushi/vec4 5, 0, 4;
    %cmp/e;
    %flag_get/vec4 4;
    %load/vec4 v0x5628febe2ab0_0;
    %pad/u 8;
    %pushi/vec4 32, 0, 8;
    %cmp/e;
    %flag_get/vec4 4;
    %and;
    %flag_set/vec4 8;
    %jmp/0xz  T_8.48, 8;
    %pushi/vec4 9, 0, 4;
    %store/vec4 v0x5628febe2750_0, 0, 4;
    %jmp T_8.49;
T_8.48 ;
    %load/vec4 v0x5628febe29d0_0;
    %pad/u 4;
    %pushi/vec4 2, 0, 4;
    %cmp/e;
    %flag_get/vec4 4;
    %load/vec4 v0x5628febe2ab0_0;
    %pad/u 8;
    %pushi/vec4 0, 0, 8;
    %cmp/e;
    %flag_get/vec4 4;
    %and;
    %flag_set/vec4 8;
    %jmp/0xz  T_8.50, 8;
    %pushi/vec4 5, 0, 4;
    %store/vec4 v0x5628febe2750_0, 0, 4;
    %jmp T_8.51;
T_8.50 ;
    %load/vec4 v0x5628febe29d0_0;
    %pad/u 4;
    %pushi/vec4 3, 0, 4;
    %cmp/e;
    %flag_get/vec4 4;
    %load/vec4 v0x5628febe2ab0_0;
    %pad/u 8;
    %pushi/vec4 0, 0, 8;
    %cmp/e;
    %flag_get/vec4 4;
    %and;
    %flag_set/vec4 8;
    %jmp/0xz  T_8.52, 8;
    %pushi/vec4 6, 0, 4;
    %store/vec4 v0x5628febe2750_0, 0, 4;
T_8.52 ;
T_8.51 ;
T_8.49 ;
T_8.47 ;
T_8.45 ;
T_8.43 ;
T_8.41 ;
T_8.39 ;
T_8.37 ;
T_8.35 ;
    %jmp T_8.33;
T_8.32 ;
    %load/vec4 v0x5628febe2e80_0;
    %cmpi/e 1, 0, 32;
    %jmp/0xz  T_8.54, 4;
    %pushi/vec4 1, 0, 4;
    %store/vec4 v0x5628febe2be0_0, 0, 4;
    %load/vec4 v0x5628febe29d0_0;
    %pad/u 4;
    %cmpi/e 0, 0, 4;
    %jmp/0xz  T_8.56, 4;
    %pushi/vec4 0, 0, 4;
    %store/vec4 v0x5628febe2750_0, 0, 4;
    %jmp T_8.57;
T_8.56 ;
    %load/vec4 v0x5628febe29d0_0;
    %pad/u 4;
    %cmpi/e 4, 0, 4;
    %jmp/0xz  T_8.58, 4;
    %pushi/vec4 4, 0, 4;
    %store/vec4 v0x5628febe2750_0, 0, 4;
    %jmp T_8.59;
T_8.58 ;
    %load/vec4 v0x5628febe29d0_0;
    %pad/u 4;
    %cmpi/e 6, 0, 4;
    %jmp/0xz  T_8.60, 4;
    %pushi/vec4 3, 0, 4;
    %store/vec4 v0x5628febe2750_0, 0, 4;
    %jmp T_8.61;
T_8.60 ;
    %load/vec4 v0x5628febe29d0_0;
    %pad/u 4;
    %cmpi/e 7, 0, 4;
    %jmp/0xz  T_8.62, 4;
    %pushi/vec4 2, 0, 4;
    %store/vec4 v0x5628febe2750_0, 0, 4;
    %jmp T_8.63;
T_8.62 ;
    %load/vec4 v0x5628febe29d0_0;
    %pad/u 4;
    %pushi/vec4 1, 0, 4;
    %cmp/e;
    %flag_get/vec4 4;
    %load/vec4 v0x5628febe2cc0_0;
    %parti/s 7, 5, 4;
    %pad/u 8;
    %pushi/vec4 0, 0, 8;
    %cmp/e;
    %flag_get/vec4 4;
    %and;
    %flag_set/vec4 8;
    %jmp/0xz  T_8.64, 8;
    %pushi/vec4 7, 0, 4;
    %store/vec4 v0x5628febe2750_0, 0, 4;
    %jmp T_8.65;
T_8.64 ;
    %load/vec4 v0x5628febe29d0_0;
    %pad/u 4;
    %pushi/vec4 5, 0, 4;
    %cmp/e;
    %flag_get/vec4 4;
    %load/vec4 v0x5628febe2cc0_0;
    %parti/s 7, 5, 4;
    %pad/u 8;
    %pushi/vec4 0, 0, 8;
    %cmp/e;
    %flag_get/vec4 4;
    %and;
    %flag_set/vec4 8;
    %jmp/0xz  T_8.66, 8;
    %pushi/vec4 8, 0, 4;
    %store/vec4 v0x5628febe2750_0, 0, 4;
    %jmp T_8.67;
T_8.66 ;
    %load/vec4 v0x5628febe29d0_0;
    %pad/u 4;
    %pushi/vec4 5, 0, 4;
    %cmp/e;
    %flag_get/vec4 4;
    %load/vec4 v0x5628febe2cc0_0;
    %parti/s 7, 5, 4;
    %pad/u 8;
    %pushi/vec4 4, 0, 8;
    %cmp/e;
    %flag_get/vec4 4;
    %and;
    %flag_set/vec4 8;
    %jmp/0xz  T_8.68, 8;
    %pushi/vec4 9, 0, 4;
    %store/vec4 v0x5628febe2750_0, 0, 4;
    %jmp T_8.69;
T_8.68 ;
    %load/vec4 v0x5628febe29d0_0;
    %pad/u 4;
    %cmpi/e 2, 0, 4;
    %jmp/0xz  T_8.70, 4;
    %pushi/vec4 5, 0, 4;
    %store/vec4 v0x5628febe2750_0, 0, 4;
    %jmp T_8.71;
T_8.70 ;
    %load/vec4 v0x5628febe29d0_0;
    %pad/u 4;
    %cmpi/e 3, 0, 4;
    %jmp/0xz  T_8.72, 4;
    %pushi/vec4 6, 0, 4;
    %store/vec4 v0x5628febe2750_0, 0, 4;
T_8.72 ;
T_8.71 ;
T_8.69 ;
T_8.67 ;
T_8.65 ;
T_8.63 ;
T_8.61 ;
T_8.59 ;
T_8.57 ;
    %jmp T_8.55;
T_8.54 ;
    %pushi/vec4 10, 0, 4;
    %store/vec4 v0x5628febe2750_0, 0, 4;
T_8.55 ;
T_8.33 ;
    %load/vec4 v0x5628febe2e80_0;
    %cmpi/e 3, 0, 32;
    %jmp/0xz  T_8.74, 4;
    %pushi/vec4 2, 0, 4;
    %store/vec4 v0x5628febe2be0_0, 0, 4;
    %load/vec4 v0x5628febe29d0_0;
    %pad/u 4;
    %cmpi/e 0, 0, 4;
    %jmp/0xz  T_8.76, 4;
    %pushi/vec4 0, 0, 3;
    %store/vec4 v0x5628febe2850_0, 0, 3;
    %jmp T_8.77;
T_8.76 ;
    %load/vec4 v0x5628febe29d0_0;
    %pad/u 4;
    %cmpi/e 1, 0, 4;
    %jmp/0xz  T_8.78, 4;
    %pushi/vec4 1, 0, 3;
    %store/vec4 v0x5628febe2850_0, 0, 3;
    %jmp T_8.79;
T_8.78 ;
    %load/vec4 v0x5628febe29d0_0;
    %pad/u 4;
    %cmpi/e 4, 0, 4;
    %jmp/0xz  T_8.80, 4;
    %pushi/vec4 2, 0, 3;
    %store/vec4 v0x5628febe2850_0, 0, 3;
    %jmp T_8.81;
T_8.80 ;
    %load/vec4 v0x5628febe29d0_0;
    %pad/u 4;
    %cmpi/e 5, 0, 4;
    %jmp/0xz  T_8.82, 4;
    %pushi/vec4 4, 0, 3;
    %store/vec4 v0x5628febe2850_0, 0, 3;
    %jmp T_8.83;
T_8.82 ;
    %load/vec4 v0x5628febe29d0_0;
    %pad/u 4;
    %cmpi/e 6, 0, 4;
    %jmp/0xz  T_8.84, 4;
    %pushi/vec4 3, 0, 3;
    %store/vec4 v0x5628febe2850_0, 0, 3;
    %jmp T_8.85;
T_8.84 ;
    %load/vec4 v0x5628febe29d0_0;
    %pad/u 4;
    %cmpi/e 7, 0, 4;
    %jmp/0xz  T_8.86, 4;
    %pushi/vec4 5, 0, 3;
    %store/vec4 v0x5628febe2850_0, 0, 3;
    %jmp T_8.87;
T_8.86 ;
    %pushi/vec4 6, 0, 3;
    %store/vec4 v0x5628febe2850_0, 0, 3;
T_8.87 ;
T_8.85 ;
T_8.83 ;
T_8.81 ;
T_8.79 ;
T_8.77 ;
    %jmp T_8.75;
T_8.74 ;
    %pushi/vec4 6, 0, 3;
    %store/vec4 v0x5628febe2850_0, 0, 3;
T_8.75 ;
    %load/vec4 v0x5628febe2e80_0;
    %pushi/vec4 4, 0, 32;
    %cmp/e;
    %flag_get/vec4 4;
    %load/vec4 v0x5628febe3040_0;
    %pushi/vec4 55, 0, 7;
    %cmp/e;
    %flag_get/vec4 4;
    %and;
    %flag_set/vec4 8;
    %jmp/0xz  T_8.88, 8;
    %pushi/vec4 3, 0, 4;
    %store/vec4 v0x5628febe2be0_0, 0, 4;
    %jmp T_8.89;
T_8.88 ;
    %load/vec4 v0x5628febe2e80_0;
    %cmpi/e 5, 0, 32;
    %jmp/0xz  T_8.90, 4;
    %pushi/vec4 4, 0, 4;
    %store/vec4 v0x5628febe2be0_0, 0, 4;
    %jmp T_8.91;
T_8.90 ;
    %load/vec4 v0x5628febe2e80_0;
    %pushi/vec4 1, 0, 32;
    %cmp/e;
    %flag_get/vec4 4;
    %load/vec4 v0x5628febe3040_0;
    %pushi/vec4 103, 0, 7;
    %cmp/e;
    %flag_get/vec4 4;
    %and;
    %flag_set/vec4 8;
    %jmp/0xz  T_8.92, 8;
    %pushi/vec4 5, 0, 4;
    %store/vec4 v0x5628febe2be0_0, 0, 4;
    %jmp T_8.93;
T_8.92 ;
    %load/vec4 v0x5628febe2e80_0;
    %pushi/vec4 1, 0, 32;
    %cmp/e;
    %flag_get/vec4 4;
    %load/vec4 v0x5628febe3040_0;
    %pushi/vec4 3, 0, 7;
    %cmp/e;
    %flag_get/vec4 4;
    %and;
    %flag_set/vec4 8;
    %jmp/0xz  T_8.94, 8;
    %pushi/vec4 6, 0, 4;
    %store/vec4 v0x5628febe2be0_0, 0, 4;
    %jmp T_8.95;
T_8.94 ;
    %load/vec4 v0x5628febe2e80_0;
    %cmpi/e 2, 0, 32;
    %jmp/0xz  T_8.96, 4;
    %pushi/vec4 7, 0, 4;
    %store/vec4 v0x5628febe2be0_0, 0, 4;
    %jmp T_8.97;
T_8.96 ;
    %load/vec4 v0x5628febe2e80_0;
    %pushi/vec4 4, 0, 32;
    %cmp/e;
    %flag_get/vec4 4;
    %load/vec4 v0x5628febe3040_0;
    %pushi/vec4 23, 0, 7;
    %cmp/e;
    %flag_get/vec4 4;
    %and;
    %flag_set/vec4 8;
    %jmp/0xz  T_8.98, 8;
    %pushi/vec4 8, 0, 4;
    %store/vec4 v0x5628febe2be0_0, 0, 4;
    %jmp T_8.99;
T_8.98 ;
    %load/vec4 v0x5628febe2e80_0;
    %pushi/vec4 0, 0, 32;
    %cmp/ne;
    %flag_get/vec4 4;
    %load/vec4 v0x5628febe2e80_0;
    %pushi/vec4 1, 0, 32;
    %cmp/ne;
    %flag_get/vec4 4;
    %and;
    %load/vec4 v0x5628febe2e80_0;
    %pushi/vec4 3, 0, 32;
    %cmp/ne;
    %flag_get/vec4 4;
    %and;
    %flag_set/vec4 8;
    %jmp/0xz  T_8.100, 8;
    %pushi/vec4 11, 0, 4;
    %store/vec4 v0x5628febe2be0_0, 0, 4;
T_8.100 ;
T_8.99 ;
T_8.97 ;
T_8.95 ;
T_8.93 ;
T_8.91 ;
T_8.89 ;
    %jmp T_8;
    .thread T_8, $push;
    .scope S_0x5628febe61a0;
T_9 ;
    %wait E_0x5628febe3c60;
    %load/vec4 v0x5628febe8630_0;
    %flag_set/vec4 8;
    %jmp/0xz  T_9.0, 8;
    %fork t_3, S_0x5628febe67e0;
    %jmp t_2;
    .scope S_0x5628febe67e0;
t_3 ;
    %pushi/vec4 0, 0, 32;
    %store/vec4 v0x5628febe69e0_0, 0, 32;
T_9.2 ;
    %load/vec4 v0x5628febe69e0_0;
    %cmpi/s 31, 0, 32;
    %jmp/0xz T_9.3, 5;
    %pushi/vec4 0, 0, 32;
    %ix/getv/s 3, v0x5628febe69e0_0;
    %ix/load 4, 0, 0; Constant delay
    %assign/vec4/a/d v0x5628febe7390, 0, 4;
    %load/vec4 v0x5628febe69e0_0;
    %addi 1, 0, 32;
    %store/vec4 v0x5628febe69e0_0, 0, 32;
    %jmp T_9.2;
T_9.3 ;
    %end;
    .scope S_0x5628febe61a0;
t_2 %join;
    %jmp T_9.1;
T_9.0 ;
    %load/vec4 v0x5628febe70e0_0;
    %flag_set/vec4 8;
    %jmp/0xz  T_9.4, 8;
    %fork t_5, S_0x5628febe6ae0;
    %jmp t_4;
    .scope S_0x5628febe6ae0;
t_5 ;
    %pushi/vec4 0, 0, 32;
    %store/vec4 v0x5628febe6ce0_0, 0, 32;
T_9.6 ;
    %load/vec4 v0x5628febe6ce0_0;
    %cmpi/s 8, 0, 32;
    %jmp/0xz T_9.7, 5;
    %pushi/vec4 7, 7, 3;
    %ix/getv/s 4, v0x5628febe6ce0_0;
    %load/vec4a v0x5628febe6ed0, 4;
    %pad/u 7;
    %ix/vec4 3;
    %ix/load 4, 0, 0; Constant delay
    %assign/vec4/a/d v0x5628febe7e10, 0, 4;
    %load/vec4 v0x5628febe6ce0_0;
    %addi 1, 0, 32;
    %store/vec4 v0x5628febe6ce0_0, 0, 32;
    %jmp T_9.6;
T_9.7 ;
    %end;
    .scope S_0x5628febe61a0;
t_4 %join;
    %jmp T_9.5;
T_9.4 ;
    %load/vec4 v0x5628febe8980_0;
    %flag_set/vec4 8;
    %jmp/0xz  T_9.8, 8;
    %load/vec4 v0x5628febe88a0_0;
    %load/vec4 v0x5628febe86d0_0;
    %pad/u 7;
    %ix/vec4 3;
    %ix/load 4, 0, 0; Constant delay
    %assign/vec4/a/d v0x5628febe7390, 0, 4;
    %load/vec4 v0x5628febe7d30_0;
    %load/vec4 v0x5628febe86d0_0;
    %pad/u 7;
    %ix/vec4 3;
    %ix/load 4, 0, 0; Constant delay
    %assign/vec4/a/d v0x5628febe7e10, 0, 4;
T_9.8 ;
T_9.5 ;
T_9.1 ;
    %jmp T_9;
    .thread T_9;
    .scope S_0x5628febe61a0;
T_10 ;
Ewait_5 .event/or E_0x5628febe6560, E_0x0;
    %wait Ewait_5;
    %load/vec4 v0x5628febe84a0_0;
    %pad/u 7;
    %ix/vec4 4;
    %load/vec4a v0x5628febe7390, 4;
    %store/vec4 v0x5628febe7180_0, 0, 32;
    %load/vec4 v0x5628febe8560_0;
    %pad/u 7;
    %ix/vec4 4;
    %load/vec4a v0x5628febe7390, 4;
    %store/vec4 v0x5628febe7260_0, 0, 32;
    %load/vec4 v0x5628febe84a0_0;
    %pad/u 7;
    %ix/vec4 4;
    %load/vec4a v0x5628febe7e10, 4;
    %store/vec4 v0x5628febe7ae0_0, 0, 3;
    %load/vec4 v0x5628febe8560_0;
    %pad/u 7;
    %ix/vec4 4;
    %load/vec4a v0x5628febe7e10, 4;
    %store/vec4 v0x5628febe7c50_0, 0, 3;
    %jmp T_10;
    .thread T_10, $push;
    .scope S_0x5628febe8c60;
T_11 ;
    %wait E_0x5628febe3c60;
    %load/vec4 v0x5628febeaf20_0;
    %flag_set/vec4 8;
    %jmp/0xz  T_11.0, 8;
    %fork t_7, S_0x5628febe9220;
    %jmp t_6;
    .scope S_0x5628febe9220;
t_7 ;
    %pushi/vec4 0, 0, 32;
    %store/vec4 v0x5628febe9420_0, 0, 32;
T_11.2 ;
    %load/vec4 v0x5628febe9420_0;
    %cmpi/s 3, 0, 32;
    %jmp/0xz T_11.3, 5;
    %pushi/vec4 0, 0, 1;
    %ix/getv/s 3, v0x5628febe9420_0;
    %ix/load 4, 0, 0; Constant delay
    %assign/vec4/a/d v0x5628febea150, 0, 4;
    %load/vec4 v0x5628febe9420_0;
    %addi 1, 0, 32;
    %cast2;
    %store/vec4 v0x5628febe9420_0, 0, 32;
    %jmp T_11.2;
T_11.3 ;
    %end;
    .scope S_0x5628febe8c60;
t_6 %join;
    %pushi/vec4 1, 0, 1;
    %assign/vec4 v0x5628febead90_0, 0;
    %jmp T_11.1;
T_11.0 ;
    %load/vec4 v0x5628febeb160_0;
    %load/vec4 v0x5628febead90_0;
    %and;
    %flag_set/vec4 8;
    %jmp/0xz  T_11.4, 8;
    %load/vec4 v0x5628febe9ac0_0;
    %load/vec4 v0x5628febea980_0;
    %pad/u 4;
    %ix/vec4 3;
    %ix/load 4, 0, 0; Constant delay
    %assign/vec4/a/d v0x5628febe9bd0, 0, 4;
    %load/vec4 v0x5628febe9c70_0;
    %load/vec4 v0x5628febea980_0;
    %pad/u 4;
    %ix/vec4 3;
    %ix/load 4, 0, 0; Constant delay
    %assign/vec4/a/d v0x5628febe9d70, 0, 4;
    %load/vec4 v0x5628febe9e10_0;
    %load/vec4 v0x5628febea980_0;
    %pad/u 4;
    %ix/vec4 3;
    %ix/load 4, 0, 0; Constant delay
    %assign/vec4/a/d v0x5628febe9f20, 0, 4;
    %load/vec4 v0x5628febe9fc0_0;
    %load/vec4 v0x5628febea980_0;
    %pad/u 4;
    %ix/vec4 3;
    %ix/load 4, 0, 0; Constant delay
    %assign/vec4/a/d v0x5628febea0b0, 0, 4;
    %load/vec4 v0x5628febeaa60_0;
    %load/vec4 v0x5628febea980_0;
    %pad/u 4;
    %ix/vec4 3;
    %ix/load 4, 0, 0; Constant delay
    %assign/vec4/a/d v0x5628febeac30, 0, 4;
    %load/vec4 v0x5628febea610_0;
    %load/vec4 v0x5628febea980_0;
    %pad/u 4;
    %ix/vec4 3;
    %ix/load 4, 0, 0; Constant delay
    %assign/vec4/a/d v0x5628febea7d0, 0, 4;
    %pushi/vec4 1, 0, 1;
    %load/vec4 v0x5628febea980_0;
    %pad/u 4;
    %ix/vec4 3;
    %ix/load 4, 0, 0; Constant delay
    %assign/vec4/a/d v0x5628febea150, 0, 4;
T_11.4 ;
    %load/vec4 v0x5628febea310_0;
    %nor/r;
    %load/vec4 v0x5628febeacd0_0;
    %and;
    %flag_set/vec4 8;
    %jmp/0xz  T_11.6, 8;
    %load/vec4 v0x5628febea570_0;
    %pad/u 4;
    %ix/vec4 4;
    %load/vec4a v0x5628febe9f20, 4;
    %assign/vec4 v0x5628febeafc0_0, 0;
    %load/vec4 v0x5628febea570_0;
    %pad/u 4;
    %ix/vec4 4;
    %load/vec4a v0x5628febea0b0, 4;
    %assign/vec4 v0x5628febeb090_0, 0;
    %load/vec4 v0x5628febea570_0;
    %pad/u 4;
    %ix/vec4 4;
    %load/vec4a v0x5628febea7d0, 4;
    %assign/vec4 v0x5628febea700_0, 0;
    %load/vec4 v0x5628febea570_0;
    %pad/u 4;
    %ix/vec4 4;
    %load/vec4a v0x5628febeac30, 4;
    %assign/vec4 v0x5628febeab40_0, 0;
    %pushi/vec4 0, 0, 1;
    %load/vec4 v0x5628febea570_0;
    %pad/u 4;
    %ix/vec4 3;
    %ix/load 4, 0, 0; Constant delay
    %assign/vec4/a/d v0x5628febea150, 0, 4;
    %pushi/vec4 1, 0, 1;
    %assign/vec4 v0x5628febeae50_0, 0;
    %jmp T_11.7;
T_11.6 ;
    %pushi/vec4 0, 0, 1;
    %assign/vec4 v0x5628febeae50_0, 0;
T_11.7 ;
T_11.1 ;
    %jmp T_11;
    .thread T_11;
    .scope S_0x5628febe8c60;
T_12 ;
Ewait_6 .event/or E_0x5628febe9190, E_0x0;
    %wait Ewait_6;
    %pushi/vec4 3, 0, 3;
    %store/vec4 v0x5628febea980_0, 0, 3;
    %fork t_9, S_0x5628febe9520;
    %jmp t_8;
    .scope S_0x5628febe9520;
t_9 ;
    %pushi/vec4 2, 0, 32;
    %store/vec4 v0x5628febe9720_0, 0, 32;
T_12.0 ;
    %load/vec4 v0x5628febe9720_0;
    %cmpi/s 0, 0, 32;
    %flag_inv 5; GE is !LT
    %jmp/0xz T_12.1, 5;
    %ix/getv/s 4, v0x5628febe9720_0;
    %load/vec4a v0x5628febea150, 4;
    %nor/r;
    %flag_set/vec4 8;
    %jmp/0 T_12.2, 8;
    %load/vec4 v0x5628febe9720_0;
    %jmp/1 T_12.3, 8;
T_12.2 ; End of true expr.
    %load/vec4 v0x5628febea980_0;
    %pad/u 32;
    %jmp/0 T_12.3, 8;
 ; End of false expr.
    %blend;
T_12.3;
    %pad/u 3;
    %store/vec4 v0x5628febea980_0, 0, 3;
    %load/vec4 v0x5628febe9720_0;
    %subi 1, 0, 32;
    %cast2;
    %store/vec4 v0x5628febe9720_0, 0, 32;
    %jmp T_12.0;
T_12.1 ;
    %end;
    .scope S_0x5628febe8c60;
t_8 %join;
    %load/vec4 v0x5628febea980_0;
    %pad/u 32;
    %pushi/vec4 3, 0, 32;
    %cmp/e;
    %flag_get/vec4 4;
    %nor/r;
    %store/vec4 v0x5628febead90_0, 0, 1;
    %pushi/vec4 3, 0, 3;
    %store/vec4 v0x5628febea570_0, 0, 3;
    %fork t_11, S_0x5628febe9800;
    %jmp t_10;
    .scope S_0x5628febe9800;
t_11 ;
    %pushi/vec4 0, 0, 32;
    %store/vec4 v0x5628febe99e0_0, 0, 32;
T_12.4 ;
    %load/vec4 v0x5628febe99e0_0;
    %cmpi/s 3, 0, 32;
    %jmp/0xz T_12.5, 5;
    %load/vec4 v0x5628febea3d0_0;
    %load/vec4 v0x5628febea4a0_0;
    %and;
    %flag_set/vec4 8;
    %jmp/0 T_12.6, 8;
    %load/vec4 v0x5628febe99e0_0;
    %jmp/1 T_12.7, 8;
T_12.6 ; End of true expr.
    %load/vec4 v0x5628febea570_0;
    %pad/u 32;
    %jmp/0 T_12.7, 8;
 ; End of false expr.
    %blend;
T_12.7;
    %pad/u 3;
    %store/vec4 v0x5628febea570_0, 0, 3;
    %load/vec4 v0x5628febe99e0_0;
    %addi 1, 0, 32;
    %cast2;
    %store/vec4 v0x5628febe99e0_0, 0, 32;
    %jmp T_12.4;
T_12.5 ;
    %end;
    .scope S_0x5628febe8c60;
t_10 %join;
    %load/vec4 v0x5628febea570_0;
    %pad/u 32;
    %pushi/vec4 3, 0, 32;
    %cmp/e;
    %flag_get/vec4 4;
    %nor/r;
    %store/vec4 v0x5628febeacd0_0, 0, 1;
    %jmp T_12;
    .thread T_12, $push;
    .scope S_0x5628febe3890;
T_13 ;
    %wait E_0x5628febe3c60;
    %load/vec4 v0x5628febe44f0_0;
    %flag_set/vec4 8;
    %jmp/0xz  T_13.0, 8;
    %pushi/vec4 0, 0, 1;
    %assign/vec4 v0x5628febe4300_0, 0;
    %pushi/vec4 0, 0, 1;
    %assign/vec4 v0x5628febe4c50_0, 0;
    %pushi/vec4 0, 0, 1;
    %assign/vec4 v0x5628febe4ad0_0, 0;
    %pushi/vec4 0, 0, 1;
    %assign/vec4 v0x5628febe4a10_0, 0;
    %jmp T_13.1;
T_13.0 ;
    %load/vec4 v0x5628febe4b90_0;
    %flag_set/vec4 8;
    %jmp/0xz  T_13.2, 8;
    %pushi/vec4 1, 0, 25;
    %assign/vec4 v0x5628febe4930_0, 0;
    %pushi/vec4 0, 0, 1;
    %assign/vec4 v0x5628febe4ad0_0, 0;
    %pushi/vec4 1, 0, 1;
    %assign/vec4 v0x5628febe4a10_0, 0;
T_13.2 ;
    %load/vec4 v0x5628febe4a10_0;
    %flag_set/vec4 8;
    %jmp/0xz  T_13.4, 8;
    %load/vec4 v0x5628febe4ad0_0;
    %nor/r;
    %flag_set/vec4 8;
    %jmp/0xz  T_13.6, 8;
    %fork t_13, S_0x5628febe3cc0;
    %jmp t_12;
    .scope S_0x5628febe3cc0;
t_13 ;
    %pushi/vec4 1, 0, 32;
    %store/vec4 v0x5628febe3ec0_0, 0, 32;
T_13.8 ;
    %load/vec4 v0x5628febe3ec0_0;
    %cmpi/s 25, 0, 32;
    %jmp/0xz T_13.9, 5;
    %load/vec4 v0x5628febe4930_0;
    %load/vec4 v0x5628febe3ec0_0;
    %subi 1, 0, 32;
    %part/s 1;
    %ix/load 5, 0, 0;
    %ix/getv/s 4, v0x5628febe3ec0_0;
    %assign/vec4/off/d v0x5628febe4930_0, 4, 5;
    %load/vec4 v0x5628febe3ec0_0;
    %addi 1, 0, 32;
    %cast2;
    %store/vec4 v0x5628febe3ec0_0, 0, 32;
    %jmp T_13.8;
T_13.9 ;
    %end;
    .scope S_0x5628febe3890;
t_12 %join;
    %load/vec4 v0x5628febe4930_0;
    %parti/s 1, 24, 6;
    %pad/u 32;
    %cmpi/e 1, 0, 32;
    %jmp/0xz  T_13.10, 4;
    %pushi/vec4 1, 0, 1;
    %assign/vec4 v0x5628febe4ad0_0, 0;
T_13.10 ;
    %jmp T_13.7;
T_13.6 ;
    %load/vec4 v0x5628febe4240_0;
    %flag_set/vec4 8;
    %jmp/0xz  T_13.12, 8;
    %pushi/vec4 0, 0, 1;
    %assign/vec4 v0x5628febe4c50_0, 0;
    %pushi/vec4 1, 0, 1;
    %assign/vec4 v0x5628febe4300_0, 0;
    %pushi/vec4 0, 0, 1;
    %assign/vec4 v0x5628febe4a10_0, 0;
    %jmp T_13.13;
T_13.12 ;
    %pushi/vec4 1, 0, 1;
    %assign/vec4 v0x5628febe4c50_0, 0;
    %pushi/vec4 0, 0, 1;
    %assign/vec4 v0x5628febe4300_0, 0;
T_13.13 ;
T_13.7 ;
T_13.4 ;
T_13.1 ;
    %jmp T_13;
    .thread T_13;
    .scope S_0x5628febe3890;
T_14 ;
Ewait_7 .event/or E_0x5628febe3bf0, E_0x0;
    %wait Ewait_7;
    %load/vec4 v0x5628febe3fc0_0;
    %dup/vec4;
    %pushi/vec4 0, 0, 4;
    %cmp/u;
    %jmp/1 T_14.0, 6;
    %dup/vec4;
    %pushi/vec4 1, 0, 4;
    %cmp/u;
    %jmp/1 T_14.1, 6;
    %dup/vec4;
    %pushi/vec4 2, 0, 4;
    %cmp/u;
    %jmp/1 T_14.2, 6;
    %dup/vec4;
    %pushi/vec4 3, 0, 4;
    %cmp/u;
    %jmp/1 T_14.3, 6;
    %dup/vec4;
    %pushi/vec4 4, 0, 4;
    %cmp/u;
    %jmp/1 T_14.4, 6;
    %dup/vec4;
    %pushi/vec4 5, 0, 4;
    %cmp/u;
    %jmp/1 T_14.5, 6;
    %dup/vec4;
    %pushi/vec4 6, 0, 4;
    %cmp/u;
    %jmp/1 T_14.6, 6;
    %dup/vec4;
    %pushi/vec4 7, 0, 4;
    %cmp/u;
    %jmp/1 T_14.7, 6;
    %dup/vec4;
    %pushi/vec4 8, 0, 4;
    %cmp/u;
    %jmp/1 T_14.8, 6;
    %dup/vec4;
    %pushi/vec4 9, 0, 4;
    %cmp/u;
    %jmp/1 T_14.9, 6;
    %pushi/vec4 0, 0, 32;
    %store/vec4 v0x5628febe4180_0, 0, 32;
    %jmp T_14.11;
T_14.0 ;
    %load/vec4 v0x5628febe45b0_0;
    %load/vec4 v0x5628febe4770_0;
    %add;
    %store/vec4 v0x5628febe4180_0, 0, 32;
    %jmp T_14.11;
T_14.1 ;
    %load/vec4 v0x5628febe45b0_0;
    %load/vec4 v0x5628febe4770_0;
    %sub;
    %store/vec4 v0x5628febe4180_0, 0, 32;
    %jmp T_14.11;
T_14.2 ;
    %load/vec4 v0x5628febe45b0_0;
    %load/vec4 v0x5628febe4770_0;
    %and;
    %store/vec4 v0x5628febe4180_0, 0, 32;
    %jmp T_14.11;
T_14.3 ;
    %load/vec4 v0x5628febe45b0_0;
    %load/vec4 v0x5628febe4770_0;
    %or;
    %store/vec4 v0x5628febe4180_0, 0, 32;
    %jmp T_14.11;
T_14.4 ;
    %load/vec4 v0x5628febe45b0_0;
    %load/vec4 v0x5628febe4770_0;
    %xor;
    %store/vec4 v0x5628febe4180_0, 0, 32;
    %jmp T_14.11;
T_14.5 ;
    %load/vec4 v0x5628febe45b0_0;
    %load/vec4 v0x5628febe4770_0;
    %cmp/s;
    %flag_mov 8, 5;
    %jmp/0 T_14.12, 8;
    %pushi/vec4 1, 0, 32;
    %jmp/1 T_14.13, 8;
T_14.12 ; End of true expr.
    %pushi/vec4 0, 0, 32;
    %jmp/0 T_14.13, 8;
 ; End of false expr.
    %blend;
T_14.13;
    %store/vec4 v0x5628febe4180_0, 0, 32;
    %jmp T_14.11;
T_14.6 ;
    %load/vec4 v0x5628febe4690_0;
    %load/vec4 v0x5628febe4850_0;
    %cmp/u;
    %flag_mov 8, 5;
    %jmp/0 T_14.14, 8;
    %pushi/vec4 1, 0, 32;
    %jmp/1 T_14.15, 8;
T_14.14 ; End of true expr.
    %pushi/vec4 0, 0, 32;
    %jmp/0 T_14.15, 8;
 ; End of false expr.
    %blend;
T_14.15;
    %store/vec4 v0x5628febe4180_0, 0, 32;
    %jmp T_14.11;
T_14.7 ;
    %load/vec4 v0x5628febe45b0_0;
    %load/vec4 v0x5628febe4770_0;
    %ix/vec4 4;
    %shiftl 4;
    %store/vec4 v0x5628febe4180_0, 0, 32;
    %jmp T_14.11;
T_14.8 ;
    %load/vec4 v0x5628febe45b0_0;
    %load/vec4 v0x5628febe4770_0;
    %ix/vec4 4;
    %shiftr/s 4;
    %store/vec4 v0x5628febe4180_0, 0, 32;
    %jmp T_14.11;
T_14.9 ;
    %load/vec4 v0x5628febe45b0_0;
    %load/vec4 v0x5628febe4770_0;
    %ix/vec4 4;
    %shiftr 4;
    %store/vec4 v0x5628febe4180_0, 0, 32;
    %jmp T_14.11;
T_14.11 ;
    %pop/vec4 1;
    %jmp T_14;
    .thread T_14, $push;
    .scope S_0x5628febe1ff0;
T_15 ;
Ewait_8 .event/or E_0x5628febcab30, E_0x0;
    %wait Ewait_8;
    %pushi/vec4 0, 0, 1;
    %store/vec4 v0x5628febed8a0_0, 0, 1;
    %pushi/vec4 0, 0, 1;
    %store/vec4 v0x5628febed9e0_0, 0, 1;
    %pushi/vec4 0, 0, 1;
    %store/vec4 v0x5628febede40_0, 0, 1;
    %pushi/vec4 0, 0, 1;
    %store/vec4 v0x5628febedb40_0, 0, 1;
    %pushi/vec4 0, 0, 1;
    %store/vec4 v0x5628febedcc0_0, 0, 1;
    %load/vec4 v0x5628febec290_0;
    %load/vec4 v0x5628febed520_0;
    %and;
    %flag_set/vec4 8;
    %jmp/0xz  T_15.0, 8;
    %load/vec4 v0x5628febebf20_0;
    %pad/u 32;
    %pushi/vec4 6, 0, 32;
    %cmp/e;
    %flag_get/vec4 4;
    %load/vec4 v0x5628febebf20_0;
    %pad/u 32;
    %pushi/vec4 7, 0, 32;
    %cmp/e;
    %flag_get/vec4 4;
    %or;
    %load/vec4 v0x5628febedc00_0;
    %and;
    %flag_set/vec4 8;
    %jmp/0xz  T_15.2, 8;
    %pushi/vec4 1, 0, 1;
    %store/vec4 v0x5628febedcc0_0, 0, 1;
    %jmp T_15.3;
T_15.2 ;
    %load/vec4 v0x5628febebf20_0;
    %pad/u 32;
    %pushi/vec4 2, 0, 32;
    %cmp/e;
    %flag_get/vec4 4;
    %load/vec4 v0x5628febebf20_0;
    %pad/u 32;
    %pushi/vec4 4, 0, 32;
    %cmp/e;
    %flag_get/vec4 4;
    %or;
    %load/vec4 v0x5628febebf20_0;
    %pad/u 32;
    %pushi/vec4 5, 0, 32;
    %cmp/e;
    %flag_get/vec4 4;
    %or;
    %load/vec4 v0x5628febed940_0;
    %and;
    %flag_set/vec4 8;
    %jmp/0xz  T_15.4, 8;
    %pushi/vec4 1, 0, 1;
    %store/vec4 v0x5628febed9e0_0, 0, 1;
    %jmp T_15.5;
T_15.4 ;
    %load/vec4 v0x5628febebf20_0;
    %pad/u 32;
    %pushi/vec4 9, 0, 32;
    %cmp/e;
    %flag_get/vec4 4;
    %load/vec4 v0x5628febedd80_0;
    %and;
    %flag_set/vec4 8;
    %jmp/0xz  T_15.6, 8;
    %pushi/vec4 1, 0, 1;
    %store/vec4 v0x5628febede40_0, 0, 1;
    %jmp T_15.7;
T_15.6 ;
    %load/vec4 v0x5628febebf20_0;
    %pad/u 32;
    %pushi/vec4 10, 0, 32;
    %cmp/e;
    %flag_get/vec4 4;
    %load/vec4 v0x5628febeda80_0;
    %and;
    %flag_set/vec4 8;
    %jmp/0xz  T_15.8, 8;
    %pushi/vec4 1, 0, 1;
    %store/vec4 v0x5628febedb40_0, 0, 1;
    %jmp T_15.9;
T_15.8 ;
    %load/vec4 v0x5628febebf20_0;
    %pad/u 32;
    %cmpi/e 11, 0, 32;
    %jmp/0xz  T_15.10, 4;
    %jmp T_15.11;
T_15.10 ;
    %load/vec4 v0x5628febed800_0;
    %flag_set/vec4 8;
    %jmp/0xz  T_15.12, 8;
    %pushi/vec4 1, 0, 1;
    %store/vec4 v0x5628febed8a0_0, 0, 1;
T_15.12 ;
T_15.11 ;
T_15.9 ;
T_15.7 ;
T_15.5 ;
T_15.3 ;
T_15.0 ;
    %jmp T_15;
    .thread T_15, $push;
    .scope S_0x5628febbd830;
T_16 ;
    %delay 5000, 0;
    %load/vec4 v0x5628febee7e0_0;
    %nor/r;
    %store/vec4 v0x5628febee7e0_0, 0, 1;
    %jmp T_16;
    .thread T_16;
    .scope S_0x5628febbd830;
T_17 ;
    %vpi_call/w 6 39 "$dumpfile", "iq_to_cdb.vcd" {0 0 0};
    %vpi_call/w 6 40 "$dumpvars", 32'sb00000000000000000000000000000000, S_0x5628febbd830 {0 0 0};
    %pushi/vec4 1, 0, 1;
    %store/vec4 v0x5628febee7e0_0, 0, 1;
    %pushi/vec4 0, 0, 4;
    %store/vec4 v0x5628febee740_0, 0, 4;
    %delay 10000, 0;
    %pushi/vec4 1, 0, 4;
    %store/vec4 v0x5628febee740_0, 0, 4;
    %delay 10000, 0;
    %pushi/vec4 0, 0, 4;
    %store/vec4 v0x5628febee740_0, 0, 4;
    %fork t_15, S_0x5628febe1cf0;
    %jmp t_14;
    .scope S_0x5628febe1cf0;
t_15 ;
    %pushi/vec4 0, 0, 32;
    %store/vec4 v0x5628febe1ef0_0, 0, 32;
T_17.0 ;
    %load/vec4 v0x5628febe1ef0_0;
    %cmpi/s 1000, 0, 32;
    %jmp/0xz T_17.1, 5;
    %delay 10000, 0;
    %pushi/vec4 0, 0, 1;
    %store/vec4 v0x5628febee9c0_0, 0, 1;
    %load/vec4 v0x5628febe1ef0_0;
    %cmpi/e 20, 0, 32;
    %jmp/0xz  T_17.2, 4;
    %pushi/vec4 1410451, 0, 32;
    %store/vec4 v0x5628febee920_0, 0, 32;
    %pushi/vec4 1, 0, 1;
    %store/vec4 v0x5628febee9c0_0, 0, 1;
T_17.2 ;
    %load/vec4 v0x5628febe1ef0_0;
    %addi 1, 0, 32;
    %cast2;
    %store/vec4 v0x5628febe1ef0_0, 0, 32;
    %jmp T_17.0;
T_17.1 ;
    %end;
    .scope S_0x5628febbd830;
t_14 %join;
    %vpi_call/w 6 59 "$display", "%d", v0x5628febeeab0_0 {0 0 0};
    %vpi_call/w 6 61 "$finish" {0 0 0};
    %end;
    .thread T_17;
    .scope S_0x5628febef270;
T_18 ;
    %pushi/vec4 0, 0, 32;
    %store/vec4 v0x5628febef470_0, 0, 32;
T_18.0 ;
    %load/vec4 v0x5628febef470_0;
    %cmpi/s 1024, 0, 32;
    %jmp/0xz T_18.1, 5;
    %pushi/vec4 0, 0, 18;
    %ix/getv/s 4, v0x5628febef470_0;
    %store/vec4a v0x5628febef8c0, 4, 0;
    %load/vec4 v0x5628febef470_0;
    %addi 1, 0, 32;
    %store/vec4 v0x5628febef470_0, 0, 32;
    %jmp T_18.0;
T_18.1 ;
    %end;
    .thread T_18;
    .scope S_0x5628febef550;
T_19 ;
    %pushi/vec4 0, 0, 18;
    %store/vec4 v0x5628febef7c0_0, 0, 18;
    %end;
    .thread T_19, $init;
    .scope S_0x5628febef550;
T_20 ;
    %wait E_0x5628febef760;
    %load/vec4 v0x5628febeffc0_0;
    %flag_set/vec4 8;
    %jmp/0xz  T_20.0, 8;
    %pushi/vec4 0, 0, 18;
    %assign/vec4 v0x5628febef7c0_0, 0;
    %jmp T_20.1;
T_20.0 ;
    %load/vec4 v0x5628febeff00_0;
    %flag_set/vec4 8;
    %jmp/0xz  T_20.2, 8;
    %load/vec4 v0x5628febefe20_0;
    %assign/vec4 v0x5628febef7c0_0, 0;
T_20.2 ;
T_20.1 ;
    %jmp T_20;
    .thread T_20;
    .scope S_0x5628febbcca0;
T_21 ;
    %pushi/vec4 0, 0, 18;
    %store/vec4 v0x5628febefe20_0, 0, 18;
    %end;
    .thread T_21, $init;
    .scope S_0x5628febbcca0;
T_22 ;
    %wait E_0x5628febef760;
    %load/vec4 v0x5628febefd60_0;
    %flag_set/vec4 8;
    %jmp/0xz  T_22.0, 8;
    %load/vec4 v0x5628febf0110_0;
    %flag_set/vec4 8;
    %jmp/0xz  T_22.2, 8;
    %load/vec4 v0x5628febefb50_0;
    %load/vec4 v0x5628febef9a0_0;
    %pad/u 12;
    %ix/vec4 3;
    %ix/load 4, 0, 0; Constant delay
    %assign/vec4/a/d v0x5628febef8c0, 0, 4;
T_22.2 ;
    %load/vec4 v0x5628febef9a0_0;
    %pad/u 12;
    %ix/vec4 4;
    %load/vec4a v0x5628febef8c0, 4;
    %assign/vec4 v0x5628febefe20_0, 0;
T_22.0 ;
    %jmp T_22;
    .thread T_22;
    .scope S_0x5628febf0660;
T_23 ;
    %pushi/vec4 0, 0, 32;
    %store/vec4 v0x5628febf0860_0, 0, 32;
T_23.0 ;
    %load/vec4 v0x5628febf0860_0;
    %cmpi/s 1024, 0, 32;
    %jmp/0xz T_23.1, 5;
    %pushi/vec4 0, 0, 18;
    %ix/getv/s 4, v0x5628febf0860_0;
    %store/vec4a v0x5628febf0c80, 4, 0;
    %load/vec4 v0x5628febf0860_0;
    %addi 1, 0, 32;
    %store/vec4 v0x5628febf0860_0, 0, 32;
    %jmp T_23.0;
T_23.1 ;
    %end;
    .thread T_23;
    .scope S_0x5628febf0940;
T_24 ;
    %pushi/vec4 0, 0, 18;
    %store/vec4 v0x5628febf0b80_0, 0, 18;
    %end;
    .thread T_24, $init;
    .scope S_0x5628febf0940;
T_25 ;
    %wait E_0x5628febf0b20;
    %load/vec4 v0x5628febf1380_0;
    %flag_set/vec4 8;
    %jmp/0xz  T_25.0, 8;
    %pushi/vec4 0, 0, 18;
    %assign/vec4 v0x5628febf0b80_0, 0;
    %jmp T_25.1;
T_25.0 ;
    %load/vec4 v0x5628febf12c0_0;
    %flag_set/vec4 8;
    %jmp/0xz  T_25.2, 8;
    %load/vec4 v0x5628febf11e0_0;
    %assign/vec4 v0x5628febf0b80_0, 0;
T_25.2 ;
T_25.1 ;
    %jmp T_25;
    .thread T_25;
    .scope S_0x5628feae6840;
T_26 ;
    %pushi/vec4 0, 0, 18;
    %store/vec4 v0x5628febf11e0_0, 0, 18;
    %end;
    .thread T_26, $init;
    .scope S_0x5628feae6840;
T_27 ;
    %wait E_0x5628febf0b20;
    %load/vec4 v0x5628febf1120_0;
    %flag_set/vec4 8;
    %jmp/0xz  T_27.0, 8;
    %load/vec4 v0x5628febf14d0_0;
    %flag_set/vec4 8;
    %jmp/0xz  T_27.2, 8;
    %load/vec4 v0x5628febf0f10_0;
    %load/vec4 v0x5628febf0d60_0;
    %pad/u 12;
    %ix/vec4 3;
    %ix/load 4, 0, 0; Constant delay
    %assign/vec4/a/d v0x5628febf0c80, 0, 4;
    %load/vec4 v0x5628febf0f10_0;
    %assign/vec4 v0x5628febf11e0_0, 0;
    %jmp T_27.3;
T_27.2 ;
    %load/vec4 v0x5628febf0d60_0;
    %pad/u 12;
    %ix/vec4 4;
    %load/vec4a v0x5628febf0c80, 4;
    %assign/vec4 v0x5628febf11e0_0, 0;
T_27.3 ;
T_27.0 ;
    %jmp T_27;
    .thread T_27;
# The file index is used to find the file name in the following table.
:file_names 15;
    "N/A";
    "<interactive>";
    "-";
    "hdl/execute.sv";
    "hdl/alu.sv";
    "hdl/branch_alu.sv";
    "sim/iq_to_cdb.sv";
    "hdl/top_level.sv";
    "hdl/decode.sv";
    "hdl/instruction_queue.sv";
    "hdl/register_file.sv";
    "hdl/reservation_station.sv";
    "hdl/reorder_buffer.sv";
    "hdl/xilinx_single_port_ram_read_first.v";
    "hdl/xilinx_single_port_ram_write_first.v";
