Copyright 1986-2022 Xilinx, Inc. All Rights Reserved. Copyright 2022-2023 Advanced Micro Devices, Inc. All Rights Reserved.
---------------------------------------------------------------------------------------------------------------------------------------------
| Tool Version : Vivado v.2023.1 (win64) Build 3865809 Sun May  7 15:05:29 MDT 2023
| Date         : Tue Dec 12 22:13:04 2023
| Host         : 4SXLN73 running 64-bit major release  (build 9200)
| Command      : report_timing_summary -file obj/post_synth_timing_summary.rpt
| Design       : top_level
| Device       : 7s50-csga324
| Speed File   : -1  PRODUCTION 1.23 2018-06-13
| Design State : Synthesized
---------------------------------------------------------------------------------------------------------------------------------------------

Timing Summary Report

------------------------------------------------------------------------------------------------
| Timer Settings
| --------------
------------------------------------------------------------------------------------------------

  Enable Multi Corner Analysis               :  Yes
  Enable Pessimism Removal                   :  Yes
  Pessimism Removal Resolution               :  Nearest Common Node
  Enable Input Delay Default Clock           :  No
  Enable Preset / Clear Arcs                 :  No
  Disable Flight Delays                      :  No
  Ignore I/O Paths                           :  No
  Timing Early Launch at Borrowing Latches   :  No
  Borrow Time for Max Delay Exceptions       :  Yes
  Merge Timing Exceptions                    :  Yes

  Corner  Analyze    Analyze    
  Name    Max Paths  Min Paths  
  ------  ---------  ---------  
  Slow    Yes        Yes        
  Fast    Yes        Yes        


------------------------------------------------------------------------------------------------
| Report Methodology
| ------------------
------------------------------------------------------------------------------------------------

No report available as report_methodology has not been run prior. Run report_methodology on the current design for the summary of methodology violations.



check_timing report

Table of Contents
-----------------
1. checking no_clock (1128)
2. checking constant_clock (0)
3. checking pulse_width_clock (0)
4. checking unconstrained_internal_endpoints (23)
5. checking no_input_delay (1)
6. checking no_output_delay (16)
7. checking multiple_clock (0)
8. checking generated_clocks (0)
9. checking loops (1)
10. checking partial_input_delay (0)
11. checking partial_output_delay (0)
12. checking latch_loops (0)

1. checking no_clock (1128)
---------------------------
 There are 4 register/latch pins with no clock driven by root clock pin: inst_queue/read_counter_reg[0]/Q (HIGH)

 There are 4 register/latch pins with no clock driven by root clock pin: inst_queue/read_counter_reg[1]/Q (HIGH)

 There are 7 register/latch pins with no clock driven by root clock pin: load_buffer/dest_row_reg[0][0]/Q (HIGH)

 There are 7 register/latch pins with no clock driven by root clock pin: load_buffer/dest_row_reg[0][10]/Q (HIGH)

 There are 7 register/latch pins with no clock driven by root clock pin: load_buffer/dest_row_reg[0][11]/Q (HIGH)

 There are 7 register/latch pins with no clock driven by root clock pin: load_buffer/dest_row_reg[0][12]/Q (HIGH)

 There are 7 register/latch pins with no clock driven by root clock pin: load_buffer/dest_row_reg[0][13]/Q (HIGH)

 There are 7 register/latch pins with no clock driven by root clock pin: load_buffer/dest_row_reg[0][14]/Q (HIGH)

 There are 7 register/latch pins with no clock driven by root clock pin: load_buffer/dest_row_reg[0][15]/Q (HIGH)

 There are 7 register/latch pins with no clock driven by root clock pin: load_buffer/dest_row_reg[0][16]/Q (HIGH)

 There are 7 register/latch pins with no clock driven by root clock pin: load_buffer/dest_row_reg[0][17]/Q (HIGH)

 There are 7 register/latch pins with no clock driven by root clock pin: load_buffer/dest_row_reg[0][18]/Q (HIGH)

 There are 7 register/latch pins with no clock driven by root clock pin: load_buffer/dest_row_reg[0][19]/Q (HIGH)

 There are 7 register/latch pins with no clock driven by root clock pin: load_buffer/dest_row_reg[0][1]/Q (HIGH)

 There are 7 register/latch pins with no clock driven by root clock pin: load_buffer/dest_row_reg[0][20]/Q (HIGH)

 There are 7 register/latch pins with no clock driven by root clock pin: load_buffer/dest_row_reg[0][21]/Q (HIGH)

 There are 7 register/latch pins with no clock driven by root clock pin: load_buffer/dest_row_reg[0][22]/Q (HIGH)

 There are 7 register/latch pins with no clock driven by root clock pin: load_buffer/dest_row_reg[0][23]/Q (HIGH)

 There are 7 register/latch pins with no clock driven by root clock pin: load_buffer/dest_row_reg[0][24]/Q (HIGH)

 There are 7 register/latch pins with no clock driven by root clock pin: load_buffer/dest_row_reg[0][25]/Q (HIGH)

 There are 7 register/latch pins with no clock driven by root clock pin: load_buffer/dest_row_reg[0][26]/Q (HIGH)

 There are 7 register/latch pins with no clock driven by root clock pin: load_buffer/dest_row_reg[0][27]/Q (HIGH)

 There are 7 register/latch pins with no clock driven by root clock pin: load_buffer/dest_row_reg[0][28]/Q (HIGH)

 There are 7 register/latch pins with no clock driven by root clock pin: load_buffer/dest_row_reg[0][29]/Q (HIGH)

 There are 7 register/latch pins with no clock driven by root clock pin: load_buffer/dest_row_reg[0][2]/Q (HIGH)

 There are 7 register/latch pins with no clock driven by root clock pin: load_buffer/dest_row_reg[0][30]/Q (HIGH)

 There are 7 register/latch pins with no clock driven by root clock pin: load_buffer/dest_row_reg[0][31]/Q (HIGH)

 There are 7 register/latch pins with no clock driven by root clock pin: load_buffer/dest_row_reg[0][3]/Q (HIGH)

 There are 7 register/latch pins with no clock driven by root clock pin: load_buffer/dest_row_reg[0][4]/Q (HIGH)

 There are 7 register/latch pins with no clock driven by root clock pin: load_buffer/dest_row_reg[0][5]/Q (HIGH)

 There are 7 register/latch pins with no clock driven by root clock pin: load_buffer/dest_row_reg[0][6]/Q (HIGH)

 There are 7 register/latch pins with no clock driven by root clock pin: load_buffer/dest_row_reg[0][7]/Q (HIGH)

 There are 7 register/latch pins with no clock driven by root clock pin: load_buffer/dest_row_reg[0][8]/Q (HIGH)

 There are 7 register/latch pins with no clock driven by root clock pin: load_buffer/dest_row_reg[0][9]/Q (HIGH)

 There are 7 register/latch pins with no clock driven by root clock pin: load_buffer/dest_row_reg[1][0]/Q (HIGH)

 There are 7 register/latch pins with no clock driven by root clock pin: load_buffer/dest_row_reg[1][10]/Q (HIGH)

 There are 7 register/latch pins with no clock driven by root clock pin: load_buffer/dest_row_reg[1][11]/Q (HIGH)

 There are 7 register/latch pins with no clock driven by root clock pin: load_buffer/dest_row_reg[1][12]/Q (HIGH)

 There are 7 register/latch pins with no clock driven by root clock pin: load_buffer/dest_row_reg[1][13]/Q (HIGH)

 There are 7 register/latch pins with no clock driven by root clock pin: load_buffer/dest_row_reg[1][14]/Q (HIGH)

 There are 7 register/latch pins with no clock driven by root clock pin: load_buffer/dest_row_reg[1][15]/Q (HIGH)

 There are 7 register/latch pins with no clock driven by root clock pin: load_buffer/dest_row_reg[1][16]/Q (HIGH)

 There are 7 register/latch pins with no clock driven by root clock pin: load_buffer/dest_row_reg[1][17]/Q (HIGH)

 There are 7 register/latch pins with no clock driven by root clock pin: load_buffer/dest_row_reg[1][18]/Q (HIGH)

 There are 7 register/latch pins with no clock driven by root clock pin: load_buffer/dest_row_reg[1][19]/Q (HIGH)

 There are 7 register/latch pins with no clock driven by root clock pin: load_buffer/dest_row_reg[1][1]/Q (HIGH)

 There are 7 register/latch pins with no clock driven by root clock pin: load_buffer/dest_row_reg[1][20]/Q (HIGH)

 There are 7 register/latch pins with no clock driven by root clock pin: load_buffer/dest_row_reg[1][21]/Q (HIGH)

 There are 7 register/latch pins with no clock driven by root clock pin: load_buffer/dest_row_reg[1][22]/Q (HIGH)

 There are 7 register/latch pins with no clock driven by root clock pin: load_buffer/dest_row_reg[1][23]/Q (HIGH)

 There are 7 register/latch pins with no clock driven by root clock pin: load_buffer/dest_row_reg[1][24]/Q (HIGH)

 There are 7 register/latch pins with no clock driven by root clock pin: load_buffer/dest_row_reg[1][25]/Q (HIGH)

 There are 7 register/latch pins with no clock driven by root clock pin: load_buffer/dest_row_reg[1][26]/Q (HIGH)

 There are 7 register/latch pins with no clock driven by root clock pin: load_buffer/dest_row_reg[1][27]/Q (HIGH)

 There are 7 register/latch pins with no clock driven by root clock pin: load_buffer/dest_row_reg[1][28]/Q (HIGH)

 There are 7 register/latch pins with no clock driven by root clock pin: load_buffer/dest_row_reg[1][29]/Q (HIGH)

 There are 7 register/latch pins with no clock driven by root clock pin: load_buffer/dest_row_reg[1][2]/Q (HIGH)

 There are 7 register/latch pins with no clock driven by root clock pin: load_buffer/dest_row_reg[1][30]/Q (HIGH)

 There are 7 register/latch pins with no clock driven by root clock pin: load_buffer/dest_row_reg[1][31]/Q (HIGH)

 There are 7 register/latch pins with no clock driven by root clock pin: load_buffer/dest_row_reg[1][3]/Q (HIGH)

 There are 7 register/latch pins with no clock driven by root clock pin: load_buffer/dest_row_reg[1][4]/Q (HIGH)

 There are 7 register/latch pins with no clock driven by root clock pin: load_buffer/dest_row_reg[1][5]/Q (HIGH)

 There are 7 register/latch pins with no clock driven by root clock pin: load_buffer/dest_row_reg[1][6]/Q (HIGH)

 There are 7 register/latch pins with no clock driven by root clock pin: load_buffer/dest_row_reg[1][7]/Q (HIGH)

 There are 7 register/latch pins with no clock driven by root clock pin: load_buffer/dest_row_reg[1][8]/Q (HIGH)

 There are 7 register/latch pins with no clock driven by root clock pin: load_buffer/dest_row_reg[1][9]/Q (HIGH)

 There are 7 register/latch pins with no clock driven by root clock pin: load_buffer/dest_row_reg[2][0]/Q (HIGH)

 There are 7 register/latch pins with no clock driven by root clock pin: load_buffer/dest_row_reg[2][10]/Q (HIGH)

 There are 7 register/latch pins with no clock driven by root clock pin: load_buffer/dest_row_reg[2][11]/Q (HIGH)

 There are 7 register/latch pins with no clock driven by root clock pin: load_buffer/dest_row_reg[2][12]/Q (HIGH)

 There are 7 register/latch pins with no clock driven by root clock pin: load_buffer/dest_row_reg[2][13]/Q (HIGH)

 There are 7 register/latch pins with no clock driven by root clock pin: load_buffer/dest_row_reg[2][14]/Q (HIGH)

 There are 7 register/latch pins with no clock driven by root clock pin: load_buffer/dest_row_reg[2][15]/Q (HIGH)

 There are 7 register/latch pins with no clock driven by root clock pin: load_buffer/dest_row_reg[2][16]/Q (HIGH)

 There are 7 register/latch pins with no clock driven by root clock pin: load_buffer/dest_row_reg[2][17]/Q (HIGH)

 There are 7 register/latch pins with no clock driven by root clock pin: load_buffer/dest_row_reg[2][18]/Q (HIGH)

 There are 7 register/latch pins with no clock driven by root clock pin: load_buffer/dest_row_reg[2][19]/Q (HIGH)

 There are 7 register/latch pins with no clock driven by root clock pin: load_buffer/dest_row_reg[2][1]/Q (HIGH)

 There are 7 register/latch pins with no clock driven by root clock pin: load_buffer/dest_row_reg[2][20]/Q (HIGH)

 There are 7 register/latch pins with no clock driven by root clock pin: load_buffer/dest_row_reg[2][21]/Q (HIGH)

 There are 7 register/latch pins with no clock driven by root clock pin: load_buffer/dest_row_reg[2][22]/Q (HIGH)

 There are 7 register/latch pins with no clock driven by root clock pin: load_buffer/dest_row_reg[2][23]/Q (HIGH)

 There are 7 register/latch pins with no clock driven by root clock pin: load_buffer/dest_row_reg[2][24]/Q (HIGH)

 There are 7 register/latch pins with no clock driven by root clock pin: load_buffer/dest_row_reg[2][25]/Q (HIGH)

 There are 7 register/latch pins with no clock driven by root clock pin: load_buffer/dest_row_reg[2][26]/Q (HIGH)

 There are 7 register/latch pins with no clock driven by root clock pin: load_buffer/dest_row_reg[2][27]/Q (HIGH)

 There are 7 register/latch pins with no clock driven by root clock pin: load_buffer/dest_row_reg[2][28]/Q (HIGH)

 There are 7 register/latch pins with no clock driven by root clock pin: load_buffer/dest_row_reg[2][29]/Q (HIGH)

 There are 7 register/latch pins with no clock driven by root clock pin: load_buffer/dest_row_reg[2][2]/Q (HIGH)

 There are 7 register/latch pins with no clock driven by root clock pin: load_buffer/dest_row_reg[2][30]/Q (HIGH)

 There are 7 register/latch pins with no clock driven by root clock pin: load_buffer/dest_row_reg[2][31]/Q (HIGH)

 There are 7 register/latch pins with no clock driven by root clock pin: load_buffer/dest_row_reg[2][3]/Q (HIGH)

 There are 7 register/latch pins with no clock driven by root clock pin: load_buffer/dest_row_reg[2][4]/Q (HIGH)

 There are 7 register/latch pins with no clock driven by root clock pin: load_buffer/dest_row_reg[2][5]/Q (HIGH)

 There are 7 register/latch pins with no clock driven by root clock pin: load_buffer/dest_row_reg[2][6]/Q (HIGH)

 There are 7 register/latch pins with no clock driven by root clock pin: load_buffer/dest_row_reg[2][7]/Q (HIGH)

 There are 7 register/latch pins with no clock driven by root clock pin: load_buffer/dest_row_reg[2][8]/Q (HIGH)

 There are 7 register/latch pins with no clock driven by root clock pin: load_buffer/dest_row_reg[2][9]/Q (HIGH)

 There are 7 register/latch pins with no clock driven by root clock pin: reorder_buffer/destination_buffer_reg[0][0]/Q (HIGH)

 There are 7 register/latch pins with no clock driven by root clock pin: reorder_buffer/destination_buffer_reg[0][1]/Q (HIGH)

 There are 7 register/latch pins with no clock driven by root clock pin: reorder_buffer/destination_buffer_reg[0][2]/Q (HIGH)

 There are 7 register/latch pins with no clock driven by root clock pin: reorder_buffer/destination_buffer_reg[0][3]/Q (HIGH)

 There are 7 register/latch pins with no clock driven by root clock pin: reorder_buffer/destination_buffer_reg[0][4]/Q (HIGH)

 There are 7 register/latch pins with no clock driven by root clock pin: reorder_buffer/destination_buffer_reg[0][5]/Q (HIGH)

 There are 7 register/latch pins with no clock driven by root clock pin: reorder_buffer/destination_buffer_reg[0][6]/Q (HIGH)

 There are 7 register/latch pins with no clock driven by root clock pin: reorder_buffer/destination_buffer_reg[0][7]/Q (HIGH)

 There are 7 register/latch pins with no clock driven by root clock pin: reorder_buffer/destination_buffer_reg[1][0]/Q (HIGH)

 There are 7 register/latch pins with no clock driven by root clock pin: reorder_buffer/destination_buffer_reg[1][1]/Q (HIGH)

 There are 7 register/latch pins with no clock driven by root clock pin: reorder_buffer/destination_buffer_reg[1][2]/Q (HIGH)

 There are 7 register/latch pins with no clock driven by root clock pin: reorder_buffer/destination_buffer_reg[1][3]/Q (HIGH)

 There are 7 register/latch pins with no clock driven by root clock pin: reorder_buffer/destination_buffer_reg[1][4]/Q (HIGH)

 There are 7 register/latch pins with no clock driven by root clock pin: reorder_buffer/destination_buffer_reg[1][5]/Q (HIGH)

 There are 7 register/latch pins with no clock driven by root clock pin: reorder_buffer/destination_buffer_reg[1][6]/Q (HIGH)

 There are 7 register/latch pins with no clock driven by root clock pin: reorder_buffer/destination_buffer_reg[1][7]/Q (HIGH)

 There are 7 register/latch pins with no clock driven by root clock pin: reorder_buffer/destination_buffer_reg[2][0]/Q (HIGH)

 There are 7 register/latch pins with no clock driven by root clock pin: reorder_buffer/destination_buffer_reg[2][1]/Q (HIGH)

 There are 7 register/latch pins with no clock driven by root clock pin: reorder_buffer/destination_buffer_reg[2][2]/Q (HIGH)

 There are 7 register/latch pins with no clock driven by root clock pin: reorder_buffer/destination_buffer_reg[2][3]/Q (HIGH)

 There are 7 register/latch pins with no clock driven by root clock pin: reorder_buffer/destination_buffer_reg[2][4]/Q (HIGH)

 There are 7 register/latch pins with no clock driven by root clock pin: reorder_buffer/destination_buffer_reg[2][5]/Q (HIGH)

 There are 7 register/latch pins with no clock driven by root clock pin: reorder_buffer/destination_buffer_reg[2][6]/Q (HIGH)

 There are 7 register/latch pins with no clock driven by root clock pin: reorder_buffer/destination_buffer_reg[2][7]/Q (HIGH)

 There are 7 register/latch pins with no clock driven by root clock pin: reorder_buffer/iType_buffer_reg[0][0]/Q (HIGH)

 There are 7 register/latch pins with no clock driven by root clock pin: reorder_buffer/iType_buffer_reg[0][1]/Q (HIGH)

 There are 7 register/latch pins with no clock driven by root clock pin: reorder_buffer/iType_buffer_reg[0][2]/Q (HIGH)

 There are 7 register/latch pins with no clock driven by root clock pin: reorder_buffer/iType_buffer_reg[0][3]/Q (HIGH)

 There are 7 register/latch pins with no clock driven by root clock pin: reorder_buffer/iType_buffer_reg[1][0]/Q (HIGH)

 There are 7 register/latch pins with no clock driven by root clock pin: reorder_buffer/iType_buffer_reg[1][1]/Q (HIGH)

 There are 7 register/latch pins with no clock driven by root clock pin: reorder_buffer/iType_buffer_reg[1][2]/Q (HIGH)

 There are 7 register/latch pins with no clock driven by root clock pin: reorder_buffer/iType_buffer_reg[1][3]/Q (HIGH)

 There are 7 register/latch pins with no clock driven by root clock pin: reorder_buffer/iType_buffer_reg[2][0]/Q (HIGH)

 There are 7 register/latch pins with no clock driven by root clock pin: reorder_buffer/iType_buffer_reg[2][1]/Q (HIGH)

 There are 7 register/latch pins with no clock driven by root clock pin: reorder_buffer/iType_buffer_reg[2][2]/Q (HIGH)

 There are 7 register/latch pins with no clock driven by root clock pin: reorder_buffer/iType_buffer_reg[2][3]/Q (HIGH)

 There are 7 register/latch pins with no clock driven by root clock pin: reorder_buffer/iType_buffer_reg[3][0]/Q (HIGH)

 There are 7 register/latch pins with no clock driven by root clock pin: reorder_buffer/iType_buffer_reg[3][1]/Q (HIGH)

 There are 7 register/latch pins with no clock driven by root clock pin: reorder_buffer/iType_buffer_reg[3][2]/Q (HIGH)

 There are 7 register/latch pins with no clock driven by root clock pin: reorder_buffer/iType_buffer_reg[3][3]/Q (HIGH)

 There are 7 register/latch pins with no clock driven by root clock pin: reorder_buffer/iType_buffer_reg[4][0]/Q (HIGH)

 There are 7 register/latch pins with no clock driven by root clock pin: reorder_buffer/iType_buffer_reg[4][1]/Q (HIGH)

 There are 7 register/latch pins with no clock driven by root clock pin: reorder_buffer/iType_buffer_reg[4][2]/Q (HIGH)

 There are 7 register/latch pins with no clock driven by root clock pin: reorder_buffer/iType_buffer_reg[4][3]/Q (HIGH)

 There are 7 register/latch pins with no clock driven by root clock pin: reorder_buffer/iType_buffer_reg[5][0]/Q (HIGH)

 There are 7 register/latch pins with no clock driven by root clock pin: reorder_buffer/iType_buffer_reg[5][1]/Q (HIGH)

 There are 7 register/latch pins with no clock driven by root clock pin: reorder_buffer/iType_buffer_reg[5][2]/Q (HIGH)

 There are 7 register/latch pins with no clock driven by root clock pin: reorder_buffer/iType_buffer_reg[5][3]/Q (HIGH)

 There are 7 register/latch pins with no clock driven by root clock pin: reorder_buffer/iType_buffer_reg[6][0]/Q (HIGH)

 There are 7 register/latch pins with no clock driven by root clock pin: reorder_buffer/iType_buffer_reg[6][1]/Q (HIGH)

 There are 7 register/latch pins with no clock driven by root clock pin: reorder_buffer/iType_buffer_reg[6][2]/Q (HIGH)

 There are 7 register/latch pins with no clock driven by root clock pin: reorder_buffer/iType_buffer_reg[6][3]/Q (HIGH)

 There are 7 register/latch pins with no clock driven by root clock pin: reorder_buffer/iType_buffer_reg[7][0]/Q (HIGH)

 There are 7 register/latch pins with no clock driven by root clock pin: reorder_buffer/iType_buffer_reg[7][1]/Q (HIGH)

 There are 7 register/latch pins with no clock driven by root clock pin: reorder_buffer/iType_buffer_reg[7][2]/Q (HIGH)

 There are 7 register/latch pins with no clock driven by root clock pin: reorder_buffer/iType_buffer_reg[7][3]/Q (HIGH)

 There are 7 register/latch pins with no clock driven by root clock pin: reorder_buffer/inst_ready_buffer_reg[0]/Q (HIGH)

 There are 7 register/latch pins with no clock driven by root clock pin: reorder_buffer/inst_ready_buffer_reg[1]/Q (HIGH)

 There are 7 register/latch pins with no clock driven by root clock pin: reorder_buffer/inst_ready_buffer_reg[2]/Q (HIGH)

 There are 7 register/latch pins with no clock driven by root clock pin: reorder_buffer/inst_ready_buffer_reg[3]/Q (HIGH)

 There are 7 register/latch pins with no clock driven by root clock pin: reorder_buffer/inst_ready_buffer_reg[4]/Q (HIGH)

 There are 7 register/latch pins with no clock driven by root clock pin: reorder_buffer/inst_ready_buffer_reg[5]/Q (HIGH)

 There are 7 register/latch pins with no clock driven by root clock pin: reorder_buffer/inst_ready_buffer_reg[6]/Q (HIGH)

 There are 7 register/latch pins with no clock driven by root clock pin: reorder_buffer/inst_ready_buffer_reg[7]/Q (HIGH)


2. checking constant_clock (0)
------------------------------
 There are 0 register/latch pins with constant_clock.


3. checking pulse_width_clock (0)
---------------------------------
 There are 0 register/latch pins which need pulse_width check


4. checking unconstrained_internal_endpoints (23)
-------------------------------------------------
 There are 15 pins that are not constrained for maximum delay. (HIGH)

 There are 8 pins that are not constrained for maximum delay due to constant clock. (MEDIUM)


5. checking no_input_delay (1)
------------------------------
 There is 1 input port with no input delay specified. (HIGH)

 There are 0 input ports with no input delay but user has a false path constraint.


6. checking no_output_delay (16)
--------------------------------
 There are 16 ports with no output delay specified. (HIGH)

 There are 0 ports with no output delay but user has a false path constraint

 There are 0 ports with no output delay but with a timing clock defined on it or propagating through it


7. checking multiple_clock (0)
------------------------------
 There are 0 register/latch pins with multiple clocks.


8. checking generated_clocks (0)
--------------------------------
 There are 0 generated clocks that are not connected to a clock source.


9. checking loops (1)
---------------------
 There is 1 combinational loop in the design. (HIGH)


10. checking partial_input_delay (0)
------------------------------------
 There are 0 input ports with partial input delay specified.


11. checking partial_output_delay (0)
-------------------------------------
 There are 0 ports with partial output delay specified.


12. checking latch_loops (0)
----------------------------
 There are 0 combinational latch loops in the design through latch input



------------------------------------------------------------------------------------------------
| Design Timing Summary
| ---------------------
------------------------------------------------------------------------------------------------

    WNS(ns)      TNS(ns)  TNS Failing Endpoints  TNS Total Endpoints      WHS(ns)      THS(ns)  THS Failing Endpoints  THS Total Endpoints     WPWS(ns)     TPWS(ns)  TPWS Failing Endpoints  TPWS Total Endpoints  
    -------      -------  ---------------------  -------------------      -------      -------  ---------------------  -------------------     --------     --------  ----------------------  --------------------  
     -0.540     -152.575                    668                 6945        0.073        0.000                      0                 6945        2.750        0.000                       0                  3200  


Timing constraints are not met.


------------------------------------------------------------------------------------------------
| Clock Summary
| -------------
------------------------------------------------------------------------------------------------

Clock  Waveform(ns)       Period(ns)      Frequency(MHz)
-----  ------------       ----------      --------------
gclk   {0.000 4.000}      10.000          100.000         


------------------------------------------------------------------------------------------------
| Intra Clock Table
| -----------------
------------------------------------------------------------------------------------------------

Clock             WNS(ns)      TNS(ns)  TNS Failing Endpoints  TNS Total Endpoints      WHS(ns)      THS(ns)  THS Failing Endpoints  THS Total Endpoints     WPWS(ns)     TPWS(ns)  TPWS Failing Endpoints  TPWS Total Endpoints  
-----             -------      -------  ---------------------  -------------------      -------      -------  ---------------------  -------------------     --------     --------  ----------------------  --------------------  
gclk               -0.540     -152.575                    668                 6945        0.073        0.000                      0                 6945        2.750        0.000                       0                  3200  


------------------------------------------------------------------------------------------------
| Inter Clock Table
| -----------------
------------------------------------------------------------------------------------------------

From Clock    To Clock          WNS(ns)      TNS(ns)  TNS Failing Endpoints  TNS Total Endpoints      WHS(ns)      THS(ns)  THS Failing Endpoints  THS Total Endpoints  
----------    --------          -------      -------  ---------------------  -------------------      -------      -------  ---------------------  -------------------  


------------------------------------------------------------------------------------------------
| Other Path Groups Table
| -----------------------
------------------------------------------------------------------------------------------------

Path Group    From Clock    To Clock          WNS(ns)      TNS(ns)  TNS Failing Endpoints  TNS Total Endpoints      WHS(ns)      THS(ns)  THS Failing Endpoints  THS Total Endpoints  
----------    ----------    --------          -------      -------  ---------------------  -------------------      -------      -------  ---------------------  -------------------  


------------------------------------------------------------------------------------------------
| Timing Details
| --------------
------------------------------------------------------------------------------------------------


---------------------------------------------------------------------------------------------------
From Clock:  gclk
  To Clock:  gclk

Setup :          668  Failing Endpoints,  Worst Slack       -0.540ns,  Total Violation     -152.575ns
Hold  :            0  Failing Endpoints,  Worst Slack        0.073ns,  Total Violation        0.000ns
PW    :            0  Failing Endpoints,  Worst Slack        2.750ns,  Total Violation        0.000ns
---------------------------------------------------------------------------------------------------


Max Delay Paths
--------------------------------------------------------------------------------------
Slack (VIOLATED) :        -0.540ns  (required time - arrival time)
  Source:                 inst_queue/read_counter_reg[0]/C
                            (rising edge-triggered cell FDRE clocked by gclk  {rise@0.000ns fall@4.000ns period=10.000ns})
  Destination:            reorder_buffer/value_buffer_reg[0][0]/S
                            (rising edge-triggered cell FDSE clocked by gclk  {rise@0.000ns fall@4.000ns period=10.000ns})
  Path Group:             gclk
  Path Type:              Setup (Max at Slow Process Corner)
  Requirement:            10.000ns  (gclk rise@10.000ns - gclk rise@0.000ns)
  Data Path Delay:        9.927ns  (logic 2.142ns (21.578%)  route 7.785ns (78.422%))
  Logic Levels:           10  (LDPE=1 LUT2=1 LUT4=3 LUT6=4 RAMD32=1)
  Clock Path Skew:        -0.145ns (DCD - SCD + CPR)
    Destination Clock Delay (DCD):    2.660ns = ( 12.660 - 10.000 ) 
    Source Clock Delay      (SCD):    2.920ns
    Clock Pessimism Removal (CPR):    0.115ns
  Clock Uncertainty:      0.035ns  ((TSJ^2 + TIJ^2)^1/2 + DJ) / 2 + PE
    Total System Jitter     (TSJ):    0.071ns
    Total Input Jitter      (TIJ):    0.000ns
    Discrete Jitter          (DJ):    0.000ns
    Phase Error              (PE):    0.000ns

    Location             Delay type                Incr(ns)  Path(ns)    Netlist Resource(s)
  -------------------------------------------------------------------    -------------------
                         (clock gclk rise edge)       0.000     0.000 r  
    N15                                               0.000     0.000 r  clk_100mhz (IN)
                         net (fo=0)                   0.000     0.000    clk_100mhz
    N15                  IBUF (Prop_ibuf_I_O)         1.440     1.440 r  clk_100mhz_IBUF_inst/O
                         net (fo=1, unplaced)         0.800     2.240    clk_100mhz_IBUF
                         BUFG (Prop_bufg_I_O)         0.096     2.336 r  clk_100mhz_IBUF_BUFG_inst/O
                         net (fo=3200, unplaced)      0.584     2.920    inst_queue/clk_100mhz_IBUF_BUFG
                         FDRE                                         r  inst_queue/read_counter_reg[0]/C
  -------------------------------------------------------------------    -------------------
                         FDRE (Prop_fdre_C_Q)         0.456     3.376 r  inst_queue/read_counter_reg[0]/Q
                         net (fo=34, unplaced)        1.038     4.414    inst_queue/instruction_queue_reg_0_3_24_29/ADDRB0
                         RAMD32 (Prop_ramd32_RADR0_O)
                                                      0.295     4.709 f  inst_queue/instruction_queue_reg_0_3_24_29/RAMB_D1/O
                         net (fo=7, unplaced)         1.146     5.855    inst_queue/iq_instruction_out[27]
                         LUT6 (Prop_lut6_I1_O)        0.124     5.979 r  inst_queue/aluFunc_out_reg[0]_i_8/O
                         net (fo=2, unplaced)         0.460     6.439    inst_queue/aluFunc_out_reg[0]_i_8_n_0
                         LUT2 (Prop_lut2_I0_O)        0.124     6.563 r  inst_queue/iType_out_reg[3]_i_3/O
                         net (fo=5, unplaced)         0.477     7.040    inst_queue/iType_out_reg[3]_i_3_n_0
                         LUT6 (Prop_lut6_I1_O)        0.124     7.164 r  inst_queue/iType_out_reg[0]_i_3/O
                         net (fo=1, unplaced)         0.449     7.613    inst_queue/iType_out_reg[0]_i_3_n_0
                         LUT4 (Prop_lut4_I3_O)        0.124     7.737 r  inst_queue/iType_out_reg[0]_i_1/O
                         net (fo=1, unplaced)         0.000     7.737    decoder/D[0]
                         LDPE (DToQ_ldpe_D_Q)         0.373     8.110 r  decoder/iType_out_reg[0]/Q
                         net (fo=26, unplaced)        0.968     9.078    decoder/Q[0]
                         LUT4 (Prop_lut4_I1_O)        0.150     9.228 f  decoder/rob_ix_row_reg_0_3_0_2_i_6/O
                         net (fo=7, unplaced)         0.937    10.165    rs_store/Q_j_row_reg[2][0]_1
                         LUT6 (Prop_lut6_I5_O)        0.124    10.289 f  rs_store/read_counter[0]_i_10/O
                         net (fo=7, unplaced)         0.937    11.226    reorder_buffer/tail_reg[0]_1
                         LUT4 (Prop_lut4_I1_O)        0.124    11.350 f  reorder_buffer/iType_buffer[7][3]_i_2/O
                         net (fo=41, unplaced)        0.526    11.876    reorder_buffer/iType_buffer[7][3]_i_2_n_0
                         LUT6 (Prop_lut6_I2_O)        0.124    12.000 r  reorder_buffer/value_buffer[0][31]_i_1/O
                         net (fo=32, unplaced)        0.847    12.847    reorder_buffer/value_buffer[0][31]_i_1_n_0
                         FDSE                                         r  reorder_buffer/value_buffer_reg[0][0]/S
  -------------------------------------------------------------------    -------------------

                         (clock gclk rise edge)      10.000    10.000 r  
    N15                                               0.000    10.000 r  clk_100mhz (IN)
                         net (fo=0)                   0.000    10.000    clk_100mhz
    N15                  IBUF (Prop_ibuf_I_O)         1.370    11.370 r  clk_100mhz_IBUF_inst/O
                         net (fo=1, unplaced)         0.760    12.130    clk_100mhz_IBUF
                         BUFG (Prop_bufg_I_O)         0.091    12.221 r  clk_100mhz_IBUF_BUFG_inst/O
                         net (fo=3200, unplaced)      0.439    12.660    reorder_buffer/clk_100mhz_IBUF_BUFG
                         FDSE                                         r  reorder_buffer/value_buffer_reg[0][0]/C
                         clock pessimism              0.115    12.775    
                         clock uncertainty           -0.035    12.740    
                         FDSE (Setup_fdse_C_S)       -0.433    12.307    reorder_buffer/value_buffer_reg[0][0]
  -------------------------------------------------------------------
                         required time                         12.307    
                         arrival time                         -12.847    
  -------------------------------------------------------------------
                         slack                                 -0.540    





Min Delay Paths
--------------------------------------------------------------------------------------
Slack (MET) :             0.073ns  (arrival time - required time)
  Source:                 fu_mul/p0_reg[0]__0/C
                            (rising edge-triggered cell FDRE clocked by gclk  {rise@0.000ns fall@4.000ns period=10.000ns})
  Destination:            fu_mul/p2_reg[0]_srl2___fu_mul_p2_reg_r/D
                            (rising edge-triggered cell SRL16E clocked by gclk  {rise@0.000ns fall@4.000ns period=10.000ns})
  Path Group:             gclk
  Path Type:              Hold (Min at Fast Process Corner)
  Requirement:            0.000ns  (gclk rise@0.000ns - gclk rise@0.000ns)
  Data Path Delay:        0.282ns  (logic 0.141ns (50.038%)  route 0.141ns (49.962%))
  Logic Levels:           0  
  Clock Path Skew:        0.145ns (DCD - SCD - CPR)
    Destination Clock Delay (DCD):    1.039ns
    Source Clock Delay      (SCD):    0.686ns
    Clock Pessimism Removal (CPR):    0.208ns

    Location             Delay type                Incr(ns)  Path(ns)    Netlist Resource(s)
  -------------------------------------------------------------------    -------------------
                         (clock gclk rise edge)       0.000     0.000 r  
    N15                                               0.000     0.000 r  clk_100mhz (IN)
                         net (fo=0)                   0.000     0.000    clk_100mhz
    N15                  IBUF (Prop_ibuf_I_O)         0.209     0.209 r  clk_100mhz_IBUF_inst/O
                         net (fo=1, unplaced)         0.337     0.546    clk_100mhz_IBUF
                         BUFG (Prop_bufg_I_O)         0.026     0.572 r  clk_100mhz_IBUF_BUFG_inst/O
                         net (fo=3200, unplaced)      0.114     0.686    fu_mul/clk_100mhz_IBUF_BUFG
                         FDRE                                         r  fu_mul/p0_reg[0]__0/C
  -------------------------------------------------------------------    -------------------
                         FDRE (Prop_fdre_C_Q)         0.141     0.827 r  fu_mul/p0_reg[0]__0/Q
                         net (fo=1, unplaced)         0.141     0.967    fu_mul/p0_reg[0]__0_n_0
                         SRL16E                                       r  fu_mul/p2_reg[0]_srl2___fu_mul_p2_reg_r/D
  -------------------------------------------------------------------    -------------------

                         (clock gclk rise edge)       0.000     0.000 r  
    N15                                               0.000     0.000 r  clk_100mhz (IN)
                         net (fo=0)                   0.000     0.000    clk_100mhz
    N15                  IBUF (Prop_ibuf_I_O)         0.396     0.396 r  clk_100mhz_IBUF_inst/O
                         net (fo=1, unplaced)         0.355     0.751    clk_100mhz_IBUF
                         BUFG (Prop_bufg_I_O)         0.029     0.780 r  clk_100mhz_IBUF_BUFG_inst/O
                         net (fo=3200, unplaced)      0.259     1.039    fu_mul/clk_100mhz_IBUF_BUFG
                         SRL16E                                       r  fu_mul/p2_reg[0]_srl2___fu_mul_p2_reg_r/CLK
                         clock pessimism             -0.208     0.831    
                         SRL16E (Hold_srl16e_CLK_D)
                                                      0.064     0.895    fu_mul/p2_reg[0]_srl2___fu_mul_p2_reg_r
  -------------------------------------------------------------------
                         required time                         -0.895    
                         arrival time                           0.967    
  -------------------------------------------------------------------
                         slack                                  0.073    





Pulse Width Checks
--------------------------------------------------------------------------------------
Clock Name:         gclk
Waveform(ns):       { 0.000 4.000 }
Period(ns):         10.000
Sources:            { clk_100mhz }

Check Type        Corner  Lib Pin      Reference Pin  Required(ns)  Actual(ns)  Slack(ns)  Location  Pin
Min Period        n/a     DSP48E1/CLK  n/a            3.884         10.000      6.116                fu_mul/p00/CLK
Low Pulse Width   Slow    RAMS32/CLK   n/a            1.250         6.000       4.750                data_mem/data_mem/BRAM_reg_0_15_0_0/SP/CLK
High Pulse Width  Slow    RAMS32/CLK   n/a            1.250         4.000       2.750                data_mem/data_mem/BRAM_reg_0_15_0_0/SP/CLK



