Copyright 1986-2022 Xilinx, Inc. All Rights Reserved. Copyright 2022-2023 Advanced Micro Devices, Inc. All Rights Reserved.
---------------------------------------------------------------------------------------------------------------------------------------------
| Tool Version : Vivado v.2023.1 (win64) Build 3865809 Sun May  7 15:05:29 MDT 2023
| Date         : Tue Dec 12 22:14:21 2023
| Host         : 4SXLN73 running 64-bit major release  (build 9200)
| Command      : report_timing_summary -file obj/post_place_timing_summary.rpt
| Design       : top_level
| Device       : 7s50-csga324
| Speed File   : -1  PRODUCTION 1.23 2018-06-13
| Design State : Fully Placed
---------------------------------------------------------------------------------------------------------------------------------------------

Timing Summary Report

------------------------------------------------------------------------------------------------
| Timer Settings
| --------------
------------------------------------------------------------------------------------------------

  Enable Multi Corner Analysis               :  Yes
  Enable Pessimism Removal                   :  Yes
  Pessimism Removal Resolution               :  Nearest Common Node
  Enable Input Delay Default Clock           :  No
  Enable Preset / Clear Arcs                 :  No
  Disable Flight Delays                      :  No
  Ignore I/O Paths                           :  No
  Timing Early Launch at Borrowing Latches   :  No
  Borrow Time for Max Delay Exceptions       :  Yes
  Merge Timing Exceptions                    :  Yes

  Corner  Analyze    Analyze    
  Name    Max Paths  Min Paths  
  ------  ---------  ---------  
  Slow    Yes        Yes        
  Fast    Yes        Yes        


------------------------------------------------------------------------------------------------
| Report Methodology
| ------------------
------------------------------------------------------------------------------------------------

No report available as report_methodology has not been run prior. Run report_methodology on the current design for the summary of methodology violations.



check_timing report

Table of Contents
-----------------
1. checking no_clock (1128)
2. checking constant_clock (0)
3. checking pulse_width_clock (0)
4. checking unconstrained_internal_endpoints (23)
5. checking no_input_delay (1)
6. checking no_output_delay (16)
7. checking multiple_clock (0)
8. checking generated_clocks (0)
9. checking loops (1)
10. checking partial_input_delay (0)
11. checking partial_output_delay (0)
12. checking latch_loops (0)

1. checking no_clock (1128)
---------------------------
 There are 4 register/latch pins with no clock driven by root clock pin: inst_queue/read_counter_reg[0]/Q (HIGH)

 There are 4 register/latch pins with no clock driven by root clock pin: inst_queue/read_counter_reg[1]/Q (HIGH)

 There are 7 register/latch pins with no clock driven by root clock pin: load_buffer/dest_row_reg[0][0]/Q (HIGH)

 There are 7 register/latch pins with no clock driven by root clock pin: load_buffer/dest_row_reg[0][10]/Q (HIGH)

 There are 7 register/latch pins with no clock driven by root clock pin: load_buffer/dest_row_reg[0][11]/Q (HIGH)

 There are 7 register/latch pins with no clock driven by root clock pin: load_buffer/dest_row_reg[0][12]/Q (HIGH)

 There are 7 register/latch pins with no clock driven by root clock pin: load_buffer/dest_row_reg[0][13]/Q (HIGH)

 There are 7 register/latch pins with no clock driven by root clock pin: load_buffer/dest_row_reg[0][14]/Q (HIGH)

 There are 7 register/latch pins with no clock driven by root clock pin: load_buffer/dest_row_reg[0][15]/Q (HIGH)

 There are 7 register/latch pins with no clock driven by root clock pin: load_buffer/dest_row_reg[0][16]/Q (HIGH)

 There are 7 register/latch pins with no clock driven by root clock pin: load_buffer/dest_row_reg[0][17]/Q (HIGH)

 There are 7 register/latch pins with no clock driven by root clock pin: load_buffer/dest_row_reg[0][18]/Q (HIGH)

 There are 7 register/latch pins with no clock driven by root clock pin: load_buffer/dest_row_reg[0][19]/Q (HIGH)

 There are 7 register/latch pins with no clock driven by root clock pin: load_buffer/dest_row_reg[0][1]/Q (HIGH)

 There are 7 register/latch pins with no clock driven by root clock pin: load_buffer/dest_row_reg[0][20]/Q (HIGH)

 There are 7 register/latch pins with no clock driven by root clock pin: load_buffer/dest_row_reg[0][21]/Q (HIGH)

 There are 7 register/latch pins with no clock driven by root clock pin: load_buffer/dest_row_reg[0][22]/Q (HIGH)

 There are 7 register/latch pins with no clock driven by root clock pin: load_buffer/dest_row_reg[0][23]/Q (HIGH)

 There are 7 register/latch pins with no clock driven by root clock pin: load_buffer/dest_row_reg[0][24]/Q (HIGH)

 There are 7 register/latch pins with no clock driven by root clock pin: load_buffer/dest_row_reg[0][25]/Q (HIGH)

 There are 7 register/latch pins with no clock driven by root clock pin: load_buffer/dest_row_reg[0][26]/Q (HIGH)

 There are 7 register/latch pins with no clock driven by root clock pin: load_buffer/dest_row_reg[0][27]/Q (HIGH)

 There are 7 register/latch pins with no clock driven by root clock pin: load_buffer/dest_row_reg[0][28]/Q (HIGH)

 There are 7 register/latch pins with no clock driven by root clock pin: load_buffer/dest_row_reg[0][29]/Q (HIGH)

 There are 7 register/latch pins with no clock driven by root clock pin: load_buffer/dest_row_reg[0][2]/Q (HIGH)

 There are 7 register/latch pins with no clock driven by root clock pin: load_buffer/dest_row_reg[0][30]/Q (HIGH)

 There are 7 register/latch pins with no clock driven by root clock pin: load_buffer/dest_row_reg[0][31]/Q (HIGH)

 There are 7 register/latch pins with no clock driven by root clock pin: load_buffer/dest_row_reg[0][3]/Q (HIGH)

 There are 7 register/latch pins with no clock driven by root clock pin: load_buffer/dest_row_reg[0][4]/Q (HIGH)

 There are 7 register/latch pins with no clock driven by root clock pin: load_buffer/dest_row_reg[0][5]/Q (HIGH)

 There are 7 register/latch pins with no clock driven by root clock pin: load_buffer/dest_row_reg[0][6]/Q (HIGH)

 There are 7 register/latch pins with no clock driven by root clock pin: load_buffer/dest_row_reg[0][7]/Q (HIGH)

 There are 7 register/latch pins with no clock driven by root clock pin: load_buffer/dest_row_reg[0][8]/Q (HIGH)

 There are 7 register/latch pins with no clock driven by root clock pin: load_buffer/dest_row_reg[0][9]/Q (HIGH)

 There are 7 register/latch pins with no clock driven by root clock pin: load_buffer/dest_row_reg[1][0]/Q (HIGH)

 There are 7 register/latch pins with no clock driven by root clock pin: load_buffer/dest_row_reg[1][10]/Q (HIGH)

 There are 7 register/latch pins with no clock driven by root clock pin: load_buffer/dest_row_reg[1][11]/Q (HIGH)

 There are 7 register/latch pins with no clock driven by root clock pin: load_buffer/dest_row_reg[1][12]/Q (HIGH)

 There are 7 register/latch pins with no clock driven by root clock pin: load_buffer/dest_row_reg[1][13]/Q (HIGH)

 There are 7 register/latch pins with no clock driven by root clock pin: load_buffer/dest_row_reg[1][14]/Q (HIGH)

 There are 7 register/latch pins with no clock driven by root clock pin: load_buffer/dest_row_reg[1][15]/Q (HIGH)

 There are 7 register/latch pins with no clock driven by root clock pin: load_buffer/dest_row_reg[1][16]/Q (HIGH)

 There are 7 register/latch pins with no clock driven by root clock pin: load_buffer/dest_row_reg[1][17]/Q (HIGH)

 There are 7 register/latch pins with no clock driven by root clock pin: load_buffer/dest_row_reg[1][18]/Q (HIGH)

 There are 7 register/latch pins with no clock driven by root clock pin: load_buffer/dest_row_reg[1][19]/Q (HIGH)

 There are 7 register/latch pins with no clock driven by root clock pin: load_buffer/dest_row_reg[1][1]/Q (HIGH)

 There are 7 register/latch pins with no clock driven by root clock pin: load_buffer/dest_row_reg[1][20]/Q (HIGH)

 There are 7 register/latch pins with no clock driven by root clock pin: load_buffer/dest_row_reg[1][21]/Q (HIGH)

 There are 7 register/latch pins with no clock driven by root clock pin: load_buffer/dest_row_reg[1][22]/Q (HIGH)

 There are 7 register/latch pins with no clock driven by root clock pin: load_buffer/dest_row_reg[1][23]/Q (HIGH)

 There are 7 register/latch pins with no clock driven by root clock pin: load_buffer/dest_row_reg[1][24]/Q (HIGH)

 There are 7 register/latch pins with no clock driven by root clock pin: load_buffer/dest_row_reg[1][25]/Q (HIGH)

 There are 7 register/latch pins with no clock driven by root clock pin: load_buffer/dest_row_reg[1][26]/Q (HIGH)

 There are 7 register/latch pins with no clock driven by root clock pin: load_buffer/dest_row_reg[1][27]/Q (HIGH)

 There are 7 register/latch pins with no clock driven by root clock pin: load_buffer/dest_row_reg[1][28]/Q (HIGH)

 There are 7 register/latch pins with no clock driven by root clock pin: load_buffer/dest_row_reg[1][29]/Q (HIGH)

 There are 7 register/latch pins with no clock driven by root clock pin: load_buffer/dest_row_reg[1][2]/Q (HIGH)

 There are 7 register/latch pins with no clock driven by root clock pin: load_buffer/dest_row_reg[1][30]/Q (HIGH)

 There are 7 register/latch pins with no clock driven by root clock pin: load_buffer/dest_row_reg[1][31]/Q (HIGH)

 There are 7 register/latch pins with no clock driven by root clock pin: load_buffer/dest_row_reg[1][3]/Q (HIGH)

 There are 7 register/latch pins with no clock driven by root clock pin: load_buffer/dest_row_reg[1][4]/Q (HIGH)

 There are 7 register/latch pins with no clock driven by root clock pin: load_buffer/dest_row_reg[1][5]/Q (HIGH)

 There are 7 register/latch pins with no clock driven by root clock pin: load_buffer/dest_row_reg[1][6]/Q (HIGH)

 There are 7 register/latch pins with no clock driven by root clock pin: load_buffer/dest_row_reg[1][7]/Q (HIGH)

 There are 7 register/latch pins with no clock driven by root clock pin: load_buffer/dest_row_reg[1][8]/Q (HIGH)

 There are 7 register/latch pins with no clock driven by root clock pin: load_buffer/dest_row_reg[1][9]/Q (HIGH)

 There are 7 register/latch pins with no clock driven by root clock pin: load_buffer/dest_row_reg[2][0]/Q (HIGH)

 There are 7 register/latch pins with no clock driven by root clock pin: load_buffer/dest_row_reg[2][10]/Q (HIGH)

 There are 7 register/latch pins with no clock driven by root clock pin: load_buffer/dest_row_reg[2][11]/Q (HIGH)

 There are 7 register/latch pins with no clock driven by root clock pin: load_buffer/dest_row_reg[2][12]/Q (HIGH)

 There are 7 register/latch pins with no clock driven by root clock pin: load_buffer/dest_row_reg[2][13]/Q (HIGH)

 There are 7 register/latch pins with no clock driven by root clock pin: load_buffer/dest_row_reg[2][14]/Q (HIGH)

 There are 7 register/latch pins with no clock driven by root clock pin: load_buffer/dest_row_reg[2][15]/Q (HIGH)

 There are 7 register/latch pins with no clock driven by root clock pin: load_buffer/dest_row_reg[2][16]/Q (HIGH)

 There are 7 register/latch pins with no clock driven by root clock pin: load_buffer/dest_row_reg[2][17]/Q (HIGH)

 There are 7 register/latch pins with no clock driven by root clock pin: load_buffer/dest_row_reg[2][18]/Q (HIGH)

 There are 7 register/latch pins with no clock driven by root clock pin: load_buffer/dest_row_reg[2][19]/Q (HIGH)

 There are 7 register/latch pins with no clock driven by root clock pin: load_buffer/dest_row_reg[2][1]/Q (HIGH)

 There are 7 register/latch pins with no clock driven by root clock pin: load_buffer/dest_row_reg[2][20]/Q (HIGH)

 There are 7 register/latch pins with no clock driven by root clock pin: load_buffer/dest_row_reg[2][21]/Q (HIGH)

 There are 7 register/latch pins with no clock driven by root clock pin: load_buffer/dest_row_reg[2][22]/Q (HIGH)

 There are 7 register/latch pins with no clock driven by root clock pin: load_buffer/dest_row_reg[2][23]/Q (HIGH)

 There are 7 register/latch pins with no clock driven by root clock pin: load_buffer/dest_row_reg[2][24]/Q (HIGH)

 There are 7 register/latch pins with no clock driven by root clock pin: load_buffer/dest_row_reg[2][25]/Q (HIGH)

 There are 7 register/latch pins with no clock driven by root clock pin: load_buffer/dest_row_reg[2][26]/Q (HIGH)

 There are 7 register/latch pins with no clock driven by root clock pin: load_buffer/dest_row_reg[2][27]/Q (HIGH)

 There are 7 register/latch pins with no clock driven by root clock pin: load_buffer/dest_row_reg[2][28]/Q (HIGH)

 There are 7 register/latch pins with no clock driven by root clock pin: load_buffer/dest_row_reg[2][29]/Q (HIGH)

 There are 7 register/latch pins with no clock driven by root clock pin: load_buffer/dest_row_reg[2][2]/Q (HIGH)

 There are 7 register/latch pins with no clock driven by root clock pin: load_buffer/dest_row_reg[2][30]/Q (HIGH)

 There are 7 register/latch pins with no clock driven by root clock pin: load_buffer/dest_row_reg[2][31]/Q (HIGH)

 There are 7 register/latch pins with no clock driven by root clock pin: load_buffer/dest_row_reg[2][3]/Q (HIGH)

 There are 7 register/latch pins with no clock driven by root clock pin: load_buffer/dest_row_reg[2][4]/Q (HIGH)

 There are 7 register/latch pins with no clock driven by root clock pin: load_buffer/dest_row_reg[2][5]/Q (HIGH)

 There are 7 register/latch pins with no clock driven by root clock pin: load_buffer/dest_row_reg[2][6]/Q (HIGH)

 There are 7 register/latch pins with no clock driven by root clock pin: load_buffer/dest_row_reg[2][7]/Q (HIGH)

 There are 7 register/latch pins with no clock driven by root clock pin: load_buffer/dest_row_reg[2][8]/Q (HIGH)

 There are 7 register/latch pins with no clock driven by root clock pin: load_buffer/dest_row_reg[2][9]/Q (HIGH)

 There are 7 register/latch pins with no clock driven by root clock pin: reorder_buffer/destination_buffer_reg[0][0]/Q (HIGH)

 There are 7 register/latch pins with no clock driven by root clock pin: reorder_buffer/destination_buffer_reg[0][1]/Q (HIGH)

 There are 7 register/latch pins with no clock driven by root clock pin: reorder_buffer/destination_buffer_reg[0][2]/Q (HIGH)

 There are 7 register/latch pins with no clock driven by root clock pin: reorder_buffer/destination_buffer_reg[0][3]/Q (HIGH)

 There are 7 register/latch pins with no clock driven by root clock pin: reorder_buffer/destination_buffer_reg[0][4]/Q (HIGH)

 There are 7 register/latch pins with no clock driven by root clock pin: reorder_buffer/destination_buffer_reg[0][5]/Q (HIGH)

 There are 7 register/latch pins with no clock driven by root clock pin: reorder_buffer/destination_buffer_reg[0][6]/Q (HIGH)

 There are 7 register/latch pins with no clock driven by root clock pin: reorder_buffer/destination_buffer_reg[0][7]/Q (HIGH)

 There are 7 register/latch pins with no clock driven by root clock pin: reorder_buffer/destination_buffer_reg[1][0]/Q (HIGH)

 There are 7 register/latch pins with no clock driven by root clock pin: reorder_buffer/destination_buffer_reg[1][1]/Q (HIGH)

 There are 7 register/latch pins with no clock driven by root clock pin: reorder_buffer/destination_buffer_reg[1][2]/Q (HIGH)

 There are 7 register/latch pins with no clock driven by root clock pin: reorder_buffer/destination_buffer_reg[1][3]/Q (HIGH)

 There are 7 register/latch pins with no clock driven by root clock pin: reorder_buffer/destination_buffer_reg[1][4]/Q (HIGH)

 There are 7 register/latch pins with no clock driven by root clock pin: reorder_buffer/destination_buffer_reg[1][5]/Q (HIGH)

 There are 7 register/latch pins with no clock driven by root clock pin: reorder_buffer/destination_buffer_reg[1][6]/Q (HIGH)

 There are 7 register/latch pins with no clock driven by root clock pin: reorder_buffer/destination_buffer_reg[1][7]/Q (HIGH)

 There are 7 register/latch pins with no clock driven by root clock pin: reorder_buffer/destination_buffer_reg[2][0]/Q (HIGH)

 There are 7 register/latch pins with no clock driven by root clock pin: reorder_buffer/destination_buffer_reg[2][1]/Q (HIGH)

 There are 7 register/latch pins with no clock driven by root clock pin: reorder_buffer/destination_buffer_reg[2][2]/Q (HIGH)

 There are 7 register/latch pins with no clock driven by root clock pin: reorder_buffer/destination_buffer_reg[2][3]/Q (HIGH)

 There are 7 register/latch pins with no clock driven by root clock pin: reorder_buffer/destination_buffer_reg[2][4]/Q (HIGH)

 There are 7 register/latch pins with no clock driven by root clock pin: reorder_buffer/destination_buffer_reg[2][5]/Q (HIGH)

 There are 7 register/latch pins with no clock driven by root clock pin: reorder_buffer/destination_buffer_reg[2][6]/Q (HIGH)

 There are 7 register/latch pins with no clock driven by root clock pin: reorder_buffer/destination_buffer_reg[2][7]/Q (HIGH)

 There are 7 register/latch pins with no clock driven by root clock pin: reorder_buffer/iType_buffer_reg[0][0]/Q (HIGH)

 There are 7 register/latch pins with no clock driven by root clock pin: reorder_buffer/iType_buffer_reg[0][1]/Q (HIGH)

 There are 7 register/latch pins with no clock driven by root clock pin: reorder_buffer/iType_buffer_reg[0][2]/Q (HIGH)

 There are 7 register/latch pins with no clock driven by root clock pin: reorder_buffer/iType_buffer_reg[0][3]/Q (HIGH)

 There are 7 register/latch pins with no clock driven by root clock pin: reorder_buffer/iType_buffer_reg[1][0]/Q (HIGH)

 There are 7 register/latch pins with no clock driven by root clock pin: reorder_buffer/iType_buffer_reg[1][1]/Q (HIGH)

 There are 7 register/latch pins with no clock driven by root clock pin: reorder_buffer/iType_buffer_reg[1][2]/Q (HIGH)

 There are 7 register/latch pins with no clock driven by root clock pin: reorder_buffer/iType_buffer_reg[1][3]/Q (HIGH)

 There are 7 register/latch pins with no clock driven by root clock pin: reorder_buffer/iType_buffer_reg[2][0]/Q (HIGH)

 There are 7 register/latch pins with no clock driven by root clock pin: reorder_buffer/iType_buffer_reg[2][1]/Q (HIGH)

 There are 7 register/latch pins with no clock driven by root clock pin: reorder_buffer/iType_buffer_reg[2][2]/Q (HIGH)

 There are 7 register/latch pins with no clock driven by root clock pin: reorder_buffer/iType_buffer_reg[2][3]/Q (HIGH)

 There are 7 register/latch pins with no clock driven by root clock pin: reorder_buffer/iType_buffer_reg[3][0]/Q (HIGH)

 There are 7 register/latch pins with no clock driven by root clock pin: reorder_buffer/iType_buffer_reg[3][1]/Q (HIGH)

 There are 7 register/latch pins with no clock driven by root clock pin: reorder_buffer/iType_buffer_reg[3][2]/Q (HIGH)

 There are 7 register/latch pins with no clock driven by root clock pin: reorder_buffer/iType_buffer_reg[3][3]/Q (HIGH)

 There are 7 register/latch pins with no clock driven by root clock pin: reorder_buffer/iType_buffer_reg[4][0]/Q (HIGH)

 There are 7 register/latch pins with no clock driven by root clock pin: reorder_buffer/iType_buffer_reg[4][1]/Q (HIGH)

 There are 7 register/latch pins with no clock driven by root clock pin: reorder_buffer/iType_buffer_reg[4][2]/Q (HIGH)

 There are 7 register/latch pins with no clock driven by root clock pin: reorder_buffer/iType_buffer_reg[4][3]/Q (HIGH)

 There are 7 register/latch pins with no clock driven by root clock pin: reorder_buffer/iType_buffer_reg[5][0]/Q (HIGH)

 There are 7 register/latch pins with no clock driven by root clock pin: reorder_buffer/iType_buffer_reg[5][1]/Q (HIGH)

 There are 7 register/latch pins with no clock driven by root clock pin: reorder_buffer/iType_buffer_reg[5][2]/Q (HIGH)

 There are 7 register/latch pins with no clock driven by root clock pin: reorder_buffer/iType_buffer_reg[5][3]/Q (HIGH)

 There are 7 register/latch pins with no clock driven by root clock pin: reorder_buffer/iType_buffer_reg[6][0]/Q (HIGH)

 There are 7 register/latch pins with no clock driven by root clock pin: reorder_buffer/iType_buffer_reg[6][1]/Q (HIGH)

 There are 7 register/latch pins with no clock driven by root clock pin: reorder_buffer/iType_buffer_reg[6][2]/Q (HIGH)

 There are 7 register/latch pins with no clock driven by root clock pin: reorder_buffer/iType_buffer_reg[6][3]/Q (HIGH)

 There are 7 register/latch pins with no clock driven by root clock pin: reorder_buffer/iType_buffer_reg[7][0]/Q (HIGH)

 There are 7 register/latch pins with no clock driven by root clock pin: reorder_buffer/iType_buffer_reg[7][1]/Q (HIGH)

 There are 7 register/latch pins with no clock driven by root clock pin: reorder_buffer/iType_buffer_reg[7][2]/Q (HIGH)

 There are 7 register/latch pins with no clock driven by root clock pin: reorder_buffer/iType_buffer_reg[7][3]/Q (HIGH)

 There are 7 register/latch pins with no clock driven by root clock pin: reorder_buffer/inst_ready_buffer_reg[0]/Q (HIGH)

 There are 7 register/latch pins with no clock driven by root clock pin: reorder_buffer/inst_ready_buffer_reg[1]/Q (HIGH)

 There are 7 register/latch pins with no clock driven by root clock pin: reorder_buffer/inst_ready_buffer_reg[2]/Q (HIGH)

 There are 7 register/latch pins with no clock driven by root clock pin: reorder_buffer/inst_ready_buffer_reg[3]/Q (HIGH)

 There are 7 register/latch pins with no clock driven by root clock pin: reorder_buffer/inst_ready_buffer_reg[4]/Q (HIGH)

 There are 7 register/latch pins with no clock driven by root clock pin: reorder_buffer/inst_ready_buffer_reg[5]/Q (HIGH)

 There are 7 register/latch pins with no clock driven by root clock pin: reorder_buffer/inst_ready_buffer_reg[6]/Q (HIGH)

 There are 7 register/latch pins with no clock driven by root clock pin: reorder_buffer/inst_ready_buffer_reg[7]/Q (HIGH)


2. checking constant_clock (0)
------------------------------
 There are 0 register/latch pins with constant_clock.


3. checking pulse_width_clock (0)
---------------------------------
 There are 0 register/latch pins which need pulse_width check


4. checking unconstrained_internal_endpoints (23)
-------------------------------------------------
 There are 15 pins that are not constrained for maximum delay. (HIGH)

 There are 8 pins that are not constrained for maximum delay due to constant clock. (MEDIUM)


5. checking no_input_delay (1)
------------------------------
 There is 1 input port with no input delay specified. (HIGH)

 There are 0 input ports with no input delay but user has a false path constraint.


6. checking no_output_delay (16)
--------------------------------
 There are 16 ports with no output delay specified. (HIGH)

 There are 0 ports with no output delay but user has a false path constraint

 There are 0 ports with no output delay but with a timing clock defined on it or propagating through it


7. checking multiple_clock (0)
------------------------------
 There are 0 register/latch pins with multiple clocks.


8. checking generated_clocks (0)
--------------------------------
 There are 0 generated clocks that are not connected to a clock source.


9. checking loops (1)
---------------------
 There is 1 combinational loop in the design. (HIGH)


10. checking partial_input_delay (0)
------------------------------------
 There are 0 input ports with partial input delay specified.


11. checking partial_output_delay (0)
-------------------------------------
 There are 0 ports with partial output delay specified.


12. checking latch_loops (0)
----------------------------
 There are 0 combinational latch loops in the design through latch input



------------------------------------------------------------------------------------------------
| Design Timing Summary
| ---------------------
------------------------------------------------------------------------------------------------

    WNS(ns)      TNS(ns)  TNS Failing Endpoints  TNS Total Endpoints      WHS(ns)      THS(ns)  THS Failing Endpoints  THS Total Endpoints     WPWS(ns)     TPWS(ns)  TPWS Failing Endpoints  TPWS Total Endpoints  
    -------      -------  ---------------------  -------------------      -------      -------  ---------------------  -------------------     --------     --------  ----------------------  --------------------  
      0.280        0.000                      0                 6933       -0.108       -0.623                     19                 6933        2.750        0.000                       0                  3203  


Timing constraints are not met.


------------------------------------------------------------------------------------------------
| Clock Summary
| -------------
------------------------------------------------------------------------------------------------

Clock  Waveform(ns)       Period(ns)      Frequency(MHz)
-----  ------------       ----------      --------------
gclk   {0.000 4.000}      10.000          100.000         


------------------------------------------------------------------------------------------------
| Intra Clock Table
| -----------------
------------------------------------------------------------------------------------------------

Clock             WNS(ns)      TNS(ns)  TNS Failing Endpoints  TNS Total Endpoints      WHS(ns)      THS(ns)  THS Failing Endpoints  THS Total Endpoints     WPWS(ns)     TPWS(ns)  TPWS Failing Endpoints  TPWS Total Endpoints  
-----             -------      -------  ---------------------  -------------------      -------      -------  ---------------------  -------------------     --------     --------  ----------------------  --------------------  
gclk                0.280        0.000                      0                 6933       -0.108       -0.623                     19                 6933        2.750        0.000                       0                  3203  


------------------------------------------------------------------------------------------------
| Inter Clock Table
| -----------------
------------------------------------------------------------------------------------------------

From Clock    To Clock          WNS(ns)      TNS(ns)  TNS Failing Endpoints  TNS Total Endpoints      WHS(ns)      THS(ns)  THS Failing Endpoints  THS Total Endpoints  
----------    --------          -------      -------  ---------------------  -------------------      -------      -------  ---------------------  -------------------  


------------------------------------------------------------------------------------------------
| Other Path Groups Table
| -----------------------
------------------------------------------------------------------------------------------------

Path Group    From Clock    To Clock          WNS(ns)      TNS(ns)  TNS Failing Endpoints  TNS Total Endpoints      WHS(ns)      THS(ns)  THS Failing Endpoints  THS Total Endpoints  
----------    ----------    --------          -------      -------  ---------------------  -------------------      -------      -------  ---------------------  -------------------  


------------------------------------------------------------------------------------------------
| Timing Details
| --------------
------------------------------------------------------------------------------------------------


---------------------------------------------------------------------------------------------------
From Clock:  gclk
  To Clock:  gclk

Setup :            0  Failing Endpoints,  Worst Slack        0.280ns,  Total Violation        0.000ns
Hold  :           19  Failing Endpoints,  Worst Slack       -0.108ns,  Total Violation       -0.623ns
PW    :            0  Failing Endpoints,  Worst Slack        2.750ns,  Total Violation        0.000ns
---------------------------------------------------------------------------------------------------


Max Delay Paths
--------------------------------------------------------------------------------------
Slack (MET) :             0.280ns  (required time - arrival time)
  Source:                 inst_queue/read_counter_reg[0]/C
                            (rising edge-triggered cell FDRE clocked by gclk  {rise@0.000ns fall@4.000ns period=10.000ns})
  Destination:            rs_mul/V_j_row_reg[1][4]/D
                            (rising edge-triggered cell FDRE clocked by gclk  {rise@0.000ns fall@4.000ns period=10.000ns})
  Path Group:             gclk
  Path Type:              Setup (Max at Slow Process Corner)
  Requirement:            10.000ns  (gclk rise@10.000ns - gclk rise@0.000ns)
  Data Path Delay:        9.412ns  (logic 2.033ns (21.600%)  route 7.379ns (78.400%))
  Logic Levels:           10  (LDCE=1 LUT2=2 LUT3=2 LUT5=1 LUT6=3 RAMD32=1)
  Clock Path Skew:        -0.031ns (DCD - SCD + CPR)
    Destination Clock Delay (DCD):    4.945ns = ( 14.945 - 10.000 ) 
    Source Clock Delay      (SCD):    5.237ns
    Clock Pessimism Removal (CPR):    0.262ns
  Clock Uncertainty:      0.035ns  ((TSJ^2 + TIJ^2)^1/2 + DJ) / 2 + PE
    Total System Jitter     (TSJ):    0.071ns
    Total Input Jitter      (TIJ):    0.000ns
    Discrete Jitter          (DJ):    0.000ns
    Phase Error              (PE):    0.000ns

    Location             Delay type                Incr(ns)  Path(ns)    Netlist Resource(s)
  -------------------------------------------------------------------    -------------------
                         (clock gclk rise edge)       0.000     0.000 r  
    N15                                               0.000     0.000 r  clk_100mhz (IN)
                         net (fo=0)                   0.000     0.000    clk_100mhz
    N15                  IBUF (Prop_ibuf_I_O)         1.440     1.440 r  clk_100mhz_IBUF_inst/O
                         net (fo=1, estimated)        1.972     3.412    clk_100mhz_IBUF
    BUFGCTRL_X0Y0        BUFG (Prop_bufg_I_O)         0.096     3.508 r  clk_100mhz_IBUF_BUFG_inst/O
                         net (fo=3203, estimated)     1.729     5.237    inst_queue/clk_100mhz_IBUF_BUFG
    SLICE_X30Y113        FDRE                                         r  inst_queue/read_counter_reg[0]/C
  -------------------------------------------------------------------    -------------------
    SLICE_X30Y113        FDRE (Prop_fdre_C_Q)         0.518     5.755 r  inst_queue/read_counter_reg[0]/Q
                         net (fo=34, estimated)       1.371     7.126    inst_queue/instruction_queue_reg_0_3_24_29/ADDRB0
    SLICE_X30Y103        RAMD32 (Prop_ramd32_RADR0_O)
                                                      0.124     7.250 f  inst_queue/instruction_queue_reg_0_3_24_29/RAMB_D1/O
                         net (fo=7, estimated)        0.976     8.226    inst_queue/iq_instruction_out[27]
    SLICE_X33Y103        LUT6 (Prop_lut6_I1_O)        0.124     8.350 r  inst_queue/aluFunc_out_reg[0]_i_8/O
                         net (fo=2, estimated)        0.162     8.512    inst_queue/aluFunc_out_reg[0]_i_8_n_0
    SLICE_X33Y103        LUT2 (Prop_lut2_I0_O)        0.124     8.636 r  inst_queue/iType_out_reg[3]_i_3/O
                         net (fo=5, estimated)        0.533     9.169    inst_queue/iType_out_reg[3]_i_3_n_0
    SLICE_X31Y108        LUT6 (Prop_lut6_I0_O)        0.124     9.293 r  inst_queue/iType_out_reg[3]_i_1/O
                         net (fo=1, routed)           0.000     9.293    decoder/D[3]
    SLICE_X31Y108        LDCE (DToQ_ldce_D_Q)         0.371     9.664 r  decoder/iType_out_reg[3]/Q
                         net (fo=25, estimated)       0.363    10.027    decoder/Q[3]
    SLICE_X31Y109        LUT2 (Prop_lut2_I1_O)        0.124    10.151 f  decoder/iType_buffer[7][3]_i_4/O
                         net (fo=2, estimated)        0.495    10.646    rs_mul/rob_ix_row_reg_0_3_0_2_i_6__0
    SLICE_X23Y109        LUT6 (Prop_lut6_I5_O)        0.124    10.770 f  rs_mul/rob_ix_row_reg_0_3_0_2_i_8/O
                         net (fo=2, estimated)        0.990    11.760    inst_queue/Q_j_row_reg[2][0]
    SLICE_X14Y111        LUT5 (Prop_lut5_I0_O)        0.124    11.884 f  inst_queue/rob_ix_row_reg_0_3_0_2_i_6__0/O
                         net (fo=6, estimated)        0.594    12.478    rs_mul/Q_j_row_reg[2][0]_0
    SLICE_X16Y112        LUT3 (Prop_lut3_I0_O)        0.124    12.602 r  rs_mul/j_ready_row[1]_i_3/O
                         net (fo=69, estimated)       1.409    14.011    reorder_buffer/V_j_row_reg[1][0]_0
    SLICE_X26Y104        LUT3 (Prop_lut3_I1_O)        0.152    14.163 r  reorder_buffer/V_j_row[1][4]_i_1__0/O
                         net (fo=1, estimated)        0.486    14.649    rs_mul/V_j_row_reg[1][31]_0[4]
    SLICE_X27Y102        FDRE                                         r  rs_mul/V_j_row_reg[1][4]/D
  -------------------------------------------------------------------    -------------------

                         (clock gclk rise edge)      10.000    10.000 r  
    N15                                               0.000    10.000 r  clk_100mhz (IN)
                         net (fo=0)                   0.000    10.000    clk_100mhz
    N15                  IBUF (Prop_ibuf_I_O)         1.370    11.370 r  clk_100mhz_IBUF_inst/O
                         net (fo=1, estimated)        1.873    13.244    clk_100mhz_IBUF
    BUFGCTRL_X0Y0        BUFG (Prop_bufg_I_O)         0.091    13.335 r  clk_100mhz_IBUF_BUFG_inst/O
                         net (fo=3203, estimated)     1.610    14.945    rs_mul/clk_100mhz_IBUF_BUFG
    SLICE_X27Y102        FDRE                                         r  rs_mul/V_j_row_reg[1][4]/C
                         clock pessimism              0.262    15.206    
                         clock uncertainty           -0.035    15.171    
    SLICE_X27Y102        FDRE (Setup_fdre_C_D)       -0.242    14.929    rs_mul/V_j_row_reg[1][4]
  -------------------------------------------------------------------
                         required time                         14.929    
                         arrival time                         -14.649    
  -------------------------------------------------------------------
                         slack                                  0.280    





Min Delay Paths
--------------------------------------------------------------------------------------
Slack (VIOLATED) :        -0.108ns  (arrival time - required time)
  Source:                 pc_bram_reg[5]/C
                            (rising edge-triggered cell FDRE clocked by gclk  {rise@0.000ns fall@4.000ns period=10.000ns})
  Destination:            inst_mem/BRAM_reg/ADDRBWRADDR[7]
                            (rising edge-triggered cell RAMB18E1 clocked by gclk  {rise@0.000ns fall@4.000ns period=10.000ns})
  Path Group:             gclk
  Path Type:              Hold (Min at Fast Process Corner)
  Requirement:            0.000ns  (gclk rise@0.000ns - gclk rise@0.000ns)
  Data Path Delay:        0.471ns  (logic 0.141ns (29.906%)  route 0.330ns (70.094%))
  Logic Levels:           0  
  Clock Path Skew:        0.396ns (DCD - SCD - CPR)
    Destination Clock Delay (DCD):    2.262ns
    Source Clock Delay      (SCD):    1.627ns
    Clock Pessimism Removal (CPR):    0.239ns

    Location             Delay type                Incr(ns)  Path(ns)    Netlist Resource(s)
  -------------------------------------------------------------------    -------------------
                         (clock gclk rise edge)       0.000     0.000 r  
    N15                                               0.000     0.000 r  clk_100mhz (IN)
                         net (fo=0)                   0.000     0.000    clk_100mhz
    N15                  IBUF (Prop_ibuf_I_O)         0.209     0.209 r  clk_100mhz_IBUF_inst/O
                         net (fo=1, estimated)        0.831     1.040    clk_100mhz_IBUF
    BUFGCTRL_X0Y0        BUFG (Prop_bufg_I_O)         0.026     1.066 r  clk_100mhz_IBUF_BUFG_inst/O
                         net (fo=3203, estimated)     0.561     1.627    clk_100mhz_IBUF_BUFG
    SLICE_X11Y95         FDRE                                         r  pc_bram_reg[5]/C
  -------------------------------------------------------------------    -------------------
    SLICE_X11Y95         FDRE (Prop_fdre_C_Q)         0.141     1.768 r  pc_bram_reg[5]/Q
                         net (fo=2, estimated)        0.330     2.098    inst_mem/Q[3]
    RAMB18_X0Y40         RAMB18E1                                     r  inst_mem/BRAM_reg/ADDRBWRADDR[7]
  -------------------------------------------------------------------    -------------------

                         (clock gclk rise edge)       0.000     0.000 r  
    N15                                               0.000     0.000 r  clk_100mhz (IN)
                         net (fo=0)                   0.000     0.000    clk_100mhz
    N15                  IBUF (Prop_ibuf_I_O)         0.396     0.396 r  clk_100mhz_IBUF_inst/O
                         net (fo=1, estimated)        0.875     1.271    clk_100mhz_IBUF
    BUFGCTRL_X0Y0        BUFG (Prop_bufg_I_O)         0.029     1.300 r  clk_100mhz_IBUF_BUFG_inst/O
                         net (fo=3203, estimated)     0.962     2.262    inst_mem/clk_100mhz_IBUF_BUFG
    RAMB18_X0Y40         RAMB18E1                                     r  inst_mem/BRAM_reg/CLKBWRCLK
                         clock pessimism             -0.239     2.023    
    RAMB18_X0Y40         RAMB18E1 (Hold_ramb18e1_CLKBWRCLK_ADDRBWRADDR[7])
                                                      0.183     2.206    inst_mem/BRAM_reg
  -------------------------------------------------------------------
                         required time                         -2.206    
                         arrival time                           2.098    
  -------------------------------------------------------------------
                         slack                                 -0.108    





Pulse Width Checks
--------------------------------------------------------------------------------------
Clock Name:         gclk
Waveform(ns):       { 0.000 4.000 }
Period(ns):         10.000
Sources:            { clk_100mhz }

Check Type        Corner  Lib Pin      Reference Pin  Required(ns)  Actual(ns)  Slack(ns)  Location       Pin
Min Period        n/a     DSP48E1/CLK  n/a            3.884         10.000      6.116      DSP48_X0Y40    fu_mul/p00/CLK
Low Pulse Width   Slow    RAMS32/CLK   n/a            1.250         6.000       4.750      SLICE_X30Y101  data_mem/data_mem/BRAM_reg_0_15_0_0/SP/CLK
High Pulse Width  Slow    RAMS32/CLK   n/a            1.250         4.000       2.750      SLICE_X30Y101  data_mem/data_mem/BRAM_reg_0_15_0_0/SP/CLK



