Vivado Simulator v2023.1
Copyright 1986-2022 Xilinx, Inc. All Rights Reserved.
Copyright 2022-2023 Advanced Micro Devices, Inc. All Rights Reserved.
Running: C:/Xilinx/Vivado/2023.1/bin/unwrapped/win64.o/xelab.exe --incr --debug typical --relax --mt 2 -L xil_defaultlib -L xbip_utils_v3_0_10 -L xbip_pipe_v3_0_6 -L xbip_bram18k_v3_0_6 -L mult_gen_v12_0_18 -L uvm -L unisims_ver -L unimacro_ver -L secureip -L xpm --snapshot multiplier_tb_behav xil_defaultlib.multiplier_tb xil_defaultlib.glbl -log elaborate.log 
Using 2 slave threads.
Starting static elaboration
Pass Through NonSizing Optimizer
Completed static elaboration
Starting simulation data flow analysis
Completed simulation data flow analysis
Time Resolution for simulation is 1ps
Compiling package std.standard
Compiling package std.textio
Compiling package ieee.std_logic_1164
Compiling package ieee.numeric_std
Compiling package mult_gen_v12_0_18.mult_gen_v12_0_18_viv_comp
Compiling package xbip_utils_v3_0_10.xbip_utils_v3_0_10_pkg
Compiling package mult_gen_v12_0_18.mult_gen_v12_0_18_pkg
Compiling package ieee.std_logic_arith
Compiling package ieee.std_logic_signed
Compiling package unisim.vcomponents
Compiling package mult_gen_v12_0_18.dsp_pkg
Compiling package ieee.vital_timing
Compiling package ieee.vital_primitives
Compiling package unisim.vpkg
Compiling architecture xilinx of entity mult_gen_v12_0_18.delay_line [\delay_line(c_xdevicefamily="spa...]
Compiling architecture xilinx of entity mult_gen_v12_0_18.delay_line [\delay_line(c_xdevicefamily="spa...]
Compiling architecture xilinx of entity mult_gen_v12_0_18.delay_line [\delay_line(c_xdevicefamily="spa...]
Compiling architecture srl16e_v of entity unisim.SRL16E [\SRL16E(0,15)\]
Compiling architecture fdre_v of entity unisim.FDRE [fdre_default]
Compiling architecture xilinx of entity mult_gen_v12_0_18.delay_line [\delay_line(c_xdevicefamily="spa...]
Compiling architecture xilinx of entity mult_gen_v12_0_18.delay_line [\delay_line(c_xdevicefamily="spa...]
Compiling architecture dsp48e1_v of entity unisim.DSP48E1 [\DSP48E1(alumodereg=0,carryinreg...]
Compiling architecture xilinx of entity mult_gen_v12_0_18.delay_line [\delay_line(c_xdevicefamily="spa...]
Compiling architecture xilinx of entity mult_gen_v12_0_18.delay_line [\delay_line(c_xdevicefamily="spa...]
Compiling architecture dsp48e1_v of entity unisim.DSP48E1 [\DSP48E1(a_input="CASCADE",bcasc...]
Compiling architecture dsp48e1_v of entity unisim.DSP48E1 [\DSP48E1(acascreg=2,areg=2,bcasc...]
Compiling architecture xilinx of entity mult_gen_v12_0_18.delay_line [\delay_line(c_xdevicefamily="spa...]
Compiling architecture dsp48e1_v of entity unisim.DSP48E1 [\DSP48E1(acascreg=2,areg=2,a_inp...]
Compiling architecture xilinx of entity mult_gen_v12_0_18.delay_line [\delay_line(c_xdevicefamily="spa...]
Compiling architecture xilinx of entity mult_gen_v12_0_18.op_resize [\op_resize(ai_width=32,bi_width=...]
Compiling architecture xilinx of entity mult_gen_v12_0_18.dsp [\dsp(c_xdevicefamily="spartan7",...]
Compiling architecture xilinx of entity mult_gen_v12_0_18.mult_gen_v12_0_18_viv [\mult_gen_v12_0_18_viv(c_verbosi...]
Compiling architecture xilinx of entity mult_gen_v12_0_18.mult_gen_v12_0_18 [\mult_gen_v12_0_18(c_xdevicefami...]
Compiling architecture mult_gen_1_arch of entity xil_defaultlib.mult_gen_1 [mult_gen_1_default]
Compiling module xil_defaultlib.multiplier_default
Compiling architecture dsp48e1_v of entity unisim.DSP48E1 [\DSP48E1(acascreg=0,alumodereg=0...]
Compiling architecture dsp48e1_v of entity unisim.DSP48E1 [\DSP48E1(acascreg=0,alumodereg=0...]
Compiling architecture dsp48e1_v of entity unisim.DSP48E1 [\DSP48E1(acascreg=0,alumodereg=0...]
Compiling architecture xilinx of entity mult_gen_v12_0_18.dsp [\dsp(c_xdevicefamily="spartan7",...]
Compiling architecture xilinx of entity mult_gen_v12_0_18.mult_gen_v12_0_18_viv [\mult_gen_v12_0_18_viv(c_verbosi...]
Compiling architecture xilinx of entity mult_gen_v12_0_18.mult_gen_v12_0_18 [\mult_gen_v12_0_18(c_xdevicefami...]
Compiling architecture mult_gen_0_arch of entity xil_defaultlib.mult_gen_0 [mult_gen_0_default]
Compiling module xil_defaultlib.multiplier_tb
Compiling module xil_defaultlib.glbl
Built simulation snapshot multiplier_tb_behav
