Time resolution is 1 ps
          0:           0
          1:           0
          2:           0
          3:           x
          4:           x
          5:           x
          6:          20
          7:          20
          8:          20
          9:          20
$finish called at time : 140 ns : File "C:/Users/Catherine Tang/Desktop/62050/riscalar/superscalar/sim/multiplier_tb.sv" Line 77
          0:           0
          1:           0
          2:           0
          3:           x
          4:           x
          5:           x
          6:          20
          7:          20
          8:          20
          9:          20
$finish called at time : 140 ns : File "C:/Users/Catherine Tang/Desktop/62050/riscalar/superscalar/sim/multiplier_tb.sv" Line 77
